<?xml version="1.0" encoding="UTF-8"?>
<testsuites name="ProAcc_Suite" time="53.634" tests="1" failures="0" errors="0">
   <testsuite name="ProAcc_Suite" tests="1" failures="0" errors="0" time="53.634" timestamp="2020-08-20 09:56:43" hostname="Group10 - Group10-PC" id="Test Suites/ProAcc_Suite">
      <properties>
         <property name="deviceName" value=""/>
         <property name="devicePlatform" value=""/>
         <property name="logFolder" value="C:\\Users\\Group10\\Desktop\\New folder (2)\\ProAcc_Automation_Latest\\ProAcc_Automation_Latest\\Reports\\20200820_095635\\ProAcc_Suite\\20200820_095635"/>
         <property name="logFiles" value="C:\\Users\\Group10\\Desktop\\New folder (2)\\ProAcc_Automation_Latest\\ProAcc_Automation_Latest\\Reports\\20200820_095635\\ProAcc_Suite\\20200820_095635\\execution0.log"/>
         <property name="attachments" value=""/>
         <property name="hostName" value="Group10 - Group10-PC"/>
         <property name="os" value="Windows 7 32bit"/>
         <property name="katalonVersion" value="7.6.1.205"/>
         <property name="browser" value="Chrome 84.0.4147.125"/>
         <property name="hostAddress" value="192.168.43.206"/>
         <property name="sessionId" value="3c3b6aba7f6de8dadb612201c1a97a25"/>
         <property name="seleniumVersion" value="3.141.59"/>
         <property name="proxyInformation" value="ProxyInformation { proxyOption=NO_PROXY, proxyServerType=HTTP, username=, password=********, proxyServerAddress=, proxyServerPort=0, executionList=\&quot;\&quot;, isApplyToDesiredCapabilities=true }"/>
         <property name="platform" value="Windows 7"/>
      </properties>
      <testcase name="Test Cases/Tc_PM/TC_DashBoard" time="51.236" classname="Test Cases/Tc_PM/TC_DashBoard" status="PASSED">
         <system-out><![CDATA[2020-08-20 09:56:44 - [TEST_CASE][PASSED] - Test Cases/Tc_PM/TC_DashBoard: Test Cases/Tc_PM/TC_DashBoard

2020-08-20 09:56:45 - [TEST_STEP][PASSED] - runWithCucumberRunner(testRunner.Dashboard_Runner): Run with 'testRunner.Dashboard_Runner' was passed

2020-08-20 09:56:46 - [MESSAGE][INFO] - Starting 'Chrome' driver

2020-08-20 09:56:46 - [MESSAGE][INFO] - Action delay is set to 0 milliseconds

2020-08-20 09:56:50 - [MESSAGE][PASSED] - Browser is opened with url: ''

2020-08-20 09:56:51 - [MESSAGE][PASSED] - Current window maximized

2020-08-20 09:56:56 - [MESSAGE][PASSED] - Delayed 5 second(s)

2020-08-20 09:57:03 - [MESSAGE][PASSED] - Navigate to 'http://123.176.34.15:4041/ProAccQA' successfully

2020-08-20 09:57:04 - [MESSAGE][PASSED] - Text 'Tin_PM' is set on object 'Object Repository/Pro_Acc_Login/input_Login_Username'

2020-08-20 09:57:04 - [MESSAGE][PASSED] - Text 'a12345@' is set on object 'Object Repository/Pro_Acc_Login/input_Login_Password'

2020-08-20 09:57:07 - [MESSAGE][PASSED] - Delayed 2 second(s)

2020-08-20 09:57:14 - [MESSAGE][PASSED] - Object: 'Object Repository/Pro_Acc_Login/button_Login' is clicked on

2020-08-20 09:57:17 - [MESSAGE][PASSED] - Delayed 3 second(s)

2020-08-20 09:57:17 - [MESSAGE][PASSED] - Text 'Dashboard' is present on page 

2020-08-20 09:57:20 - [MESSAGE][PASSED] - Delayed 3 second(s)

2020-08-20 09:57:21 - [MESSAGE][PASSED] - Object: 'Object Repository/Pro_Acc_Dashboard/a_Dashboard' is clicked on

2020-08-20 09:57:23 - [MESSAGE][PASSED] - All options with label 'Tin Pilot Phase Test' are selected in object 'Object Repository/Pro_Acc_Dashboard/select_-Project'  using regular expression

2020-08-20 09:57:24 - [MESSAGE][PASSED] - All options with label 'T01' are selected in object 'Object Repository/Pro_Acc_Dashboard/select_-Instance'  using regular expression

2020-08-20 09:57:25 - [MESSAGE][PASSED] - Object: 'Object Repository/Pro_Acc_Dashboard/button_Select Instance' is clicked on

2020-08-20 09:57:26 - [MESSAGE][PASSED] - Scroll to object 'Object Repository/Pro_Acc_Dashboard/Element_scroll' successfully

2020-08-20 09:57:34 - [MESSAGE][PASSED] - Delayed 8 second(s)

2020-08-20 09:57:34 - [MESSAGE][PASSED] - Object: 'Object Repository/Pro_Acc_Logout/User_Click' is clicked on

2020-08-20 09:57:35 - [MESSAGE][PASSED] - Object: 'Object Repository/Pro_Acc_Logout/Logout' is clicked on

2020-08-20 09:57:35 - [MESSAGE][PASSED] - Run with 'testRunner.Dashboard_Runner' was passed]]></system-out>
         <system-err><![CDATA[]]></system-err>
      </testcase>
      <system-out><![CDATA[2020-08-20 09:56:43 - [TEST_SUITE][PASSED] - ProAcc_Suite: Test Cases/Tc_PM/TC_DashBoard]]></system-out>
      <system-err><![CDATA[]]></system-err>
   </testsuite>
</testsuites>
