<?xml version="1.0" encoding="UTF-8"?>
<testsuites name="ProAcc_Suite" time="122.431" tests="1" failures="0" errors="0">
   <testsuite name="ProAcc_Suite" tests="1" failures="0" errors="0" time="122.431" timestamp="2020-08-19 18:49:26" hostname="Group10 - Group10-PC" id="Test Suites/ProAcc_Suite">
      <properties>
         <property name="deviceName" value=""/>
         <property name="devicePlatform" value=""/>
         <property name="logFolder" value="C:\\Users\\Group10\\Desktop\\New folder (2)\\ProAcc_Automation_Latest\\ProAcc_Automation_Latest\\Reports\\20200819_184921\\ProAcc_Suite\\20200819_184921"/>
         <property name="logFiles" value="C:\\Users\\Group10\\Desktop\\New folder (2)\\ProAcc_Automation_Latest\\ProAcc_Automation_Latest\\Reports\\20200819_184921\\ProAcc_Suite\\20200819_184921\\execution0.log"/>
         <property name="attachments" value=""/>
         <property name="hostName" value="Group10 - Group10-PC"/>
         <property name="os" value="Windows 7 32bit"/>
         <property name="katalonVersion" value="7.6.1.205"/>
         <property name="browser" value="Chrome 84.0.4147.125"/>
         <property name="hostAddress" value="192.168.43.206"/>
         <property name="sessionId" value="cf9dbb08101a6d0a949649b634fad36e"/>
         <property name="seleniumVersion" value="3.141.59"/>
         <property name="proxyInformation" value="ProxyInformation { proxyOption=NO_PROXY, proxyServerType=HTTP, username=, password=********, proxyServerAddress=, proxyServerPort=0, executionList=\&quot;\&quot;, isApplyToDesiredCapabilities=true }"/>
         <property name="platform" value="Windows 7"/>
      </properties>
      <testcase name="Test Cases/Tc_PM/TC_ResourceAllocation" time="120.732" classname="Test Cases/Tc_PM/TC_ResourceAllocation" status="PASSED">
         <system-out><![CDATA[2020-08-19 18:49:26 - [TEST_CASE][PASSED] - Test Cases/Tc_PM/TC_ResourceAllocation: Test Cases/Tc_PM/TC_ResourceAllocation

2020-08-19 18:49:26 - [TEST_STEP][PASSED] - runWithCucumberRunner(testRunner.ResourceAllocation_Runner): Run with 'testRunner.ResourceAllocation_Runner' was passed

2020-08-19 18:49:28 - [MESSAGE][INFO] - Starting 'Chrome' driver

2020-08-19 18:49:28 - [MESSAGE][INFO] - Action delay is set to 0 milliseconds

2020-08-19 18:49:32 - [MESSAGE][PASSED] - Browser is opened with url: ''

2020-08-19 18:49:33 - [MESSAGE][PASSED] - Current window maximized

2020-08-19 18:49:38 - [MESSAGE][PASSED] - Delayed 5 second(s)

2020-08-19 18:49:42 - [MESSAGE][PASSED] - Navigate to 'http://123.176.34.15:4041/ProAccQA' successfully

2020-08-19 18:49:43 - [MESSAGE][PASSED] - Text 'Tin_PM' is set on object 'Object Repository/Pro_Acc_Login/input_Login_Username'

2020-08-19 18:49:44 - [MESSAGE][PASSED] - Text 'a12345@' is set on object 'Object Repository/Pro_Acc_Login/input_Login_Password'

2020-08-19 18:49:46 - [MESSAGE][PASSED] - Delayed 2 second(s)

2020-08-19 18:49:53 - [MESSAGE][PASSED] - Object: 'Object Repository/Pro_Acc_Login/button_Login' is clicked on

2020-08-19 18:49:56 - [MESSAGE][PASSED] - Delayed 3 second(s)

2020-08-19 18:49:56 - [MESSAGE][PASSED] - Text 'Dashboard' is present on page 

2020-08-19 18:49:59 - [MESSAGE][PASSED] - Delayed 3 second(s)

2020-08-19 18:50:00 - [MESSAGE][PASSED] - Object: 'Object Repository/Pro_Acc_Assessment/Pro_Acc_ResourceAllocation/a_Assessment' is clicked on

2020-08-19 18:50:01 - [MESSAGE][PASSED] - Object: 'Object Repository/Pro_Acc_Assessment/Pro_Acc_ResourceAllocation/a_Resource Allocation' is clicked on

2020-08-19 18:50:03 - [MESSAGE][PASSED] - Delayed 2 second(s)

2020-08-19 18:50:04 - [MESSAGE][PASSED] - Object: 'Object Repository/Pro_Acc_Assessment/Pro_Acc_ResourceAllocation/select_SelectProject' is clicked on

2020-08-19 18:50:05 - [MESSAGE][PASSED] - All options with label 'Tin Pilot Phase Test' are selected in object 'Object Repository/Pro_Acc_Assessment/Pro_Acc_ResourceAllocation/select_SelectProject'  using regular expression

2020-08-19 18:50:07 - [MESSAGE][PASSED] - Delayed 2 second(s)

2020-08-19 18:50:08 - [MESSAGE][PASSED] - Object: 'Object Repository/Pro_Acc_Assessment/Pro_Acc_ResourceAllocation/select_SelectInstance' is clicked on

2020-08-19 18:50:09 - [MESSAGE][PASSED] - All options with label 'T01' are selected in object 'Object Repository/Pro_Acc_Assessment/Pro_Acc_ResourceAllocation/select_SelectInstance'  using regular expression

2020-08-19 18:50:11 - [MESSAGE][PASSED] - Delayed 2 second(s)

2020-08-19 18:50:13 - [MESSAGE][PASSED] - Delayed 2 second(s)

2020-08-19 18:50:16 - [MESSAGE][PASSED] - Delayed 3 second(s)

2020-08-19 18:50:18 - [MESSAGE][PASSED] - Delayed 2 second(s)

2020-08-19 18:50:18 - [MESSAGE][PASSED] - Object: '' is clicked on

2020-08-19 18:50:20 - [MESSAGE][PASSED] - Delayed 2 second(s)

2020-08-19 18:50:20 - [MESSAGE][WARNING] - Timeout '0' is invalid. Using default page load timeout: '30'

2020-08-19 18:50:21 - [MESSAGE][PASSED] - Scroll to object 'Object Repository/Pro_Acc_Assessment/Pro_Acc_ResourceAllocation/edit_task' successfully

2020-08-19 18:50:22 - [MESSAGE][PASSED] - Delayed 1 second(s)

2020-08-19 18:50:22 - [MESSAGE][PASSED] - Object: 'Object Repository/Pro_Acc_Assessment/Pro_Acc_ResourceAllocation/edit_task' is clicked on

2020-08-19 18:50:23 - [MESSAGE][PASSED] - Delayed 1 second(s)

2020-08-19 18:50:24 - [MESSAGE][PASSED] - Object: 'Object Repository/Pro_Acc_Assessment/Pro_Acc_ResourceAllocation/select_NamedOwnerOfTask' is clicked on

2020-08-19 18:50:25 - [MESSAGE][PASSED] - Delayed 1 second(s)

2020-08-19 18:50:26 - [MESSAGE][PASSED] - All options with label 'john_consultant' are selected in object 'Object Repository/Pro_Acc_Assessment/Pro_Acc_ResourceAllocation/select_NamedOwnerOfTask'  using regular expression

2020-08-19 18:50:27 - [MESSAGE][PASSED] - Delayed 1 second(s)

2020-08-19 18:50:27 - [MESSAGE][PASSED] - Object: 'Object Repository/Pro_Acc_Assessment/Pro_Acc_ResourceAllocation/a_Submit' is clicked on

2020-08-19 18:50:28 - [MESSAGE][PASSED] - Delayed 1 second(s)

2020-08-19 18:50:28 - [MESSAGE][PASSED] - Object: 'Object Repository/Pro_Acc_Assessment/Pro_Acc_ResourceAllocation/a_Yes' is clicked on

2020-08-19 18:50:33 - [MESSAGE][PASSED] - Delayed 5 second(s)

2020-08-19 18:50:35 - [MESSAGE][PASSED] - Delayed 2 second(s)

2020-08-19 18:50:36 - [MESSAGE][PASSED] - Object: '' is clicked on

2020-08-19 18:50:38 - [MESSAGE][PASSED] - Delayed 2 second(s)

2020-08-19 18:50:38 - [MESSAGE][WARNING] - Timeout '0' is invalid. Using default page load timeout: '30'

2020-08-19 18:50:38 - [MESSAGE][PASSED] - Scroll to object 'Object Repository/Pro_Acc_Assessment/Pro_Acc_ResourceAllocation/edit_task' successfully

2020-08-19 18:50:39 - [MESSAGE][PASSED] - Delayed 1 second(s)

2020-08-19 18:50:39 - [MESSAGE][PASSED] - Object: 'Object Repository/Pro_Acc_Assessment/Pro_Acc_ResourceAllocation/edit_task' is clicked on

2020-08-19 18:50:40 - [MESSAGE][PASSED] - Delayed 1 second(s)

2020-08-19 18:50:41 - [MESSAGE][PASSED] - Object: 'Object Repository/Pro_Acc_Assessment/Pro_Acc_ResourceAllocation/select_NamedOwnerOfTask' is clicked on

2020-08-19 18:50:42 - [MESSAGE][PASSED] - Delayed 1 second(s)

2020-08-19 18:50:43 - [MESSAGE][PASSED] - All options with label 'john_consultant' are selected in object 'Object Repository/Pro_Acc_Assessment/Pro_Acc_ResourceAllocation/select_NamedOwnerOfTask'  using regular expression

2020-08-19 18:50:44 - [MESSAGE][PASSED] - Delayed 1 second(s)

2020-08-19 18:50:44 - [MESSAGE][PASSED] - Object: 'Object Repository/Pro_Acc_Assessment/Pro_Acc_ResourceAllocation/a_Submit' is clicked on

2020-08-19 18:50:45 - [MESSAGE][PASSED] - Delayed 1 second(s)

2020-08-19 18:50:46 - [MESSAGE][PASSED] - Object: 'Object Repository/Pro_Acc_Assessment/Pro_Acc_ResourceAllocation/a_Yes' is clicked on

2020-08-19 18:50:51 - [MESSAGE][PASSED] - Delayed 5 second(s)

2020-08-19 18:50:53 - [MESSAGE][PASSED] - Delayed 2 second(s)

2020-08-19 18:50:53 - [MESSAGE][PASSED] - Object: '' is clicked on

2020-08-19 18:50:55 - [MESSAGE][PASSED] - Delayed 2 second(s)

2020-08-19 18:50:55 - [MESSAGE][WARNING] - Timeout '0' is invalid. Using default page load timeout: '30'

2020-08-19 18:50:55 - [MESSAGE][PASSED] - Scroll to object 'Object Repository/Pro_Acc_Assessment/Pro_Acc_ResourceAllocation/edit_task' successfully

2020-08-19 18:50:56 - [MESSAGE][PASSED] - Delayed 1 second(s)

2020-08-19 18:50:57 - [MESSAGE][PASSED] - Object: 'Object Repository/Pro_Acc_Assessment/Pro_Acc_ResourceAllocation/edit_task' is clicked on

2020-08-19 18:50:58 - [MESSAGE][PASSED] - Delayed 1 second(s)

2020-08-19 18:50:59 - [MESSAGE][PASSED] - Object: 'Object Repository/Pro_Acc_Assessment/Pro_Acc_ResourceAllocation/select_NamedOwnerOfTask' is clicked on

2020-08-19 18:51:00 - [MESSAGE][PASSED] - Delayed 1 second(s)

2020-08-19 18:51:01 - [MESSAGE][PASSED] - All options with label 'john_consultant' are selected in object 'Object Repository/Pro_Acc_Assessment/Pro_Acc_ResourceAllocation/select_NamedOwnerOfTask'  using regular expression

2020-08-19 18:51:02 - [MESSAGE][PASSED] - Delayed 1 second(s)

2020-08-19 18:51:02 - [MESSAGE][PASSED] - Object: 'Object Repository/Pro_Acc_Assessment/Pro_Acc_ResourceAllocation/a_Submit' is clicked on

2020-08-19 18:51:03 - [MESSAGE][PASSED] - Delayed 1 second(s)

2020-08-19 18:51:03 - [MESSAGE][PASSED] - Object: 'Object Repository/Pro_Acc_Assessment/Pro_Acc_ResourceAllocation/a_Yes' is clicked on

2020-08-19 18:51:08 - [MESSAGE][PASSED] - Delayed 5 second(s)

2020-08-19 18:51:10 - [MESSAGE][PASSED] - Delayed 2 second(s)

2020-08-19 18:51:11 - [MESSAGE][PASSED] - Object: '' is clicked on

2020-08-19 18:51:13 - [MESSAGE][PASSED] - Delayed 2 second(s)

2020-08-19 18:51:13 - [MESSAGE][WARNING] - Timeout '0' is invalid. Using default page load timeout: '30'

2020-08-19 18:51:13 - [MESSAGE][PASSED] - Scroll to object 'Object Repository/Pro_Acc_Assessment/Pro_Acc_ResourceAllocation/edit_task' successfully

2020-08-19 18:51:14 - [MESSAGE][PASSED] - Delayed 1 second(s)

2020-08-19 18:51:14 - [MESSAGE][PASSED] - Object: 'Object Repository/Pro_Acc_Assessment/Pro_Acc_ResourceAllocation/edit_task' is clicked on

2020-08-19 18:51:15 - [MESSAGE][PASSED] - Delayed 1 second(s)

2020-08-19 18:51:16 - [MESSAGE][PASSED] - Object: 'Object Repository/Pro_Acc_Assessment/Pro_Acc_ResourceAllocation/select_NamedOwnerOfTask' is clicked on

2020-08-19 18:51:17 - [MESSAGE][PASSED] - Delayed 1 second(s)

2020-08-19 18:51:18 - [MESSAGE][PASSED] - All options with label 'john_consultant' are selected in object 'Object Repository/Pro_Acc_Assessment/Pro_Acc_ResourceAllocation/select_NamedOwnerOfTask'  using regular expression

2020-08-19 18:51:19 - [MESSAGE][PASSED] - Delayed 1 second(s)

2020-08-19 18:51:19 - [MESSAGE][PASSED] - Object: 'Object Repository/Pro_Acc_Assessment/Pro_Acc_ResourceAllocation/a_Submit' is clicked on

2020-08-19 18:51:20 - [MESSAGE][PASSED] - Delayed 1 second(s)

2020-08-19 18:51:20 - [MESSAGE][PASSED] - Object: 'Object Repository/Pro_Acc_Assessment/Pro_Acc_ResourceAllocation/a_Yes' is clicked on

2020-08-19 18:51:25 - [MESSAGE][PASSED] - Delayed 5 second(s)

2020-08-19 18:51:26 - [MESSAGE][PASSED] - Object: 'Object Repository/Pro_Acc_Logout/User_Click' is clicked on

2020-08-19 18:51:27 - [MESSAGE][PASSED] - Object: 'Object Repository/Pro_Acc_Logout/Logout' is clicked on

2020-08-19 18:51:27 - [MESSAGE][PASSED] - Run with 'testRunner.ResourceAllocation_Runner' was passed]]></system-out>
         <system-err><![CDATA[]]></system-err>
      </testcase>
      <system-out><![CDATA[2020-08-19 18:49:26 - [TEST_SUITE][PASSED] - ProAcc_Suite: Test Cases/Tc_PM/TC_ResourceAllocation]]></system-out>
      <system-err><![CDATA[]]></system-err>
   </testsuite>
</testsuites>
