<?xml version="1.0" encoding="UTF-8"?>
<testsuites name="ProAcc_Suite" time="33.815" tests="1" failures="0" errors="0">
   <testsuite name="ProAcc_Suite" tests="1" failures="0" errors="0" time="33.815" timestamp="2020-08-21 16:17:37" hostname="Promantus Inc - G10PROLT026" id="Test Suites/ProAcc_Suite">
      <properties>
         <property name="deviceName" value=""/>
         <property name="devicePlatform" value=""/>
         <property name="logFolder" value="G:\\DemoOnGit\\Pro_2.0\\ProAcc_Automation_Latest\\Reports\\20200821_161733\\ProAcc_Suite\\20200821_161733"/>
         <property name="logFiles" value="G:\\DemoOnGit\\Pro_2.0\\ProAcc_Automation_Latest\\Reports\\20200821_161733\\ProAcc_Suite\\20200821_161733\\execution0.log"/>
         <property name="attachments" value=""/>
         <property name="hostName" value="Promantus Inc - G10PROLT026"/>
         <property name="os" value="Windows 10 64bit"/>
         <property name="katalonVersion" value="7.4.0.1"/>
         <property name="browser" value="Chrome 84.0.4147.135"/>
         <property name="hostAddress" value="192.168.1.5"/>
         <property name="sessionId" value="b9448694df48a4d7ffca79b23b7e2b3f"/>
         <property name="seleniumVersion" value="3.141.59"/>
         <property name="proxyInformation" value="ProxyInformation{proxyOption=NO_PROXY, proxyServerType=HTTP, password=, proxyServerAddress=, proxyServerPort=0, executionList=}"/>
         <property name="platform" value="Windows 10"/>
      </properties>
      <testcase name="Test Cases/Tc_Admin/TC_Login" time="29.981" classname="Test Cases/Tc_Admin/TC_Login" status="PASSED">
         <system-out><![CDATA[2020-08-21 16:17:38 - [TEST_CASE][PASSED] - Test Cases/Tc_Admin/TC_Login: Test Cases/Tc_Admin/TC_Login

2020-08-21 16:17:39 - [TEST_STEP][PASSED] - runWithCucumberRunner(testRunner.Login_Runner): Run with 'testRunner.Login_Runner' was passed

2020-08-21 16:17:41 - [MESSAGE][INFO] - Starting 'Chrome' driver

2020-08-21 16:17:41 - [MESSAGE][INFO] - Action delay is set to 0 milliseconds

2020-08-21 16:17:46 - [MESSAGE][PASSED] - Browser is opened with url: ''

2020-08-21 16:17:48 - [MESSAGE][PASSED] - Current window maximized

2020-08-21 16:17:53 - [MESSAGE][PASSED] - Delayed 5 second(s)

2020-08-21 16:17:54 - [MESSAGE][PASSED] - Navigate to 'http://123.176.34.15:4041/ProAccQA' successfully

2020-08-21 16:17:56 - [MESSAGE][PASSED] - Text 'Admin' is set on object 'Object Repository/Pro_Acc_Login/input_Login_Username'

2020-08-21 16:17:58 - [MESSAGE][PASSED] - Text 'Admin' is set on object 'Object Repository/Pro_Acc_Login/input_Login_Password'

2020-08-21 16:18:00 - [MESSAGE][PASSED] - Delayed 2 second(s)

2020-08-21 16:18:02 - [MESSAGE][PASSED] - Object: 'Object Repository/Pro_Acc_Login/button_Login' is clicked on

2020-08-21 16:18:05 - [MESSAGE][PASSED] - Delayed 3 second(s)

2020-08-21 16:18:05 - [MESSAGE][PASSED] - Text 'Dashboard' is present on page 

2020-08-21 16:18:08 - [MESSAGE][PASSED] - Delayed 3 second(s)

2020-08-21 16:18:08 - [MESSAGE][PASSED] - Run with 'testRunner.Login_Runner' was passed]]></system-out>
         <system-err><![CDATA[]]></system-err>
      </testcase>
      <system-out><![CDATA[2020-08-21 16:17:37 - [TEST_SUITE][PASSED] - ProAcc_Suite: Test Cases/Tc_Admin/TC_Login]]></system-out>
      <system-err><![CDATA[]]></system-err>
   </testsuite>
</testsuites>
