<?xml version="1.0" encoding="UTF-8"?>
<testsuites name="ProAcc_Suite" time="139.479" tests="1" failures="0" errors="0">
   <testsuite name="ProAcc_Suite" tests="1" failures="0" errors="0" time="139.479" timestamp="2020-08-20 09:24:41" hostname="Group10 - Group10-PC" id="Test Suites/ProAcc_Suite">
      <properties>
         <property name="deviceName" value=""/>
         <property name="devicePlatform" value=""/>
         <property name="logFolder" value="C:\\Users\\Group10\\Desktop\\New folder (2)\\ProAcc_Automation_Latest\\ProAcc_Automation_Latest\\Reports\\20200820_092436\\ProAcc_Suite\\20200820_092436"/>
         <property name="logFiles" value="C:\\Users\\Group10\\Desktop\\New folder (2)\\ProAcc_Automation_Latest\\ProAcc_Automation_Latest\\Reports\\20200820_092436\\ProAcc_Suite\\20200820_092436\\execution0.log"/>
         <property name="attachments" value="C:\\Users\\Group10\\Desktop\\New folder (2)\\ProAcc_Automation_Latest\\ProAcc_Automation_Latest\\screenshots\\Thu_Aug_20_09_26_57_IST_2020.png"/>
         <property name="hostName" value="Group10 - Group10-PC"/>
         <property name="os" value="Windows 7 32bit"/>
         <property name="katalonVersion" value="7.6.1.205"/>
         <property name="browser" value="Chrome 84.0.4147.125"/>
         <property name="hostAddress" value="192.168.43.206"/>
         <property name="sessionId" value="d193b0e4dbf396be19d055560a2d3b65"/>
         <property name="seleniumVersion" value="3.141.59"/>
         <property name="proxyInformation" value="ProxyInformation { proxyOption=NO_PROXY, proxyServerType=HTTP, username=, password=********, proxyServerAddress=, proxyServerPort=0, executionList=\&quot;\&quot;, isApplyToDesiredCapabilities=true }"/>
         <property name="platform" value="Windows 7"/>
      </properties>
      <testcase name="Test Cases/Tc_Consultant/TC_PostConversionMonitor_Consultant" time="136.676" classname="Test Cases/Tc_Consultant/TC_PostConversionMonitor_Consultant" status="PASSED">
         <system-out><![CDATA[2020-08-20 09:24:41 - [TEST_CASE][PASSED] - Test Cases/Tc_Consultant/TC_PostConversionMonitor_Consultant: Test Cases/Tc_Consultant/TC_PostConversionMonitor_Consultant

2020-08-20 09:24:42 - [TEST_STEP][PASSED] - runWithCucumberRunner(pro_acc_test_runner.PostConversionMonitor_Consultant_Runner): Run with 'pro_acc_test_runner.PostConversionMonitor_Consultant_Runner' was passed

2020-08-20 09:24:43 - [MESSAGE][INFO] - Starting 'Chrome' driver

2020-08-20 09:24:43 - [MESSAGE][INFO] - Action delay is set to 0 milliseconds

2020-08-20 09:24:47 - [MESSAGE][PASSED] - Browser is opened with url: ''

2020-08-20 09:24:48 - [MESSAGE][PASSED] - Current window maximized

2020-08-20 09:24:53 - [MESSAGE][PASSED] - Delayed 5 second(s)

2020-08-20 09:24:56 - [MESSAGE][PASSED] - Navigate to 'http://123.176.34.15:4041/ProAccQA' successfully

2020-08-20 09:24:57 - [MESSAGE][PASSED] - Text 'Tin_Consultant' is set on object 'Object Repository/Pro_Acc_Login/input_Login_Username'

2020-08-20 09:24:58 - [MESSAGE][PASSED] - Text 'a12345@' is set on object 'Object Repository/Pro_Acc_Login/input_Login_Password'

2020-08-20 09:25:00 - [MESSAGE][PASSED] - Delayed 2 second(s)

2020-08-20 09:25:06 - [MESSAGE][PASSED] - Object: 'Object Repository/Pro_Acc_Login/button_Login' is clicked on

2020-08-20 09:25:09 - [MESSAGE][PASSED] - Delayed 3 second(s)

2020-08-20 09:25:10 - [MESSAGE][PASSED] - Text 'Dashboard' is present on page 

2020-08-20 09:25:13 - [MESSAGE][PASSED] - Delayed 3 second(s)

2020-08-20 09:25:14 - [MESSAGE][PASSED] - Object: 'Object Repository/Pro_Acc_Post-Conversion/Select_Post-Conversion' is clicked on

2020-08-20 09:25:17 - [MESSAGE][PASSED] - Object: 'Object Repository/Pro_Acc_Post-Conversion/Post-ConversionMonitor_PM' is clicked on

2020-08-20 09:25:22 - [MESSAGE][PASSED] - Delayed 5 second(s)

2020-08-20 09:25:22 - [MESSAGE][PASSED] - All options with label 'Tin Test' are selected in object 'Object Repository/Pro_Acc_Assessment/Pro_Acc_AssessmentMonitor/select_-SelectCustomerName'  using regular expression

2020-08-20 09:25:24 - [MESSAGE][PASSED] - All options with label 'Tin Pilot Phase Test' are selected in object 'Object Repository/Pro_Acc_Assessment/Pro_Acc_AssessmentMonitor/select_-SelectProjectName'  using regular expression

2020-08-20 09:25:25 - [MESSAGE][PASSED] - All options with label 'T01' are selected in object 'Object Repository/Pro_Acc_Assessment/Pro_Acc_AssessmentMonitor/select_-SelectInstanceName'  using regular expression

2020-08-20 09:25:27 - [MESSAGE][PASSED] - Delayed 2 second(s)

2020-08-20 09:25:30 - [MESSAGE][PASSED] - Scroll to object 'Object Repository/Pro_Acc_AssessmentMonitorforConsultant/Page_Assessment Monitor/Edit_Button' successfully

2020-08-20 09:25:32 - [MESSAGE][PASSED] - Delayed 2 second(s)

2020-08-20 09:25:34 - [MESSAGE][PASSED] - Delayed 2 second(s)

2020-08-20 09:25:36 - [MESSAGE][PASSED] - Delayed 2 second(s)

2020-08-20 09:25:39 - [MESSAGE][PASSED] - Delayed 3 second(s)

2020-08-20 09:25:40 - [MESSAGE][PASSED] - Delayed 1 second(s)

2020-08-20 09:25:41 - [MESSAGE][PASSED] - Delayed 1 second(s)

2020-08-20 09:25:42 - [MESSAGE][PASSED] - Delayed 1 second(s)

2020-08-20 09:25:46 - [MESSAGE][PASSED] - Delayed 3 second(s)

2020-08-20 09:25:48 - [MESSAGE][PASSED] - Delayed 2 second(s)

2020-08-20 09:25:50 - [MESSAGE][PASSED] - Delayed 2 second(s)

2020-08-20 09:25:53 - [MESSAGE][PASSED] - Delayed 3 second(s)

2020-08-20 09:25:54 - [MESSAGE][PASSED] - Delayed 1 second(s)

2020-08-20 09:25:55 - [MESSAGE][PASSED] - Delayed 1 second(s)

2020-08-20 09:25:56 - [MESSAGE][PASSED] - Delayed 1 second(s)

2020-08-20 09:26:00 - [MESSAGE][PASSED] - Delayed 3 second(s)

2020-08-20 09:26:02 - [MESSAGE][PASSED] - Delayed 2 second(s)

2020-08-20 09:26:04 - [MESSAGE][PASSED] - Delayed 2 second(s)

2020-08-20 09:26:07 - [MESSAGE][PASSED] - Delayed 3 second(s)

2020-08-20 09:26:08 - [MESSAGE][PASSED] - Delayed 1 second(s)

2020-08-20 09:26:09 - [MESSAGE][PASSED] - Delayed 1 second(s)

2020-08-20 09:26:10 - [MESSAGE][PASSED] - Delayed 1 second(s)

2020-08-20 09:26:15 - [MESSAGE][PASSED] - Delayed 3 second(s)

2020-08-20 09:26:17 - [MESSAGE][PASSED] - Delayed 2 second(s)

2020-08-20 09:26:19 - [MESSAGE][PASSED] - Delayed 2 second(s)

2020-08-20 09:26:22 - [MESSAGE][PASSED] - Delayed 3 second(s)

2020-08-20 09:26:23 - [MESSAGE][PASSED] - Delayed 1 second(s)

2020-08-20 09:26:24 - [MESSAGE][PASSED] - Delayed 1 second(s)

2020-08-20 09:26:25 - [MESSAGE][PASSED] - Delayed 1 second(s)

2020-08-20 09:26:29 - [MESSAGE][PASSED] - Delayed 3 second(s)

2020-08-20 09:26:31 - [MESSAGE][PASSED] - Delayed 2 second(s)

2020-08-20 09:26:33 - [MESSAGE][PASSED] - Delayed 2 second(s)

2020-08-20 09:26:36 - [MESSAGE][PASSED] - Delayed 3 second(s)

2020-08-20 09:26:37 - [MESSAGE][PASSED] - Delayed 1 second(s)

2020-08-20 09:26:38 - [MESSAGE][PASSED] - Delayed 1 second(s)

2020-08-20 09:26:39 - [MESSAGE][PASSED] - Delayed 1 second(s)

2020-08-20 09:26:44 - [MESSAGE][PASSED] - Delayed 3 second(s)

2020-08-20 09:26:46 - [MESSAGE][PASSED] - Delayed 2 second(s)

2020-08-20 09:26:57 - [MESSAGE][INFO] - Unable to find the element located by 'By.xpath: //*[@id="NXReportButton"]
'. Please recheck the objects properties to make sure the desired element is located. 

2020-08-20 09:26:58 - [MESSAGE][PASSED] - Taking screenshot successfully
[[ATTACHMENT|C:\\Users\\Group10\\Desktop\\New folder (2)\\ProAcc_Automation_Latest\\ProAcc_Automation_Latest\\screenshots\\Thu_Aug_20_09_26_57_IST_2020.png]]

2020-08-20 09:26:58 - [MESSAGE][PASSED] - Run with 'pro_acc_test_runner.PostConversionMonitor_Consultant_Runner' was passed]]></system-out>
         <system-err><![CDATA[]]></system-err>
      </testcase>
      <system-out><![CDATA[2020-08-20 09:24:41 - [TEST_SUITE][PASSED] - ProAcc_Suite: Test Cases/Tc_Consultant/TC_PostConversionMonitor_Consultant]]></system-out>
      <system-err><![CDATA[]]></system-err>
   </testsuite>
</testsuites>
