<?xml version="1.0" encoding="UTF-8"?>
<testsuites name="ProAcc_Suite" time="47.285" tests="1" failures="0" errors="0">
   <testsuite name="ProAcc_Suite" tests="1" failures="0" errors="0" time="47.285" timestamp="2020-08-23 20:24:25" hostname="Group10 - Group10-PC" id="Test Suites/ProAcc_Suite">
      <properties>
         <property name="deviceName" value=""/>
         <property name="devicePlatform" value=""/>
         <property name="logFolder" value="C:\\gitprojects\\Pro_2.0\\ProAcc_Automation_Latest\\Reports\\20200823_202420\\ProAcc_Suite\\20200823_202420"/>
         <property name="logFiles" value="C:\\gitprojects\\Pro_2.0\\ProAcc_Automation_Latest\\Reports\\20200823_202420\\ProAcc_Suite\\20200823_202420\\execution0.log"/>
         <property name="attachments" value=""/>
         <property name="hostName" value="Group10 - Group10-PC"/>
         <property name="os" value="Windows 7 32bit"/>
         <property name="katalonVersion" value="7.6.1.205"/>
         <property name="browser" value="Chrome 84.0.4147.135"/>
         <property name="hostAddress" value="192.168.43.206"/>
         <property name="sessionId" value="8aace66f28af1409442a5dd613d624b2"/>
         <property name="seleniumVersion" value="3.141.59"/>
         <property name="proxyInformation" value="ProxyInformation { proxyOption=NO_PROXY, proxyServerType=HTTP, username=, password=********, proxyServerAddress=, proxyServerPort=0, executionList=\&quot;\&quot;, isApplyToDesiredCapabilities=true }"/>
         <property name="platform" value="Windows 7"/>
      </properties>
      <testcase name="Test Cases/Tc_Admin/TC_Login" time="45.497" classname="Test Cases/Tc_Admin/TC_Login" status="PASSED">
         <system-out><![CDATA[2020-08-23 20:24:26 - [TEST_CASE][PASSED] - Test Cases/Tc_Admin/TC_Login: Test Cases/Tc_Admin/TC_Login

2020-08-23 20:24:26 - [TEST_STEP][PASSED] - runWithCucumberRunner(testRunner.Login_Runner): Run with 'testRunner.Login_Runner' was passed

2020-08-23 20:24:27 - [MESSAGE][INFO] - Starting 'Chrome (headless)' driver

2020-08-23 20:24:28 - [MESSAGE][INFO] - Action delay is set to 0 milliseconds

2020-08-23 20:24:31 - [MESSAGE][PASSED] - Browser is opened with url: ''

2020-08-23 20:24:32 - [MESSAGE][PASSED] - Current window maximized

2020-08-23 20:24:37 - [MESSAGE][PASSED] - Delayed 5 second(s)

2020-08-23 20:24:40 - [MESSAGE][PASSED] - Navigate to 'http://123.176.34.15:4041/ProAccQA' successfully

2020-08-23 20:24:40 - [MESSAGE][PASSED] - Text 'Admin' is set on object 'Object Repository/Pro_Acc_Login/input_Login_Username'

2020-08-23 20:24:41 - [MESSAGE][PASSED] - Text 'Admin' is set on object 'Object Repository/Pro_Acc_Login/input_Login_Password'

2020-08-23 20:24:43 - [MESSAGE][PASSED] - Delayed 2 second(s)

2020-08-23 20:25:05 - [MESSAGE][PASSED] - Object: 'Object Repository/Pro_Acc_Login/button_Login' is clicked on

2020-08-23 20:25:08 - [MESSAGE][PASSED] - Delayed 3 second(s)

2020-08-23 20:25:11 - [MESSAGE][PASSED] - Delayed 3 second(s)

2020-08-23 20:25:11 - [MESSAGE][PASSED] - Run with 'testRunner.Login_Runner' was passed]]></system-out>
         <system-err><![CDATA[]]></system-err>
      </testcase>
      <system-out><![CDATA[2020-08-23 20:24:25 - [TEST_SUITE][PASSED] - ProAcc_Suite: Test Cases/Tc_Admin/TC_Login]]></system-out>
      <system-err><![CDATA[]]></system-err>
   </testsuite>
</testsuites>
