<?xml version="1.0" encoding="UTF-8"?>
<testsuites name="ProAcc_Suite" time="41.953" tests="1" failures="0" errors="0">
   <testsuite name="ProAcc_Suite" tests="1" failures="0" errors="0" time="41.953" timestamp="2020-08-19 19:10:22" hostname="Group10 - Group10-PC" id="Test Suites/ProAcc_Suite">
      <properties>
         <property name="deviceName" value=""/>
         <property name="devicePlatform" value=""/>
         <property name="logFolder" value="C:\\Users\\Group10\\Desktop\\New folder (2)\\ProAcc_Automation_Latest\\ProAcc_Automation_Latest\\Reports\\20200819_191015\\ProAcc_Suite\\20200819_191015"/>
         <property name="logFiles" value="C:\\Users\\Group10\\Desktop\\New folder (2)\\ProAcc_Automation_Latest\\ProAcc_Automation_Latest\\Reports\\20200819_191015\\ProAcc_Suite\\20200819_191015\\execution0.log"/>
         <property name="attachments" value=""/>
         <property name="hostName" value="Group10 - Group10-PC"/>
         <property name="os" value="Windows 7 32bit"/>
         <property name="katalonVersion" value="7.6.1.205"/>
         <property name="browser" value="Chrome 84.0.4147.125"/>
         <property name="hostAddress" value="192.168.43.206"/>
         <property name="sessionId" value="aca33ce93af664329b20a310d01ca993"/>
         <property name="seleniumVersion" value="3.141.59"/>
         <property name="proxyInformation" value="ProxyInformation { proxyOption=NO_PROXY, proxyServerType=HTTP, username=, password=********, proxyServerAddress=, proxyServerPort=0, executionList=\&quot;\&quot;, isApplyToDesiredCapabilities=true }"/>
         <property name="platform" value="Windows 7"/>
      </properties>
      <testcase name="Test Cases/Tc_Admin/TC_Login" time="39.618" classname="Test Cases/Tc_Admin/TC_Login" status="PASSED">
         <system-out><![CDATA[2020-08-19 19:10:23 - [TEST_CASE][PASSED] - Test Cases/Tc_Admin/TC_Login: Test Cases/Tc_Admin/TC_Login

2020-08-19 19:10:23 - [TEST_STEP][PASSED] - runWithCucumberRunner(testRunner.Login_Runner): Run with 'testRunner.Login_Runner' was passed

2020-08-19 19:10:24 - [MESSAGE][INFO] - Starting 'Chrome' driver

2020-08-19 19:10:24 - [MESSAGE][INFO] - Action delay is set to 0 milliseconds

2020-08-19 19:10:28 - [MESSAGE][PASSED] - Browser is opened with url: ''

2020-08-19 19:10:30 - [MESSAGE][PASSED] - Current window maximized

2020-08-19 19:10:35 - [MESSAGE][PASSED] - Delayed 5 second(s)

2020-08-19 19:10:39 - [MESSAGE][PASSED] - Navigate to 'http://123.176.34.15:4041/ProAccQA' successfully

2020-08-19 19:10:40 - [MESSAGE][PASSED] - Text 'Admin' is set on object 'Object Repository/Pro_Acc_Login/input_Login_Username'

2020-08-19 19:10:41 - [MESSAGE][PASSED] - Text 'Admin' is set on object 'Object Repository/Pro_Acc_Login/input_Login_Password'

2020-08-19 19:10:43 - [MESSAGE][PASSED] - Delayed 2 second(s)

2020-08-19 19:10:56 - [MESSAGE][PASSED] - Object: 'Object Repository/Pro_Acc_Login/button_Login' is clicked on

2020-08-19 19:10:59 - [MESSAGE][PASSED] - Delayed 3 second(s)

2020-08-19 19:10:59 - [MESSAGE][PASSED] - Text 'Dashboard' is present on page 

2020-08-19 19:11:02 - [MESSAGE][PASSED] - Delayed 3 second(s)

2020-08-19 19:11:02 - [MESSAGE][PASSED] - Run with 'testRunner.Login_Runner' was passed]]></system-out>
         <system-err><![CDATA[]]></system-err>
      </testcase>
      <system-out><![CDATA[2020-08-19 19:10:22 - [TEST_SUITE][PASSED] - ProAcc_Suite: Test Cases/Tc_Admin/TC_Login]]></system-out>
      <system-err><![CDATA[]]></system-err>
   </testsuite>
</testsuites>
