<?xml version="1.0" encoding="UTF-8"?>
<testsuites name="ProAcc_Suite" time="154.555" tests="1" failures="0" errors="0">
   <testsuite name="ProAcc_Suite" tests="1" failures="0" errors="0" time="154.555" timestamp="2020-08-19 21:51:44" hostname="Group10 - Group10-PC" id="Test Suites/ProAcc_Suite">
      <properties>
         <property name="deviceName" value=""/>
         <property name="devicePlatform" value=""/>
         <property name="logFolder" value="C:\\Users\\Group10\\Desktop\\New folder (2)\\ProAcc_Automation_Latest\\ProAcc_Automation_Latest\\Reports\\20200819_215136\\ProAcc_Suite\\20200819_215136"/>
         <property name="logFiles" value="C:\\Users\\Group10\\Desktop\\New folder (2)\\ProAcc_Automation_Latest\\ProAcc_Automation_Latest\\Reports\\20200819_215136\\ProAcc_Suite\\20200819_215136\\execution0.log"/>
         <property name="attachments" value="C:\\Users\\Group10\\Desktop\\New folder (2)\\ProAcc_Automation_Latest\\ProAcc_Automation_Latest\\screenshots\\Wed_Aug_19_21_54_16_IST_2020.png"/>
         <property name="hostName" value="Group10 - Group10-PC"/>
         <property name="os" value="Windows 7 32bit"/>
         <property name="katalonVersion" value="7.6.1.205"/>
         <property name="browser" value="Chrome 84.0.4147.125"/>
         <property name="hostAddress" value="192.168.43.206"/>
         <property name="sessionId" value="388a53e9a3144fc8b75bcab0e3e3d51a"/>
         <property name="seleniumVersion" value="3.141.59"/>
         <property name="proxyInformation" value="ProxyInformation { proxyOption=NO_PROXY, proxyServerType=HTTP, username=, password=********, proxyServerAddress=, proxyServerPort=0, executionList=\&quot;\&quot;, isApplyToDesiredCapabilities=true }"/>
         <property name="platform" value="Windows 7"/>
      </properties>
      <testcase name="Test Cases/Tc_Consultant/TC_PreConversionMonitor_Consultant" time="152.079" classname="Test Cases/Tc_Consultant/TC_PreConversionMonitor_Consultant" status="PASSED">
         <system-out><![CDATA[2020-08-19 21:51:45 - [TEST_CASE][PASSED] - Test Cases/Tc_Consultant/TC_PreConversionMonitor_Consultant: Test Cases/Tc_Consultant/TC_PreConversionMonitor_Consultant

2020-08-19 21:51:45 - [TEST_STEP][PASSED] - runWithCucumberRunner(pro_acc_test_runner.PreConversionMonitor_Consultant_Runner): Run with 'pro_acc_test_runner.PreConversionMonitor_Consultant_Runner' was passed

2020-08-19 21:51:46 - [MESSAGE][INFO] - Starting 'Chrome' driver

2020-08-19 21:51:46 - [MESSAGE][INFO] - Action delay is set to 0 milliseconds

2020-08-19 21:51:50 - [MESSAGE][PASSED] - Browser is opened with url: ''

2020-08-19 21:51:52 - [MESSAGE][PASSED] - Current window maximized

2020-08-19 21:51:57 - [MESSAGE][PASSED] - Delayed 5 second(s)

2020-08-19 21:52:06 - [MESSAGE][PASSED] - Navigate to 'http://123.176.34.15:4041/ProAccQA' successfully

2020-08-19 21:52:07 - [MESSAGE][PASSED] - Text 'john_Consultant' is set on object 'Object Repository/Pro_Acc_Login/input_Login_Username'

2020-08-19 21:52:07 - [MESSAGE][PASSED] - Text 'a12345@' is set on object 'Object Repository/Pro_Acc_Login/input_Login_Password'

2020-08-19 21:52:09 - [MESSAGE][PASSED] - Delayed 2 second(s)

2020-08-19 21:52:20 - [MESSAGE][PASSED] - Object: 'Object Repository/Pro_Acc_Login/button_Login' is clicked on

2020-08-19 21:52:23 - [MESSAGE][PASSED] - Delayed 3 second(s)

2020-08-19 21:52:23 - [MESSAGE][PASSED] - Text 'Dashboard' is present on page 

2020-08-19 21:52:26 - [MESSAGE][PASSED] - Delayed 3 second(s)

2020-08-19 21:52:26 - [MESSAGE][PASSED] - Object: 'Object Repository/Pro_Acc_Pre-Conversion/Select_PreConversion' is clicked on

2020-08-19 21:52:29 - [MESSAGE][PASSED] - Object: 'Object Repository/Pro_Acc_Pre-Conversion/Pre-ConversionMonitor_PM' is clicked on

2020-08-19 21:52:34 - [MESSAGE][PASSED] - Delayed 5 second(s)

2020-08-19 21:52:35 - [MESSAGE][PASSED] - All options with label 'Tin Test' are selected in object 'Object Repository/Pro_Acc_Assessment/Pro_Acc_AssessmentMonitor/select_-SelectCustomerName'  using regular expression

2020-08-19 21:52:37 - [MESSAGE][PASSED] - All options with label 'Tin Pilot Phase Test' are selected in object 'Object Repository/Pro_Acc_Assessment/Pro_Acc_AssessmentMonitor/select_-SelectProjectName'  using regular expression

2020-08-19 21:52:38 - [MESSAGE][PASSED] - All options with label 'T01' are selected in object 'Object Repository/Pro_Acc_Assessment/Pro_Acc_AssessmentMonitor/select_-SelectInstanceName'  using regular expression

2020-08-19 21:52:40 - [MESSAGE][PASSED] - Delayed 2 second(s)

2020-08-19 21:52:43 - [MESSAGE][PASSED] - Scroll to object 'Object Repository/Pro_Acc_AssessmentMonitorforConsultant/Page_Assessment Monitor/Edit_Button' successfully

2020-08-19 21:52:45 - [MESSAGE][PASSED] - Delayed 2 second(s)

2020-08-19 21:52:47 - [MESSAGE][PASSED] - Delayed 2 second(s)

2020-08-19 21:52:50 - [MESSAGE][PASSED] - Delayed 2 second(s)

2020-08-19 21:52:53 - [MESSAGE][PASSED] - Delayed 3 second(s)

2020-08-19 21:52:54 - [MESSAGE][PASSED] - Delayed 1 second(s)

2020-08-19 21:52:55 - [MESSAGE][PASSED] - Delayed 1 second(s)

2020-08-19 21:52:56 - [MESSAGE][PASSED] - Delayed 1 second(s)

2020-08-19 21:53:00 - [MESSAGE][PASSED] - Delayed 3 second(s)

2020-08-19 21:53:02 - [MESSAGE][PASSED] - Delayed 2 second(s)

2020-08-19 21:53:04 - [MESSAGE][PASSED] - Delayed 2 second(s)

2020-08-19 21:53:07 - [MESSAGE][PASSED] - Delayed 3 second(s)

2020-08-19 21:53:08 - [MESSAGE][PASSED] - Delayed 1 second(s)

2020-08-19 21:53:09 - [MESSAGE][PASSED] - Delayed 1 second(s)

2020-08-19 21:53:10 - [MESSAGE][PASSED] - Delayed 1 second(s)

2020-08-19 21:53:16 - [MESSAGE][PASSED] - Delayed 3 second(s)

2020-08-19 21:53:18 - [MESSAGE][PASSED] - Delayed 2 second(s)

2020-08-19 21:53:20 - [MESSAGE][PASSED] - Delayed 2 second(s)

2020-08-19 21:53:23 - [MESSAGE][PASSED] - Delayed 3 second(s)

2020-08-19 21:53:24 - [MESSAGE][PASSED] - Delayed 1 second(s)

2020-08-19 21:53:25 - [MESSAGE][PASSED] - Delayed 1 second(s)

2020-08-19 21:53:26 - [MESSAGE][PASSED] - Delayed 1 second(s)

2020-08-19 21:53:31 - [MESSAGE][PASSED] - Delayed 3 second(s)

2020-08-19 21:53:33 - [MESSAGE][PASSED] - Delayed 2 second(s)

2020-08-19 21:53:35 - [MESSAGE][PASSED] - Delayed 2 second(s)

2020-08-19 21:53:38 - [MESSAGE][PASSED] - Delayed 3 second(s)

2020-08-19 21:53:39 - [MESSAGE][PASSED] - Delayed 1 second(s)

2020-08-19 21:53:40 - [MESSAGE][PASSED] - Delayed 1 second(s)

2020-08-19 21:53:41 - [MESSAGE][PASSED] - Delayed 1 second(s)

2020-08-19 21:53:47 - [MESSAGE][PASSED] - Delayed 3 second(s)

2020-08-19 21:53:49 - [MESSAGE][PASSED] - Delayed 2 second(s)

2020-08-19 21:53:51 - [MESSAGE][PASSED] - Delayed 2 second(s)

2020-08-19 21:53:54 - [MESSAGE][PASSED] - Delayed 3 second(s)

2020-08-19 21:53:55 - [MESSAGE][PASSED] - Delayed 1 second(s)

2020-08-19 21:53:56 - [MESSAGE][PASSED] - Delayed 1 second(s)

2020-08-19 21:53:57 - [MESSAGE][PASSED] - Delayed 1 second(s)

2020-08-19 21:54:01 - [MESSAGE][PASSED] - Delayed 3 second(s)

2020-08-19 21:54:04 - [MESSAGE][PASSED] - Delayed 3 second(s)

2020-08-19 21:54:16 - [MESSAGE][INFO] - Unable to find the element located by 'By.xpath: //*[@id="NXReportButton"]
'. Please recheck the objects properties to make sure the desired element is located. 

2020-08-19 21:54:16 - [MESSAGE][PASSED] - Taking screenshot successfully
[[ATTACHMENT|C:\\Users\\Group10\\Desktop\\New folder (2)\\ProAcc_Automation_Latest\\ProAcc_Automation_Latest\\screenshots\\Wed_Aug_19_21_54_16_IST_2020.png]]

2020-08-19 21:54:17 - [MESSAGE][PASSED] - Run with 'pro_acc_test_runner.PreConversionMonitor_Consultant_Runner' was passed]]></system-out>
         <system-err><![CDATA[]]></system-err>
      </testcase>
      <system-out><![CDATA[2020-08-19 21:51:44 - [TEST_SUITE][PASSED] - ProAcc_Suite: Test Cases/Tc_Consultant/TC_PreConversionMonitor_Consultant]]></system-out>
      <system-err><![CDATA[]]></system-err>
   </testsuite>
</testsuites>
