<?xml version="1.0" encoding="UTF-8"?>
<testsuites name="Pro_Acc_End_to_End_Suite" time="125.589" tests="1" failures="0" errors="0">
   <testsuite name="Pro_Acc_End_to_End_Suite" tests="1" failures="0" errors="0" time="125.589" timestamp="2020-07-14 09:10:37" hostname="Group10 - Group10-PC" id="Test Suites/Pro_Acc_End_to_End_Suite">
      <properties>
         <property name="deviceName" value=""/>
         <property name="devicePlatform" value=""/>
         <property name="logFolder" value="C:\\Users\\Group10\\Desktop\\New folder (2)\\ProAcc_Automation_Latest\\ProAcc_Automation_Latest\\Reports\\20200714_091033\\Pro_Acc_End_to_End_Suite\\20200714_091033"/>
         <property name="logFiles" value="C:\\Users\\Group10\\Desktop\\New folder (2)\\ProAcc_Automation_Latest\\ProAcc_Automation_Latest\\Reports\\20200714_091033\\Pro_Acc_End_to_End_Suite\\20200714_091033\\execution0.log"/>
         <property name="attachments" value=""/>
         <property name="hostName" value="Group10 - Group10-PC"/>
         <property name="os" value="Windows 7 32bit"/>
         <property name="katalonVersion" value="7.5.10.1"/>
         <property name="browser" value="Chrome 83.0.4103.116"/>
         <property name="hostAddress" value="192.168.43.206"/>
         <property name="sessionId" value="96a9189f18a0d6d546e042361a9d3253"/>
         <property name="seleniumVersion" value="3.141.59"/>
         <property name="proxyInformation" value="ProxyInformation { proxyOption=NO_PROXY, proxyServerType=HTTP, username=, password=********, proxyServerAddress=, proxyServerPort=0, executionList=\&quot;\&quot;, isApplyToDesiredCapabilities=true }"/>
         <property name="platform" value="Windows 7"/>
      </properties>
      <testcase name="Test Cases/Tc_Consultant/TC_ValidationMonitor_Consultant" time="123.245" classname="Test Cases/Tc_Consultant/TC_ValidationMonitor_Consultant" status="PASSED">
         <system-out><![CDATA[2020-07-14 09:10:38 - [TEST_CASE][PASSED] - Test Cases/Tc_Consultant/TC_ValidationMonitor_Consultant: Test Cases/Tc_Consultant/TC_ValidationMonitor_Consultant

2020-07-14 09:10:38 - [TEST_STEP][PASSED] - runWithCucumberRunner(pro_acc_test_runner.ValidationMonitor_Consultant_Runner): Run with 'pro_acc_test_runner.ValidationMonitor_Consultant_Runner' was passed

2020-07-14 09:10:39 - [MESSAGE][INFO] - Starting 'Chrome' driver

2020-07-14 09:10:39 - [MESSAGE][INFO] - Action delay is set to 0 milliseconds

2020-07-14 09:10:43 - [MESSAGE][PASSED] - Browser is opened with url: ''

2020-07-14 09:10:44 - [MESSAGE][PASSED] - Current window maximized

2020-07-14 09:10:49 - [MESSAGE][PASSED] - Delayed 5 second(s)

2020-07-14 09:10:54 - [MESSAGE][PASSED] - Navigate to 'http://123.176.34.15:4041/ProAccQA' successfully

2020-07-14 09:10:54 - [MESSAGE][PASSED] - Text 'sasi' is set on object 'Object Repository/Pro_Acc_Login/input_Login_Username'

2020-07-14 09:10:55 - [MESSAGE][PASSED] - Text '123' is set on object 'Object Repository/Pro_Acc_Login/input_Login_Password'

2020-07-14 09:10:57 - [MESSAGE][PASSED] - Delayed 2 second(s)

2020-07-14 09:11:11 - [MESSAGE][PASSED] - Object: 'Object Repository/Pro_Acc_Login/button_Login' is clicked on

2020-07-14 09:11:14 - [MESSAGE][PASSED] - Delayed 3 second(s)

2020-07-14 09:11:14 - [MESSAGE][PASSED] - Text 'Dashboard' is present on page 

2020-07-14 09:11:17 - [MESSAGE][PASSED] - Delayed 3 second(s)

2020-07-14 09:11:18 - [MESSAGE][PASSED] - Object: 'Object Repository/Pro_Acc_Validation/Validation' is clicked on

2020-07-14 09:11:19 - [MESSAGE][PASSED] - Object: 'Object Repository/Pro_Acc_Validation/ValidationMonitor_PM' is clicked on

2020-07-14 09:11:24 - [MESSAGE][PASSED] - Delayed 5 second(s)

2020-07-14 09:11:25 - [MESSAGE][PASSED] - All options with label 'Alexa Test' are selected in object 'Object Repository/Pro_Acc_Assessment/Pro_Acc_AssessmentMonitor/select_-SelectCustomerName'  using regular expression

2020-07-14 09:11:27 - [MESSAGE][PASSED] - All options with label 'Alexa Pilot Phase Test' are selected in object 'Object Repository/Pro_Acc_Assessment/Pro_Acc_AssessmentMonitor/select_-SelectProjectName'  using regular expression

2020-07-14 09:11:28 - [MESSAGE][PASSED] - All options with label 'A04' are selected in object 'Object Repository/Pro_Acc_Assessment/Pro_Acc_AssessmentMonitor/select_-SelectInstanceName'  using regular expression

2020-07-14 09:11:30 - [MESSAGE][PASSED] - Delayed 2 second(s)

2020-07-14 09:11:33 - [MESSAGE][PASSED] - Scroll to object 'Object Repository/Pro_Acc_AssessmentMonitorforConsultant/Page_Assessment Monitor/Edit_Button' successfully

2020-07-14 09:11:35 - [MESSAGE][PASSED] - Delayed 2 second(s)

2020-07-14 09:11:37 - [MESSAGE][PASSED] - Delayed 2 second(s)

2020-07-14 09:11:40 - [MESSAGE][PASSED] - Delayed 3 second(s)

2020-07-14 09:11:41 - [MESSAGE][PASSED] - Delayed 1 second(s)

2020-07-14 09:11:42 - [MESSAGE][PASSED] - Delayed 1 second(s)

2020-07-14 09:11:43 - [MESSAGE][PASSED] - Delayed 1 second(s)

2020-07-14 09:11:47 - [MESSAGE][PASSED] - Delayed 3 second(s)

2020-07-14 09:11:49 - [MESSAGE][PASSED] - Delayed 2 second(s)

2020-07-14 09:11:52 - [MESSAGE][PASSED] - Delayed 3 second(s)

2020-07-14 09:11:54 - [MESSAGE][PASSED] - Delayed 1 second(s)

2020-07-14 09:11:55 - [MESSAGE][PASSED] - Delayed 1 second(s)

2020-07-14 09:11:56 - [MESSAGE][PASSED] - Delayed 1 second(s)

2020-07-14 09:12:00 - [MESSAGE][PASSED] - Delayed 3 second(s)

2020-07-14 09:12:02 - [MESSAGE][PASSED] - Delayed 2 second(s)

2020-07-14 09:12:05 - [MESSAGE][PASSED] - Delayed 3 second(s)

2020-07-14 09:12:06 - [MESSAGE][PASSED] - Delayed 1 second(s)

2020-07-14 09:12:07 - [MESSAGE][PASSED] - Delayed 1 second(s)

2020-07-14 09:12:08 - [MESSAGE][PASSED] - Delayed 1 second(s)

2020-07-14 09:12:12 - [MESSAGE][PASSED] - Delayed 3 second(s)

2020-07-14 09:12:14 - [MESSAGE][PASSED] - Delayed 2 second(s)

2020-07-14 09:12:17 - [MESSAGE][PASSED] - Delayed 3 second(s)

2020-07-14 09:12:18 - [MESSAGE][PASSED] - Delayed 1 second(s)

2020-07-14 09:12:19 - [MESSAGE][PASSED] - Delayed 1 second(s)

2020-07-14 09:12:20 - [MESSAGE][PASSED] - Delayed 1 second(s)

2020-07-14 09:12:24 - [MESSAGE][PASSED] - Delayed 3 second(s)

2020-07-14 09:12:26 - [MESSAGE][PASSED] - Delayed 2 second(s)

2020-07-14 09:12:29 - [MESSAGE][PASSED] - Delayed 3 second(s)

2020-07-14 09:12:30 - [MESSAGE][PASSED] - Delayed 1 second(s)

2020-07-14 09:12:31 - [MESSAGE][PASSED] - Delayed 1 second(s)

2020-07-14 09:12:32 - [MESSAGE][PASSED] - Delayed 1 second(s)

2020-07-14 09:12:36 - [MESSAGE][PASSED] - Delayed 3 second(s)

2020-07-14 09:12:39 - [MESSAGE][PASSED] - Delayed 3 second(s)

2020-07-14 09:12:41 - [MESSAGE][PASSED] - Run with 'pro_acc_test_runner.ValidationMonitor_Consultant_Runner' was passed]]></system-out>
         <system-err><![CDATA[]]></system-err>
      </testcase>
      <system-out><![CDATA[2020-07-14 09:10:37 - [TEST_SUITE][PASSED] - Pro_Acc_End_to_End_Suite: Test Cases/Tc_Consultant/TC_ValidationMonitor_Consultant]]></system-out>
      <system-err><![CDATA[]]></system-err>
   </testsuite>
</testsuites>
