<?xml version="1.0" encoding="UTF-8"?>
<testsuites name="ProAcc_Suite" time="1775.794" tests="16" failures="1" errors="0">
   <testsuite name="ProAcc_Suite" tests="16" failures="1" errors="0" time="1775.794" timestamp="2020-08-20 08:35:43" hostname="Group10 - Group10-PC" id="Test Suites/ProAcc_Suite">
      <properties>
         <property name="deviceName" value=""/>
         <property name="devicePlatform" value=""/>
         <property name="logFolder" value="C:\\Users\\Group10\\Desktop\\New folder (2)\\ProAcc_Automation_Latest\\ProAcc_Automation_Latest\\Reports\\20200820_083537\\ProAcc_Suite\\20200820_083537"/>
         <property name="logFiles" value="C:\\Users\\Group10\\Desktop\\New folder (2)\\ProAcc_Automation_Latest\\ProAcc_Automation_Latest\\Reports\\20200820_083537\\ProAcc_Suite\\20200820_083537\\execution0.log"/>
         <property name="attachments" value="C:\\Users\\Group10\\Desktop\\New folder (2)\\ProAcc_Automation_Latest\\ProAcc_Automation_Latest\\Reports\\20200820_083537\\ProAcc_Suite\\20200820_083537\\1597892848154.png, C:\\Users\\Group10\\Desktop\\New folder (2)\\ProAcc_Automation_Latest\\ProAcc_Automation_Latest\\screenshots\\Thu_Aug_20_08_37_28_IST_2020.png, C:\\Users\\Group10\\Desktop\\New folder (2)\\ProAcc_Automation_Latest\\ProAcc_Automation_Latest\\Reports\\20200820_083537\\ProAcc_Suite\\20200820_083537\\1597893083594.png, C:\\Users\\Group10\\Desktop\\New folder (2)\\ProAcc_Automation_Latest\\ProAcc_Automation_Latest\\screenshots\\Thu_Aug_20_08_41_23_IST_2020.png, C:\\Users\\Group10\\Desktop\\New folder (2)\\ProAcc_Automation_Latest\\ProAcc_Automation_Latest\\Reports\\20200820_083537\\ProAcc_Suite\\20200820_083537\\1597893104685.png, C:\\Users\\Group10\\Desktop\\New folder (2)\\ProAcc_Automation_Latest\\ProAcc_Automation_Latest\\screenshots\\Thu_Aug_20_08_41_45_IST_2020.png, C:\\Users\\Group10\\Desktop\\New folder (2)\\ProAcc_Automation_Latest\\ProAcc_Automation_Latest\\Reports\\20200820_083537\\ProAcc_Suite\\20200820_083537\\1597893125452.png, C:\\Users\\Group10\\Desktop\\New folder (2)\\ProAcc_Automation_Latest\\ProAcc_Automation_Latest\\screenshots\\Thu_Aug_20_08_42_05_IST_2020.png, C:\\Users\\Group10\\Desktop\\New folder (2)\\ProAcc_Automation_Latest\\ProAcc_Automation_Latest\\Reports\\20200820_083537\\ProAcc_Suite\\20200820_083537\\1597893133898.png, C:\\Users\\Group10\\Desktop\\New folder (2)\\ProAcc_Automation_Latest\\ProAcc_Automation_Latest\\screenshots\\Thu_Aug_20_08_42_14_IST_2020.png, C:\\Users\\Group10\\Desktop\\New folder (2)\\ProAcc_Automation_Latest\\ProAcc_Automation_Latest\\Reports\\20200820_083537\\ProAcc_Suite\\20200820_083537\\1597893153657.png, C:\\Users\\Group10\\Desktop\\New folder (2)\\ProAcc_Automation_Latest\\ProAcc_Automation_Latest\\screenshots\\Thu_Aug_20_08_42_34_IST_2020.png, C:\\Users\\Group10\\Desktop\\New folder (2)\\ProAcc_Automation_Latest\\ProAcc_Automation_Latest\\Reports\\20200820_083537\\ProAcc_Suite\\20200820_083537\\1597893162194.png, C:\\Users\\Group10\\Desktop\\New folder (2)\\ProAcc_Automation_Latest\\ProAcc_Automation_Latest\\screenshots\\Thu_Aug_20_08_42_42_IST_2020.png, C:\\Users\\Group10\\Desktop\\New folder (2)\\ProAcc_Automation_Latest\\ProAcc_Automation_Latest\\Reports\\20200820_083537\\ProAcc_Suite\\20200820_083537\\1597893181878.png, C:\\Users\\Group10\\Desktop\\New folder (2)\\ProAcc_Automation_Latest\\ProAcc_Automation_Latest\\screenshots\\Thu_Aug_20_08_43_02_IST_2020.png, C:\\Users\\Group10\\Desktop\\New folder (2)\\ProAcc_Automation_Latest\\ProAcc_Automation_Latest\\Reports\\20200820_083537\\ProAcc_Suite\\20200820_083537\\1597893190386.png, C:\\Users\\Group10\\Desktop\\New folder (2)\\ProAcc_Automation_Latest\\ProAcc_Automation_Latest\\screenshots\\Thu_Aug_20_08_43_10_IST_2020.png, C:\\Users\\Group10\\Desktop\\New folder (2)\\ProAcc_Automation_Latest\\ProAcc_Automation_Latest\\Reports\\20200820_083537\\ProAcc_Suite\\20200820_083537\\1597893210085.png, C:\\Users\\Group10\\Desktop\\New folder (2)\\ProAcc_Automation_Latest\\ProAcc_Automation_Latest\\screenshots\\Thu_Aug_20_08_43_30_IST_2020.png, C:\\Users\\Group10\\Desktop\\New folder (2)\\ProAcc_Automation_Latest\\ProAcc_Automation_Latest\\Reports\\20200820_083537\\ProAcc_Suite\\20200820_083537\\1597893218538.png, C:\\Users\\Group10\\Desktop\\New folder (2)\\ProAcc_Automation_Latest\\ProAcc_Automation_Latest\\screenshots\\Thu_Aug_20_08_43_38_IST_2020.png, C:\\Users\\Group10\\Desktop\\New folder (2)\\ProAcc_Automation_Latest\\ProAcc_Automation_Latest\\screenshots\\Thu_Aug_20_08_49_35_IST_2020.png, C:\\Users\\Group10\\Desktop\\New folder (2)\\ProAcc_Automation_Latest\\ProAcc_Automation_Latest\\screenshots\\Thu_Aug_20_08_56_02_IST_2020.png, C:\\Users\\Group10\\Desktop\\New folder (2)\\ProAcc_Automation_Latest\\ProAcc_Automation_Latest\\screenshots\\Thu_Aug_20_09_00_43_IST_2020.png, C:\\Users\\Group10\\Desktop\\New folder (2)\\ProAcc_Automation_Latest\\ProAcc_Automation_Latest\\Reports\\20200820_083537\\ProAcc_Suite\\20200820_083537\\1597894444896.png, C:\\Users\\Group10\\Desktop\\New folder (2)\\ProAcc_Automation_Latest\\ProAcc_Automation_Latest\\screenshots\\Thu_Aug_20_09_04_09_IST_2020.png, C:\\Users\\Group10\\Desktop\\New folder (2)\\ProAcc_Automation_Latest\\ProAcc_Automation_Latest\\Reports\\20200820_083537\\ProAcc_Suite\\20200820_083537\\1597894481040.png, C:\\Users\\Group10\\Desktop\\New folder (2)\\ProAcc_Automation_Latest\\ProAcc_Automation_Latest\\screenshots\\Thu_Aug_20_09_04_41_IST_2020.png, C:\\Users\\Group10\\Desktop\\New folder (2)\\ProAcc_Automation_Latest\\ProAcc_Automation_Latest\\Reports\\20200820_083537\\ProAcc_Suite\\20200820_083537\\1597894485021.png, C:\\Users\\Group10\\Desktop\\New folder (2)\\ProAcc_Automation_Latest\\ProAcc_Automation_Latest\\screenshots\\Thu_Aug_20_09_04_45_IST_2020.png, C:\\Users\\Group10\\Desktop\\New folder (2)\\ProAcc_Automation_Latest\\ProAcc_Automation_Latest\\Reports\\20200820_083537\\ProAcc_Suite\\20200820_083537\\1597894517040.png"/>
         <property name="hostName" value="Group10 - Group10-PC"/>
         <property name="os" value="Windows 7 32bit"/>
         <property name="katalonVersion" value="7.6.1.205"/>
         <property name="browser" value="Chrome 84.0.4147.125"/>
         <property name="hostAddress" value="192.168.43.206"/>
         <property name="sessionId" value="4dce31c80753157b61b88e9d949d4a51"/>
         <property name="seleniumVersion" value="3.141.59"/>
         <property name="proxyInformation" value="ProxyInformation { proxyOption=NO_PROXY, proxyServerType=HTTP, username=, password=********, proxyServerAddress=, proxyServerPort=0, executionList=\&quot;\&quot;, isApplyToDesiredCapabilities=true }"/>
         <property name="platform" value="Windows 7"/>
      </properties>
      <testcase name="Test Cases/Tc_Admin/TC_Login" time="61.187" classname="Test Cases/Tc_Admin/TC_Login" status="PASSED">
         <system-out><![CDATA[2020-08-20 08:35:43 - [TEST_CASE][PASSED] - Test Cases/Tc_Admin/TC_Login: Test Cases/Tc_Admin/TC_Login

2020-08-20 08:35:44 - [TEST_STEP][PASSED] - runWithCucumberRunner(testRunner.Login_Runner): Run with 'testRunner.Login_Runner' was passed

2020-08-20 08:35:45 - [MESSAGE][INFO] - Starting 'Chrome' driver

2020-08-20 08:35:45 - [MESSAGE][INFO] - Action delay is set to 0 milliseconds

2020-08-20 08:35:49 - [MESSAGE][PASSED] - Browser is opened with url: ''

2020-08-20 08:35:50 - [MESSAGE][PASSED] - Current window maximized

2020-08-20 08:35:55 - [MESSAGE][PASSED] - Delayed 5 second(s)

2020-08-20 08:36:04 - [MESSAGE][PASSED] - Navigate to 'http://123.176.34.15:4041/ProAccQA' successfully

2020-08-20 08:36:05 - [MESSAGE][PASSED] - Text 'Admin' is set on object 'Object Repository/Pro_Acc_Login/input_Login_Username'

2020-08-20 08:36:06 - [MESSAGE][PASSED] - Text 'Admin' is set on object 'Object Repository/Pro_Acc_Login/input_Login_Password'

2020-08-20 08:36:08 - [MESSAGE][PASSED] - Delayed 2 second(s)

2020-08-20 08:36:38 - [MESSAGE][PASSED] - Object: 'Object Repository/Pro_Acc_Login/button_Login' is clicked on

2020-08-20 08:36:41 - [MESSAGE][PASSED] - Delayed 3 second(s)

2020-08-20 08:36:41 - [MESSAGE][PASSED] - Text 'Dashboard' is present on page 

2020-08-20 08:36:44 - [MESSAGE][PASSED] - Delayed 3 second(s)

2020-08-20 08:36:45 - [MESSAGE][PASSED] - Run with 'testRunner.Login_Runner' was passed]]></system-out>
         <system-err><![CDATA[]]></system-err>
      </testcase>
      <testcase name="Test Cases/Tc_Admin/TC_CreateCustomer" time="28.652" classname="Test Cases/Tc_Admin/TC_CreateCustomer" status="PASSED">
         <system-out><![CDATA[2020-08-20 08:36:45 - [TEST_CASE][PASSED] - Test Cases/Tc_Admin/TC_CreateCustomer: Test Cases/Tc_Admin/TC_CreateCustomer

2020-08-20 08:36:45 - [TEST_STEP][PASSED] - runWithCucumberRunner(testRunner.CreateCustomer_Runner): Run with 'testRunner.CreateCustomer_Runner' was passed

2020-08-20 08:36:46 - [MESSAGE][PASSED] - Object: 'Object Repository/Pro_Acc_UserSettings/Pro_Acc_Create Customer/a_User Settings' is clicked on

2020-08-20 08:36:48 - [MESSAGE][PASSED] - Delayed 2 second(s)

2020-08-20 08:36:48 - [MESSAGE][PASSED] - Object: 'Object Repository/Pro_Acc_UserSettings/Pro_Acc_Create Customer/a_Add New User  Customer' is clicked on

2020-08-20 08:36:52 - [MESSAGE][PASSED] - Object: 'Object Repository/Pro_Acc_UserSettings/Pro_Acc_Create Customer/button_Create New Customer' is clicked on

2020-08-20 08:36:54 - [MESSAGE][PASSED] - Delayed 2 second(s)

2020-08-20 08:36:55 - [MESSAGE][PASSED] - Text 'Tin Test' is set on object 'Object Repository/Pro_Acc_UserSettings/Pro_Acc_Create Customer/input_Customer Name_txtCompanyName'

2020-08-20 08:36:55 - [MESSAGE][PASSED] - Object: 'Object Repository/Pro_Acc_UserSettings/Pro_Acc_Create Customer/Select Industry' is clicked on

2020-08-20 08:36:56 - [MESSAGE][PASSED] - All options with label 'Construction' are selected in object 'Object Repository/Pro_Acc_UserSettings/Pro_Acc_Create Customer/Select Industry'  using regular expression

2020-08-20 08:36:57 - [MESSAGE][PASSED] - Text 'TinTest' is set on object 'Object Repository/Pro_Acc_UserSettings/Pro_Acc_Create Customer/input_Contact Person Name'

2020-08-20 08:36:58 - [MESSAGE][PASSED] - Text 'Test@gmail.com' is set on object 'Object Repository/Pro_Acc_UserSettings/Pro_Acc_Create Customer/input_Contact Person Email'

2020-08-20 08:36:59 - [MESSAGE][PASSED] - Text '8994447890' is set on object 'Object Repository/Pro_Acc_UserSettings/Pro_Acc_Create Customer/input_Contact Person Phone'

2020-08-20 08:37:03 - [MESSAGE][PASSED] - Delayed 4 second(s)

2020-08-20 08:37:04 - [MESSAGE][PASSED] - Object: 'Object Repository/Pro_Acc_UserSettings/Pro_Acc_Create Customer/button_Create' is clicked on

2020-08-20 08:37:09 - [MESSAGE][PASSED] - Delayed 5 second(s)

2020-08-20 08:37:09 - [MESSAGE][PASSED] - Object: 'Object Repository/Pro_Acc_UserSettings/Pro_Acc_Create Customer/a_User Settings' is clicked on

2020-08-20 08:37:13 - [MESSAGE][PASSED] - Delayed 4 second(s)

2020-08-20 08:37:13 - [MESSAGE][PASSED] - Run with 'testRunner.CreateCustomer_Runner' was passed]]></system-out>
         <system-err><![CDATA[]]></system-err>
      </testcase>
      <testcase name="Test Cases/Tc_Admin/TC_ViewCustomer" time="16.067" classname="Test Cases/Tc_Admin/TC_ViewCustomer" status="PASSED">
         <system-out><![CDATA[2020-08-20 08:37:13 - [TEST_CASE][PASSED] - Test Cases/Tc_Admin/TC_ViewCustomer: Test Cases/Tc_Admin/TC_ViewCustomer

2020-08-20 08:37:13 - [TEST_STEP][PASSED] - runWithCucumberRunner(testRunner.ViewCustomer_Runner): Run with 'testRunner.ViewCustomer_Runner' was passed

2020-08-20 08:37:14 - [MESSAGE][PASSED] - Object: 'Object Repository/Pro_Acc_UserSettings/Pro_Acc_Create Customer/a_User Settings' is clicked on

2020-08-20 08:37:19 - [MESSAGE][PASSED] - Delayed 5 second(s)

2020-08-20 08:37:21 - [MESSAGE][PASSED] - Object: 'Object Repository/Pro_Acc_UserSettings/Pro_Acc_Customer List/a_Customer List' is clicked on

2020-08-20 08:37:22 - [MESSAGE][PASSED] - Text 'Tin Test' is set on object 'Object Repository/Pro_Acc_UserSettings/Pro_Acc_Customer List/Search'

2020-08-20 08:37:22 - [MESSAGE][PASSED] - Keys 'ENTER + ' sent to object: 'Object Repository/Pro_Acc_UserSettings/Pro_Acc_Customer List/Search'

2020-08-20 08:37:27 - [MESSAGE][PASSED] - Delayed 5 second(s)

2020-08-20 08:37:28 - [MESSAGE][PASSED] - Object: 'Object Repository/Pro_Acc_UserSettings/Pro_Acc_Create Customer/a_User Settings' is clicked on

2020-08-20 08:37:28 - [MESSAGE][WARNING] - Test object with id 'Object Repository/Pro_Acc_UserSettings/Pro_Acc_Create Customer/verify_customer' does not exist

2020-08-20 08:37:28 - [MESSAGE][WARNING] - Test object with id 'Object Repository/' does not exist

2020-08-20 08:37:28 - [MESSAGE][FAILED] - Unable to get text of object (Root cause: com.kms.katalon.core.exception.StepFailedException: Unable to get text of object
	at com.kms.katalon.core.webui.keyword.internal.WebUIKeywordMain.stepFailed(WebUIKeywordMain.groovy:64)
	at com.kms.katalon.core.webui.keyword.internal.WebUIKeywordMain.runKeyword(WebUIKeywordMain.groovy:26)
	at com.kms.katalon.core.webui.keyword.builtin.GetTextKeyword.getText(GetTextKeyword.groovy:88)
	at com.kms.katalon.core.webui.keyword.builtin.GetTextKeyword.execute(GetTextKeyword.groovy:67)
	at com.kms.katalon.core.keyword.internal.KeywordExecutor.executeKeywordForPlatform(KeywordExecutor.groovy:73)
	at com.kms.katalon.core.webui.keyword.WebUiBuiltInKeywords.getText(WebUiBuiltInKeywords.groovy:914)
	at com.kms.katalon.core.webui.keyword.WebUiBuiltInKeywords$getText$7.call(Unknown Source)
	at proAcc_Stepdef.ViewCustomer_StepDef.user_can_see_the_created_customer_in_the_list(ViewCustomer_StepDef.groovy:129)
	at cucumber.runtime.Utils$1.call(Utils.java:26)
	at cucumber.runtime.Timeout.timeout(Timeout.java:16)
	at cucumber.runtime.Utils.invoke(Utils.java:20)
	at cucumber.runtime.java.JavaStepDefinition.execute(JavaStepDefinition.java:48)
	at cucumber.runtime.PickleStepDefinitionMatch.runStep(PickleStepDefinitionMatch.java:50)
	at cucumber.runner.TestStep.executeStep(TestStep.java:55)
	at cucumber.runner.TestStep.run(TestStep.java:42)
	at cucumber.runner.PickleStepTestStep.run(PickleStepTestStep.java:53)
	at cucumber.runner.TestCase.run(TestCase.java:47)
	at cucumber.runner.Runner.runPickle(Runner.java:44)
	at cucumber.runtime.junit.PickleRunners$NoStepDescriptions.run(PickleRunners.java:140)
	at cucumber.runtime.junit.FeatureRunner.runChild(FeatureRunner.java:68)
	at cucumber.runtime.junit.FeatureRunner.runChild(FeatureRunner.java:23)
	at org.junit.runners.ParentRunner$3.run(ParentRunner.java:290)
	at org.junit.runners.ParentRunner$1.schedule(ParentRunner.java:71)
	at org.junit.runners.ParentRunner.runChildren(ParentRunner.java:288)
	at org.junit.runners.ParentRunner.access$000(ParentRunner.java:58)
	at org.junit.runners.ParentRunner$2.evaluate(ParentRunner.java:268)
	at org.junit.runners.ParentRunner.run(ParentRunner.java:363)
	at cucumber.runtime.junit.FeatureRunner.run(FeatureRunner.java:73)
	at cucumber.api.junit.Cucumber.runChild(Cucumber.java:98)
	at cucumber.api.junit.Cucumber.runChild(Cucumber.java:55)
	at org.junit.runners.ParentRunner$3.run(ParentRunner.java:290)
	at org.junit.runners.ParentRunner$1.schedule(ParentRunner.java:71)
	at org.junit.runners.ParentRunner.runChildren(ParentRunner.java:288)
	at org.junit.runners.ParentRunner.access$000(ParentRunner.java:58)
	at org.junit.runners.ParentRunner$2.evaluate(ParentRunner.java:268)
	at cucumber.api.junit.Cucumber$1.evaluate(Cucumber.java:107)
	at org.junit.runners.ParentRunner.run(ParentRunner.java:363)
	at org.junit.runners.Suite.runChild(Suite.java:128)
	at org.junit.runners.Suite.runChild(Suite.java:27)
	at org.junit.runners.ParentRunner$3.run(ParentRunner.java:290)
	at org.junit.runners.ParentRunner$1.schedule(ParentRunner.java:71)
	at org.junit.runners.ParentRunner.runChildren(ParentRunner.java:288)
	at org.junit.runners.ParentRunner.access$000(ParentRunner.java:58)
	at org.junit.runners.ParentRunner$2.evaluate(ParentRunner.java:268)
	at org.junit.runners.ParentRunner.run(ParentRunner.java:363)
	at org.junit.runner.JUnitCore.run(JUnitCore.java:137)
	at org.junit.runner.JUnitCore.run(JUnitCore.java:115)
	at org.junit.runner.JUnitCore.run(JUnitCore.java:105)
	at com.kms.katalon.core.cucumber.keyword.CucumberBuiltinKeywords$_runWithCucumberRunner_closure5.doCall(CucumberBuiltinKeywords.groovy:430)
	at com.kms.katalon.core.cucumber.keyword.CucumberBuiltinKeywords$_runWithCucumberRunner_closure5.doCall(CucumberBuiltinKeywords.groovy)
	at com.kms.katalon.core.keyword.internal.KeywordMain.runKeyword(KeywordMain.groovy:68)
	at com.kms.katalon.core.keyword.internal.KeywordMain$runKeyword.call(Unknown Source)
	at com.kms.katalon.core.cucumber.keyword.CucumberBuiltinKeywords.runWithCucumberRunner(CucumberBuiltinKeywords.groovy:427)
	at com.kms.katalon.core.cucumber.keyword.CucumberBuiltinKeywords$runWithCucumberRunner$0.callStatic(Unknown Source)
	at com.kms.katalon.core.cucumber.keyword.CucumberBuiltinKeywords.runWithCucumberRunner(CucumberBuiltinKeywords.groovy:527)
	at com.kms.katalon.core.cucumber.keyword.CucumberBuiltinKeywords$runWithCucumberRunner.call(Unknown Source)
	at TC_ViewCustomer.run(TC_ViewCustomer:20)
	at com.kms.katalon.core.main.ScriptEngine.run(ScriptEngine.java:194)
	at com.kms.katalon.core.main.ScriptEngine.runScriptAsRawText(ScriptEngine.java:119)
	at com.kms.katalon.core.main.TestCaseExecutor.runScript(TestCaseExecutor.java:339)
	at com.kms.katalon.core.main.TestCaseExecutor.doExecute(TestCaseExecutor.java:330)
	at com.kms.katalon.core.main.TestCaseExecutor.processExecutionPhase(TestCaseExecutor.java:309)
	at com.kms.katalon.core.main.TestCaseExecutor.accessMainPhase(TestCaseExecutor.java:301)
	at com.kms.katalon.core.main.TestCaseExecutor.execute(TestCaseExecutor.java:235)
	at com.kms.katalon.core.main.TestSuiteExecutor.accessTestCaseMainPhase(TestSuiteExecutor.java:191)
	at com.kms.katalon.core.main.TestSuiteExecutor.accessTestSuiteMainPhase(TestSuiteExecutor.java:141)
	at com.kms.katalon.core.main.TestSuiteExecutor.execute(TestSuiteExecutor.java:90)
	at com.kms.katalon.core.main.TestCaseMain.startTestSuite(TestCaseMain.java:157)
	at com.kms.katalon.core.main.TestCaseMain$startTestSuite$0.call(Unknown Source)
	at TempTestSuite1597892737885.run(TempTestSuite1597892737885.groovy:39)
Caused by: java.lang.IllegalArgumentException: Object is null
	at com.kms.katalon.core.helper.KeywordHelper.checkTestObjectParameter(KeywordHelper.java:33)
	at com.kms.katalon.core.webui.keyword.builtin.GetTextKeyword$_getText_closure1.doCall(GetTextKeyword.groovy:76)
	at com.kms.katalon.core.webui.keyword.builtin.GetTextKeyword$_getText_closure1.call(GetTextKeyword.groovy)
	at com.kms.katalon.core.webui.keyword.internal.WebUIKeywordMain.runKeyword(WebUIKeywordMain.groovy:20)
	at com.kms.katalon.core.webui.keyword.builtin.GetTextKeyword.getText(GetTextKeyword.groovy:88)
	at com.kms.katalon.core.webui.keyword.builtin.GetTextKeyword.execute(GetTextKeyword.groovy:67)
	at com.kms.katalon.core.keyword.internal.KeywordExecutor.executeKeywordForPlatform(KeywordExecutor.groovy:73)
	at com.kms.katalon.core.webui.keyword.WebUiBuiltInKeywords.getText(WebUiBuiltInKeywords.groovy:914)
	at com.kms.katalon.core.webui.keyword.WebUiBuiltInKeywords$getText$7.call(Unknown Source)
	at proAcc_Stepdef.ViewCustomer_StepDef.user_can_see_the_created_customer_in_the_list(ViewCustomer_StepDef.groovy:129)
	at cucumber.runtime.Utils$1.call(Utils.java:26)
	at cucumber.runtime.Timeout.timeout(Timeout.java:16)
	at cucumber.runtime.Utils.invoke(Utils.java:20)
	at cucumber.runtime.java.JavaStepDefinition.execute(JavaStepDefinition.java:48)
	at cucumber.runtime.PickleStepDefinitionMatch.runStep(PickleStepDefinitionMatch.java:50)
	at cucumber.runner.TestStep.executeStep(TestStep.java:55)
	at cucumber.runner.TestStep.run(TestStep.java:42)
	at cucumber.runner.PickleStepTestStep.run(PickleStepTestStep.java:53)
	at cucumber.runner.TestCase.run(TestCase.java:47)
	at cucumber.runner.Runner.runPickle(Runner.java:44)
	at cucumber.runtime.junit.PickleRunners$NoStepDescriptions.run(PickleRunners.java:140)
	at cucumber.runtime.junit.FeatureRunner.runChild(FeatureRunner.java:68)
	at cucumber.runtime.junit.FeatureRunner.runChild(FeatureRunner.java:23)
	at org.junit.runners.ParentRunner$3.run(ParentRunner.java:290)
	at org.junit.runners.ParentRunner$1.schedule(ParentRunner.java:71)
	at org.junit.runners.ParentRunner.runChildren(ParentRunner.java:288)
	at org.junit.runners.ParentRunner.access$000(ParentRunner.java:58)
	at org.junit.runners.ParentRunner$2.evaluate(ParentRunner.java:268)
	at org.junit.runners.ParentRunner.run(ParentRunner.java:363)
	at cucumber.runtime.junit.FeatureRunner.run(FeatureRunner.java:73)
	at cucumber.api.junit.Cucumber.runChild(Cucumber.java:98)
	at cucumber.api.junit.Cucumber.runChild(Cucumber.java:55)
	at org.junit.runners.ParentRunner$3.run(ParentRunner.java:290)
	at org.junit.runners.ParentRunner$1.schedule(ParentRunner.java:71)
	at org.junit.runners.ParentRunner.runChildren(ParentRunner.java:288)
	at org.junit.runners.ParentRunner.access$000(ParentRunner.java:58)
	at org.junit.runners.ParentRunner$2.evaluate(ParentRunner.java:268)
	at cucumber.api.junit.Cucumber$1.evaluate(Cucumber.java:107)
	at org.junit.runners.ParentRunner.run(ParentRunner.java:363)
	at org.junit.runners.Suite.runChild(Suite.java:128)
	at org.junit.runners.Suite.runChild(Suite.java:27)
	at org.junit.runners.ParentRunner$3.run(ParentRunner.java:290)
	at org.junit.runners.ParentRunner$1.schedule(ParentRunner.java:71)
	at org.junit.runners.ParentRunner.runChildren(ParentRunner.java:288)
	at org.junit.runners.ParentRunner.access$000(ParentRunner.java:58)
	at org.junit.runners.ParentRunner$2.evaluate(ParentRunner.java:268)
	at org.junit.runners.ParentRunner.run(ParentRunner.java:363)
	at org.junit.runner.JUnitCore.run(JUnitCore.java:137)
	at org.junit.runner.JUnitCore.run(JUnitCore.java:115)
	at org.junit.runner.JUnitCore.run(JUnitCore.java:105)
	at com.kms.katalon.core.cucumber.keyword.CucumberBuiltinKeywords$_runWithCucumberRunner_closure5.doCall(CucumberBuiltinKeywords.groovy:430)
	at com.kms.katalon.core.cucumber.keyword.CucumberBuiltinKeywords$_runWithCucumberRunner_closure5.doCall(CucumberBuiltinKeywords.groovy)
	at com.kms.katalon.core.keyword.internal.KeywordMain.runKeyword(KeywordMain.groovy:68)
	at com.kms.katalon.core.keyword.internal.KeywordMain$runKeyword.call(Unknown Source)
	at com.kms.katalon.core.cucumber.keyword.CucumberBuiltinKeywords.runWithCucumberRunner(CucumberBuiltinKeywords.groovy:427)
	at com.kms.katalon.core.cucumber.keyword.CucumberBuiltinKeywords$runWithCucumberRunner$0.callStatic(Unknown Source)
	at com.kms.katalon.core.cucumber.keyword.CucumberBuiltinKeywords.runWithCucumberRunner(CucumberBuiltinKeywords.groovy:527)
	at com.kms.katalon.core.cucumber.keyword.CucumberBuiltinKeywords$runWithCucumberRunner.call(Unknown Source)
	at Script1589439421355.run(Script1589439421355.groovy:20)
	... 13 more
)
[[ATTACHMENT|C:\\Users\\Group10\\Desktop\\New folder (2)\\ProAcc_Automation_Latest\\ProAcc_Automation_Latest\\Reports\\20200820_083537\\ProAcc_Suite\\20200820_083537\\1597892848154.png]]

2020-08-20 08:37:29 - [MESSAGE][PASSED] - Taking screenshot successfully
[[ATTACHMENT|C:\\Users\\Group10\\Desktop\\New folder (2)\\ProAcc_Automation_Latest\\ProAcc_Automation_Latest\\screenshots\\Thu_Aug_20_08_37_28_IST_2020.png]]

2020-08-20 08:37:29 - [MESSAGE][PASSED] - Run with 'testRunner.ViewCustomer_Runner' was passed]]></system-out>
         <system-err><![CDATA[]]></system-err>
      </testcase>
      <testcase name="Test Cases/Tc_Admin/TC_CreateUser" time="210.391" classname="Test Cases/Tc_Admin/TC_CreateUser" status="PASSED">
         <system-out><![CDATA[2020-08-20 08:37:29 - [TEST_CASE][PASSED] - Test Cases/Tc_Admin/TC_CreateUser: Test Cases/Tc_Admin/TC_CreateUser

2020-08-20 08:37:30 - [TEST_STEP][PASSED] - runWithCucumberRunner(testRunner.CreateUser_Runner): Run with 'testRunner.CreateUser_Runner' was passed

2020-08-20 08:37:35 - [MESSAGE][PASSED] - Delayed 5 second(s)

2020-08-20 08:37:36 - [MESSAGE][PASSED] - Object: 'Object Repository/Pro_Acc_UserSettings/Pro_Acc_Create Customer/a_User Settings' is clicked on

2020-08-20 08:37:49 - [MESSAGE][PASSED] - Delayed 13 second(s)

2020-08-20 08:37:51 - [MESSAGE][PASSED] - Object: 'Object Repository/Pro_Acc_UserSettings/Pro_Acc_Create User/b_Create New User' is clicked on

2020-08-20 08:37:54 - [MESSAGE][PASSED] - Delayed 3 second(s)

2020-08-20 08:37:55 - [MESSAGE][PASSED] - Text 'Tin_Admin' is set on object 'Object Repository/Pro_Acc_UserSettings/Pro_Acc_Create User/input_Name'

2020-08-20 08:37:56 - [MESSAGE][PASSED] - Text 'Tin_Admin' is set on object 'Object Repository/Pro_Acc_UserSettings/Pro_Acc_Create User/input_LoginId'

2020-08-20 08:37:56 - [MESSAGE][PASSED] - Text 'a12345@' is set on object 'Object Repository/Pro_Acc_UserSettings/Pro_Acc_Create User/input_Password'

2020-08-20 08:37:59 - [MESSAGE][PASSED] - Delayed 3 second(s)

2020-08-20 08:38:00 - [MESSAGE][PASSED] - Text 'a12345@' is set on object 'Object Repository/Pro_Acc_UserSettings/Pro_Acc_Create User/input_CnfmPassword'

2020-08-20 08:38:03 - [MESSAGE][PASSED] - Delayed 3 second(s)

2020-08-20 08:38:04 - [MESSAGE][PASSED] - Text 'Test@Promantus.com' is set on object 'Object Repository/Pro_Acc_UserSettings/Pro_Acc_Create User/input_Email'

2020-08-20 08:38:07 - [MESSAGE][PASSED] - Delayed 3 second(s)

2020-08-20 08:38:07 - [MESSAGE][PASSED] - Text '8976543210' is set on object 'Object Repository/Pro_Acc_UserSettings/Pro_Acc_Create User/input_Phone'

2020-08-20 08:38:10 - [MESSAGE][PASSED] - Delayed 3 second(s)

2020-08-20 08:38:11 - [MESSAGE][PASSED] - Object: 'Object Repository/Pro_Acc_UserSettings/Pro_Acc_Create User/select_SelectUserType' is clicked on

2020-08-20 08:38:12 - [MESSAGE][PASSED] - All options with label 'Admin' are selected in object 'Object Repository/Pro_Acc_UserSettings/Pro_Acc_Create User/select_SelectUserType'  using regular expression

2020-08-20 08:38:15 - [MESSAGE][PASSED] - Delayed 3 second(s)

2020-08-20 08:38:18 - [MESSAGE][PASSED] - Delayed 3 second(s)

2020-08-20 08:38:19 - [MESSAGE][PASSED] - Object: 'Object Repository/Pro_Acc_UserSettings/Pro_Acc_Create User/btn_CreateUser' is clicked on

2020-08-20 08:38:21 - [MESSAGE][PASSED] - Object: 'Object Repository/Pro_Acc_UserSettings/Pro_Acc_Create Customer/a_User Settings' is clicked on

2020-08-20 08:38:26 - [MESSAGE][PASSED] - Delayed 5 second(s)

2020-08-20 08:38:26 - [MESSAGE][PASSED] - Object: 'Object Repository/Pro_Acc_UserSettings/Pro_Acc_Create Customer/a_User Settings' is clicked on

2020-08-20 08:38:39 - [MESSAGE][PASSED] - Delayed 13 second(s)

2020-08-20 08:38:42 - [MESSAGE][PASSED] - Object: 'Object Repository/Pro_Acc_UserSettings/Pro_Acc_Create User/b_Create New User' is clicked on

2020-08-20 08:38:45 - [MESSAGE][PASSED] - Delayed 3 second(s)

2020-08-20 08:38:46 - [MESSAGE][PASSED] - Text 'Tin_PM' is set on object 'Object Repository/Pro_Acc_UserSettings/Pro_Acc_Create User/input_Name'

2020-08-20 08:38:47 - [MESSAGE][PASSED] - Text 'Tin_PM' is set on object 'Object Repository/Pro_Acc_UserSettings/Pro_Acc_Create User/input_LoginId'

2020-08-20 08:38:47 - [MESSAGE][PASSED] - Text 'a12345@' is set on object 'Object Repository/Pro_Acc_UserSettings/Pro_Acc_Create User/input_Password'

2020-08-20 08:38:50 - [MESSAGE][PASSED] - Delayed 3 second(s)

2020-08-20 08:38:51 - [MESSAGE][PASSED] - Text 'a12345@' is set on object 'Object Repository/Pro_Acc_UserSettings/Pro_Acc_Create User/input_CnfmPassword'

2020-08-20 08:38:54 - [MESSAGE][PASSED] - Delayed 3 second(s)

2020-08-20 08:38:55 - [MESSAGE][PASSED] - Text 'Test@Promantus.com' is set on object 'Object Repository/Pro_Acc_UserSettings/Pro_Acc_Create User/input_Email'

2020-08-20 08:38:58 - [MESSAGE][PASSED] - Delayed 3 second(s)

2020-08-20 08:38:59 - [MESSAGE][PASSED] - Text '8976543210' is set on object 'Object Repository/Pro_Acc_UserSettings/Pro_Acc_Create User/input_Phone'

2020-08-20 08:39:02 - [MESSAGE][PASSED] - Delayed 3 second(s)

2020-08-20 08:39:02 - [MESSAGE][PASSED] - Object: 'Object Repository/Pro_Acc_UserSettings/Pro_Acc_Create User/select_SelectUserType' is clicked on

2020-08-20 08:39:03 - [MESSAGE][PASSED] - All options with label 'Project Manager' are selected in object 'Object Repository/Pro_Acc_UserSettings/Pro_Acc_Create User/select_SelectUserType'  using regular expression

2020-08-20 08:39:06 - [MESSAGE][PASSED] - Delayed 3 second(s)

2020-08-20 08:39:09 - [MESSAGE][PASSED] - Delayed 3 second(s)

2020-08-20 08:39:10 - [MESSAGE][PASSED] - Object: 'Object Repository/Pro_Acc_UserSettings/Pro_Acc_Create User/btn_CreateUser' is clicked on

2020-08-20 08:39:13 - [MESSAGE][PASSED] - Object: 'Object Repository/Pro_Acc_UserSettings/Pro_Acc_Create Customer/a_User Settings' is clicked on

2020-08-20 08:39:18 - [MESSAGE][PASSED] - Delayed 5 second(s)

2020-08-20 08:39:18 - [MESSAGE][PASSED] - Object: 'Object Repository/Pro_Acc_UserSettings/Pro_Acc_Create Customer/a_User Settings' is clicked on

2020-08-20 08:39:31 - [MESSAGE][PASSED] - Delayed 13 second(s)

2020-08-20 08:39:34 - [MESSAGE][PASSED] - Object: 'Object Repository/Pro_Acc_UserSettings/Pro_Acc_Create User/b_Create New User' is clicked on

2020-08-20 08:39:37 - [MESSAGE][PASSED] - Delayed 3 second(s)

2020-08-20 08:39:37 - [MESSAGE][PASSED] - Text 'Tin_Consultant' is set on object 'Object Repository/Pro_Acc_UserSettings/Pro_Acc_Create User/input_Name'

2020-08-20 08:39:38 - [MESSAGE][PASSED] - Text 'Tin_Consultant' is set on object 'Object Repository/Pro_Acc_UserSettings/Pro_Acc_Create User/input_LoginId'

2020-08-20 08:39:39 - [MESSAGE][PASSED] - Text 'a12345@' is set on object 'Object Repository/Pro_Acc_UserSettings/Pro_Acc_Create User/input_Password'

2020-08-20 08:39:42 - [MESSAGE][PASSED] - Delayed 3 second(s)

2020-08-20 08:39:42 - [MESSAGE][PASSED] - Text 'a12345@' is set on object 'Object Repository/Pro_Acc_UserSettings/Pro_Acc_Create User/input_CnfmPassword'

2020-08-20 08:39:45 - [MESSAGE][PASSED] - Delayed 3 second(s)

2020-08-20 08:39:46 - [MESSAGE][PASSED] - Text 'Test@Promantus.com' is set on object 'Object Repository/Pro_Acc_UserSettings/Pro_Acc_Create User/input_Email'

2020-08-20 08:39:49 - [MESSAGE][PASSED] - Delayed 3 second(s)

2020-08-20 08:39:50 - [MESSAGE][PASSED] - Text '8976543210' is set on object 'Object Repository/Pro_Acc_UserSettings/Pro_Acc_Create User/input_Phone'

2020-08-20 08:39:53 - [MESSAGE][PASSED] - Delayed 3 second(s)

2020-08-20 08:39:53 - [MESSAGE][PASSED] - Object: 'Object Repository/Pro_Acc_UserSettings/Pro_Acc_Create User/select_SelectUserType' is clicked on

2020-08-20 08:39:54 - [MESSAGE][PASSED] - All options with label 'Consultant' are selected in object 'Object Repository/Pro_Acc_UserSettings/Pro_Acc_Create User/select_SelectUserType'  using regular expression

2020-08-20 08:39:57 - [MESSAGE][PASSED] - Delayed 3 second(s)

2020-08-20 08:39:58 - [MESSAGE][PASSED] - Object: 'Object Repository/Pro_Acc_UserSettings/Pro_Acc_Create User/select_SelectRole' is clicked on

2020-08-20 08:39:59 - [MESSAGE][PASSED] - All options with label 'Functional' are selected in object 'Object Repository/Pro_Acc_UserSettings/Pro_Acc_Create User/select_SelectRole'  using regular expression

2020-08-20 08:40:02 - [MESSAGE][PASSED] - Delayed 3 second(s)

2020-08-20 08:40:03 - [MESSAGE][PASSED] - Object: 'Object Repository/Pro_Acc_UserSettings/Pro_Acc_Create User/btn_CreateUser' is clicked on

2020-08-20 08:40:05 - [MESSAGE][PASSED] - Object: 'Object Repository/Pro_Acc_UserSettings/Pro_Acc_Create Customer/a_User Settings' is clicked on

2020-08-20 08:40:10 - [MESSAGE][PASSED] - Delayed 5 second(s)

2020-08-20 08:40:11 - [MESSAGE][PASSED] - Object: 'Object Repository/Pro_Acc_UserSettings/Pro_Acc_Create Customer/a_User Settings' is clicked on

2020-08-20 08:40:24 - [MESSAGE][PASSED] - Delayed 13 second(s)

2020-08-20 08:40:27 - [MESSAGE][PASSED] - Object: 'Object Repository/Pro_Acc_UserSettings/Pro_Acc_Create User/b_Create New User' is clicked on

2020-08-20 08:40:30 - [MESSAGE][PASSED] - Delayed 3 second(s)

2020-08-20 08:40:30 - [MESSAGE][PASSED] - Text 'Tin_Customer' is set on object 'Object Repository/Pro_Acc_UserSettings/Pro_Acc_Create User/input_Name'

2020-08-20 08:40:31 - [MESSAGE][PASSED] - Text 'Tin_Customer' is set on object 'Object Repository/Pro_Acc_UserSettings/Pro_Acc_Create User/input_LoginId'

2020-08-20 08:40:32 - [MESSAGE][PASSED] - Text 'a12345@' is set on object 'Object Repository/Pro_Acc_UserSettings/Pro_Acc_Create User/input_Password'

2020-08-20 08:40:35 - [MESSAGE][PASSED] - Delayed 3 second(s)

2020-08-20 08:40:35 - [MESSAGE][PASSED] - Text 'a12345@' is set on object 'Object Repository/Pro_Acc_UserSettings/Pro_Acc_Create User/input_CnfmPassword'

2020-08-20 08:40:38 - [MESSAGE][PASSED] - Delayed 3 second(s)

2020-08-20 08:40:39 - [MESSAGE][PASSED] - Text 'Test@Promantus.com' is set on object 'Object Repository/Pro_Acc_UserSettings/Pro_Acc_Create User/input_Email'

2020-08-20 08:40:42 - [MESSAGE][PASSED] - Delayed 3 second(s)

2020-08-20 08:40:43 - [MESSAGE][PASSED] - Text '8976543210' is set on object 'Object Repository/Pro_Acc_UserSettings/Pro_Acc_Create User/input_Phone'

2020-08-20 08:40:46 - [MESSAGE][PASSED] - Delayed 3 second(s)

2020-08-20 08:40:46 - [MESSAGE][PASSED] - Object: 'Object Repository/Pro_Acc_UserSettings/Pro_Acc_Create User/select_SelectUserType' is clicked on

2020-08-20 08:40:47 - [MESSAGE][PASSED] - All options with label 'Customer' are selected in object 'Object Repository/Pro_Acc_UserSettings/Pro_Acc_Create User/select_SelectUserType'  using regular expression

2020-08-20 08:40:50 - [MESSAGE][PASSED] - Delayed 3 second(s)

2020-08-20 08:40:51 - [MESSAGE][PASSED] - Object: 'Object Repository/Pro_Acc_UserSettings/Pro_Acc_Create User/select_SelectRole' is clicked on

2020-08-20 08:40:52 - [MESSAGE][PASSED] - All options with label 'Functional' are selected in object 'Object Repository/Pro_Acc_UserSettings/Pro_Acc_Create User/select_SelectRole'  using regular expression

2020-08-20 08:40:52 - [MESSAGE][PASSED] - Object: 'Object Repository/Pro_Acc_UserSettings/Pro_Acc_Create User/select_Customer' is clicked on

2020-08-20 08:40:53 - [MESSAGE][PASSED] - All options with label 'Tin Test' are selected in object 'Object Repository/Pro_Acc_UserSettings/Pro_Acc_Create User/select_Customer'  using regular expression

2020-08-20 08:40:56 - [MESSAGE][PASSED] - Delayed 3 second(s)

2020-08-20 08:40:57 - [MESSAGE][PASSED] - Object: 'Object Repository/Pro_Acc_UserSettings/Pro_Acc_Create User/btn_CreateUser' is clicked on

2020-08-20 08:41:00 - [MESSAGE][PASSED] - Object: 'Object Repository/Pro_Acc_UserSettings/Pro_Acc_Create Customer/a_User Settings' is clicked on

2020-08-20 08:41:00 - [MESSAGE][PASSED] - Run with 'testRunner.CreateUser_Runner' was passed]]></system-out>
         <system-err><![CDATA[]]></system-err>
      </testcase>
      <testcase name="Test Cases/Tc_Admin/TC_CreateProject" time="24.811" classname="Test Cases/Tc_Admin/TC_CreateProject" status="PASSED">
         <system-out><![CDATA[2020-08-20 08:41:00 - [TEST_CASE][PASSED] - Test Cases/Tc_Admin/TC_CreateProject: Test Cases/Tc_Admin/TC_CreateProject

2020-08-20 08:41:00 - [TEST_STEP][PASSED] - runWithCucumberRunner(testRunner.CreateProject_Runner): Run with 'testRunner.CreateProject_Runner' was passed

2020-08-20 08:41:06 - [MESSAGE][PASSED] - Delayed 5 second(s)

2020-08-20 08:41:06 - [MESSAGE][PASSED] - Object: 'Object Repository/Pro_Acc_Configuration/Pro_Acc_CreateProject/a_Configuration' is clicked on

2020-08-20 08:41:07 - [MESSAGE][PASSED] - Object: 'Object Repository/Pro_Acc_Configuration/Pro_Acc_CreateProject/a_ProjectCreation' is clicked on

2020-08-20 08:41:09 - [MESSAGE][PASSED] - Text 'Tin Pilot Phase Test' is set on object 'Object Repository/Pro_Acc_Configuration/Pro_Acc_CreateProject/input_ProjectName'

2020-08-20 08:41:10 - [MESSAGE][PASSED] - Text 'Pro acc Inprogress' is set on object 'Object Repository/Pro_Acc_Configuration/Pro_Acc_CreateProject/input_Description'

2020-08-20 08:41:10 - [MESSAGE][PASSED] - Object: 'Object Repository/Pro_Acc_Configuration/Pro_Acc_CreateProject/select_Customer' is clicked on

2020-08-20 08:41:11 - [MESSAGE][PASSED] - All options with label 'Tin Test' are selected in object 'Object Repository/Pro_Acc_Configuration/Pro_Acc_CreateProject/select_Customer'  using regular expression

2020-08-20 08:41:11 - [MESSAGE][PASSED] - Object: 'Object Repository/Pro_Acc_Configuration/Pro_Acc_CreateProject/select_SelectPjctManager' is clicked on

2020-08-20 08:41:12 - [MESSAGE][PASSED] - All options with label 'Tin_PM' are selected in object 'Object Repository/Pro_Acc_Configuration/Pro_Acc_CreateProject/select_SelectPjctManager'  using regular expression

2020-08-20 08:41:13 - [MESSAGE][PASSED] - Object: 'Object Repository/Pro_Acc_Configuration/Pro_Acc_CreateProject/select_Scenario' is clicked on

2020-08-20 08:41:14 - [MESSAGE][PASSED] - All options with label 'MERGE' are selected in object 'Object Repository/Pro_Acc_Configuration/Pro_Acc_CreateProject/select_Scenario'  using regular expression

2020-08-20 08:41:17 - [MESSAGE][PASSED] - Delayed 3 second(s)

2020-08-20 08:41:17 - [MESSAGE][PASSED] - Object: 'Object Repository/Pro_Acc_Configuration/Pro_Acc_CreateProject/btn_projectcreate' is clicked on

2020-08-20 08:41:19 - [MESSAGE][PASSED] - Delayed 2 second(s)

2020-08-20 08:41:22 - [MESSAGE][PASSED] - Delayed 3 second(s)

2020-08-20 08:41:23 - [MESSAGE][PASSED] - Text 'Tin Pilot Phase Test' is set on object 'Object Repository/Pro_Acc_Configuration/Pro_Acc_CreateProject/input_SearchProject'

2020-08-20 08:41:23 - [MESSAGE][WARNING] - Test object with id 'Object Repository/Pro_Acc_UserSettings/Pro_Acc_Create Customer/verify_customer' does not exist

2020-08-20 08:41:23 - [MESSAGE][WARNING] - Test object with id 'Object Repository/' does not exist

2020-08-20 08:41:23 - [MESSAGE][FAILED] - Unable to get text of object (Root cause: com.kms.katalon.core.exception.StepFailedException: Unable to get text of object
	at com.kms.katalon.core.webui.keyword.internal.WebUIKeywordMain.stepFailed(WebUIKeywordMain.groovy:64)
	at com.kms.katalon.core.webui.keyword.internal.WebUIKeywordMain.runKeyword(WebUIKeywordMain.groovy:26)
	at com.kms.katalon.core.webui.keyword.builtin.GetTextKeyword.getText(GetTextKeyword.groovy:88)
	at com.kms.katalon.core.webui.keyword.builtin.GetTextKeyword.execute(GetTextKeyword.groovy:67)
	at com.kms.katalon.core.keyword.internal.KeywordExecutor.executeKeywordForPlatform(KeywordExecutor.groovy:73)
	at com.kms.katalon.core.webui.keyword.WebUiBuiltInKeywords.getText(WebUiBuiltInKeywords.groovy:914)
	at com.kms.katalon.core.webui.keyword.WebUiBuiltInKeywords$getText$7.call(Unknown Source)
	at Addprojecttocustomer.user_can_serach_for_project(CreateProject_StepDef.groovy:201)
	at cucumber.runtime.Utils$1.call(Utils.java:26)
	at cucumber.runtime.Timeout.timeout(Timeout.java:16)
	at cucumber.runtime.Utils.invoke(Utils.java:20)
	at cucumber.runtime.java.JavaStepDefinition.execute(JavaStepDefinition.java:48)
	at cucumber.runtime.PickleStepDefinitionMatch.runStep(PickleStepDefinitionMatch.java:50)
	at cucumber.runner.TestStep.executeStep(TestStep.java:55)
	at cucumber.runner.TestStep.run(TestStep.java:42)
	at cucumber.runner.PickleStepTestStep.run(PickleStepTestStep.java:53)
	at cucumber.runner.TestCase.run(TestCase.java:47)
	at cucumber.runner.Runner.runPickle(Runner.java:44)
	at cucumber.runtime.junit.PickleRunners$NoStepDescriptions.run(PickleRunners.java:140)
	at cucumber.runtime.junit.FeatureRunner.runChild(FeatureRunner.java:68)
	at cucumber.runtime.junit.FeatureRunner.runChild(FeatureRunner.java:23)
	at org.junit.runners.ParentRunner$3.run(ParentRunner.java:290)
	at org.junit.runners.ParentRunner$1.schedule(ParentRunner.java:71)
	at org.junit.runners.ParentRunner.runChildren(ParentRunner.java:288)
	at org.junit.runners.ParentRunner.access$000(ParentRunner.java:58)
	at org.junit.runners.ParentRunner$2.evaluate(ParentRunner.java:268)
	at org.junit.runners.ParentRunner.run(ParentRunner.java:363)
	at cucumber.runtime.junit.FeatureRunner.run(FeatureRunner.java:73)
	at cucumber.api.junit.Cucumber.runChild(Cucumber.java:98)
	at cucumber.api.junit.Cucumber.runChild(Cucumber.java:55)
	at org.junit.runners.ParentRunner$3.run(ParentRunner.java:290)
	at org.junit.runners.ParentRunner$1.schedule(ParentRunner.java:71)
	at org.junit.runners.ParentRunner.runChildren(ParentRunner.java:288)
	at org.junit.runners.ParentRunner.access$000(ParentRunner.java:58)
	at org.junit.runners.ParentRunner$2.evaluate(ParentRunner.java:268)
	at cucumber.api.junit.Cucumber$1.evaluate(Cucumber.java:107)
	at org.junit.runners.ParentRunner.run(ParentRunner.java:363)
	at org.junit.runners.Suite.runChild(Suite.java:128)
	at org.junit.runners.Suite.runChild(Suite.java:27)
	at org.junit.runners.ParentRunner$3.run(ParentRunner.java:290)
	at org.junit.runners.ParentRunner$1.schedule(ParentRunner.java:71)
	at org.junit.runners.ParentRunner.runChildren(ParentRunner.java:288)
	at org.junit.runners.ParentRunner.access$000(ParentRunner.java:58)
	at org.junit.runners.ParentRunner$2.evaluate(ParentRunner.java:268)
	at org.junit.runners.ParentRunner.run(ParentRunner.java:363)
	at org.junit.runner.JUnitCore.run(JUnitCore.java:137)
	at org.junit.runner.JUnitCore.run(JUnitCore.java:115)
	at org.junit.runner.JUnitCore.run(JUnitCore.java:105)
	at com.kms.katalon.core.cucumber.keyword.CucumberBuiltinKeywords$_runWithCucumberRunner_closure5.doCall(CucumberBuiltinKeywords.groovy:430)
	at com.kms.katalon.core.cucumber.keyword.CucumberBuiltinKeywords$_runWithCucumberRunner_closure5.doCall(CucumberBuiltinKeywords.groovy)
	at com.kms.katalon.core.keyword.internal.KeywordMain.runKeyword(KeywordMain.groovy:68)
	at com.kms.katalon.core.keyword.internal.KeywordMain$runKeyword.call(Unknown Source)
	at com.kms.katalon.core.cucumber.keyword.CucumberBuiltinKeywords.runWithCucumberRunner(CucumberBuiltinKeywords.groovy:427)
	at com.kms.katalon.core.cucumber.keyword.CucumberBuiltinKeywords$runWithCucumberRunner$0.callStatic(Unknown Source)
	at com.kms.katalon.core.cucumber.keyword.CucumberBuiltinKeywords.runWithCucumberRunner(CucumberBuiltinKeywords.groovy:527)
	at com.kms.katalon.core.cucumber.keyword.CucumberBuiltinKeywords$runWithCucumberRunner.call(Unknown Source)
	at TC_CreateProject.run(TC_CreateProject:20)
	at com.kms.katalon.core.main.ScriptEngine.run(ScriptEngine.java:194)
	at com.kms.katalon.core.main.ScriptEngine.runScriptAsRawText(ScriptEngine.java:119)
	at com.kms.katalon.core.main.TestCaseExecutor.runScript(TestCaseExecutor.java:339)
	at com.kms.katalon.core.main.TestCaseExecutor.doExecute(TestCaseExecutor.java:330)
	at com.kms.katalon.core.main.TestCaseExecutor.processExecutionPhase(TestCaseExecutor.java:309)
	at com.kms.katalon.core.main.TestCaseExecutor.accessMainPhase(TestCaseExecutor.java:301)
	at com.kms.katalon.core.main.TestCaseExecutor.execute(TestCaseExecutor.java:235)
	at com.kms.katalon.core.main.TestSuiteExecutor.accessTestCaseMainPhase(TestSuiteExecutor.java:191)
	at com.kms.katalon.core.main.TestSuiteExecutor.accessTestSuiteMainPhase(TestSuiteExecutor.java:141)
	at com.kms.katalon.core.main.TestSuiteExecutor.execute(TestSuiteExecutor.java:90)
	at com.kms.katalon.core.main.TestCaseMain.startTestSuite(TestCaseMain.java:157)
	at com.kms.katalon.core.main.TestCaseMain$startTestSuite$0.call(Unknown Source)
	at TempTestSuite1597892737885.run(TempTestSuite1597892737885.groovy:39)
Caused by: java.lang.IllegalArgumentException: Object is null
	at com.kms.katalon.core.helper.KeywordHelper.checkTestObjectParameter(KeywordHelper.java:33)
	at com.kms.katalon.core.webui.keyword.builtin.GetTextKeyword$_getText_closure1.doCall(GetTextKeyword.groovy:76)
	at com.kms.katalon.core.webui.keyword.builtin.GetTextKeyword$_getText_closure1.call(GetTextKeyword.groovy)
	at com.kms.katalon.core.webui.keyword.internal.WebUIKeywordMain.runKeyword(WebUIKeywordMain.groovy:20)
	at com.kms.katalon.core.webui.keyword.builtin.GetTextKeyword.getText(GetTextKeyword.groovy:88)
	at com.kms.katalon.core.webui.keyword.builtin.GetTextKeyword.execute(GetTextKeyword.groovy:67)
	at com.kms.katalon.core.keyword.internal.KeywordExecutor.executeKeywordForPlatform(KeywordExecutor.groovy:73)
	at com.kms.katalon.core.webui.keyword.WebUiBuiltInKeywords.getText(WebUiBuiltInKeywords.groovy:914)
	at com.kms.katalon.core.webui.keyword.WebUiBuiltInKeywords$getText$7.call(Unknown Source)
	at Addprojecttocustomer.user_can_serach_for_project(CreateProject_StepDef.groovy:201)
	at cucumber.runtime.Utils$1.call(Utils.java:26)
	at cucumber.runtime.Timeout.timeout(Timeout.java:16)
	at cucumber.runtime.Utils.invoke(Utils.java:20)
	at cucumber.runtime.java.JavaStepDefinition.execute(JavaStepDefinition.java:48)
	at cucumber.runtime.PickleStepDefinitionMatch.runStep(PickleStepDefinitionMatch.java:50)
	at cucumber.runner.TestStep.executeStep(TestStep.java:55)
	at cucumber.runner.TestStep.run(TestStep.java:42)
	at cucumber.runner.PickleStepTestStep.run(PickleStepTestStep.java:53)
	at cucumber.runner.TestCase.run(TestCase.java:47)
	at cucumber.runner.Runner.runPickle(Runner.java:44)
	at cucumber.runtime.junit.PickleRunners$NoStepDescriptions.run(PickleRunners.java:140)
	at cucumber.runtime.junit.FeatureRunner.runChild(FeatureRunner.java:68)
	at cucumber.runtime.junit.FeatureRunner.runChild(FeatureRunner.java:23)
	at org.junit.runners.ParentRunner$3.run(ParentRunner.java:290)
	at org.junit.runners.ParentRunner$1.schedule(ParentRunner.java:71)
	at org.junit.runners.ParentRunner.runChildren(ParentRunner.java:288)
	at org.junit.runners.ParentRunner.access$000(ParentRunner.java:58)
	at org.junit.runners.ParentRunner$2.evaluate(ParentRunner.java:268)
	at org.junit.runners.ParentRunner.run(ParentRunner.java:363)
	at cucumber.runtime.junit.FeatureRunner.run(FeatureRunner.java:73)
	at cucumber.api.junit.Cucumber.runChild(Cucumber.java:98)
	at cucumber.api.junit.Cucumber.runChild(Cucumber.java:55)
	at org.junit.runners.ParentRunner$3.run(ParentRunner.java:290)
	at org.junit.runners.ParentRunner$1.schedule(ParentRunner.java:71)
	at org.junit.runners.ParentRunner.runChildren(ParentRunner.java:288)
	at org.junit.runners.ParentRunner.access$000(ParentRunner.java:58)
	at org.junit.runners.ParentRunner$2.evaluate(ParentRunner.java:268)
	at cucumber.api.junit.Cucumber$1.evaluate(Cucumber.java:107)
	at org.junit.runners.ParentRunner.run(ParentRunner.java:363)
	at org.junit.runners.Suite.runChild(Suite.java:128)
	at org.junit.runners.Suite.runChild(Suite.java:27)
	at org.junit.runners.ParentRunner$3.run(ParentRunner.java:290)
	at org.junit.runners.ParentRunner$1.schedule(ParentRunner.java:71)
	at org.junit.runners.ParentRunner.runChildren(ParentRunner.java:288)
	at org.junit.runners.ParentRunner.access$000(ParentRunner.java:58)
	at org.junit.runners.ParentRunner$2.evaluate(ParentRunner.java:268)
	at org.junit.runners.ParentRunner.run(ParentRunner.java:363)
	at org.junit.runner.JUnitCore.run(JUnitCore.java:137)
	at org.junit.runner.JUnitCore.run(JUnitCore.java:115)
	at org.junit.runner.JUnitCore.run(JUnitCore.java:105)
	at com.kms.katalon.core.cucumber.keyword.CucumberBuiltinKeywords$_runWithCucumberRunner_closure5.doCall(CucumberBuiltinKeywords.groovy:430)
	at com.kms.katalon.core.cucumber.keyword.CucumberBuiltinKeywords$_runWithCucumberRunner_closure5.doCall(CucumberBuiltinKeywords.groovy)
	at com.kms.katalon.core.keyword.internal.KeywordMain.runKeyword(KeywordMain.groovy:68)
	at com.kms.katalon.core.keyword.internal.KeywordMain$runKeyword.call(Unknown Source)
	at com.kms.katalon.core.cucumber.keyword.CucumberBuiltinKeywords.runWithCucumberRunner(CucumberBuiltinKeywords.groovy:427)
	at com.kms.katalon.core.cucumber.keyword.CucumberBuiltinKeywords$runWithCucumberRunner$0.callStatic(Unknown Source)
	at com.kms.katalon.core.cucumber.keyword.CucumberBuiltinKeywords.runWithCucumberRunner(CucumberBuiltinKeywords.groovy:527)
	at com.kms.katalon.core.cucumber.keyword.CucumberBuiltinKeywords$runWithCucumberRunner.call(Unknown Source)
	at Script1590061884279.run(Script1590061884279.groovy:20)
	... 13 more
)
[[ATTACHMENT|C:\\Users\\Group10\\Desktop\\New folder (2)\\ProAcc_Automation_Latest\\ProAcc_Automation_Latest\\Reports\\20200820_083537\\ProAcc_Suite\\20200820_083537\\1597893083594.png]]

2020-08-20 08:41:24 - [MESSAGE][PASSED] - Taking screenshot successfully
[[ATTACHMENT|C:\\Users\\Group10\\Desktop\\New folder (2)\\ProAcc_Automation_Latest\\ProAcc_Automation_Latest\\screenshots\\Thu_Aug_20_08_41_23_IST_2020.png]]

2020-08-20 08:41:24 - [MESSAGE][PASSED] - Run with 'testRunner.CreateProject_Runner' was passed]]></system-out>
         <system-err><![CDATA[]]></system-err>
      </testcase>
      <testcase name="Test Cases/Tc_Admin/TC_CreateInstance" time="21.048" classname="Test Cases/Tc_Admin/TC_CreateInstance" status="PASSED">
         <system-out><![CDATA[2020-08-20 08:41:24 - [TEST_CASE][PASSED] - Test Cases/Tc_Admin/TC_CreateInstance: Test Cases/Tc_Admin/TC_CreateInstance

2020-08-20 08:41:25 - [TEST_STEP][PASSED] - runWithCucumberRunner(testRunner.CreateInstance_Runner): Run with 'testRunner.CreateInstance_Runner' was passed

2020-08-20 08:41:26 - [MESSAGE][PASSED] - Object: 'Object Repository/Pro_Acc_Configuration/Pro_Acc_CreateInstance/a_InstanceCreation' is clicked on

2020-08-20 08:41:28 - [MESSAGE][PASSED] - Text 'T01' is set on object 'Object Repository/Pro_Acc_Configuration/Pro_Acc_CreateInstance/input_InstanceName'

2020-08-20 08:41:31 - [MESSAGE][PASSED] - Delayed 3 second(s)

2020-08-20 08:41:31 - [MESSAGE][PASSED] - Object: 'Object Repository/Pro_Acc_Configuration/Pro_Acc_CreateInstance/select_Project' is clicked on

2020-08-20 08:41:32 - [MESSAGE][PASSED] - All options with label 'Tin Pilot Phase Test' are selected in object 'Object Repository/Pro_Acc_Configuration/Pro_Acc_CreateInstance/select_Project'  using regular expression

2020-08-20 08:41:35 - [MESSAGE][PASSED] - Delayed 3 second(s)

2020-08-20 08:41:35 - [MESSAGE][PASSED] - Object: 'Object Repository/Pro_Acc_Configuration/Pro_Acc_CreateInstance/btn_InstanceCreate' is clicked on

2020-08-20 08:41:38 - [MESSAGE][PASSED] - Delayed 3 second(s)

2020-08-20 08:41:39 - [MESSAGE][PASSED] - Text 'T01' is set on object 'Object Repository/Pro_Acc_Configuration/Pro_Acc_CreateInstance/input_SearchInstance'

2020-08-20 08:41:44 - [MESSAGE][PASSED] - Delayed 5 second(s)

2020-08-20 08:41:44 - [MESSAGE][WARNING] - Test object with id 'Object Repository/Pro_Acc_UserSettings/Pro_Acc_Create Customer/verify_customer' does not exist

2020-08-20 08:41:44 - [MESSAGE][WARNING] - Test object with id 'Object Repository/' does not exist

2020-08-20 08:41:45 - [MESSAGE][FAILED] - Unable to get text of object (Root cause: com.kms.katalon.core.exception.StepFailedException: Unable to get text of object
	at com.kms.katalon.core.webui.keyword.internal.WebUIKeywordMain.stepFailed(WebUIKeywordMain.groovy:64)
	at com.kms.katalon.core.webui.keyword.internal.WebUIKeywordMain.runKeyword(WebUIKeywordMain.groovy:26)
	at com.kms.katalon.core.webui.keyword.builtin.GetTextKeyword.getText(GetTextKeyword.groovy:88)
	at com.kms.katalon.core.webui.keyword.builtin.GetTextKeyword.execute(GetTextKeyword.groovy:67)
	at com.kms.katalon.core.keyword.internal.KeywordExecutor.executeKeywordForPlatform(KeywordExecutor.groovy:73)
	at com.kms.katalon.core.webui.keyword.WebUiBuiltInKeywords.getText(WebUiBuiltInKeywords.groovy:914)
	at com.kms.katalon.core.webui.keyword.WebUiBuiltInKeywords$getText$7.call(Unknown Source)
	at proAcc_Stepdef.Addinstancetoproject.user_can_search_for_instance(CreateInstance_StepDef.groovy:160)
	at cucumber.runtime.Utils$1.call(Utils.java:26)
	at cucumber.runtime.Timeout.timeout(Timeout.java:16)
	at cucumber.runtime.Utils.invoke(Utils.java:20)
	at cucumber.runtime.java.JavaStepDefinition.execute(JavaStepDefinition.java:48)
	at cucumber.runtime.PickleStepDefinitionMatch.runStep(PickleStepDefinitionMatch.java:50)
	at cucumber.runner.TestStep.executeStep(TestStep.java:55)
	at cucumber.runner.TestStep.run(TestStep.java:42)
	at cucumber.runner.PickleStepTestStep.run(PickleStepTestStep.java:53)
	at cucumber.runner.TestCase.run(TestCase.java:47)
	at cucumber.runner.Runner.runPickle(Runner.java:44)
	at cucumber.runtime.junit.PickleRunners$NoStepDescriptions.run(PickleRunners.java:140)
	at cucumber.runtime.junit.FeatureRunner.runChild(FeatureRunner.java:68)
	at cucumber.runtime.junit.FeatureRunner.runChild(FeatureRunner.java:23)
	at org.junit.runners.ParentRunner$3.run(ParentRunner.java:290)
	at org.junit.runners.ParentRunner$1.schedule(ParentRunner.java:71)
	at org.junit.runners.ParentRunner.runChildren(ParentRunner.java:288)
	at org.junit.runners.ParentRunner.access$000(ParentRunner.java:58)
	at org.junit.runners.ParentRunner$2.evaluate(ParentRunner.java:268)
	at org.junit.runners.ParentRunner.run(ParentRunner.java:363)
	at cucumber.runtime.junit.FeatureRunner.run(FeatureRunner.java:73)
	at cucumber.api.junit.Cucumber.runChild(Cucumber.java:98)
	at cucumber.api.junit.Cucumber.runChild(Cucumber.java:55)
	at org.junit.runners.ParentRunner$3.run(ParentRunner.java:290)
	at org.junit.runners.ParentRunner$1.schedule(ParentRunner.java:71)
	at org.junit.runners.ParentRunner.runChildren(ParentRunner.java:288)
	at org.junit.runners.ParentRunner.access$000(ParentRunner.java:58)
	at org.junit.runners.ParentRunner$2.evaluate(ParentRunner.java:268)
	at cucumber.api.junit.Cucumber$1.evaluate(Cucumber.java:107)
	at org.junit.runners.ParentRunner.run(ParentRunner.java:363)
	at org.junit.runners.Suite.runChild(Suite.java:128)
	at org.junit.runners.Suite.runChild(Suite.java:27)
	at org.junit.runners.ParentRunner$3.run(ParentRunner.java:290)
	at org.junit.runners.ParentRunner$1.schedule(ParentRunner.java:71)
	at org.junit.runners.ParentRunner.runChildren(ParentRunner.java:288)
	at org.junit.runners.ParentRunner.access$000(ParentRunner.java:58)
	at org.junit.runners.ParentRunner$2.evaluate(ParentRunner.java:268)
	at org.junit.runners.ParentRunner.run(ParentRunner.java:363)
	at org.junit.runner.JUnitCore.run(JUnitCore.java:137)
	at org.junit.runner.JUnitCore.run(JUnitCore.java:115)
	at org.junit.runner.JUnitCore.run(JUnitCore.java:105)
	at com.kms.katalon.core.cucumber.keyword.CucumberBuiltinKeywords$_runWithCucumberRunner_closure5.doCall(CucumberBuiltinKeywords.groovy:430)
	at com.kms.katalon.core.cucumber.keyword.CucumberBuiltinKeywords$_runWithCucumberRunner_closure5.doCall(CucumberBuiltinKeywords.groovy)
	at com.kms.katalon.core.keyword.internal.KeywordMain.runKeyword(KeywordMain.groovy:68)
	at com.kms.katalon.core.keyword.internal.KeywordMain$runKeyword.call(Unknown Source)
	at com.kms.katalon.core.cucumber.keyword.CucumberBuiltinKeywords.runWithCucumberRunner(CucumberBuiltinKeywords.groovy:427)
	at com.kms.katalon.core.cucumber.keyword.CucumberBuiltinKeywords$runWithCucumberRunner$0.callStatic(Unknown Source)
	at com.kms.katalon.core.cucumber.keyword.CucumberBuiltinKeywords.runWithCucumberRunner(CucumberBuiltinKeywords.groovy:527)
	at com.kms.katalon.core.cucumber.keyword.CucumberBuiltinKeywords$runWithCucumberRunner.call(Unknown Source)
	at TC_CreateInstance.run(TC_CreateInstance:20)
	at com.kms.katalon.core.main.ScriptEngine.run(ScriptEngine.java:194)
	at com.kms.katalon.core.main.ScriptEngine.runScriptAsRawText(ScriptEngine.java:119)
	at com.kms.katalon.core.main.TestCaseExecutor.runScript(TestCaseExecutor.java:339)
	at com.kms.katalon.core.main.TestCaseExecutor.doExecute(TestCaseExecutor.java:330)
	at com.kms.katalon.core.main.TestCaseExecutor.processExecutionPhase(TestCaseExecutor.java:309)
	at com.kms.katalon.core.main.TestCaseExecutor.accessMainPhase(TestCaseExecutor.java:301)
	at com.kms.katalon.core.main.TestCaseExecutor.execute(TestCaseExecutor.java:235)
	at com.kms.katalon.core.main.TestSuiteExecutor.accessTestCaseMainPhase(TestSuiteExecutor.java:191)
	at com.kms.katalon.core.main.TestSuiteExecutor.accessTestSuiteMainPhase(TestSuiteExecutor.java:141)
	at com.kms.katalon.core.main.TestSuiteExecutor.execute(TestSuiteExecutor.java:90)
	at com.kms.katalon.core.main.TestCaseMain.startTestSuite(TestCaseMain.java:157)
	at com.kms.katalon.core.main.TestCaseMain$startTestSuite$0.call(Unknown Source)
	at TempTestSuite1597892737885.run(TempTestSuite1597892737885.groovy:39)
Caused by: java.lang.IllegalArgumentException: Object is null
	at com.kms.katalon.core.helper.KeywordHelper.checkTestObjectParameter(KeywordHelper.java:33)
	at com.kms.katalon.core.webui.keyword.builtin.GetTextKeyword$_getText_closure1.doCall(GetTextKeyword.groovy:76)
	at com.kms.katalon.core.webui.keyword.builtin.GetTextKeyword$_getText_closure1.call(GetTextKeyword.groovy)
	at com.kms.katalon.core.webui.keyword.internal.WebUIKeywordMain.runKeyword(WebUIKeywordMain.groovy:20)
	at com.kms.katalon.core.webui.keyword.builtin.GetTextKeyword.getText(GetTextKeyword.groovy:88)
	at com.kms.katalon.core.webui.keyword.builtin.GetTextKeyword.execute(GetTextKeyword.groovy:67)
	at com.kms.katalon.core.keyword.internal.KeywordExecutor.executeKeywordForPlatform(KeywordExecutor.groovy:73)
	at com.kms.katalon.core.webui.keyword.WebUiBuiltInKeywords.getText(WebUiBuiltInKeywords.groovy:914)
	at com.kms.katalon.core.webui.keyword.WebUiBuiltInKeywords$getText$7.call(Unknown Source)
	at proAcc_Stepdef.Addinstancetoproject.user_can_search_for_instance(CreateInstance_StepDef.groovy:160)
	at cucumber.runtime.Utils$1.call(Utils.java:26)
	at cucumber.runtime.Timeout.timeout(Timeout.java:16)
	at cucumber.runtime.Utils.invoke(Utils.java:20)
	at cucumber.runtime.java.JavaStepDefinition.execute(JavaStepDefinition.java:48)
	at cucumber.runtime.PickleStepDefinitionMatch.runStep(PickleStepDefinitionMatch.java:50)
	at cucumber.runner.TestStep.executeStep(TestStep.java:55)
	at cucumber.runner.TestStep.run(TestStep.java:42)
	at cucumber.runner.PickleStepTestStep.run(PickleStepTestStep.java:53)
	at cucumber.runner.TestCase.run(TestCase.java:47)
	at cucumber.runner.Runner.runPickle(Runner.java:44)
	at cucumber.runtime.junit.PickleRunners$NoStepDescriptions.run(PickleRunners.java:140)
	at cucumber.runtime.junit.FeatureRunner.runChild(FeatureRunner.java:68)
	at cucumber.runtime.junit.FeatureRunner.runChild(FeatureRunner.java:23)
	at org.junit.runners.ParentRunner$3.run(ParentRunner.java:290)
	at org.junit.runners.ParentRunner$1.schedule(ParentRunner.java:71)
	at org.junit.runners.ParentRunner.runChildren(ParentRunner.java:288)
	at org.junit.runners.ParentRunner.access$000(ParentRunner.java:58)
	at org.junit.runners.ParentRunner$2.evaluate(ParentRunner.java:268)
	at org.junit.runners.ParentRunner.run(ParentRunner.java:363)
	at cucumber.runtime.junit.FeatureRunner.run(FeatureRunner.java:73)
	at cucumber.api.junit.Cucumber.runChild(Cucumber.java:98)
	at cucumber.api.junit.Cucumber.runChild(Cucumber.java:55)
	at org.junit.runners.ParentRunner$3.run(ParentRunner.java:290)
	at org.junit.runners.ParentRunner$1.schedule(ParentRunner.java:71)
	at org.junit.runners.ParentRunner.runChildren(ParentRunner.java:288)
	at org.junit.runners.ParentRunner.access$000(ParentRunner.java:58)
	at org.junit.runners.ParentRunner$2.evaluate(ParentRunner.java:268)
	at cucumber.api.junit.Cucumber$1.evaluate(Cucumber.java:107)
	at org.junit.runners.ParentRunner.run(ParentRunner.java:363)
	at org.junit.runners.Suite.runChild(Suite.java:128)
	at org.junit.runners.Suite.runChild(Suite.java:27)
	at org.junit.runners.ParentRunner$3.run(ParentRunner.java:290)
	at org.junit.runners.ParentRunner$1.schedule(ParentRunner.java:71)
	at org.junit.runners.ParentRunner.runChildren(ParentRunner.java:288)
	at org.junit.runners.ParentRunner.access$000(ParentRunner.java:58)
	at org.junit.runners.ParentRunner$2.evaluate(ParentRunner.java:268)
	at org.junit.runners.ParentRunner.run(ParentRunner.java:363)
	at org.junit.runner.JUnitCore.run(JUnitCore.java:137)
	at org.junit.runner.JUnitCore.run(JUnitCore.java:115)
	at org.junit.runner.JUnitCore.run(JUnitCore.java:105)
	at com.kms.katalon.core.cucumber.keyword.CucumberBuiltinKeywords$_runWithCucumberRunner_closure5.doCall(CucumberBuiltinKeywords.groovy:430)
	at com.kms.katalon.core.cucumber.keyword.CucumberBuiltinKeywords$_runWithCucumberRunner_closure5.doCall(CucumberBuiltinKeywords.groovy)
	at com.kms.katalon.core.keyword.internal.KeywordMain.runKeyword(KeywordMain.groovy:68)
	at com.kms.katalon.core.keyword.internal.KeywordMain$runKeyword.call(Unknown Source)
	at com.kms.katalon.core.cucumber.keyword.CucumberBuiltinKeywords.runWithCucumberRunner(CucumberBuiltinKeywords.groovy:427)
	at com.kms.katalon.core.cucumber.keyword.CucumberBuiltinKeywords$runWithCucumberRunner$0.callStatic(Unknown Source)
	at com.kms.katalon.core.cucumber.keyword.CucumberBuiltinKeywords.runWithCucumberRunner(CucumberBuiltinKeywords.groovy:527)
	at com.kms.katalon.core.cucumber.keyword.CucumberBuiltinKeywords$runWithCucumberRunner.call(Unknown Source)
	at Script1590061906480.run(Script1590061906480.groovy:20)
	... 13 more
)
[[ATTACHMENT|C:\\Users\\Group10\\Desktop\\New folder (2)\\ProAcc_Automation_Latest\\ProAcc_Automation_Latest\\Reports\\20200820_083537\\ProAcc_Suite\\20200820_083537\\1597893104685.png]]

2020-08-20 08:41:45 - [MESSAGE][PASSED] - Taking screenshot successfully
[[ATTACHMENT|C:\\Users\\Group10\\Desktop\\New folder (2)\\ProAcc_Automation_Latest\\ProAcc_Automation_Latest\\screenshots\\Thu_Aug_20_08_41_45_IST_2020.png]]

2020-08-20 08:41:46 - [MESSAGE][PASSED] - Run with 'testRunner.CreateInstance_Runner' was passed]]></system-out>
         <system-err><![CDATA[]]></system-err>
      </testcase>
      <testcase name="Test Cases/Tc_Admin/TC_ActivityCreation" time="113.822" classname="Test Cases/Tc_Admin/TC_ActivityCreation" status="PASSED">
         <system-out><![CDATA[2020-08-20 08:41:46 - [TEST_CASE][PASSED] - Test Cases/Tc_Admin/TC_ActivityCreation: Test Cases/Tc_Admin/TC_ActivityCreation

2020-08-20 08:41:46 - [TEST_STEP][PASSED] - runWithCucumberRunner(testRunner.ActivityCreation_Runner): Run with 'testRunner.ActivityCreation_Runner' was passed

2020-08-20 08:41:47 - [MESSAGE][PASSED] - Object: 'Object Repository/Pro_Acc_Configuration/Pro_Acc_CreateInstance/a_Configuration' is clicked on

2020-08-20 08:41:50 - [MESSAGE][PASSED] - Text 'Alexa Custom Code Assessment' is set on object 'Object Repository/Pro_Acc_Configuration/Pro_Acc_ActivityCreation/input_Task'

2020-08-20 08:41:51 - [MESSAGE][PASSED] - All options with label 'Technical - ABAP' are selected in object 'Object Repository/Pro_Acc_Configuration/Pro_Acc_ActivityCreation/input_ApplicationArea'  using regular expression

2020-08-20 08:41:52 - [MESSAGE][PASSED] - All options with label 'Assessment' are selected in object 'Object Repository/Pro_Acc_Configuration/Pro_Acc_ActivityCreation/select_Select Phase'  using regular expression

2020-08-20 08:41:54 - [MESSAGE][PASSED] - All options with label 'Functional' are selected in object 'Object Repository/Pro_Acc_Configuration/Pro_Acc_ActivityCreation/select_Select Role'  using regular expression

2020-08-20 08:41:54 - [MESSAGE][PASSED] - Object: 'Object Repository/Pro_Acc_Configuration/Pro_Acc_ActivityCreation/Select_BuildingBlock' is clicked on

2020-08-20 08:41:55 - [MESSAGE][PASSED] - All options with label 'Application Overview' are selected in object 'Object Repository/Pro_Acc_Configuration/Pro_Acc_ActivityCreation/Select_BuildingBlock'  using regular expression

2020-08-20 08:41:56 - [MESSAGE][PASSED] - Object: 'Object Repository/Pro_Acc_Configuration/Pro_Acc_ActivityCreation/SelectEstHrs' is clicked on

2020-08-20 08:41:56 - [MESSAGE][PASSED] - Text '10:43' is set on object 'Object Repository/Pro_Acc_Configuration/Pro_Acc_ActivityCreation/SelectEstHrs'

2020-08-20 08:41:59 - [MESSAGE][PASSED] - Delayed 3 second(s)

2020-08-20 08:42:00 - [MESSAGE][PASSED] - Object: 'Object Repository/Pro_Acc_Configuration/Pro_Acc_ActivityCreation/btn_ActivityCreate' is clicked on

2020-08-20 08:42:03 - [MESSAGE][PASSED] - Delayed 3 second(s)

2020-08-20 08:42:05 - [MESSAGE][PASSED] - Delayed 2 second(s)

2020-08-20 08:42:05 - [MESSAGE][FAILED] - Unable to click on object 'Object Repository/Pro_Acc_Configuration/Pro_Acc_ActivityCreation/button_Save' (Root cause: com.kms.katalon.core.exception.StepFailedException: Unable to click on object 'Object Repository/Pro_Acc_Configuration/Pro_Acc_ActivityCreation/button_Save'
	at com.kms.katalon.core.webui.keyword.internal.WebUIKeywordMain.stepFailed(WebUIKeywordMain.groovy:64)
	at com.kms.katalon.core.webui.keyword.internal.WebUIKeywordMain.runKeyword(WebUIKeywordMain.groovy:26)
	at com.kms.katalon.core.webui.keyword.builtin.ClickKeyword.click(ClickKeyword.groovy:76)
	at com.kms.katalon.core.webui.keyword.builtin.ClickKeyword.execute(ClickKeyword.groovy:43)
	at com.kms.katalon.core.keyword.internal.KeywordExecutor.executeKeywordForPlatform(KeywordExecutor.groovy:73)
	at com.kms.katalon.core.webui.keyword.WebUiBuiltInKeywords.click(WebUiBuiltInKeywords.groovy:616)
	at com.kms.katalon.core.webui.keyword.WebUiBuiltInKeywords$click$3.call(Unknown Source)
	at proAcc_Stepdef.ActivityCreation_StepDef.user_has_to_click_on_create_button_for_create_activity_and_need_to_select_task(ActivityCreation_StepDef.groovy:138)
	at cucumber.runtime.Utils$1.call(Utils.java:26)
	at cucumber.runtime.Timeout.timeout(Timeout.java:16)
	at cucumber.runtime.Utils.invoke(Utils.java:20)
	at cucumber.runtime.java.JavaStepDefinition.execute(JavaStepDefinition.java:48)
	at cucumber.runtime.PickleStepDefinitionMatch.runStep(PickleStepDefinitionMatch.java:50)
	at cucumber.runner.TestStep.executeStep(TestStep.java:55)
	at cucumber.runner.TestStep.run(TestStep.java:42)
	at cucumber.runner.PickleStepTestStep.run(PickleStepTestStep.java:53)
	at cucumber.runner.TestCase.run(TestCase.java:47)
	at cucumber.runner.Runner.runPickle(Runner.java:44)
	at cucumber.runtime.junit.PickleRunners$NoStepDescriptions.run(PickleRunners.java:140)
	at cucumber.runtime.junit.FeatureRunner.runChild(FeatureRunner.java:68)
	at cucumber.runtime.junit.FeatureRunner.runChild(FeatureRunner.java:23)
	at org.junit.runners.ParentRunner$3.run(ParentRunner.java:290)
	at org.junit.runners.ParentRunner$1.schedule(ParentRunner.java:71)
	at org.junit.runners.ParentRunner.runChildren(ParentRunner.java:288)
	at org.junit.runners.ParentRunner.access$000(ParentRunner.java:58)
	at org.junit.runners.ParentRunner$2.evaluate(ParentRunner.java:268)
	at org.junit.runners.ParentRunner.run(ParentRunner.java:363)
	at cucumber.runtime.junit.FeatureRunner.run(FeatureRunner.java:73)
	at cucumber.api.junit.Cucumber.runChild(Cucumber.java:98)
	at cucumber.api.junit.Cucumber.runChild(Cucumber.java:55)
	at org.junit.runners.ParentRunner$3.run(ParentRunner.java:290)
	at org.junit.runners.ParentRunner$1.schedule(ParentRunner.java:71)
	at org.junit.runners.ParentRunner.runChildren(ParentRunner.java:288)
	at org.junit.runners.ParentRunner.access$000(ParentRunner.java:58)
	at org.junit.runners.ParentRunner$2.evaluate(ParentRunner.java:268)
	at cucumber.api.junit.Cucumber$1.evaluate(Cucumber.java:107)
	at org.junit.runners.ParentRunner.run(ParentRunner.java:363)
	at org.junit.runners.Suite.runChild(Suite.java:128)
	at org.junit.runners.Suite.runChild(Suite.java:27)
	at org.junit.runners.ParentRunner$3.run(ParentRunner.java:290)
	at org.junit.runners.ParentRunner$1.schedule(ParentRunner.java:71)
	at org.junit.runners.ParentRunner.runChildren(ParentRunner.java:288)
	at org.junit.runners.ParentRunner.access$000(ParentRunner.java:58)
	at org.junit.runners.ParentRunner$2.evaluate(ParentRunner.java:268)
	at org.junit.runners.ParentRunner.run(ParentRunner.java:363)
	at org.junit.runner.JUnitCore.run(JUnitCore.java:137)
	at org.junit.runner.JUnitCore.run(JUnitCore.java:115)
	at org.junit.runner.JUnitCore.run(JUnitCore.java:105)
	at com.kms.katalon.core.cucumber.keyword.CucumberBuiltinKeywords$_runWithCucumberRunner_closure5.doCall(CucumberBuiltinKeywords.groovy:430)
	at com.kms.katalon.core.cucumber.keyword.CucumberBuiltinKeywords$_runWithCucumberRunner_closure5.doCall(CucumberBuiltinKeywords.groovy)
	at com.kms.katalon.core.keyword.internal.KeywordMain.runKeyword(KeywordMain.groovy:68)
	at com.kms.katalon.core.keyword.internal.KeywordMain$runKeyword.call(Unknown Source)
	at com.kms.katalon.core.cucumber.keyword.CucumberBuiltinKeywords.runWithCucumberRunner(CucumberBuiltinKeywords.groovy:427)
	at com.kms.katalon.core.cucumber.keyword.CucumberBuiltinKeywords$runWithCucumberRunner$0.callStatic(Unknown Source)
	at com.kms.katalon.core.cucumber.keyword.CucumberBuiltinKeywords.runWithCucumberRunner(CucumberBuiltinKeywords.groovy:527)
	at com.kms.katalon.core.cucumber.keyword.CucumberBuiltinKeywords$runWithCucumberRunner.call(Unknown Source)
	at TC_ActivityCreation.run(TC_ActivityCreation:20)
	at com.kms.katalon.core.main.ScriptEngine.run(ScriptEngine.java:194)
	at com.kms.katalon.core.main.ScriptEngine.runScriptAsRawText(ScriptEngine.java:119)
	at com.kms.katalon.core.main.TestCaseExecutor.runScript(TestCaseExecutor.java:339)
	at com.kms.katalon.core.main.TestCaseExecutor.doExecute(TestCaseExecutor.java:330)
	at com.kms.katalon.core.main.TestCaseExecutor.processExecutionPhase(TestCaseExecutor.java:309)
	at com.kms.katalon.core.main.TestCaseExecutor.accessMainPhase(TestCaseExecutor.java:301)
	at com.kms.katalon.core.main.TestCaseExecutor.execute(TestCaseExecutor.java:235)
	at com.kms.katalon.core.main.TestSuiteExecutor.accessTestCaseMainPhase(TestSuiteExecutor.java:191)
	at com.kms.katalon.core.main.TestSuiteExecutor.accessTestSuiteMainPhase(TestSuiteExecutor.java:141)
	at com.kms.katalon.core.main.TestSuiteExecutor.execute(TestSuiteExecutor.java:90)
	at com.kms.katalon.core.main.TestCaseMain.startTestSuite(TestCaseMain.java:157)
	at com.kms.katalon.core.main.TestCaseMain$startTestSuite$0.call(Unknown Source)
	at TempTestSuite1597892737885.run(TempTestSuite1597892737885.groovy:39)
Caused by: org.openqa.selenium.ElementNotInteractableException: element not interactable
  (Session info: chrome=84.0.4147.125)
Build info: version: '3.141.59', revision: 'e82be7d358', time: '2018-11-14T08:25:53'
System info: host: 'GROUP10-PC', ip: '192.168.43.206', os.name: 'Windows 7', os.arch: 'x86', os.version: '6.1', java.version: '1.8.0_181'
Driver info: com.kms.katalon.selenium.driver.CChromeDriver
Capabilities {acceptInsecureCerts: false, browserName: chrome, browserVersion: 84.0.4147.125, chrome: {chromedriverVersion: 83.0.4103.39 (ccbf011cb2d2b..., userDataDir: C:\Users\Group10\AppData\Lo...}, goog:chromeOptions: {debuggerAddress: localhost:60451}, javascriptEnabled: true, networkConnectionEnabled: false, pageLoadStrategy: normal, platform: WINDOWS, platformName: WINDOWS, proxy: Proxy(), setWindowRect: true, strictFileInteractability: false, timeouts: {implicit: 0, pageLoad: 300000, script: 30000}, unhandledPromptBehavior: dismiss and notify, webauthn:virtualAuthenticators: true}
Session ID: b0fce5a45e027dcd10cfdaded3ddafd5
	at org.openqa.selenium.remote.http.W3CHttpResponseCodec.createException(W3CHttpResponseCodec.java:187)
	at org.openqa.selenium.remote.http.W3CHttpResponseCodec.decode(W3CHttpResponseCodec.java:122)
	at org.openqa.selenium.remote.http.W3CHttpResponseCodec.decode(W3CHttpResponseCodec.java:49)
	at org.openqa.selenium.remote.HttpCommandExecutor.execute(HttpCommandExecutor.java:158)
	at org.openqa.selenium.remote.service.DriverCommandExecutor.execute(DriverCommandExecutor.java:83)
	at org.openqa.selenium.remote.RemoteWebDriver.execute(RemoteWebDriver.java:552)
	at com.kms.katalon.selenium.driver.CChromeDriver.execute(CChromeDriver.java:19)
	at org.openqa.selenium.remote.RemoteWebElement.execute(RemoteWebElement.java:285)
	at org.openqa.selenium.remote.RemoteWebElement.click(RemoteWebElement.java:84)
	at org.openqa.selenium.support.events.EventFiringWebDriver$EventFiringWebElement.lambda$new$0(EventFiringWebDriver.java:404)
	at com.sun.proxy.$Proxy23.click(Unknown Source)
	at org.openqa.selenium.support.events.EventFiringWebDriver$EventFiringWebElement.click(EventFiringWebDriver.java:417)
	at com.kms.katalon.core.webui.keyword.builtin.ClickKeyword$_click_closure1.doCall(ClickKeyword.groovy:69)
	at com.kms.katalon.core.webui.keyword.builtin.ClickKeyword$_click_closure1.call(ClickKeyword.groovy)
	at com.kms.katalon.core.webui.keyword.internal.WebUIKeywordMain.runKeyword(WebUIKeywordMain.groovy:20)
	at com.kms.katalon.core.webui.keyword.builtin.ClickKeyword.click(ClickKeyword.groovy:76)
	at com.kms.katalon.core.webui.keyword.builtin.ClickKeyword.execute(ClickKeyword.groovy:43)
	at com.kms.katalon.core.keyword.internal.KeywordExecutor.executeKeywordForPlatform(KeywordExecutor.groovy:73)
	at com.kms.katalon.core.webui.keyword.WebUiBuiltInKeywords.click(WebUiBuiltInKeywords.groovy:616)
	at com.kms.katalon.core.webui.keyword.WebUiBuiltInKeywords$click$3.call(Unknown Source)
	at proAcc_Stepdef.ActivityCreation_StepDef.user_has_to_click_on_create_button_for_create_activity_and_need_to_select_task(ActivityCreation_StepDef.groovy:138)
	at cucumber.runtime.Utils$1.call(Utils.java:26)
	at cucumber.runtime.Timeout.timeout(Timeout.java:16)
	at cucumber.runtime.Utils.invoke(Utils.java:20)
	at cucumber.runtime.java.JavaStepDefinition.execute(JavaStepDefinition.java:48)
	at cucumber.runtime.PickleStepDefinitionMatch.runStep(PickleStepDefinitionMatch.java:50)
	at cucumber.runner.TestStep.executeStep(TestStep.java:55)
	at cucumber.runner.TestStep.run(TestStep.java:42)
	at cucumber.runner.PickleStepTestStep.run(PickleStepTestStep.java:53)
	at cucumber.runner.TestCase.run(TestCase.java:47)
	at cucumber.runner.Runner.runPickle(Runner.java:44)
	at cucumber.runtime.junit.PickleRunners$NoStepDescriptions.run(PickleRunners.java:140)
	at cucumber.runtime.junit.FeatureRunner.runChild(FeatureRunner.java:68)
	at cucumber.runtime.junit.FeatureRunner.runChild(FeatureRunner.java:23)
	at org.junit.runners.ParentRunner$3.run(ParentRunner.java:290)
	at org.junit.runners.ParentRunner$1.schedule(ParentRunner.java:71)
	at org.junit.runners.ParentRunner.runChildren(ParentRunner.java:288)
	at org.junit.runners.ParentRunner.access$000(ParentRunner.java:58)
	at org.junit.runners.ParentRunner$2.evaluate(ParentRunner.java:268)
	at org.junit.runners.ParentRunner.run(ParentRunner.java:363)
	at cucumber.runtime.junit.FeatureRunner.run(FeatureRunner.java:73)
	at cucumber.api.junit.Cucumber.runChild(Cucumber.java:98)
	at cucumber.api.junit.Cucumber.runChild(Cucumber.java:55)
	at org.junit.runners.ParentRunner$3.run(ParentRunner.java:290)
	at org.junit.runners.ParentRunner$1.schedule(ParentRunner.java:71)
	at org.junit.runners.ParentRunner.runChildren(ParentRunner.java:288)
	at org.junit.runners.ParentRunner.access$000(ParentRunner.java:58)
	at org.junit.runners.ParentRunner$2.evaluate(ParentRunner.java:268)
	at cucumber.api.junit.Cucumber$1.evaluate(Cucumber.java:107)
	at org.junit.runners.ParentRunner.run(ParentRunner.java:363)
	at org.junit.runners.Suite.runChild(Suite.java:128)
	at org.junit.runners.Suite.runChild(Suite.java:27)
	at org.junit.runners.ParentRunner$3.run(ParentRunner.java:290)
	at org.junit.runners.ParentRunner$1.schedule(ParentRunner.java:71)
	at org.junit.runners.ParentRunner.runChildren(ParentRunner.java:288)
	at org.junit.runners.ParentRunner.access$000(ParentRunner.java:58)
	at org.junit.runners.ParentRunner$2.evaluate(ParentRunner.java:268)
	at org.junit.runners.ParentRunner.run(ParentRunner.java:363)
	at org.junit.runner.JUnitCore.run(JUnitCore.java:137)
	at org.junit.runner.JUnitCore.run(JUnitCore.java:115)
	at org.junit.runner.JUnitCore.run(JUnitCore.java:105)
	at com.kms.katalon.core.cucumber.keyword.CucumberBuiltinKeywords$_runWithCucumberRunner_closure5.doCall(CucumberBuiltinKeywords.groovy:430)
	at com.kms.katalon.core.cucumber.keyword.CucumberBuiltinKeywords$_runWithCucumberRunner_closure5.doCall(CucumberBuiltinKeywords.groovy)
	at com.kms.katalon.core.keyword.internal.KeywordMain.runKeyword(KeywordMain.groovy:68)
	at com.kms.katalon.core.keyword.internal.KeywordMain$runKeyword.call(Unknown Source)
	at com.kms.katalon.core.cucumber.keyword.CucumberBuiltinKeywords.runWithCucumberRunner(CucumberBuiltinKeywords.groovy:427)
	at com.kms.katalon.core.cucumber.keyword.CucumberBuiltinKeywords$runWithCucumberRunner$0.callStatic(Unknown Source)
	at com.kms.katalon.core.cucumber.keyword.CucumberBuiltinKeywords.runWithCucumberRunner(CucumberBuiltinKeywords.groovy:527)
	at com.kms.katalon.core.cucumber.keyword.CucumberBuiltinKeywords$runWithCucumberRunner.call(Unknown Source)
	at Script1591008480625.run(Script1591008480625.groovy:20)
	... 13 more
)
[[ATTACHMENT|C:\\Users\\Group10\\Desktop\\New folder (2)\\ProAcc_Automation_Latest\\ProAcc_Automation_Latest\\Reports\\20200820_083537\\ProAcc_Suite\\20200820_083537\\1597893125452.png]]

2020-08-20 08:42:06 - [MESSAGE][PASSED] - Taking screenshot successfully
[[ATTACHMENT|C:\\Users\\Group10\\Desktop\\New folder (2)\\ProAcc_Automation_Latest\\ProAcc_Automation_Latest\\screenshots\\Thu_Aug_20_08_42_05_IST_2020.png]]

2020-08-20 08:42:09 - [MESSAGE][PASSED] - Delayed 3 second(s)

2020-08-20 08:42:10 - [MESSAGE][PASSED] - Text 'Alexa Custom Code Assessment' is set on object 'Object Repository/Pro_Acc_Configuration/Pro_Acc_ActivityCreation/input_SearchActivity'

2020-08-20 08:42:13 - [MESSAGE][PASSED] - Delayed 3 second(s)

2020-08-20 08:42:13 - [MESSAGE][WARNING] - Test object with id 'Object Repository/Pro_Acc_UserSettings/Pro_Acc_Create Customer/verify_customer' does not exist

2020-08-20 08:42:13 - [MESSAGE][WARNING] - Test object with id 'Object Repository/' does not exist

2020-08-20 08:42:14 - [MESSAGE][FAILED] - Unable to get text of object (Root cause: com.kms.katalon.core.exception.StepFailedException: Unable to get text of object
	at com.kms.katalon.core.webui.keyword.internal.WebUIKeywordMain.stepFailed(WebUIKeywordMain.groovy:64)
	at com.kms.katalon.core.webui.keyword.internal.WebUIKeywordMain.runKeyword(WebUIKeywordMain.groovy:26)
	at com.kms.katalon.core.webui.keyword.builtin.GetTextKeyword.getText(GetTextKeyword.groovy:88)
	at com.kms.katalon.core.webui.keyword.builtin.GetTextKeyword.execute(GetTextKeyword.groovy:67)
	at com.kms.katalon.core.keyword.internal.KeywordExecutor.executeKeywordForPlatform(KeywordExecutor.groovy:73)
	at com.kms.katalon.core.webui.keyword.WebUiBuiltInKeywords.getText(WebUiBuiltInKeywords.groovy:914)
	at com.kms.katalon.core.webui.keyword.WebUiBuiltInKeywords$getText$7.call(Unknown Source)
	at proAcc_Stepdef.ActivityCreation_StepDef.user_can_search_for_created_activity_in_list(ActivityCreation_StepDef.groovy:158)
	at cucumber.runtime.Utils$1.call(Utils.java:26)
	at cucumber.runtime.Timeout.timeout(Timeout.java:16)
	at cucumber.runtime.Utils.invoke(Utils.java:20)
	at cucumber.runtime.java.JavaStepDefinition.execute(JavaStepDefinition.java:48)
	at cucumber.runtime.PickleStepDefinitionMatch.runStep(PickleStepDefinitionMatch.java:50)
	at cucumber.runner.TestStep.executeStep(TestStep.java:55)
	at cucumber.runner.TestStep.run(TestStep.java:42)
	at cucumber.runner.PickleStepTestStep.run(PickleStepTestStep.java:53)
	at cucumber.runner.TestCase.run(TestCase.java:47)
	at cucumber.runner.Runner.runPickle(Runner.java:44)
	at cucumber.runtime.junit.PickleRunners$NoStepDescriptions.run(PickleRunners.java:140)
	at cucumber.runtime.junit.FeatureRunner.runChild(FeatureRunner.java:68)
	at cucumber.runtime.junit.FeatureRunner.runChild(FeatureRunner.java:23)
	at org.junit.runners.ParentRunner$3.run(ParentRunner.java:290)
	at org.junit.runners.ParentRunner$1.schedule(ParentRunner.java:71)
	at org.junit.runners.ParentRunner.runChildren(ParentRunner.java:288)
	at org.junit.runners.ParentRunner.access$000(ParentRunner.java:58)
	at org.junit.runners.ParentRunner$2.evaluate(ParentRunner.java:268)
	at org.junit.runners.ParentRunner.run(ParentRunner.java:363)
	at cucumber.runtime.junit.FeatureRunner.run(FeatureRunner.java:73)
	at cucumber.api.junit.Cucumber.runChild(Cucumber.java:98)
	at cucumber.api.junit.Cucumber.runChild(Cucumber.java:55)
	at org.junit.runners.ParentRunner$3.run(ParentRunner.java:290)
	at org.junit.runners.ParentRunner$1.schedule(ParentRunner.java:71)
	at org.junit.runners.ParentRunner.runChildren(ParentRunner.java:288)
	at org.junit.runners.ParentRunner.access$000(ParentRunner.java:58)
	at org.junit.runners.ParentRunner$2.evaluate(ParentRunner.java:268)
	at cucumber.api.junit.Cucumber$1.evaluate(Cucumber.java:107)
	at org.junit.runners.ParentRunner.run(ParentRunner.java:363)
	at org.junit.runners.Suite.runChild(Suite.java:128)
	at org.junit.runners.Suite.runChild(Suite.java:27)
	at org.junit.runners.ParentRunner$3.run(ParentRunner.java:290)
	at org.junit.runners.ParentRunner$1.schedule(ParentRunner.java:71)
	at org.junit.runners.ParentRunner.runChildren(ParentRunner.java:288)
	at org.junit.runners.ParentRunner.access$000(ParentRunner.java:58)
	at org.junit.runners.ParentRunner$2.evaluate(ParentRunner.java:268)
	at org.junit.runners.ParentRunner.run(ParentRunner.java:363)
	at org.junit.runner.JUnitCore.run(JUnitCore.java:137)
	at org.junit.runner.JUnitCore.run(JUnitCore.java:115)
	at org.junit.runner.JUnitCore.run(JUnitCore.java:105)
	at com.kms.katalon.core.cucumber.keyword.CucumberBuiltinKeywords$_runWithCucumberRunner_closure5.doCall(CucumberBuiltinKeywords.groovy:430)
	at com.kms.katalon.core.cucumber.keyword.CucumberBuiltinKeywords$_runWithCucumberRunner_closure5.doCall(CucumberBuiltinKeywords.groovy)
	at com.kms.katalon.core.keyword.internal.KeywordMain.runKeyword(KeywordMain.groovy:68)
	at com.kms.katalon.core.keyword.internal.KeywordMain$runKeyword.call(Unknown Source)
	at com.kms.katalon.core.cucumber.keyword.CucumberBuiltinKeywords.runWithCucumberRunner(CucumberBuiltinKeywords.groovy:427)
	at com.kms.katalon.core.cucumber.keyword.CucumberBuiltinKeywords$runWithCucumberRunner$0.callStatic(Unknown Source)
	at com.kms.katalon.core.cucumber.keyword.CucumberBuiltinKeywords.runWithCucumberRunner(CucumberBuiltinKeywords.groovy:527)
	at com.kms.katalon.core.cucumber.keyword.CucumberBuiltinKeywords$runWithCucumberRunner.call(Unknown Source)
	at TC_ActivityCreation.run(TC_ActivityCreation:20)
	at com.kms.katalon.core.main.ScriptEngine.run(ScriptEngine.java:194)
	at com.kms.katalon.core.main.ScriptEngine.runScriptAsRawText(ScriptEngine.java:119)
	at com.kms.katalon.core.main.TestCaseExecutor.runScript(TestCaseExecutor.java:339)
	at com.kms.katalon.core.main.TestCaseExecutor.doExecute(TestCaseExecutor.java:330)
	at com.kms.katalon.core.main.TestCaseExecutor.processExecutionPhase(TestCaseExecutor.java:309)
	at com.kms.katalon.core.main.TestCaseExecutor.accessMainPhase(TestCaseExecutor.java:301)
	at com.kms.katalon.core.main.TestCaseExecutor.execute(TestCaseExecutor.java:235)
	at com.kms.katalon.core.main.TestSuiteExecutor.accessTestCaseMainPhase(TestSuiteExecutor.java:191)
	at com.kms.katalon.core.main.TestSuiteExecutor.accessTestSuiteMainPhase(TestSuiteExecutor.java:141)
	at com.kms.katalon.core.main.TestSuiteExecutor.execute(TestSuiteExecutor.java:90)
	at com.kms.katalon.core.main.TestCaseMain.startTestSuite(TestCaseMain.java:157)
	at com.kms.katalon.core.main.TestCaseMain$startTestSuite$0.call(Unknown Source)
	at TempTestSuite1597892737885.run(TempTestSuite1597892737885.groovy:39)
Caused by: java.lang.IllegalArgumentException: Object is null
	at com.kms.katalon.core.helper.KeywordHelper.checkTestObjectParameter(KeywordHelper.java:33)
	at com.kms.katalon.core.webui.keyword.builtin.GetTextKeyword$_getText_closure1.doCall(GetTextKeyword.groovy:76)
	at com.kms.katalon.core.webui.keyword.builtin.GetTextKeyword$_getText_closure1.call(GetTextKeyword.groovy)
	at com.kms.katalon.core.webui.keyword.internal.WebUIKeywordMain.runKeyword(WebUIKeywordMain.groovy:20)
	at com.kms.katalon.core.webui.keyword.builtin.GetTextKeyword.getText(GetTextKeyword.groovy:88)
	at com.kms.katalon.core.webui.keyword.builtin.GetTextKeyword.execute(GetTextKeyword.groovy:67)
	at com.kms.katalon.core.keyword.internal.KeywordExecutor.executeKeywordForPlatform(KeywordExecutor.groovy:73)
	at com.kms.katalon.core.webui.keyword.WebUiBuiltInKeywords.getText(WebUiBuiltInKeywords.groovy:914)
	at com.kms.katalon.core.webui.keyword.WebUiBuiltInKeywords$getText$7.call(Unknown Source)
	at proAcc_Stepdef.ActivityCreation_StepDef.user_can_search_for_created_activity_in_list(ActivityCreation_StepDef.groovy:158)
	at cucumber.runtime.Utils$1.call(Utils.java:26)
	at cucumber.runtime.Timeout.timeout(Timeout.java:16)
	at cucumber.runtime.Utils.invoke(Utils.java:20)
	at cucumber.runtime.java.JavaStepDefinition.execute(JavaStepDefinition.java:48)
	at cucumber.runtime.PickleStepDefinitionMatch.runStep(PickleStepDefinitionMatch.java:50)
	at cucumber.runner.TestStep.executeStep(TestStep.java:55)
	at cucumber.runner.TestStep.run(TestStep.java:42)
	at cucumber.runner.PickleStepTestStep.run(PickleStepTestStep.java:53)
	at cucumber.runner.TestCase.run(TestCase.java:47)
	at cucumber.runner.Runner.runPickle(Runner.java:44)
	at cucumber.runtime.junit.PickleRunners$NoStepDescriptions.run(PickleRunners.java:140)
	at cucumber.runtime.junit.FeatureRunner.runChild(FeatureRunner.java:68)
	at cucumber.runtime.junit.FeatureRunner.runChild(FeatureRunner.java:23)
	at org.junit.runners.ParentRunner$3.run(ParentRunner.java:290)
	at org.junit.runners.ParentRunner$1.schedule(ParentRunner.java:71)
	at org.junit.runners.ParentRunner.runChildren(ParentRunner.java:288)
	at org.junit.runners.ParentRunner.access$000(ParentRunner.java:58)
	at org.junit.runners.ParentRunner$2.evaluate(ParentRunner.java:268)
	at org.junit.runners.ParentRunner.run(ParentRunner.java:363)
	at cucumber.runtime.junit.FeatureRunner.run(FeatureRunner.java:73)
	at cucumber.api.junit.Cucumber.runChild(Cucumber.java:98)
	at cucumber.api.junit.Cucumber.runChild(Cucumber.java:55)
	at org.junit.runners.ParentRunner$3.run(ParentRunner.java:290)
	at org.junit.runners.ParentRunner$1.schedule(ParentRunner.java:71)
	at org.junit.runners.ParentRunner.runChildren(ParentRunner.java:288)
	at org.junit.runners.ParentRunner.access$000(ParentRunner.java:58)
	at org.junit.runners.ParentRunner$2.evaluate(ParentRunner.java:268)
	at cucumber.api.junit.Cucumber$1.evaluate(Cucumber.java:107)
	at org.junit.runners.ParentRunner.run(ParentRunner.java:363)
	at org.junit.runners.Suite.runChild(Suite.java:128)
	at org.junit.runners.Suite.runChild(Suite.java:27)
	at org.junit.runners.ParentRunner$3.run(ParentRunner.java:290)
	at org.junit.runners.ParentRunner$1.schedule(ParentRunner.java:71)
	at org.junit.runners.ParentRunner.runChildren(ParentRunner.java:288)
	at org.junit.runners.ParentRunner.access$000(ParentRunner.java:58)
	at org.junit.runners.ParentRunner$2.evaluate(ParentRunner.java:268)
	at org.junit.runners.ParentRunner.run(ParentRunner.java:363)
	at org.junit.runner.JUnitCore.run(JUnitCore.java:137)
	at org.junit.runner.JUnitCore.run(JUnitCore.java:115)
	at org.junit.runner.JUnitCore.run(JUnitCore.java:105)
	at com.kms.katalon.core.cucumber.keyword.CucumberBuiltinKeywords$_runWithCucumberRunner_closure5.doCall(CucumberBuiltinKeywords.groovy:430)
	at com.kms.katalon.core.cucumber.keyword.CucumberBuiltinKeywords$_runWithCucumberRunner_closure5.doCall(CucumberBuiltinKeywords.groovy)
	at com.kms.katalon.core.keyword.internal.KeywordMain.runKeyword(KeywordMain.groovy:68)
	at com.kms.katalon.core.keyword.internal.KeywordMain$runKeyword.call(Unknown Source)
	at com.kms.katalon.core.cucumber.keyword.CucumberBuiltinKeywords.runWithCucumberRunner(CucumberBuiltinKeywords.groovy:427)
	at com.kms.katalon.core.cucumber.keyword.CucumberBuiltinKeywords$runWithCucumberRunner$0.callStatic(Unknown Source)
	at com.kms.katalon.core.cucumber.keyword.CucumberBuiltinKeywords.runWithCucumberRunner(CucumberBuiltinKeywords.groovy:527)
	at com.kms.katalon.core.cucumber.keyword.CucumberBuiltinKeywords$runWithCucumberRunner.call(Unknown Source)
	at Script1591008480625.run(Script1591008480625.groovy:20)
	... 13 more
)
[[ATTACHMENT|C:\\Users\\Group10\\Desktop\\New folder (2)\\ProAcc_Automation_Latest\\ProAcc_Automation_Latest\\Reports\\20200820_083537\\ProAcc_Suite\\20200820_083537\\1597893133898.png]]

2020-08-20 08:42:14 - [MESSAGE][PASSED] - Taking screenshot successfully
[[ATTACHMENT|C:\\Users\\Group10\\Desktop\\New folder (2)\\ProAcc_Automation_Latest\\ProAcc_Automation_Latest\\screenshots\\Thu_Aug_20_08_42_14_IST_2020.png]]

2020-08-20 08:42:15 - [MESSAGE][PASSED] - Object: 'Object Repository/Pro_Acc_Configuration/Pro_Acc_CreateInstance/a_Configuration' is clicked on

2020-08-20 08:42:18 - [MESSAGE][PASSED] - Text 'Alexa Custom Code Pre_Conversion' is set on object 'Object Repository/Pro_Acc_Configuration/Pro_Acc_ActivityCreation/input_Task'

2020-08-20 08:42:20 - [MESSAGE][PASSED] - All options with label 'Functional / Technical' are selected in object 'Object Repository/Pro_Acc_Configuration/Pro_Acc_ActivityCreation/input_ApplicationArea'  using regular expression

2020-08-20 08:42:21 - [MESSAGE][PASSED] - All options with label 'Pre Conversion' are selected in object 'Object Repository/Pro_Acc_Configuration/Pro_Acc_ActivityCreation/select_Select Phase'  using regular expression

2020-08-20 08:42:22 - [MESSAGE][PASSED] - All options with label 'Functional' are selected in object 'Object Repository/Pro_Acc_Configuration/Pro_Acc_ActivityCreation/select_Select Role'  using regular expression

2020-08-20 08:42:22 - [MESSAGE][PASSED] - Object: 'Object Repository/Pro_Acc_Configuration/Pro_Acc_ActivityCreation/Select_BuildingBlock' is clicked on

2020-08-20 08:42:23 - [MESSAGE][PASSED] - All options with label 'Data Consistency Verification' are selected in object 'Object Repository/Pro_Acc_Configuration/Pro_Acc_ActivityCreation/Select_BuildingBlock'  using regular expression

2020-08-20 08:42:24 - [MESSAGE][PASSED] - Object: 'Object Repository/Pro_Acc_Configuration/Pro_Acc_ActivityCreation/SelectEstHrs' is clicked on

2020-08-20 08:42:24 - [MESSAGE][PASSED] - Text '11:34' is set on object 'Object Repository/Pro_Acc_Configuration/Pro_Acc_ActivityCreation/SelectEstHrs'

2020-08-20 08:42:27 - [MESSAGE][PASSED] - Delayed 3 second(s)

2020-08-20 08:42:28 - [MESSAGE][PASSED] - Object: 'Object Repository/Pro_Acc_Configuration/Pro_Acc_ActivityCreation/btn_ActivityCreate' is clicked on

2020-08-20 08:42:31 - [MESSAGE][PASSED] - Delayed 3 second(s)

2020-08-20 08:42:33 - [MESSAGE][PASSED] - Delayed 2 second(s)

2020-08-20 08:42:34 - [MESSAGE][FAILED] - Unable to click on object 'Object Repository/Pro_Acc_Configuration/Pro_Acc_ActivityCreation/button_Save' (Root cause: com.kms.katalon.core.exception.StepFailedException: Unable to click on object 'Object Repository/Pro_Acc_Configuration/Pro_Acc_ActivityCreation/button_Save'
	at com.kms.katalon.core.webui.keyword.internal.WebUIKeywordMain.stepFailed(WebUIKeywordMain.groovy:64)
	at com.kms.katalon.core.webui.keyword.internal.WebUIKeywordMain.runKeyword(WebUIKeywordMain.groovy:26)
	at com.kms.katalon.core.webui.keyword.builtin.ClickKeyword.click(ClickKeyword.groovy:76)
	at com.kms.katalon.core.webui.keyword.builtin.ClickKeyword.execute(ClickKeyword.groovy:43)
	at com.kms.katalon.core.keyword.internal.KeywordExecutor.executeKeywordForPlatform(KeywordExecutor.groovy:73)
	at com.kms.katalon.core.webui.keyword.WebUiBuiltInKeywords.click(WebUiBuiltInKeywords.groovy:616)
	at com.kms.katalon.core.webui.keyword.WebUiBuiltInKeywords$click$3.call(Unknown Source)
	at proAcc_Stepdef.ActivityCreation_StepDef.user_has_to_click_on_create_button_for_create_activity_and_need_to_select_task(ActivityCreation_StepDef.groovy:138)
	at cucumber.runtime.Utils$1.call(Utils.java:26)
	at cucumber.runtime.Timeout.timeout(Timeout.java:16)
	at cucumber.runtime.Utils.invoke(Utils.java:20)
	at cucumber.runtime.java.JavaStepDefinition.execute(JavaStepDefinition.java:48)
	at cucumber.runtime.PickleStepDefinitionMatch.runStep(PickleStepDefinitionMatch.java:50)
	at cucumber.runner.TestStep.executeStep(TestStep.java:55)
	at cucumber.runner.TestStep.run(TestStep.java:42)
	at cucumber.runner.PickleStepTestStep.run(PickleStepTestStep.java:53)
	at cucumber.runner.TestCase.run(TestCase.java:47)
	at cucumber.runner.Runner.runPickle(Runner.java:44)
	at cucumber.runtime.junit.PickleRunners$NoStepDescriptions.run(PickleRunners.java:140)
	at cucumber.runtime.junit.FeatureRunner.runChild(FeatureRunner.java:68)
	at cucumber.runtime.junit.FeatureRunner.runChild(FeatureRunner.java:23)
	at org.junit.runners.ParentRunner$3.run(ParentRunner.java:290)
	at org.junit.runners.ParentRunner$1.schedule(ParentRunner.java:71)
	at org.junit.runners.ParentRunner.runChildren(ParentRunner.java:288)
	at org.junit.runners.ParentRunner.access$000(ParentRunner.java:58)
	at org.junit.runners.ParentRunner$2.evaluate(ParentRunner.java:268)
	at org.junit.runners.ParentRunner.run(ParentRunner.java:363)
	at cucumber.runtime.junit.FeatureRunner.run(FeatureRunner.java:73)
	at cucumber.api.junit.Cucumber.runChild(Cucumber.java:98)
	at cucumber.api.junit.Cucumber.runChild(Cucumber.java:55)
	at org.junit.runners.ParentRunner$3.run(ParentRunner.java:290)
	at org.junit.runners.ParentRunner$1.schedule(ParentRunner.java:71)
	at org.junit.runners.ParentRunner.runChildren(ParentRunner.java:288)
	at org.junit.runners.ParentRunner.access$000(ParentRunner.java:58)
	at org.junit.runners.ParentRunner$2.evaluate(ParentRunner.java:268)
	at cucumber.api.junit.Cucumber$1.evaluate(Cucumber.java:107)
	at org.junit.runners.ParentRunner.run(ParentRunner.java:363)
	at org.junit.runners.Suite.runChild(Suite.java:128)
	at org.junit.runners.Suite.runChild(Suite.java:27)
	at org.junit.runners.ParentRunner$3.run(ParentRunner.java:290)
	at org.junit.runners.ParentRunner$1.schedule(ParentRunner.java:71)
	at org.junit.runners.ParentRunner.runChildren(ParentRunner.java:288)
	at org.junit.runners.ParentRunner.access$000(ParentRunner.java:58)
	at org.junit.runners.ParentRunner$2.evaluate(ParentRunner.java:268)
	at org.junit.runners.ParentRunner.run(ParentRunner.java:363)
	at org.junit.runner.JUnitCore.run(JUnitCore.java:137)
	at org.junit.runner.JUnitCore.run(JUnitCore.java:115)
	at org.junit.runner.JUnitCore.run(JUnitCore.java:105)
	at com.kms.katalon.core.cucumber.keyword.CucumberBuiltinKeywords$_runWithCucumberRunner_closure5.doCall(CucumberBuiltinKeywords.groovy:430)
	at com.kms.katalon.core.cucumber.keyword.CucumberBuiltinKeywords$_runWithCucumberRunner_closure5.doCall(CucumberBuiltinKeywords.groovy)
	at com.kms.katalon.core.keyword.internal.KeywordMain.runKeyword(KeywordMain.groovy:68)
	at com.kms.katalon.core.keyword.internal.KeywordMain$runKeyword.call(Unknown Source)
	at com.kms.katalon.core.cucumber.keyword.CucumberBuiltinKeywords.runWithCucumberRunner(CucumberBuiltinKeywords.groovy:427)
	at com.kms.katalon.core.cucumber.keyword.CucumberBuiltinKeywords$runWithCucumberRunner$0.callStatic(Unknown Source)
	at com.kms.katalon.core.cucumber.keyword.CucumberBuiltinKeywords.runWithCucumberRunner(CucumberBuiltinKeywords.groovy:527)
	at com.kms.katalon.core.cucumber.keyword.CucumberBuiltinKeywords$runWithCucumberRunner.call(Unknown Source)
	at TC_ActivityCreation.run(TC_ActivityCreation:20)
	at com.kms.katalon.core.main.ScriptEngine.run(ScriptEngine.java:194)
	at com.kms.katalon.core.main.ScriptEngine.runScriptAsRawText(ScriptEngine.java:119)
	at com.kms.katalon.core.main.TestCaseExecutor.runScript(TestCaseExecutor.java:339)
	at com.kms.katalon.core.main.TestCaseExecutor.doExecute(TestCaseExecutor.java:330)
	at com.kms.katalon.core.main.TestCaseExecutor.processExecutionPhase(TestCaseExecutor.java:309)
	at com.kms.katalon.core.main.TestCaseExecutor.accessMainPhase(TestCaseExecutor.java:301)
	at com.kms.katalon.core.main.TestCaseExecutor.execute(TestCaseExecutor.java:235)
	at com.kms.katalon.core.main.TestSuiteExecutor.accessTestCaseMainPhase(TestSuiteExecutor.java:191)
	at com.kms.katalon.core.main.TestSuiteExecutor.accessTestSuiteMainPhase(TestSuiteExecutor.java:141)
	at com.kms.katalon.core.main.TestSuiteExecutor.execute(TestSuiteExecutor.java:90)
	at com.kms.katalon.core.main.TestCaseMain.startTestSuite(TestCaseMain.java:157)
	at com.kms.katalon.core.main.TestCaseMain$startTestSuite$0.call(Unknown Source)
	at TempTestSuite1597892737885.run(TempTestSuite1597892737885.groovy:39)
Caused by: org.openqa.selenium.ElementNotInteractableException: element not interactable
  (Session info: chrome=84.0.4147.125)
Build info: version: '3.141.59', revision: 'e82be7d358', time: '2018-11-14T08:25:53'
System info: host: 'GROUP10-PC', ip: '192.168.43.206', os.name: 'Windows 7', os.arch: 'x86', os.version: '6.1', java.version: '1.8.0_181'
Driver info: com.kms.katalon.selenium.driver.CChromeDriver
Capabilities {acceptInsecureCerts: false, browserName: chrome, browserVersion: 84.0.4147.125, chrome: {chromedriverVersion: 83.0.4103.39 (ccbf011cb2d2b..., userDataDir: C:\Users\Group10\AppData\Lo...}, goog:chromeOptions: {debuggerAddress: localhost:60451}, javascriptEnabled: true, networkConnectionEnabled: false, pageLoadStrategy: normal, platform: WINDOWS, platformName: WINDOWS, proxy: Proxy(), setWindowRect: true, strictFileInteractability: false, timeouts: {implicit: 0, pageLoad: 300000, script: 30000}, unhandledPromptBehavior: dismiss and notify, webauthn:virtualAuthenticators: true}
Session ID: b0fce5a45e027dcd10cfdaded3ddafd5
	at org.openqa.selenium.remote.http.W3CHttpResponseCodec.createException(W3CHttpResponseCodec.java:187)
	at org.openqa.selenium.remote.http.W3CHttpResponseCodec.decode(W3CHttpResponseCodec.java:122)
	at org.openqa.selenium.remote.http.W3CHttpResponseCodec.decode(W3CHttpResponseCodec.java:49)
	at org.openqa.selenium.remote.HttpCommandExecutor.execute(HttpCommandExecutor.java:158)
	at org.openqa.selenium.remote.service.DriverCommandExecutor.execute(DriverCommandExecutor.java:83)
	at org.openqa.selenium.remote.RemoteWebDriver.execute(RemoteWebDriver.java:552)
	at com.kms.katalon.selenium.driver.CChromeDriver.execute(CChromeDriver.java:19)
	at org.openqa.selenium.remote.RemoteWebElement.execute(RemoteWebElement.java:285)
	at org.openqa.selenium.remote.RemoteWebElement.click(RemoteWebElement.java:84)
	at org.openqa.selenium.support.events.EventFiringWebDriver$EventFiringWebElement.lambda$new$0(EventFiringWebDriver.java:404)
	at com.sun.proxy.$Proxy23.click(Unknown Source)
	at org.openqa.selenium.support.events.EventFiringWebDriver$EventFiringWebElement.click(EventFiringWebDriver.java:417)
	at com.kms.katalon.core.webui.keyword.builtin.ClickKeyword$_click_closure1.doCall(ClickKeyword.groovy:69)
	at com.kms.katalon.core.webui.keyword.builtin.ClickKeyword$_click_closure1.call(ClickKeyword.groovy)
	at com.kms.katalon.core.webui.keyword.internal.WebUIKeywordMain.runKeyword(WebUIKeywordMain.groovy:20)
	at com.kms.katalon.core.webui.keyword.builtin.ClickKeyword.click(ClickKeyword.groovy:76)
	at com.kms.katalon.core.webui.keyword.builtin.ClickKeyword.execute(ClickKeyword.groovy:43)
	at com.kms.katalon.core.keyword.internal.KeywordExecutor.executeKeywordForPlatform(KeywordExecutor.groovy:73)
	at com.kms.katalon.core.webui.keyword.WebUiBuiltInKeywords.click(WebUiBuiltInKeywords.groovy:616)
	at com.kms.katalon.core.webui.keyword.WebUiBuiltInKeywords$click$3.call(Unknown Source)
	at proAcc_Stepdef.ActivityCreation_StepDef.user_has_to_click_on_create_button_for_create_activity_and_need_to_select_task(ActivityCreation_StepDef.groovy:138)
	at cucumber.runtime.Utils$1.call(Utils.java:26)
	at cucumber.runtime.Timeout.timeout(Timeout.java:16)
	at cucumber.runtime.Utils.invoke(Utils.java:20)
	at cucumber.runtime.java.JavaStepDefinition.execute(JavaStepDefinition.java:48)
	at cucumber.runtime.PickleStepDefinitionMatch.runStep(PickleStepDefinitionMatch.java:50)
	at cucumber.runner.TestStep.executeStep(TestStep.java:55)
	at cucumber.runner.TestStep.run(TestStep.java:42)
	at cucumber.runner.PickleStepTestStep.run(PickleStepTestStep.java:53)
	at cucumber.runner.TestCase.run(TestCase.java:47)
	at cucumber.runner.Runner.runPickle(Runner.java:44)
	at cucumber.runtime.junit.PickleRunners$NoStepDescriptions.run(PickleRunners.java:140)
	at cucumber.runtime.junit.FeatureRunner.runChild(FeatureRunner.java:68)
	at cucumber.runtime.junit.FeatureRunner.runChild(FeatureRunner.java:23)
	at org.junit.runners.ParentRunner$3.run(ParentRunner.java:290)
	at org.junit.runners.ParentRunner$1.schedule(ParentRunner.java:71)
	at org.junit.runners.ParentRunner.runChildren(ParentRunner.java:288)
	at org.junit.runners.ParentRunner.access$000(ParentRunner.java:58)
	at org.junit.runners.ParentRunner$2.evaluate(ParentRunner.java:268)
	at org.junit.runners.ParentRunner.run(ParentRunner.java:363)
	at cucumber.runtime.junit.FeatureRunner.run(FeatureRunner.java:73)
	at cucumber.api.junit.Cucumber.runChild(Cucumber.java:98)
	at cucumber.api.junit.Cucumber.runChild(Cucumber.java:55)
	at org.junit.runners.ParentRunner$3.run(ParentRunner.java:290)
	at org.junit.runners.ParentRunner$1.schedule(ParentRunner.java:71)
	at org.junit.runners.ParentRunner.runChildren(ParentRunner.java:288)
	at org.junit.runners.ParentRunner.access$000(ParentRunner.java:58)
	at org.junit.runners.ParentRunner$2.evaluate(ParentRunner.java:268)
	at cucumber.api.junit.Cucumber$1.evaluate(Cucumber.java:107)
	at org.junit.runners.ParentRunner.run(ParentRunner.java:363)
	at org.junit.runners.Suite.runChild(Suite.java:128)
	at org.junit.runners.Suite.runChild(Suite.java:27)
	at org.junit.runners.ParentRunner$3.run(ParentRunner.java:290)
	at org.junit.runners.ParentRunner$1.schedule(ParentRunner.java:71)
	at org.junit.runners.ParentRunner.runChildren(ParentRunner.java:288)
	at org.junit.runners.ParentRunner.access$000(ParentRunner.java:58)
	at org.junit.runners.ParentRunner$2.evaluate(ParentRunner.java:268)
	at org.junit.runners.ParentRunner.run(ParentRunner.java:363)
	at org.junit.runner.JUnitCore.run(JUnitCore.java:137)
	at org.junit.runner.JUnitCore.run(JUnitCore.java:115)
	at org.junit.runner.JUnitCore.run(JUnitCore.java:105)
	at com.kms.katalon.core.cucumber.keyword.CucumberBuiltinKeywords$_runWithCucumberRunner_closure5.doCall(CucumberBuiltinKeywords.groovy:430)
	at com.kms.katalon.core.cucumber.keyword.CucumberBuiltinKeywords$_runWithCucumberRunner_closure5.doCall(CucumberBuiltinKeywords.groovy)
	at com.kms.katalon.core.keyword.internal.KeywordMain.runKeyword(KeywordMain.groovy:68)
	at com.kms.katalon.core.keyword.internal.KeywordMain$runKeyword.call(Unknown Source)
	at com.kms.katalon.core.cucumber.keyword.CucumberBuiltinKeywords.runWithCucumberRunner(CucumberBuiltinKeywords.groovy:427)
	at com.kms.katalon.core.cucumber.keyword.CucumberBuiltinKeywords$runWithCucumberRunner$0.callStatic(Unknown Source)
	at com.kms.katalon.core.cucumber.keyword.CucumberBuiltinKeywords.runWithCucumberRunner(CucumberBuiltinKeywords.groovy:527)
	at com.kms.katalon.core.cucumber.keyword.CucumberBuiltinKeywords$runWithCucumberRunner.call(Unknown Source)
	at Script1591008480625.run(Script1591008480625.groovy:20)
	... 13 more
)
[[ATTACHMENT|C:\\Users\\Group10\\Desktop\\New folder (2)\\ProAcc_Automation_Latest\\ProAcc_Automation_Latest\\Reports\\20200820_083537\\ProAcc_Suite\\20200820_083537\\1597893153657.png]]

2020-08-20 08:42:34 - [MESSAGE][PASSED] - Taking screenshot successfully
[[ATTACHMENT|C:\\Users\\Group10\\Desktop\\New folder (2)\\ProAcc_Automation_Latest\\ProAcc_Automation_Latest\\screenshots\\Thu_Aug_20_08_42_34_IST_2020.png]]

2020-08-20 08:42:37 - [MESSAGE][PASSED] - Delayed 3 second(s)

2020-08-20 08:42:39 - [MESSAGE][PASSED] - Text 'Alexa Custom Code Pre_Conversion' is set on object 'Object Repository/Pro_Acc_Configuration/Pro_Acc_ActivityCreation/input_SearchActivity'

2020-08-20 08:42:42 - [MESSAGE][PASSED] - Delayed 3 second(s)

2020-08-20 08:42:42 - [MESSAGE][WARNING] - Test object with id 'Object Repository/Pro_Acc_UserSettings/Pro_Acc_Create Customer/verify_customer' does not exist

2020-08-20 08:42:42 - [MESSAGE][WARNING] - Test object with id 'Object Repository/' does not exist

2020-08-20 08:42:42 - [MESSAGE][FAILED] - Unable to get text of object (Root cause: com.kms.katalon.core.exception.StepFailedException: Unable to get text of object
	at com.kms.katalon.core.webui.keyword.internal.WebUIKeywordMain.stepFailed(WebUIKeywordMain.groovy:64)
	at com.kms.katalon.core.webui.keyword.internal.WebUIKeywordMain.runKeyword(WebUIKeywordMain.groovy:26)
	at com.kms.katalon.core.webui.keyword.builtin.GetTextKeyword.getText(GetTextKeyword.groovy:88)
	at com.kms.katalon.core.webui.keyword.builtin.GetTextKeyword.execute(GetTextKeyword.groovy:67)
	at com.kms.katalon.core.keyword.internal.KeywordExecutor.executeKeywordForPlatform(KeywordExecutor.groovy:73)
	at com.kms.katalon.core.webui.keyword.WebUiBuiltInKeywords.getText(WebUiBuiltInKeywords.groovy:914)
	at com.kms.katalon.core.webui.keyword.WebUiBuiltInKeywords$getText$7.call(Unknown Source)
	at proAcc_Stepdef.ActivityCreation_StepDef.user_can_search_for_created_activity_in_list(ActivityCreation_StepDef.groovy:158)
	at cucumber.runtime.Utils$1.call(Utils.java:26)
	at cucumber.runtime.Timeout.timeout(Timeout.java:16)
	at cucumber.runtime.Utils.invoke(Utils.java:20)
	at cucumber.runtime.java.JavaStepDefinition.execute(JavaStepDefinition.java:48)
	at cucumber.runtime.PickleStepDefinitionMatch.runStep(PickleStepDefinitionMatch.java:50)
	at cucumber.runner.TestStep.executeStep(TestStep.java:55)
	at cucumber.runner.TestStep.run(TestStep.java:42)
	at cucumber.runner.PickleStepTestStep.run(PickleStepTestStep.java:53)
	at cucumber.runner.TestCase.run(TestCase.java:47)
	at cucumber.runner.Runner.runPickle(Runner.java:44)
	at cucumber.runtime.junit.PickleRunners$NoStepDescriptions.run(PickleRunners.java:140)
	at cucumber.runtime.junit.FeatureRunner.runChild(FeatureRunner.java:68)
	at cucumber.runtime.junit.FeatureRunner.runChild(FeatureRunner.java:23)
	at org.junit.runners.ParentRunner$3.run(ParentRunner.java:290)
	at org.junit.runners.ParentRunner$1.schedule(ParentRunner.java:71)
	at org.junit.runners.ParentRunner.runChildren(ParentRunner.java:288)
	at org.junit.runners.ParentRunner.access$000(ParentRunner.java:58)
	at org.junit.runners.ParentRunner$2.evaluate(ParentRunner.java:268)
	at org.junit.runners.ParentRunner.run(ParentRunner.java:363)
	at cucumber.runtime.junit.FeatureRunner.run(FeatureRunner.java:73)
	at cucumber.api.junit.Cucumber.runChild(Cucumber.java:98)
	at cucumber.api.junit.Cucumber.runChild(Cucumber.java:55)
	at org.junit.runners.ParentRunner$3.run(ParentRunner.java:290)
	at org.junit.runners.ParentRunner$1.schedule(ParentRunner.java:71)
	at org.junit.runners.ParentRunner.runChildren(ParentRunner.java:288)
	at org.junit.runners.ParentRunner.access$000(ParentRunner.java:58)
	at org.junit.runners.ParentRunner$2.evaluate(ParentRunner.java:268)
	at cucumber.api.junit.Cucumber$1.evaluate(Cucumber.java:107)
	at org.junit.runners.ParentRunner.run(ParentRunner.java:363)
	at org.junit.runners.Suite.runChild(Suite.java:128)
	at org.junit.runners.Suite.runChild(Suite.java:27)
	at org.junit.runners.ParentRunner$3.run(ParentRunner.java:290)
	at org.junit.runners.ParentRunner$1.schedule(ParentRunner.java:71)
	at org.junit.runners.ParentRunner.runChildren(ParentRunner.java:288)
	at org.junit.runners.ParentRunner.access$000(ParentRunner.java:58)
	at org.junit.runners.ParentRunner$2.evaluate(ParentRunner.java:268)
	at org.junit.runners.ParentRunner.run(ParentRunner.java:363)
	at org.junit.runner.JUnitCore.run(JUnitCore.java:137)
	at org.junit.runner.JUnitCore.run(JUnitCore.java:115)
	at org.junit.runner.JUnitCore.run(JUnitCore.java:105)
	at com.kms.katalon.core.cucumber.keyword.CucumberBuiltinKeywords$_runWithCucumberRunner_closure5.doCall(CucumberBuiltinKeywords.groovy:430)
	at com.kms.katalon.core.cucumber.keyword.CucumberBuiltinKeywords$_runWithCucumberRunner_closure5.doCall(CucumberBuiltinKeywords.groovy)
	at com.kms.katalon.core.keyword.internal.KeywordMain.runKeyword(KeywordMain.groovy:68)
	at com.kms.katalon.core.keyword.internal.KeywordMain$runKeyword.call(Unknown Source)
	at com.kms.katalon.core.cucumber.keyword.CucumberBuiltinKeywords.runWithCucumberRunner(CucumberBuiltinKeywords.groovy:427)
	at com.kms.katalon.core.cucumber.keyword.CucumberBuiltinKeywords$runWithCucumberRunner$0.callStatic(Unknown Source)
	at com.kms.katalon.core.cucumber.keyword.CucumberBuiltinKeywords.runWithCucumberRunner(CucumberBuiltinKeywords.groovy:527)
	at com.kms.katalon.core.cucumber.keyword.CucumberBuiltinKeywords$runWithCucumberRunner.call(Unknown Source)
	at TC_ActivityCreation.run(TC_ActivityCreation:20)
	at com.kms.katalon.core.main.ScriptEngine.run(ScriptEngine.java:194)
	at com.kms.katalon.core.main.ScriptEngine.runScriptAsRawText(ScriptEngine.java:119)
	at com.kms.katalon.core.main.TestCaseExecutor.runScript(TestCaseExecutor.java:339)
	at com.kms.katalon.core.main.TestCaseExecutor.doExecute(TestCaseExecutor.java:330)
	at com.kms.katalon.core.main.TestCaseExecutor.processExecutionPhase(TestCaseExecutor.java:309)
	at com.kms.katalon.core.main.TestCaseExecutor.accessMainPhase(TestCaseExecutor.java:301)
	at com.kms.katalon.core.main.TestCaseExecutor.execute(TestCaseExecutor.java:235)
	at com.kms.katalon.core.main.TestSuiteExecutor.accessTestCaseMainPhase(TestSuiteExecutor.java:191)
	at com.kms.katalon.core.main.TestSuiteExecutor.accessTestSuiteMainPhase(TestSuiteExecutor.java:141)
	at com.kms.katalon.core.main.TestSuiteExecutor.execute(TestSuiteExecutor.java:90)
	at com.kms.katalon.core.main.TestCaseMain.startTestSuite(TestCaseMain.java:157)
	at com.kms.katalon.core.main.TestCaseMain$startTestSuite$0.call(Unknown Source)
	at TempTestSuite1597892737885.run(TempTestSuite1597892737885.groovy:39)
Caused by: java.lang.IllegalArgumentException: Object is null
	at com.kms.katalon.core.helper.KeywordHelper.checkTestObjectParameter(KeywordHelper.java:33)
	at com.kms.katalon.core.webui.keyword.builtin.GetTextKeyword$_getText_closure1.doCall(GetTextKeyword.groovy:76)
	at com.kms.katalon.core.webui.keyword.builtin.GetTextKeyword$_getText_closure1.call(GetTextKeyword.groovy)
	at com.kms.katalon.core.webui.keyword.internal.WebUIKeywordMain.runKeyword(WebUIKeywordMain.groovy:20)
	at com.kms.katalon.core.webui.keyword.builtin.GetTextKeyword.getText(GetTextKeyword.groovy:88)
	at com.kms.katalon.core.webui.keyword.builtin.GetTextKeyword.execute(GetTextKeyword.groovy:67)
	at com.kms.katalon.core.keyword.internal.KeywordExecutor.executeKeywordForPlatform(KeywordExecutor.groovy:73)
	at com.kms.katalon.core.webui.keyword.WebUiBuiltInKeywords.getText(WebUiBuiltInKeywords.groovy:914)
	at com.kms.katalon.core.webui.keyword.WebUiBuiltInKeywords$getText$7.call(Unknown Source)
	at proAcc_Stepdef.ActivityCreation_StepDef.user_can_search_for_created_activity_in_list(ActivityCreation_StepDef.groovy:158)
	at cucumber.runtime.Utils$1.call(Utils.java:26)
	at cucumber.runtime.Timeout.timeout(Timeout.java:16)
	at cucumber.runtime.Utils.invoke(Utils.java:20)
	at cucumber.runtime.java.JavaStepDefinition.execute(JavaStepDefinition.java:48)
	at cucumber.runtime.PickleStepDefinitionMatch.runStep(PickleStepDefinitionMatch.java:50)
	at cucumber.runner.TestStep.executeStep(TestStep.java:55)
	at cucumber.runner.TestStep.run(TestStep.java:42)
	at cucumber.runner.PickleStepTestStep.run(PickleStepTestStep.java:53)
	at cucumber.runner.TestCase.run(TestCase.java:47)
	at cucumber.runner.Runner.runPickle(Runner.java:44)
	at cucumber.runtime.junit.PickleRunners$NoStepDescriptions.run(PickleRunners.java:140)
	at cucumber.runtime.junit.FeatureRunner.runChild(FeatureRunner.java:68)
	at cucumber.runtime.junit.FeatureRunner.runChild(FeatureRunner.java:23)
	at org.junit.runners.ParentRunner$3.run(ParentRunner.java:290)
	at org.junit.runners.ParentRunner$1.schedule(ParentRunner.java:71)
	at org.junit.runners.ParentRunner.runChildren(ParentRunner.java:288)
	at org.junit.runners.ParentRunner.access$000(ParentRunner.java:58)
	at org.junit.runners.ParentRunner$2.evaluate(ParentRunner.java:268)
	at org.junit.runners.ParentRunner.run(ParentRunner.java:363)
	at cucumber.runtime.junit.FeatureRunner.run(FeatureRunner.java:73)
	at cucumber.api.junit.Cucumber.runChild(Cucumber.java:98)
	at cucumber.api.junit.Cucumber.runChild(Cucumber.java:55)
	at org.junit.runners.ParentRunner$3.run(ParentRunner.java:290)
	at org.junit.runners.ParentRunner$1.schedule(ParentRunner.java:71)
	at org.junit.runners.ParentRunner.runChildren(ParentRunner.java:288)
	at org.junit.runners.ParentRunner.access$000(ParentRunner.java:58)
	at org.junit.runners.ParentRunner$2.evaluate(ParentRunner.java:268)
	at cucumber.api.junit.Cucumber$1.evaluate(Cucumber.java:107)
	at org.junit.runners.ParentRunner.run(ParentRunner.java:363)
	at org.junit.runners.Suite.runChild(Suite.java:128)
	at org.junit.runners.Suite.runChild(Suite.java:27)
	at org.junit.runners.ParentRunner$3.run(ParentRunner.java:290)
	at org.junit.runners.ParentRunner$1.schedule(ParentRunner.java:71)
	at org.junit.runners.ParentRunner.runChildren(ParentRunner.java:288)
	at org.junit.runners.ParentRunner.access$000(ParentRunner.java:58)
	at org.junit.runners.ParentRunner$2.evaluate(ParentRunner.java:268)
	at org.junit.runners.ParentRunner.run(ParentRunner.java:363)
	at org.junit.runner.JUnitCore.run(JUnitCore.java:137)
	at org.junit.runner.JUnitCore.run(JUnitCore.java:115)
	at org.junit.runner.JUnitCore.run(JUnitCore.java:105)
	at com.kms.katalon.core.cucumber.keyword.CucumberBuiltinKeywords$_runWithCucumberRunner_closure5.doCall(CucumberBuiltinKeywords.groovy:430)
	at com.kms.katalon.core.cucumber.keyword.CucumberBuiltinKeywords$_runWithCucumberRunner_closure5.doCall(CucumberBuiltinKeywords.groovy)
	at com.kms.katalon.core.keyword.internal.KeywordMain.runKeyword(KeywordMain.groovy:68)
	at com.kms.katalon.core.keyword.internal.KeywordMain$runKeyword.call(Unknown Source)
	at com.kms.katalon.core.cucumber.keyword.CucumberBuiltinKeywords.runWithCucumberRunner(CucumberBuiltinKeywords.groovy:427)
	at com.kms.katalon.core.cucumber.keyword.CucumberBuiltinKeywords$runWithCucumberRunner$0.callStatic(Unknown Source)
	at com.kms.katalon.core.cucumber.keyword.CucumberBuiltinKeywords.runWithCucumberRunner(CucumberBuiltinKeywords.groovy:527)
	at com.kms.katalon.core.cucumber.keyword.CucumberBuiltinKeywords$runWithCucumberRunner.call(Unknown Source)
	at Script1591008480625.run(Script1591008480625.groovy:20)
	... 13 more
)
[[ATTACHMENT|C:\\Users\\Group10\\Desktop\\New folder (2)\\ProAcc_Automation_Latest\\ProAcc_Automation_Latest\\Reports\\20200820_083537\\ProAcc_Suite\\20200820_083537\\1597893162194.png]]

2020-08-20 08:42:43 - [MESSAGE][PASSED] - Taking screenshot successfully
[[ATTACHMENT|C:\\Users\\Group10\\Desktop\\New folder (2)\\ProAcc_Automation_Latest\\ProAcc_Automation_Latest\\screenshots\\Thu_Aug_20_08_42_42_IST_2020.png]]

2020-08-20 08:42:43 - [MESSAGE][PASSED] - Object: 'Object Repository/Pro_Acc_Configuration/Pro_Acc_CreateInstance/a_Configuration' is clicked on

2020-08-20 08:42:46 - [MESSAGE][PASSED] - Text 'Alexa Custom Code Conversion' is set on object 'Object Repository/Pro_Acc_Configuration/Pro_Acc_ActivityCreation/input_Task'

2020-08-20 08:42:48 - [MESSAGE][PASSED] - All options with label 'Technical - Security' are selected in object 'Object Repository/Pro_Acc_Configuration/Pro_Acc_ActivityCreation/input_ApplicationArea'  using regular expression

2020-08-20 08:42:49 - [MESSAGE][PASSED] - All options with label 'Conversion' are selected in object 'Object Repository/Pro_Acc_Configuration/Pro_Acc_ActivityCreation/select_Select Phase'  using regular expression

2020-08-20 08:42:50 - [MESSAGE][PASSED] - All options with label 'BASIS' are selected in object 'Object Repository/Pro_Acc_Configuration/Pro_Acc_ActivityCreation/select_Select Role'  using regular expression

2020-08-20 08:42:50 - [MESSAGE][PASSED] - Object: 'Object Repository/Pro_Acc_Configuration/Pro_Acc_ActivityCreation/Select_BuildingBlock' is clicked on

2020-08-20 08:42:52 - [MESSAGE][PASSED] - All options with label 'Custom Adoption' are selected in object 'Object Repository/Pro_Acc_Configuration/Pro_Acc_ActivityCreation/Select_BuildingBlock'  using regular expression

2020-08-20 08:42:52 - [MESSAGE][PASSED] - Object: 'Object Repository/Pro_Acc_Configuration/Pro_Acc_ActivityCreation/SelectEstHrs' is clicked on

2020-08-20 08:42:53 - [MESSAGE][PASSED] - Text '12:34' is set on object 'Object Repository/Pro_Acc_Configuration/Pro_Acc_ActivityCreation/SelectEstHrs'

2020-08-20 08:42:56 - [MESSAGE][PASSED] - Delayed 3 second(s)

2020-08-20 08:42:56 - [MESSAGE][PASSED] - Object: 'Object Repository/Pro_Acc_Configuration/Pro_Acc_ActivityCreation/btn_ActivityCreate' is clicked on

2020-08-20 08:42:59 - [MESSAGE][PASSED] - Delayed 3 second(s)

2020-08-20 08:43:01 - [MESSAGE][PASSED] - Delayed 2 second(s)

2020-08-20 08:43:02 - [MESSAGE][FAILED] - Unable to click on object 'Object Repository/Pro_Acc_Configuration/Pro_Acc_ActivityCreation/button_Save' (Root cause: com.kms.katalon.core.exception.StepFailedException: Unable to click on object 'Object Repository/Pro_Acc_Configuration/Pro_Acc_ActivityCreation/button_Save'
	at com.kms.katalon.core.webui.keyword.internal.WebUIKeywordMain.stepFailed(WebUIKeywordMain.groovy:64)
	at com.kms.katalon.core.webui.keyword.internal.WebUIKeywordMain.runKeyword(WebUIKeywordMain.groovy:26)
	at com.kms.katalon.core.webui.keyword.builtin.ClickKeyword.click(ClickKeyword.groovy:76)
	at com.kms.katalon.core.webui.keyword.builtin.ClickKeyword.execute(ClickKeyword.groovy:43)
	at com.kms.katalon.core.keyword.internal.KeywordExecutor.executeKeywordForPlatform(KeywordExecutor.groovy:73)
	at com.kms.katalon.core.webui.keyword.WebUiBuiltInKeywords.click(WebUiBuiltInKeywords.groovy:616)
	at com.kms.katalon.core.webui.keyword.WebUiBuiltInKeywords$click$3.call(Unknown Source)
	at proAcc_Stepdef.ActivityCreation_StepDef.user_has_to_click_on_create_button_for_create_activity_and_need_to_select_task(ActivityCreation_StepDef.groovy:138)
	at cucumber.runtime.Utils$1.call(Utils.java:26)
	at cucumber.runtime.Timeout.timeout(Timeout.java:16)
	at cucumber.runtime.Utils.invoke(Utils.java:20)
	at cucumber.runtime.java.JavaStepDefinition.execute(JavaStepDefinition.java:48)
	at cucumber.runtime.PickleStepDefinitionMatch.runStep(PickleStepDefinitionMatch.java:50)
	at cucumber.runner.TestStep.executeStep(TestStep.java:55)
	at cucumber.runner.TestStep.run(TestStep.java:42)
	at cucumber.runner.PickleStepTestStep.run(PickleStepTestStep.java:53)
	at cucumber.runner.TestCase.run(TestCase.java:47)
	at cucumber.runner.Runner.runPickle(Runner.java:44)
	at cucumber.runtime.junit.PickleRunners$NoStepDescriptions.run(PickleRunners.java:140)
	at cucumber.runtime.junit.FeatureRunner.runChild(FeatureRunner.java:68)
	at cucumber.runtime.junit.FeatureRunner.runChild(FeatureRunner.java:23)
	at org.junit.runners.ParentRunner$3.run(ParentRunner.java:290)
	at org.junit.runners.ParentRunner$1.schedule(ParentRunner.java:71)
	at org.junit.runners.ParentRunner.runChildren(ParentRunner.java:288)
	at org.junit.runners.ParentRunner.access$000(ParentRunner.java:58)
	at org.junit.runners.ParentRunner$2.evaluate(ParentRunner.java:268)
	at org.junit.runners.ParentRunner.run(ParentRunner.java:363)
	at cucumber.runtime.junit.FeatureRunner.run(FeatureRunner.java:73)
	at cucumber.api.junit.Cucumber.runChild(Cucumber.java:98)
	at cucumber.api.junit.Cucumber.runChild(Cucumber.java:55)
	at org.junit.runners.ParentRunner$3.run(ParentRunner.java:290)
	at org.junit.runners.ParentRunner$1.schedule(ParentRunner.java:71)
	at org.junit.runners.ParentRunner.runChildren(ParentRunner.java:288)
	at org.junit.runners.ParentRunner.access$000(ParentRunner.java:58)
	at org.junit.runners.ParentRunner$2.evaluate(ParentRunner.java:268)
	at cucumber.api.junit.Cucumber$1.evaluate(Cucumber.java:107)
	at org.junit.runners.ParentRunner.run(ParentRunner.java:363)
	at org.junit.runners.Suite.runChild(Suite.java:128)
	at org.junit.runners.Suite.runChild(Suite.java:27)
	at org.junit.runners.ParentRunner$3.run(ParentRunner.java:290)
	at org.junit.runners.ParentRunner$1.schedule(ParentRunner.java:71)
	at org.junit.runners.ParentRunner.runChildren(ParentRunner.java:288)
	at org.junit.runners.ParentRunner.access$000(ParentRunner.java:58)
	at org.junit.runners.ParentRunner$2.evaluate(ParentRunner.java:268)
	at org.junit.runners.ParentRunner.run(ParentRunner.java:363)
	at org.junit.runner.JUnitCore.run(JUnitCore.java:137)
	at org.junit.runner.JUnitCore.run(JUnitCore.java:115)
	at org.junit.runner.JUnitCore.run(JUnitCore.java:105)
	at com.kms.katalon.core.cucumber.keyword.CucumberBuiltinKeywords$_runWithCucumberRunner_closure5.doCall(CucumberBuiltinKeywords.groovy:430)
	at com.kms.katalon.core.cucumber.keyword.CucumberBuiltinKeywords$_runWithCucumberRunner_closure5.doCall(CucumberBuiltinKeywords.groovy)
	at com.kms.katalon.core.keyword.internal.KeywordMain.runKeyword(KeywordMain.groovy:68)
	at com.kms.katalon.core.keyword.internal.KeywordMain$runKeyword.call(Unknown Source)
	at com.kms.katalon.core.cucumber.keyword.CucumberBuiltinKeywords.runWithCucumberRunner(CucumberBuiltinKeywords.groovy:427)
	at com.kms.katalon.core.cucumber.keyword.CucumberBuiltinKeywords$runWithCucumberRunner$0.callStatic(Unknown Source)
	at com.kms.katalon.core.cucumber.keyword.CucumberBuiltinKeywords.runWithCucumberRunner(CucumberBuiltinKeywords.groovy:527)
	at com.kms.katalon.core.cucumber.keyword.CucumberBuiltinKeywords$runWithCucumberRunner.call(Unknown Source)
	at TC_ActivityCreation.run(TC_ActivityCreation:20)
	at com.kms.katalon.core.main.ScriptEngine.run(ScriptEngine.java:194)
	at com.kms.katalon.core.main.ScriptEngine.runScriptAsRawText(ScriptEngine.java:119)
	at com.kms.katalon.core.main.TestCaseExecutor.runScript(TestCaseExecutor.java:339)
	at com.kms.katalon.core.main.TestCaseExecutor.doExecute(TestCaseExecutor.java:330)
	at com.kms.katalon.core.main.TestCaseExecutor.processExecutionPhase(TestCaseExecutor.java:309)
	at com.kms.katalon.core.main.TestCaseExecutor.accessMainPhase(TestCaseExecutor.java:301)
	at com.kms.katalon.core.main.TestCaseExecutor.execute(TestCaseExecutor.java:235)
	at com.kms.katalon.core.main.TestSuiteExecutor.accessTestCaseMainPhase(TestSuiteExecutor.java:191)
	at com.kms.katalon.core.main.TestSuiteExecutor.accessTestSuiteMainPhase(TestSuiteExecutor.java:141)
	at com.kms.katalon.core.main.TestSuiteExecutor.execute(TestSuiteExecutor.java:90)
	at com.kms.katalon.core.main.TestCaseMain.startTestSuite(TestCaseMain.java:157)
	at com.kms.katalon.core.main.TestCaseMain$startTestSuite$0.call(Unknown Source)
	at TempTestSuite1597892737885.run(TempTestSuite1597892737885.groovy:39)
Caused by: org.openqa.selenium.ElementNotInteractableException: element not interactable
  (Session info: chrome=84.0.4147.125)
Build info: version: '3.141.59', revision: 'e82be7d358', time: '2018-11-14T08:25:53'
System info: host: 'GROUP10-PC', ip: '192.168.43.206', os.name: 'Windows 7', os.arch: 'x86', os.version: '6.1', java.version: '1.8.0_181'
Driver info: com.kms.katalon.selenium.driver.CChromeDriver
Capabilities {acceptInsecureCerts: false, browserName: chrome, browserVersion: 84.0.4147.125, chrome: {chromedriverVersion: 83.0.4103.39 (ccbf011cb2d2b..., userDataDir: C:\Users\Group10\AppData\Lo...}, goog:chromeOptions: {debuggerAddress: localhost:60451}, javascriptEnabled: true, networkConnectionEnabled: false, pageLoadStrategy: normal, platform: WINDOWS, platformName: WINDOWS, proxy: Proxy(), setWindowRect: true, strictFileInteractability: false, timeouts: {implicit: 0, pageLoad: 300000, script: 30000}, unhandledPromptBehavior: dismiss and notify, webauthn:virtualAuthenticators: true}
Session ID: b0fce5a45e027dcd10cfdaded3ddafd5
	at org.openqa.selenium.remote.http.W3CHttpResponseCodec.createException(W3CHttpResponseCodec.java:187)
	at org.openqa.selenium.remote.http.W3CHttpResponseCodec.decode(W3CHttpResponseCodec.java:122)
	at org.openqa.selenium.remote.http.W3CHttpResponseCodec.decode(W3CHttpResponseCodec.java:49)
	at org.openqa.selenium.remote.HttpCommandExecutor.execute(HttpCommandExecutor.java:158)
	at org.openqa.selenium.remote.service.DriverCommandExecutor.execute(DriverCommandExecutor.java:83)
	at org.openqa.selenium.remote.RemoteWebDriver.execute(RemoteWebDriver.java:552)
	at com.kms.katalon.selenium.driver.CChromeDriver.execute(CChromeDriver.java:19)
	at org.openqa.selenium.remote.RemoteWebElement.execute(RemoteWebElement.java:285)
	at org.openqa.selenium.remote.RemoteWebElement.click(RemoteWebElement.java:84)
	at org.openqa.selenium.support.events.EventFiringWebDriver$EventFiringWebElement.lambda$new$0(EventFiringWebDriver.java:404)
	at com.sun.proxy.$Proxy23.click(Unknown Source)
	at org.openqa.selenium.support.events.EventFiringWebDriver$EventFiringWebElement.click(EventFiringWebDriver.java:417)
	at com.kms.katalon.core.webui.keyword.builtin.ClickKeyword$_click_closure1.doCall(ClickKeyword.groovy:69)
	at com.kms.katalon.core.webui.keyword.builtin.ClickKeyword$_click_closure1.call(ClickKeyword.groovy)
	at com.kms.katalon.core.webui.keyword.internal.WebUIKeywordMain.runKeyword(WebUIKeywordMain.groovy:20)
	at com.kms.katalon.core.webui.keyword.builtin.ClickKeyword.click(ClickKeyword.groovy:76)
	at com.kms.katalon.core.webui.keyword.builtin.ClickKeyword.execute(ClickKeyword.groovy:43)
	at com.kms.katalon.core.keyword.internal.KeywordExecutor.executeKeywordForPlatform(KeywordExecutor.groovy:73)
	at com.kms.katalon.core.webui.keyword.WebUiBuiltInKeywords.click(WebUiBuiltInKeywords.groovy:616)
	at com.kms.katalon.core.webui.keyword.WebUiBuiltInKeywords$click$3.call(Unknown Source)
	at proAcc_Stepdef.ActivityCreation_StepDef.user_has_to_click_on_create_button_for_create_activity_and_need_to_select_task(ActivityCreation_StepDef.groovy:138)
	at cucumber.runtime.Utils$1.call(Utils.java:26)
	at cucumber.runtime.Timeout.timeout(Timeout.java:16)
	at cucumber.runtime.Utils.invoke(Utils.java:20)
	at cucumber.runtime.java.JavaStepDefinition.execute(JavaStepDefinition.java:48)
	at cucumber.runtime.PickleStepDefinitionMatch.runStep(PickleStepDefinitionMatch.java:50)
	at cucumber.runner.TestStep.executeStep(TestStep.java:55)
	at cucumber.runner.TestStep.run(TestStep.java:42)
	at cucumber.runner.PickleStepTestStep.run(PickleStepTestStep.java:53)
	at cucumber.runner.TestCase.run(TestCase.java:47)
	at cucumber.runner.Runner.runPickle(Runner.java:44)
	at cucumber.runtime.junit.PickleRunners$NoStepDescriptions.run(PickleRunners.java:140)
	at cucumber.runtime.junit.FeatureRunner.runChild(FeatureRunner.java:68)
	at cucumber.runtime.junit.FeatureRunner.runChild(FeatureRunner.java:23)
	at org.junit.runners.ParentRunner$3.run(ParentRunner.java:290)
	at org.junit.runners.ParentRunner$1.schedule(ParentRunner.java:71)
	at org.junit.runners.ParentRunner.runChildren(ParentRunner.java:288)
	at org.junit.runners.ParentRunner.access$000(ParentRunner.java:58)
	at org.junit.runners.ParentRunner$2.evaluate(ParentRunner.java:268)
	at org.junit.runners.ParentRunner.run(ParentRunner.java:363)
	at cucumber.runtime.junit.FeatureRunner.run(FeatureRunner.java:73)
	at cucumber.api.junit.Cucumber.runChild(Cucumber.java:98)
	at cucumber.api.junit.Cucumber.runChild(Cucumber.java:55)
	at org.junit.runners.ParentRunner$3.run(ParentRunner.java:290)
	at org.junit.runners.ParentRunner$1.schedule(ParentRunner.java:71)
	at org.junit.runners.ParentRunner.runChildren(ParentRunner.java:288)
	at org.junit.runners.ParentRunner.access$000(ParentRunner.java:58)
	at org.junit.runners.ParentRunner$2.evaluate(ParentRunner.java:268)
	at cucumber.api.junit.Cucumber$1.evaluate(Cucumber.java:107)
	at org.junit.runners.ParentRunner.run(ParentRunner.java:363)
	at org.junit.runners.Suite.runChild(Suite.java:128)
	at org.junit.runners.Suite.runChild(Suite.java:27)
	at org.junit.runners.ParentRunner$3.run(ParentRunner.java:290)
	at org.junit.runners.ParentRunner$1.schedule(ParentRunner.java:71)
	at org.junit.runners.ParentRunner.runChildren(ParentRunner.java:288)
	at org.junit.runners.ParentRunner.access$000(ParentRunner.java:58)
	at org.junit.runners.ParentRunner$2.evaluate(ParentRunner.java:268)
	at org.junit.runners.ParentRunner.run(ParentRunner.java:363)
	at org.junit.runner.JUnitCore.run(JUnitCore.java:137)
	at org.junit.runner.JUnitCore.run(JUnitCore.java:115)
	at org.junit.runner.JUnitCore.run(JUnitCore.java:105)
	at com.kms.katalon.core.cucumber.keyword.CucumberBuiltinKeywords$_runWithCucumberRunner_closure5.doCall(CucumberBuiltinKeywords.groovy:430)
	at com.kms.katalon.core.cucumber.keyword.CucumberBuiltinKeywords$_runWithCucumberRunner_closure5.doCall(CucumberBuiltinKeywords.groovy)
	at com.kms.katalon.core.keyword.internal.KeywordMain.runKeyword(KeywordMain.groovy:68)
	at com.kms.katalon.core.keyword.internal.KeywordMain$runKeyword.call(Unknown Source)
	at com.kms.katalon.core.cucumber.keyword.CucumberBuiltinKeywords.runWithCucumberRunner(CucumberBuiltinKeywords.groovy:427)
	at com.kms.katalon.core.cucumber.keyword.CucumberBuiltinKeywords$runWithCucumberRunner$0.callStatic(Unknown Source)
	at com.kms.katalon.core.cucumber.keyword.CucumberBuiltinKeywords.runWithCucumberRunner(CucumberBuiltinKeywords.groovy:527)
	at com.kms.katalon.core.cucumber.keyword.CucumberBuiltinKeywords$runWithCucumberRunner.call(Unknown Source)
	at Script1591008480625.run(Script1591008480625.groovy:20)
	... 13 more
)
[[ATTACHMENT|C:\\Users\\Group10\\Desktop\\New folder (2)\\ProAcc_Automation_Latest\\ProAcc_Automation_Latest\\Reports\\20200820_083537\\ProAcc_Suite\\20200820_083537\\1597893181878.png]]

2020-08-20 08:43:02 - [MESSAGE][PASSED] - Taking screenshot successfully
[[ATTACHMENT|C:\\Users\\Group10\\Desktop\\New folder (2)\\ProAcc_Automation_Latest\\ProAcc_Automation_Latest\\screenshots\\Thu_Aug_20_08_43_02_IST_2020.png]]

2020-08-20 08:43:06 - [MESSAGE][PASSED] - Delayed 3 second(s)

2020-08-20 08:43:07 - [MESSAGE][PASSED] - Text 'Alexa Custom Code Conversion' is set on object 'Object Repository/Pro_Acc_Configuration/Pro_Acc_ActivityCreation/input_SearchActivity'

2020-08-20 08:43:10 - [MESSAGE][PASSED] - Delayed 3 second(s)

2020-08-20 08:43:10 - [MESSAGE][WARNING] - Test object with id 'Object Repository/Pro_Acc_UserSettings/Pro_Acc_Create Customer/verify_customer' does not exist

2020-08-20 08:43:10 - [MESSAGE][WARNING] - Test object with id 'Object Repository/' does not exist

2020-08-20 08:43:10 - [MESSAGE][FAILED] - Unable to get text of object (Root cause: com.kms.katalon.core.exception.StepFailedException: Unable to get text of object
	at com.kms.katalon.core.webui.keyword.internal.WebUIKeywordMain.stepFailed(WebUIKeywordMain.groovy:64)
	at com.kms.katalon.core.webui.keyword.internal.WebUIKeywordMain.runKeyword(WebUIKeywordMain.groovy:26)
	at com.kms.katalon.core.webui.keyword.builtin.GetTextKeyword.getText(GetTextKeyword.groovy:88)
	at com.kms.katalon.core.webui.keyword.builtin.GetTextKeyword.execute(GetTextKeyword.groovy:67)
	at com.kms.katalon.core.keyword.internal.KeywordExecutor.executeKeywordForPlatform(KeywordExecutor.groovy:73)
	at com.kms.katalon.core.webui.keyword.WebUiBuiltInKeywords.getText(WebUiBuiltInKeywords.groovy:914)
	at com.kms.katalon.core.webui.keyword.WebUiBuiltInKeywords$getText$7.call(Unknown Source)
	at proAcc_Stepdef.ActivityCreation_StepDef.user_can_search_for_created_activity_in_list(ActivityCreation_StepDef.groovy:158)
	at cucumber.runtime.Utils$1.call(Utils.java:26)
	at cucumber.runtime.Timeout.timeout(Timeout.java:16)
	at cucumber.runtime.Utils.invoke(Utils.java:20)
	at cucumber.runtime.java.JavaStepDefinition.execute(JavaStepDefinition.java:48)
	at cucumber.runtime.PickleStepDefinitionMatch.runStep(PickleStepDefinitionMatch.java:50)
	at cucumber.runner.TestStep.executeStep(TestStep.java:55)
	at cucumber.runner.TestStep.run(TestStep.java:42)
	at cucumber.runner.PickleStepTestStep.run(PickleStepTestStep.java:53)
	at cucumber.runner.TestCase.run(TestCase.java:47)
	at cucumber.runner.Runner.runPickle(Runner.java:44)
	at cucumber.runtime.junit.PickleRunners$NoStepDescriptions.run(PickleRunners.java:140)
	at cucumber.runtime.junit.FeatureRunner.runChild(FeatureRunner.java:68)
	at cucumber.runtime.junit.FeatureRunner.runChild(FeatureRunner.java:23)
	at org.junit.runners.ParentRunner$3.run(ParentRunner.java:290)
	at org.junit.runners.ParentRunner$1.schedule(ParentRunner.java:71)
	at org.junit.runners.ParentRunner.runChildren(ParentRunner.java:288)
	at org.junit.runners.ParentRunner.access$000(ParentRunner.java:58)
	at org.junit.runners.ParentRunner$2.evaluate(ParentRunner.java:268)
	at org.junit.runners.ParentRunner.run(ParentRunner.java:363)
	at cucumber.runtime.junit.FeatureRunner.run(FeatureRunner.java:73)
	at cucumber.api.junit.Cucumber.runChild(Cucumber.java:98)
	at cucumber.api.junit.Cucumber.runChild(Cucumber.java:55)
	at org.junit.runners.ParentRunner$3.run(ParentRunner.java:290)
	at org.junit.runners.ParentRunner$1.schedule(ParentRunner.java:71)
	at org.junit.runners.ParentRunner.runChildren(ParentRunner.java:288)
	at org.junit.runners.ParentRunner.access$000(ParentRunner.java:58)
	at org.junit.runners.ParentRunner$2.evaluate(ParentRunner.java:268)
	at cucumber.api.junit.Cucumber$1.evaluate(Cucumber.java:107)
	at org.junit.runners.ParentRunner.run(ParentRunner.java:363)
	at org.junit.runners.Suite.runChild(Suite.java:128)
	at org.junit.runners.Suite.runChild(Suite.java:27)
	at org.junit.runners.ParentRunner$3.run(ParentRunner.java:290)
	at org.junit.runners.ParentRunner$1.schedule(ParentRunner.java:71)
	at org.junit.runners.ParentRunner.runChildren(ParentRunner.java:288)
	at org.junit.runners.ParentRunner.access$000(ParentRunner.java:58)
	at org.junit.runners.ParentRunner$2.evaluate(ParentRunner.java:268)
	at org.junit.runners.ParentRunner.run(ParentRunner.java:363)
	at org.junit.runner.JUnitCore.run(JUnitCore.java:137)
	at org.junit.runner.JUnitCore.run(JUnitCore.java:115)
	at org.junit.runner.JUnitCore.run(JUnitCore.java:105)
	at com.kms.katalon.core.cucumber.keyword.CucumberBuiltinKeywords$_runWithCucumberRunner_closure5.doCall(CucumberBuiltinKeywords.groovy:430)
	at com.kms.katalon.core.cucumber.keyword.CucumberBuiltinKeywords$_runWithCucumberRunner_closure5.doCall(CucumberBuiltinKeywords.groovy)
	at com.kms.katalon.core.keyword.internal.KeywordMain.runKeyword(KeywordMain.groovy:68)
	at com.kms.katalon.core.keyword.internal.KeywordMain$runKeyword.call(Unknown Source)
	at com.kms.katalon.core.cucumber.keyword.CucumberBuiltinKeywords.runWithCucumberRunner(CucumberBuiltinKeywords.groovy:427)
	at com.kms.katalon.core.cucumber.keyword.CucumberBuiltinKeywords$runWithCucumberRunner$0.callStatic(Unknown Source)
	at com.kms.katalon.core.cucumber.keyword.CucumberBuiltinKeywords.runWithCucumberRunner(CucumberBuiltinKeywords.groovy:527)
	at com.kms.katalon.core.cucumber.keyword.CucumberBuiltinKeywords$runWithCucumberRunner.call(Unknown Source)
	at TC_ActivityCreation.run(TC_ActivityCreation:20)
	at com.kms.katalon.core.main.ScriptEngine.run(ScriptEngine.java:194)
	at com.kms.katalon.core.main.ScriptEngine.runScriptAsRawText(ScriptEngine.java:119)
	at com.kms.katalon.core.main.TestCaseExecutor.runScript(TestCaseExecutor.java:339)
	at com.kms.katalon.core.main.TestCaseExecutor.doExecute(TestCaseExecutor.java:330)
	at com.kms.katalon.core.main.TestCaseExecutor.processExecutionPhase(TestCaseExecutor.java:309)
	at com.kms.katalon.core.main.TestCaseExecutor.accessMainPhase(TestCaseExecutor.java:301)
	at com.kms.katalon.core.main.TestCaseExecutor.execute(TestCaseExecutor.java:235)
	at com.kms.katalon.core.main.TestSuiteExecutor.accessTestCaseMainPhase(TestSuiteExecutor.java:191)
	at com.kms.katalon.core.main.TestSuiteExecutor.accessTestSuiteMainPhase(TestSuiteExecutor.java:141)
	at com.kms.katalon.core.main.TestSuiteExecutor.execute(TestSuiteExecutor.java:90)
	at com.kms.katalon.core.main.TestCaseMain.startTestSuite(TestCaseMain.java:157)
	at com.kms.katalon.core.main.TestCaseMain$startTestSuite$0.call(Unknown Source)
	at TempTestSuite1597892737885.run(TempTestSuite1597892737885.groovy:39)
Caused by: java.lang.IllegalArgumentException: Object is null
	at com.kms.katalon.core.helper.KeywordHelper.checkTestObjectParameter(KeywordHelper.java:33)
	at com.kms.katalon.core.webui.keyword.builtin.GetTextKeyword$_getText_closure1.doCall(GetTextKeyword.groovy:76)
	at com.kms.katalon.core.webui.keyword.builtin.GetTextKeyword$_getText_closure1.call(GetTextKeyword.groovy)
	at com.kms.katalon.core.webui.keyword.internal.WebUIKeywordMain.runKeyword(WebUIKeywordMain.groovy:20)
	at com.kms.katalon.core.webui.keyword.builtin.GetTextKeyword.getText(GetTextKeyword.groovy:88)
	at com.kms.katalon.core.webui.keyword.builtin.GetTextKeyword.execute(GetTextKeyword.groovy:67)
	at com.kms.katalon.core.keyword.internal.KeywordExecutor.executeKeywordForPlatform(KeywordExecutor.groovy:73)
	at com.kms.katalon.core.webui.keyword.WebUiBuiltInKeywords.getText(WebUiBuiltInKeywords.groovy:914)
	at com.kms.katalon.core.webui.keyword.WebUiBuiltInKeywords$getText$7.call(Unknown Source)
	at proAcc_Stepdef.ActivityCreation_StepDef.user_can_search_for_created_activity_in_list(ActivityCreation_StepDef.groovy:158)
	at cucumber.runtime.Utils$1.call(Utils.java:26)
	at cucumber.runtime.Timeout.timeout(Timeout.java:16)
	at cucumber.runtime.Utils.invoke(Utils.java:20)
	at cucumber.runtime.java.JavaStepDefinition.execute(JavaStepDefinition.java:48)
	at cucumber.runtime.PickleStepDefinitionMatch.runStep(PickleStepDefinitionMatch.java:50)
	at cucumber.runner.TestStep.executeStep(TestStep.java:55)
	at cucumber.runner.TestStep.run(TestStep.java:42)
	at cucumber.runner.PickleStepTestStep.run(PickleStepTestStep.java:53)
	at cucumber.runner.TestCase.run(TestCase.java:47)
	at cucumber.runner.Runner.runPickle(Runner.java:44)
	at cucumber.runtime.junit.PickleRunners$NoStepDescriptions.run(PickleRunners.java:140)
	at cucumber.runtime.junit.FeatureRunner.runChild(FeatureRunner.java:68)
	at cucumber.runtime.junit.FeatureRunner.runChild(FeatureRunner.java:23)
	at org.junit.runners.ParentRunner$3.run(ParentRunner.java:290)
	at org.junit.runners.ParentRunner$1.schedule(ParentRunner.java:71)
	at org.junit.runners.ParentRunner.runChildren(ParentRunner.java:288)
	at org.junit.runners.ParentRunner.access$000(ParentRunner.java:58)
	at org.junit.runners.ParentRunner$2.evaluate(ParentRunner.java:268)
	at org.junit.runners.ParentRunner.run(ParentRunner.java:363)
	at cucumber.runtime.junit.FeatureRunner.run(FeatureRunner.java:73)
	at cucumber.api.junit.Cucumber.runChild(Cucumber.java:98)
	at cucumber.api.junit.Cucumber.runChild(Cucumber.java:55)
	at org.junit.runners.ParentRunner$3.run(ParentRunner.java:290)
	at org.junit.runners.ParentRunner$1.schedule(ParentRunner.java:71)
	at org.junit.runners.ParentRunner.runChildren(ParentRunner.java:288)
	at org.junit.runners.ParentRunner.access$000(ParentRunner.java:58)
	at org.junit.runners.ParentRunner$2.evaluate(ParentRunner.java:268)
	at cucumber.api.junit.Cucumber$1.evaluate(Cucumber.java:107)
	at org.junit.runners.ParentRunner.run(ParentRunner.java:363)
	at org.junit.runners.Suite.runChild(Suite.java:128)
	at org.junit.runners.Suite.runChild(Suite.java:27)
	at org.junit.runners.ParentRunner$3.run(ParentRunner.java:290)
	at org.junit.runners.ParentRunner$1.schedule(ParentRunner.java:71)
	at org.junit.runners.ParentRunner.runChildren(ParentRunner.java:288)
	at org.junit.runners.ParentRunner.access$000(ParentRunner.java:58)
	at org.junit.runners.ParentRunner$2.evaluate(ParentRunner.java:268)
	at org.junit.runners.ParentRunner.run(ParentRunner.java:363)
	at org.junit.runner.JUnitCore.run(JUnitCore.java:137)
	at org.junit.runner.JUnitCore.run(JUnitCore.java:115)
	at org.junit.runner.JUnitCore.run(JUnitCore.java:105)
	at com.kms.katalon.core.cucumber.keyword.CucumberBuiltinKeywords$_runWithCucumberRunner_closure5.doCall(CucumberBuiltinKeywords.groovy:430)
	at com.kms.katalon.core.cucumber.keyword.CucumberBuiltinKeywords$_runWithCucumberRunner_closure5.doCall(CucumberBuiltinKeywords.groovy)
	at com.kms.katalon.core.keyword.internal.KeywordMain.runKeyword(KeywordMain.groovy:68)
	at com.kms.katalon.core.keyword.internal.KeywordMain$runKeyword.call(Unknown Source)
	at com.kms.katalon.core.cucumber.keyword.CucumberBuiltinKeywords.runWithCucumberRunner(CucumberBuiltinKeywords.groovy:427)
	at com.kms.katalon.core.cucumber.keyword.CucumberBuiltinKeywords$runWithCucumberRunner$0.callStatic(Unknown Source)
	at com.kms.katalon.core.cucumber.keyword.CucumberBuiltinKeywords.runWithCucumberRunner(CucumberBuiltinKeywords.groovy:527)
	at com.kms.katalon.core.cucumber.keyword.CucumberBuiltinKeywords$runWithCucumberRunner.call(Unknown Source)
	at Script1591008480625.run(Script1591008480625.groovy:20)
	... 13 more
)
[[ATTACHMENT|C:\\Users\\Group10\\Desktop\\New folder (2)\\ProAcc_Automation_Latest\\ProAcc_Automation_Latest\\Reports\\20200820_083537\\ProAcc_Suite\\20200820_083537\\1597893190386.png]]

2020-08-20 08:43:11 - [MESSAGE][PASSED] - Taking screenshot successfully
[[ATTACHMENT|C:\\Users\\Group10\\Desktop\\New folder (2)\\ProAcc_Automation_Latest\\ProAcc_Automation_Latest\\screenshots\\Thu_Aug_20_08_43_10_IST_2020.png]]

2020-08-20 08:43:12 - [MESSAGE][PASSED] - Object: 'Object Repository/Pro_Acc_Configuration/Pro_Acc_CreateInstance/a_Configuration' is clicked on

2020-08-20 08:43:15 - [MESSAGE][PASSED] - Text 'Alexa Custom Code Post_Conversion' is set on object 'Object Repository/Pro_Acc_Configuration/Pro_Acc_ActivityCreation/input_Task'

2020-08-20 08:43:16 - [MESSAGE][PASSED] - All options with label 'Functional - All / PMO' are selected in object 'Object Repository/Pro_Acc_Configuration/Pro_Acc_ActivityCreation/input_ApplicationArea'  using regular expression

2020-08-20 08:43:17 - [MESSAGE][PASSED] - All options with label 'Post Conversion' are selected in object 'Object Repository/Pro_Acc_Configuration/Pro_Acc_ActivityCreation/select_Select Phase'  using regular expression

2020-08-20 08:43:18 - [MESSAGE][PASSED] - All options with label 'Functional' are selected in object 'Object Repository/Pro_Acc_Configuration/Pro_Acc_ActivityCreation/select_Select Role'  using regular expression

2020-08-20 08:43:19 - [MESSAGE][PASSED] - Object: 'Object Repository/Pro_Acc_Configuration/Pro_Acc_ActivityCreation/Select_BuildingBlock' is clicked on

2020-08-20 08:43:20 - [MESSAGE][PASSED] - All options with label 'Application Overview' are selected in object 'Object Repository/Pro_Acc_Configuration/Pro_Acc_ActivityCreation/Select_BuildingBlock'  using regular expression

2020-08-20 08:43:20 - [MESSAGE][PASSED] - Object: 'Object Repository/Pro_Acc_Configuration/Pro_Acc_ActivityCreation/SelectEstHrs' is clicked on

2020-08-20 08:43:21 - [MESSAGE][PASSED] - Text '45:32' is set on object 'Object Repository/Pro_Acc_Configuration/Pro_Acc_ActivityCreation/SelectEstHrs'

2020-08-20 08:43:24 - [MESSAGE][PASSED] - Delayed 3 second(s)

2020-08-20 08:43:24 - [MESSAGE][PASSED] - Object: 'Object Repository/Pro_Acc_Configuration/Pro_Acc_ActivityCreation/btn_ActivityCreate' is clicked on

2020-08-20 08:43:27 - [MESSAGE][PASSED] - Delayed 3 second(s)

2020-08-20 08:43:29 - [MESSAGE][PASSED] - Delayed 2 second(s)

2020-08-20 08:43:30 - [MESSAGE][FAILED] - Unable to click on object 'Object Repository/Pro_Acc_Configuration/Pro_Acc_ActivityCreation/button_Save' (Root cause: com.kms.katalon.core.exception.StepFailedException: Unable to click on object 'Object Repository/Pro_Acc_Configuration/Pro_Acc_ActivityCreation/button_Save'
	at com.kms.katalon.core.webui.keyword.internal.WebUIKeywordMain.stepFailed(WebUIKeywordMain.groovy:64)
	at com.kms.katalon.core.webui.keyword.internal.WebUIKeywordMain.runKeyword(WebUIKeywordMain.groovy:26)
	at com.kms.katalon.core.webui.keyword.builtin.ClickKeyword.click(ClickKeyword.groovy:76)
	at com.kms.katalon.core.webui.keyword.builtin.ClickKeyword.execute(ClickKeyword.groovy:43)
	at com.kms.katalon.core.keyword.internal.KeywordExecutor.executeKeywordForPlatform(KeywordExecutor.groovy:73)
	at com.kms.katalon.core.webui.keyword.WebUiBuiltInKeywords.click(WebUiBuiltInKeywords.groovy:616)
	at com.kms.katalon.core.webui.keyword.WebUiBuiltInKeywords$click$3.call(Unknown Source)
	at proAcc_Stepdef.ActivityCreation_StepDef.user_has_to_click_on_create_button_for_create_activity_and_need_to_select_task(ActivityCreation_StepDef.groovy:138)
	at cucumber.runtime.Utils$1.call(Utils.java:26)
	at cucumber.runtime.Timeout.timeout(Timeout.java:16)
	at cucumber.runtime.Utils.invoke(Utils.java:20)
	at cucumber.runtime.java.JavaStepDefinition.execute(JavaStepDefinition.java:48)
	at cucumber.runtime.PickleStepDefinitionMatch.runStep(PickleStepDefinitionMatch.java:50)
	at cucumber.runner.TestStep.executeStep(TestStep.java:55)
	at cucumber.runner.TestStep.run(TestStep.java:42)
	at cucumber.runner.PickleStepTestStep.run(PickleStepTestStep.java:53)
	at cucumber.runner.TestCase.run(TestCase.java:47)
	at cucumber.runner.Runner.runPickle(Runner.java:44)
	at cucumber.runtime.junit.PickleRunners$NoStepDescriptions.run(PickleRunners.java:140)
	at cucumber.runtime.junit.FeatureRunner.runChild(FeatureRunner.java:68)
	at cucumber.runtime.junit.FeatureRunner.runChild(FeatureRunner.java:23)
	at org.junit.runners.ParentRunner$3.run(ParentRunner.java:290)
	at org.junit.runners.ParentRunner$1.schedule(ParentRunner.java:71)
	at org.junit.runners.ParentRunner.runChildren(ParentRunner.java:288)
	at org.junit.runners.ParentRunner.access$000(ParentRunner.java:58)
	at org.junit.runners.ParentRunner$2.evaluate(ParentRunner.java:268)
	at org.junit.runners.ParentRunner.run(ParentRunner.java:363)
	at cucumber.runtime.junit.FeatureRunner.run(FeatureRunner.java:73)
	at cucumber.api.junit.Cucumber.runChild(Cucumber.java:98)
	at cucumber.api.junit.Cucumber.runChild(Cucumber.java:55)
	at org.junit.runners.ParentRunner$3.run(ParentRunner.java:290)
	at org.junit.runners.ParentRunner$1.schedule(ParentRunner.java:71)
	at org.junit.runners.ParentRunner.runChildren(ParentRunner.java:288)
	at org.junit.runners.ParentRunner.access$000(ParentRunner.java:58)
	at org.junit.runners.ParentRunner$2.evaluate(ParentRunner.java:268)
	at cucumber.api.junit.Cucumber$1.evaluate(Cucumber.java:107)
	at org.junit.runners.ParentRunner.run(ParentRunner.java:363)
	at org.junit.runners.Suite.runChild(Suite.java:128)
	at org.junit.runners.Suite.runChild(Suite.java:27)
	at org.junit.runners.ParentRunner$3.run(ParentRunner.java:290)
	at org.junit.runners.ParentRunner$1.schedule(ParentRunner.java:71)
	at org.junit.runners.ParentRunner.runChildren(ParentRunner.java:288)
	at org.junit.runners.ParentRunner.access$000(ParentRunner.java:58)
	at org.junit.runners.ParentRunner$2.evaluate(ParentRunner.java:268)
	at org.junit.runners.ParentRunner.run(ParentRunner.java:363)
	at org.junit.runner.JUnitCore.run(JUnitCore.java:137)
	at org.junit.runner.JUnitCore.run(JUnitCore.java:115)
	at org.junit.runner.JUnitCore.run(JUnitCore.java:105)
	at com.kms.katalon.core.cucumber.keyword.CucumberBuiltinKeywords$_runWithCucumberRunner_closure5.doCall(CucumberBuiltinKeywords.groovy:430)
	at com.kms.katalon.core.cucumber.keyword.CucumberBuiltinKeywords$_runWithCucumberRunner_closure5.doCall(CucumberBuiltinKeywords.groovy)
	at com.kms.katalon.core.keyword.internal.KeywordMain.runKeyword(KeywordMain.groovy:68)
	at com.kms.katalon.core.keyword.internal.KeywordMain$runKeyword.call(Unknown Source)
	at com.kms.katalon.core.cucumber.keyword.CucumberBuiltinKeywords.runWithCucumberRunner(CucumberBuiltinKeywords.groovy:427)
	at com.kms.katalon.core.cucumber.keyword.CucumberBuiltinKeywords$runWithCucumberRunner$0.callStatic(Unknown Source)
	at com.kms.katalon.core.cucumber.keyword.CucumberBuiltinKeywords.runWithCucumberRunner(CucumberBuiltinKeywords.groovy:527)
	at com.kms.katalon.core.cucumber.keyword.CucumberBuiltinKeywords$runWithCucumberRunner.call(Unknown Source)
	at TC_ActivityCreation.run(TC_ActivityCreation:20)
	at com.kms.katalon.core.main.ScriptEngine.run(ScriptEngine.java:194)
	at com.kms.katalon.core.main.ScriptEngine.runScriptAsRawText(ScriptEngine.java:119)
	at com.kms.katalon.core.main.TestCaseExecutor.runScript(TestCaseExecutor.java:339)
	at com.kms.katalon.core.main.TestCaseExecutor.doExecute(TestCaseExecutor.java:330)
	at com.kms.katalon.core.main.TestCaseExecutor.processExecutionPhase(TestCaseExecutor.java:309)
	at com.kms.katalon.core.main.TestCaseExecutor.accessMainPhase(TestCaseExecutor.java:301)
	at com.kms.katalon.core.main.TestCaseExecutor.execute(TestCaseExecutor.java:235)
	at com.kms.katalon.core.main.TestSuiteExecutor.accessTestCaseMainPhase(TestSuiteExecutor.java:191)
	at com.kms.katalon.core.main.TestSuiteExecutor.accessTestSuiteMainPhase(TestSuiteExecutor.java:141)
	at com.kms.katalon.core.main.TestSuiteExecutor.execute(TestSuiteExecutor.java:90)
	at com.kms.katalon.core.main.TestCaseMain.startTestSuite(TestCaseMain.java:157)
	at com.kms.katalon.core.main.TestCaseMain$startTestSuite$0.call(Unknown Source)
	at TempTestSuite1597892737885.run(TempTestSuite1597892737885.groovy:39)
Caused by: org.openqa.selenium.ElementNotInteractableException: element not interactable
  (Session info: chrome=84.0.4147.125)
Build info: version: '3.141.59', revision: 'e82be7d358', time: '2018-11-14T08:25:53'
System info: host: 'GROUP10-PC', ip: '192.168.43.206', os.name: 'Windows 7', os.arch: 'x86', os.version: '6.1', java.version: '1.8.0_181'
Driver info: com.kms.katalon.selenium.driver.CChromeDriver
Capabilities {acceptInsecureCerts: false, browserName: chrome, browserVersion: 84.0.4147.125, chrome: {chromedriverVersion: 83.0.4103.39 (ccbf011cb2d2b..., userDataDir: C:\Users\Group10\AppData\Lo...}, goog:chromeOptions: {debuggerAddress: localhost:60451}, javascriptEnabled: true, networkConnectionEnabled: false, pageLoadStrategy: normal, platform: WINDOWS, platformName: WINDOWS, proxy: Proxy(), setWindowRect: true, strictFileInteractability: false, timeouts: {implicit: 0, pageLoad: 300000, script: 30000}, unhandledPromptBehavior: dismiss and notify, webauthn:virtualAuthenticators: true}
Session ID: b0fce5a45e027dcd10cfdaded3ddafd5
	at org.openqa.selenium.remote.http.W3CHttpResponseCodec.createException(W3CHttpResponseCodec.java:187)
	at org.openqa.selenium.remote.http.W3CHttpResponseCodec.decode(W3CHttpResponseCodec.java:122)
	at org.openqa.selenium.remote.http.W3CHttpResponseCodec.decode(W3CHttpResponseCodec.java:49)
	at org.openqa.selenium.remote.HttpCommandExecutor.execute(HttpCommandExecutor.java:158)
	at org.openqa.selenium.remote.service.DriverCommandExecutor.execute(DriverCommandExecutor.java:83)
	at org.openqa.selenium.remote.RemoteWebDriver.execute(RemoteWebDriver.java:552)
	at com.kms.katalon.selenium.driver.CChromeDriver.execute(CChromeDriver.java:19)
	at org.openqa.selenium.remote.RemoteWebElement.execute(RemoteWebElement.java:285)
	at org.openqa.selenium.remote.RemoteWebElement.click(RemoteWebElement.java:84)
	at org.openqa.selenium.support.events.EventFiringWebDriver$EventFiringWebElement.lambda$new$0(EventFiringWebDriver.java:404)
	at com.sun.proxy.$Proxy23.click(Unknown Source)
	at org.openqa.selenium.support.events.EventFiringWebDriver$EventFiringWebElement.click(EventFiringWebDriver.java:417)
	at com.kms.katalon.core.webui.keyword.builtin.ClickKeyword$_click_closure1.doCall(ClickKeyword.groovy:69)
	at com.kms.katalon.core.webui.keyword.builtin.ClickKeyword$_click_closure1.call(ClickKeyword.groovy)
	at com.kms.katalon.core.webui.keyword.internal.WebUIKeywordMain.runKeyword(WebUIKeywordMain.groovy:20)
	at com.kms.katalon.core.webui.keyword.builtin.ClickKeyword.click(ClickKeyword.groovy:76)
	at com.kms.katalon.core.webui.keyword.builtin.ClickKeyword.execute(ClickKeyword.groovy:43)
	at com.kms.katalon.core.keyword.internal.KeywordExecutor.executeKeywordForPlatform(KeywordExecutor.groovy:73)
	at com.kms.katalon.core.webui.keyword.WebUiBuiltInKeywords.click(WebUiBuiltInKeywords.groovy:616)
	at com.kms.katalon.core.webui.keyword.WebUiBuiltInKeywords$click$3.call(Unknown Source)
	at proAcc_Stepdef.ActivityCreation_StepDef.user_has_to_click_on_create_button_for_create_activity_and_need_to_select_task(ActivityCreation_StepDef.groovy:138)
	at cucumber.runtime.Utils$1.call(Utils.java:26)
	at cucumber.runtime.Timeout.timeout(Timeout.java:16)
	at cucumber.runtime.Utils.invoke(Utils.java:20)
	at cucumber.runtime.java.JavaStepDefinition.execute(JavaStepDefinition.java:48)
	at cucumber.runtime.PickleStepDefinitionMatch.runStep(PickleStepDefinitionMatch.java:50)
	at cucumber.runner.TestStep.executeStep(TestStep.java:55)
	at cucumber.runner.TestStep.run(TestStep.java:42)
	at cucumber.runner.PickleStepTestStep.run(PickleStepTestStep.java:53)
	at cucumber.runner.TestCase.run(TestCase.java:47)
	at cucumber.runner.Runner.runPickle(Runner.java:44)
	at cucumber.runtime.junit.PickleRunners$NoStepDescriptions.run(PickleRunners.java:140)
	at cucumber.runtime.junit.FeatureRunner.runChild(FeatureRunner.java:68)
	at cucumber.runtime.junit.FeatureRunner.runChild(FeatureRunner.java:23)
	at org.junit.runners.ParentRunner$3.run(ParentRunner.java:290)
	at org.junit.runners.ParentRunner$1.schedule(ParentRunner.java:71)
	at org.junit.runners.ParentRunner.runChildren(ParentRunner.java:288)
	at org.junit.runners.ParentRunner.access$000(ParentRunner.java:58)
	at org.junit.runners.ParentRunner$2.evaluate(ParentRunner.java:268)
	at org.junit.runners.ParentRunner.run(ParentRunner.java:363)
	at cucumber.runtime.junit.FeatureRunner.run(FeatureRunner.java:73)
	at cucumber.api.junit.Cucumber.runChild(Cucumber.java:98)
	at cucumber.api.junit.Cucumber.runChild(Cucumber.java:55)
	at org.junit.runners.ParentRunner$3.run(ParentRunner.java:290)
	at org.junit.runners.ParentRunner$1.schedule(ParentRunner.java:71)
	at org.junit.runners.ParentRunner.runChildren(ParentRunner.java:288)
	at org.junit.runners.ParentRunner.access$000(ParentRunner.java:58)
	at org.junit.runners.ParentRunner$2.evaluate(ParentRunner.java:268)
	at cucumber.api.junit.Cucumber$1.evaluate(Cucumber.java:107)
	at org.junit.runners.ParentRunner.run(ParentRunner.java:363)
	at org.junit.runners.Suite.runChild(Suite.java:128)
	at org.junit.runners.Suite.runChild(Suite.java:27)
	at org.junit.runners.ParentRunner$3.run(ParentRunner.java:290)
	at org.junit.runners.ParentRunner$1.schedule(ParentRunner.java:71)
	at org.junit.runners.ParentRunner.runChildren(ParentRunner.java:288)
	at org.junit.runners.ParentRunner.access$000(ParentRunner.java:58)
	at org.junit.runners.ParentRunner$2.evaluate(ParentRunner.java:268)
	at org.junit.runners.ParentRunner.run(ParentRunner.java:363)
	at org.junit.runner.JUnitCore.run(JUnitCore.java:137)
	at org.junit.runner.JUnitCore.run(JUnitCore.java:115)
	at org.junit.runner.JUnitCore.run(JUnitCore.java:105)
	at com.kms.katalon.core.cucumber.keyword.CucumberBuiltinKeywords$_runWithCucumberRunner_closure5.doCall(CucumberBuiltinKeywords.groovy:430)
	at com.kms.katalon.core.cucumber.keyword.CucumberBuiltinKeywords$_runWithCucumberRunner_closure5.doCall(CucumberBuiltinKeywords.groovy)
	at com.kms.katalon.core.keyword.internal.KeywordMain.runKeyword(KeywordMain.groovy:68)
	at com.kms.katalon.core.keyword.internal.KeywordMain$runKeyword.call(Unknown Source)
	at com.kms.katalon.core.cucumber.keyword.CucumberBuiltinKeywords.runWithCucumberRunner(CucumberBuiltinKeywords.groovy:427)
	at com.kms.katalon.core.cucumber.keyword.CucumberBuiltinKeywords$runWithCucumberRunner$0.callStatic(Unknown Source)
	at com.kms.katalon.core.cucumber.keyword.CucumberBuiltinKeywords.runWithCucumberRunner(CucumberBuiltinKeywords.groovy:527)
	at com.kms.katalon.core.cucumber.keyword.CucumberBuiltinKeywords$runWithCucumberRunner.call(Unknown Source)
	at Script1591008480625.run(Script1591008480625.groovy:20)
	... 13 more
)
[[ATTACHMENT|C:\\Users\\Group10\\Desktop\\New folder (2)\\ProAcc_Automation_Latest\\ProAcc_Automation_Latest\\Reports\\20200820_083537\\ProAcc_Suite\\20200820_083537\\1597893210085.png]]

2020-08-20 08:43:30 - [MESSAGE][PASSED] - Taking screenshot successfully
[[ATTACHMENT|C:\\Users\\Group10\\Desktop\\New folder (2)\\ProAcc_Automation_Latest\\ProAcc_Automation_Latest\\screenshots\\Thu_Aug_20_08_43_30_IST_2020.png]]

2020-08-20 08:43:34 - [MESSAGE][PASSED] - Delayed 3 second(s)

2020-08-20 08:43:35 - [MESSAGE][PASSED] - Text 'Alexa Custom Code Post_Conversion' is set on object 'Object Repository/Pro_Acc_Configuration/Pro_Acc_ActivityCreation/input_SearchActivity'

2020-08-20 08:43:38 - [MESSAGE][PASSED] - Delayed 3 second(s)

2020-08-20 08:43:38 - [MESSAGE][WARNING] - Test object with id 'Object Repository/Pro_Acc_UserSettings/Pro_Acc_Create Customer/verify_customer' does not exist

2020-08-20 08:43:38 - [MESSAGE][WARNING] - Test object with id 'Object Repository/' does not exist

2020-08-20 08:43:38 - [MESSAGE][FAILED] - Unable to get text of object (Root cause: com.kms.katalon.core.exception.StepFailedException: Unable to get text of object
	at com.kms.katalon.core.webui.keyword.internal.WebUIKeywordMain.stepFailed(WebUIKeywordMain.groovy:64)
	at com.kms.katalon.core.webui.keyword.internal.WebUIKeywordMain.runKeyword(WebUIKeywordMain.groovy:26)
	at com.kms.katalon.core.webui.keyword.builtin.GetTextKeyword.getText(GetTextKeyword.groovy:88)
	at com.kms.katalon.core.webui.keyword.builtin.GetTextKeyword.execute(GetTextKeyword.groovy:67)
	at com.kms.katalon.core.keyword.internal.KeywordExecutor.executeKeywordForPlatform(KeywordExecutor.groovy:73)
	at com.kms.katalon.core.webui.keyword.WebUiBuiltInKeywords.getText(WebUiBuiltInKeywords.groovy:914)
	at com.kms.katalon.core.webui.keyword.WebUiBuiltInKeywords$getText$7.call(Unknown Source)
	at proAcc_Stepdef.ActivityCreation_StepDef.user_can_search_for_created_activity_in_list(ActivityCreation_StepDef.groovy:158)
	at cucumber.runtime.Utils$1.call(Utils.java:26)
	at cucumber.runtime.Timeout.timeout(Timeout.java:16)
	at cucumber.runtime.Utils.invoke(Utils.java:20)
	at cucumber.runtime.java.JavaStepDefinition.execute(JavaStepDefinition.java:48)
	at cucumber.runtime.PickleStepDefinitionMatch.runStep(PickleStepDefinitionMatch.java:50)
	at cucumber.runner.TestStep.executeStep(TestStep.java:55)
	at cucumber.runner.TestStep.run(TestStep.java:42)
	at cucumber.runner.PickleStepTestStep.run(PickleStepTestStep.java:53)
	at cucumber.runner.TestCase.run(TestCase.java:47)
	at cucumber.runner.Runner.runPickle(Runner.java:44)
	at cucumber.runtime.junit.PickleRunners$NoStepDescriptions.run(PickleRunners.java:140)
	at cucumber.runtime.junit.FeatureRunner.runChild(FeatureRunner.java:68)
	at cucumber.runtime.junit.FeatureRunner.runChild(FeatureRunner.java:23)
	at org.junit.runners.ParentRunner$3.run(ParentRunner.java:290)
	at org.junit.runners.ParentRunner$1.schedule(ParentRunner.java:71)
	at org.junit.runners.ParentRunner.runChildren(ParentRunner.java:288)
	at org.junit.runners.ParentRunner.access$000(ParentRunner.java:58)
	at org.junit.runners.ParentRunner$2.evaluate(ParentRunner.java:268)
	at org.junit.runners.ParentRunner.run(ParentRunner.java:363)
	at cucumber.runtime.junit.FeatureRunner.run(FeatureRunner.java:73)
	at cucumber.api.junit.Cucumber.runChild(Cucumber.java:98)
	at cucumber.api.junit.Cucumber.runChild(Cucumber.java:55)
	at org.junit.runners.ParentRunner$3.run(ParentRunner.java:290)
	at org.junit.runners.ParentRunner$1.schedule(ParentRunner.java:71)
	at org.junit.runners.ParentRunner.runChildren(ParentRunner.java:288)
	at org.junit.runners.ParentRunner.access$000(ParentRunner.java:58)
	at org.junit.runners.ParentRunner$2.evaluate(ParentRunner.java:268)
	at cucumber.api.junit.Cucumber$1.evaluate(Cucumber.java:107)
	at org.junit.runners.ParentRunner.run(ParentRunner.java:363)
	at org.junit.runners.Suite.runChild(Suite.java:128)
	at org.junit.runners.Suite.runChild(Suite.java:27)
	at org.junit.runners.ParentRunner$3.run(ParentRunner.java:290)
	at org.junit.runners.ParentRunner$1.schedule(ParentRunner.java:71)
	at org.junit.runners.ParentRunner.runChildren(ParentRunner.java:288)
	at org.junit.runners.ParentRunner.access$000(ParentRunner.java:58)
	at org.junit.runners.ParentRunner$2.evaluate(ParentRunner.java:268)
	at org.junit.runners.ParentRunner.run(ParentRunner.java:363)
	at org.junit.runner.JUnitCore.run(JUnitCore.java:137)
	at org.junit.runner.JUnitCore.run(JUnitCore.java:115)
	at org.junit.runner.JUnitCore.run(JUnitCore.java:105)
	at com.kms.katalon.core.cucumber.keyword.CucumberBuiltinKeywords$_runWithCucumberRunner_closure5.doCall(CucumberBuiltinKeywords.groovy:430)
	at com.kms.katalon.core.cucumber.keyword.CucumberBuiltinKeywords$_runWithCucumberRunner_closure5.doCall(CucumberBuiltinKeywords.groovy)
	at com.kms.katalon.core.keyword.internal.KeywordMain.runKeyword(KeywordMain.groovy:68)
	at com.kms.katalon.core.keyword.internal.KeywordMain$runKeyword.call(Unknown Source)
	at com.kms.katalon.core.cucumber.keyword.CucumberBuiltinKeywords.runWithCucumberRunner(CucumberBuiltinKeywords.groovy:427)
	at com.kms.katalon.core.cucumber.keyword.CucumberBuiltinKeywords$runWithCucumberRunner$0.callStatic(Unknown Source)
	at com.kms.katalon.core.cucumber.keyword.CucumberBuiltinKeywords.runWithCucumberRunner(CucumberBuiltinKeywords.groovy:527)
	at com.kms.katalon.core.cucumber.keyword.CucumberBuiltinKeywords$runWithCucumberRunner.call(Unknown Source)
	at TC_ActivityCreation.run(TC_ActivityCreation:20)
	at com.kms.katalon.core.main.ScriptEngine.run(ScriptEngine.java:194)
	at com.kms.katalon.core.main.ScriptEngine.runScriptAsRawText(ScriptEngine.java:119)
	at com.kms.katalon.core.main.TestCaseExecutor.runScript(TestCaseExecutor.java:339)
	at com.kms.katalon.core.main.TestCaseExecutor.doExecute(TestCaseExecutor.java:330)
	at com.kms.katalon.core.main.TestCaseExecutor.processExecutionPhase(TestCaseExecutor.java:309)
	at com.kms.katalon.core.main.TestCaseExecutor.accessMainPhase(TestCaseExecutor.java:301)
	at com.kms.katalon.core.main.TestCaseExecutor.execute(TestCaseExecutor.java:235)
	at com.kms.katalon.core.main.TestSuiteExecutor.accessTestCaseMainPhase(TestSuiteExecutor.java:191)
	at com.kms.katalon.core.main.TestSuiteExecutor.accessTestSuiteMainPhase(TestSuiteExecutor.java:141)
	at com.kms.katalon.core.main.TestSuiteExecutor.execute(TestSuiteExecutor.java:90)
	at com.kms.katalon.core.main.TestCaseMain.startTestSuite(TestCaseMain.java:157)
	at com.kms.katalon.core.main.TestCaseMain$startTestSuite$0.call(Unknown Source)
	at TempTestSuite1597892737885.run(TempTestSuite1597892737885.groovy:39)
Caused by: java.lang.IllegalArgumentException: Object is null
	at com.kms.katalon.core.helper.KeywordHelper.checkTestObjectParameter(KeywordHelper.java:33)
	at com.kms.katalon.core.webui.keyword.builtin.GetTextKeyword$_getText_closure1.doCall(GetTextKeyword.groovy:76)
	at com.kms.katalon.core.webui.keyword.builtin.GetTextKeyword$_getText_closure1.call(GetTextKeyword.groovy)
	at com.kms.katalon.core.webui.keyword.internal.WebUIKeywordMain.runKeyword(WebUIKeywordMain.groovy:20)
	at com.kms.katalon.core.webui.keyword.builtin.GetTextKeyword.getText(GetTextKeyword.groovy:88)
	at com.kms.katalon.core.webui.keyword.builtin.GetTextKeyword.execute(GetTextKeyword.groovy:67)
	at com.kms.katalon.core.keyword.internal.KeywordExecutor.executeKeywordForPlatform(KeywordExecutor.groovy:73)
	at com.kms.katalon.core.webui.keyword.WebUiBuiltInKeywords.getText(WebUiBuiltInKeywords.groovy:914)
	at com.kms.katalon.core.webui.keyword.WebUiBuiltInKeywords$getText$7.call(Unknown Source)
	at proAcc_Stepdef.ActivityCreation_StepDef.user_can_search_for_created_activity_in_list(ActivityCreation_StepDef.groovy:158)
	at cucumber.runtime.Utils$1.call(Utils.java:26)
	at cucumber.runtime.Timeout.timeout(Timeout.java:16)
	at cucumber.runtime.Utils.invoke(Utils.java:20)
	at cucumber.runtime.java.JavaStepDefinition.execute(JavaStepDefinition.java:48)
	at cucumber.runtime.PickleStepDefinitionMatch.runStep(PickleStepDefinitionMatch.java:50)
	at cucumber.runner.TestStep.executeStep(TestStep.java:55)
	at cucumber.runner.TestStep.run(TestStep.java:42)
	at cucumber.runner.PickleStepTestStep.run(PickleStepTestStep.java:53)
	at cucumber.runner.TestCase.run(TestCase.java:47)
	at cucumber.runner.Runner.runPickle(Runner.java:44)
	at cucumber.runtime.junit.PickleRunners$NoStepDescriptions.run(PickleRunners.java:140)
	at cucumber.runtime.junit.FeatureRunner.runChild(FeatureRunner.java:68)
	at cucumber.runtime.junit.FeatureRunner.runChild(FeatureRunner.java:23)
	at org.junit.runners.ParentRunner$3.run(ParentRunner.java:290)
	at org.junit.runners.ParentRunner$1.schedule(ParentRunner.java:71)
	at org.junit.runners.ParentRunner.runChildren(ParentRunner.java:288)
	at org.junit.runners.ParentRunner.access$000(ParentRunner.java:58)
	at org.junit.runners.ParentRunner$2.evaluate(ParentRunner.java:268)
	at org.junit.runners.ParentRunner.run(ParentRunner.java:363)
	at cucumber.runtime.junit.FeatureRunner.run(FeatureRunner.java:73)
	at cucumber.api.junit.Cucumber.runChild(Cucumber.java:98)
	at cucumber.api.junit.Cucumber.runChild(Cucumber.java:55)
	at org.junit.runners.ParentRunner$3.run(ParentRunner.java:290)
	at org.junit.runners.ParentRunner$1.schedule(ParentRunner.java:71)
	at org.junit.runners.ParentRunner.runChildren(ParentRunner.java:288)
	at org.junit.runners.ParentRunner.access$000(ParentRunner.java:58)
	at org.junit.runners.ParentRunner$2.evaluate(ParentRunner.java:268)
	at cucumber.api.junit.Cucumber$1.evaluate(Cucumber.java:107)
	at org.junit.runners.ParentRunner.run(ParentRunner.java:363)
	at org.junit.runners.Suite.runChild(Suite.java:128)
	at org.junit.runners.Suite.runChild(Suite.java:27)
	at org.junit.runners.ParentRunner$3.run(ParentRunner.java:290)
	at org.junit.runners.ParentRunner$1.schedule(ParentRunner.java:71)
	at org.junit.runners.ParentRunner.runChildren(ParentRunner.java:288)
	at org.junit.runners.ParentRunner.access$000(ParentRunner.java:58)
	at org.junit.runners.ParentRunner$2.evaluate(ParentRunner.java:268)
	at org.junit.runners.ParentRunner.run(ParentRunner.java:363)
	at org.junit.runner.JUnitCore.run(JUnitCore.java:137)
	at org.junit.runner.JUnitCore.run(JUnitCore.java:115)
	at org.junit.runner.JUnitCore.run(JUnitCore.java:105)
	at com.kms.katalon.core.cucumber.keyword.CucumberBuiltinKeywords$_runWithCucumberRunner_closure5.doCall(CucumberBuiltinKeywords.groovy:430)
	at com.kms.katalon.core.cucumber.keyword.CucumberBuiltinKeywords$_runWithCucumberRunner_closure5.doCall(CucumberBuiltinKeywords.groovy)
	at com.kms.katalon.core.keyword.internal.KeywordMain.runKeyword(KeywordMain.groovy:68)
	at com.kms.katalon.core.keyword.internal.KeywordMain$runKeyword.call(Unknown Source)
	at com.kms.katalon.core.cucumber.keyword.CucumberBuiltinKeywords.runWithCucumberRunner(CucumberBuiltinKeywords.groovy:427)
	at com.kms.katalon.core.cucumber.keyword.CucumberBuiltinKeywords$runWithCucumberRunner$0.callStatic(Unknown Source)
	at com.kms.katalon.core.cucumber.keyword.CucumberBuiltinKeywords.runWithCucumberRunner(CucumberBuiltinKeywords.groovy:527)
	at com.kms.katalon.core.cucumber.keyword.CucumberBuiltinKeywords$runWithCucumberRunner.call(Unknown Source)
	at Script1591008480625.run(Script1591008480625.groovy:20)
	... 13 more
)
[[ATTACHMENT|C:\\Users\\Group10\\Desktop\\New folder (2)\\ProAcc_Automation_Latest\\ProAcc_Automation_Latest\\Reports\\20200820_083537\\ProAcc_Suite\\20200820_083537\\1597893218538.png]]

2020-08-20 08:43:39 - [MESSAGE][PASSED] - Taking screenshot successfully
[[ATTACHMENT|C:\\Users\\Group10\\Desktop\\New folder (2)\\ProAcc_Automation_Latest\\ProAcc_Automation_Latest\\screenshots\\Thu_Aug_20_08_43_38_IST_2020.png]]

2020-08-20 08:43:39 - [MESSAGE][PASSED] - Run with 'testRunner.ActivityCreation_Runner' was passed]]></system-out>
         <system-err><![CDATA[]]></system-err>
      </testcase>
      <testcase name="Test Cases/Tc_PM/TC_ResourceAllocation" time="161.599" classname="Test Cases/Tc_PM/TC_ResourceAllocation" status="PASSED">
         <system-out><![CDATA[2020-08-20 08:43:39 - [TEST_CASE][PASSED] - Test Cases/Tc_PM/TC_ResourceAllocation: Test Cases/Tc_PM/TC_ResourceAllocation

2020-08-20 08:43:40 - [TEST_STEP][PASSED] - runWithCucumberRunner(testRunner.ResourceAllocation_Runner): Run with 'testRunner.ResourceAllocation_Runner' was passed

2020-08-20 08:43:40 - [MESSAGE][WARNING] - A browser is already opened. Closing browser and opening a new one

2020-08-20 08:43:41 - [MESSAGE][INFO] - Starting 'Chrome' driver

2020-08-20 08:43:41 - [MESSAGE][INFO] - Action delay is set to 0 milliseconds

2020-08-20 08:43:44 - [MESSAGE][PASSED] - Browser is opened with url: ''

2020-08-20 08:43:45 - [MESSAGE][PASSED] - Current window maximized

2020-08-20 08:43:50 - [MESSAGE][PASSED] - Delayed 5 second(s)

2020-08-20 08:44:00 - [MESSAGE][PASSED] - Navigate to 'http://123.176.34.15:4041/ProAccQA' successfully

2020-08-20 08:44:00 - [MESSAGE][PASSED] - Text 'Tin_PM' is set on object 'Object Repository/Pro_Acc_Login/input_Login_Username'

2020-08-20 08:44:01 - [MESSAGE][PASSED] - Text 'a12345@' is set on object 'Object Repository/Pro_Acc_Login/input_Login_Password'

2020-08-20 08:44:03 - [MESSAGE][PASSED] - Delayed 2 second(s)

2020-08-20 08:44:26 - [MESSAGE][PASSED] - Object: 'Object Repository/Pro_Acc_Login/button_Login' is clicked on

2020-08-20 08:44:29 - [MESSAGE][PASSED] - Delayed 3 second(s)

2020-08-20 08:44:29 - [MESSAGE][PASSED] - Text 'Dashboard' is present on page 

2020-08-20 08:44:32 - [MESSAGE][PASSED] - Delayed 3 second(s)

2020-08-20 08:44:32 - [MESSAGE][PASSED] - Object: 'Object Repository/Pro_Acc_Assessment/Pro_Acc_ResourceAllocation/a_Assessment' is clicked on

2020-08-20 08:44:39 - [MESSAGE][PASSED] - Object: 'Object Repository/Pro_Acc_Assessment/Pro_Acc_ResourceAllocation/a_Resource Allocation' is clicked on

2020-08-20 08:44:41 - [MESSAGE][PASSED] - Delayed 2 second(s)

2020-08-20 08:44:42 - [MESSAGE][PASSED] - Object: 'Object Repository/Pro_Acc_Assessment/Pro_Acc_ResourceAllocation/select_SelectProject' is clicked on

2020-08-20 08:44:43 - [MESSAGE][PASSED] - All options with label 'Tin Pilot Phase Test' are selected in object 'Object Repository/Pro_Acc_Assessment/Pro_Acc_ResourceAllocation/select_SelectProject'  using regular expression

2020-08-20 08:44:45 - [MESSAGE][PASSED] - Delayed 2 second(s)

2020-08-20 08:44:45 - [MESSAGE][PASSED] - Object: 'Object Repository/Pro_Acc_Assessment/Pro_Acc_ResourceAllocation/select_SelectInstance' is clicked on

2020-08-20 08:44:46 - [MESSAGE][PASSED] - All options with label 'T01' are selected in object 'Object Repository/Pro_Acc_Assessment/Pro_Acc_ResourceAllocation/select_SelectInstance'  using regular expression

2020-08-20 08:44:48 - [MESSAGE][PASSED] - Delayed 2 second(s)

2020-08-20 08:44:50 - [MESSAGE][PASSED] - Delayed 2 second(s)

2020-08-20 08:44:53 - [MESSAGE][PASSED] - Delayed 3 second(s)

2020-08-20 08:44:55 - [MESSAGE][PASSED] - Delayed 2 second(s)

2020-08-20 08:44:56 - [MESSAGE][PASSED] - Object: '' is clicked on

2020-08-20 08:44:58 - [MESSAGE][PASSED] - Delayed 2 second(s)

2020-08-20 08:44:58 - [MESSAGE][WARNING] - Timeout '0' is invalid. Using default page load timeout: '30'

2020-08-20 08:44:58 - [MESSAGE][PASSED] - Scroll to object 'Object Repository/Pro_Acc_Assessment/Pro_Acc_ResourceAllocation/edit_task' successfully

2020-08-20 08:44:59 - [MESSAGE][PASSED] - Delayed 1 second(s)

2020-08-20 08:45:00 - [MESSAGE][PASSED] - Object: 'Object Repository/Pro_Acc_Assessment/Pro_Acc_ResourceAllocation/edit_task' is clicked on

2020-08-20 08:45:01 - [MESSAGE][PASSED] - Delayed 1 second(s)

2020-08-20 08:45:01 - [MESSAGE][PASSED] - Object: 'Object Repository/Pro_Acc_Assessment/Pro_Acc_ResourceAllocation/select_NamedOwnerOfTask' is clicked on

2020-08-20 08:45:02 - [MESSAGE][PASSED] - Delayed 1 second(s)

2020-08-20 08:45:03 - [MESSAGE][PASSED] - All options with label 'Tin_Consultant' are selected in object 'Object Repository/Pro_Acc_Assessment/Pro_Acc_ResourceAllocation/select_NamedOwnerOfTask'  using regular expression

2020-08-20 08:45:04 - [MESSAGE][PASSED] - Delayed 1 second(s)

2020-08-20 08:45:04 - [MESSAGE][PASSED] - Object: 'Object Repository/Pro_Acc_Assessment/Pro_Acc_ResourceAllocation/a_Submit' is clicked on

2020-08-20 08:45:05 - [MESSAGE][PASSED] - Delayed 1 second(s)

2020-08-20 08:45:06 - [MESSAGE][PASSED] - Object: 'Object Repository/Pro_Acc_Assessment/Pro_Acc_ResourceAllocation/a_Yes' is clicked on

2020-08-20 08:45:11 - [MESSAGE][PASSED] - Delayed 5 second(s)

2020-08-20 08:45:13 - [MESSAGE][PASSED] - Delayed 2 second(s)

2020-08-20 08:45:13 - [MESSAGE][PASSED] - Object: '' is clicked on

2020-08-20 08:45:15 - [MESSAGE][PASSED] - Delayed 2 second(s)

2020-08-20 08:45:15 - [MESSAGE][WARNING] - Timeout '0' is invalid. Using default page load timeout: '30'

2020-08-20 08:45:15 - [MESSAGE][PASSED] - Scroll to object 'Object Repository/Pro_Acc_Assessment/Pro_Acc_ResourceAllocation/edit_task' successfully

2020-08-20 08:45:16 - [MESSAGE][PASSED] - Delayed 1 second(s)

2020-08-20 08:45:17 - [MESSAGE][PASSED] - Object: 'Object Repository/Pro_Acc_Assessment/Pro_Acc_ResourceAllocation/edit_task' is clicked on

2020-08-20 08:45:18 - [MESSAGE][PASSED] - Delayed 1 second(s)

2020-08-20 08:45:18 - [MESSAGE][PASSED] - Object: 'Object Repository/Pro_Acc_Assessment/Pro_Acc_ResourceAllocation/select_NamedOwnerOfTask' is clicked on

2020-08-20 08:45:19 - [MESSAGE][PASSED] - Delayed 1 second(s)

2020-08-20 08:45:20 - [MESSAGE][PASSED] - All options with label 'Tin_Consultant' are selected in object 'Object Repository/Pro_Acc_Assessment/Pro_Acc_ResourceAllocation/select_NamedOwnerOfTask'  using regular expression

2020-08-20 08:45:21 - [MESSAGE][PASSED] - Delayed 1 second(s)

2020-08-20 08:45:21 - [MESSAGE][PASSED] - Object: 'Object Repository/Pro_Acc_Assessment/Pro_Acc_ResourceAllocation/a_Submit' is clicked on

2020-08-20 08:45:22 - [MESSAGE][PASSED] - Delayed 1 second(s)

2020-08-20 08:45:23 - [MESSAGE][PASSED] - Object: 'Object Repository/Pro_Acc_Assessment/Pro_Acc_ResourceAllocation/a_Yes' is clicked on

2020-08-20 08:45:28 - [MESSAGE][PASSED] - Delayed 5 second(s)

2020-08-20 08:45:30 - [MESSAGE][PASSED] - Delayed 2 second(s)

2020-08-20 08:45:30 - [MESSAGE][PASSED] - Object: '' is clicked on

2020-08-20 08:45:32 - [MESSAGE][PASSED] - Delayed 2 second(s)

2020-08-20 08:45:32 - [MESSAGE][WARNING] - Timeout '0' is invalid. Using default page load timeout: '30'

2020-08-20 08:45:32 - [MESSAGE][PASSED] - Scroll to object 'Object Repository/Pro_Acc_Assessment/Pro_Acc_ResourceAllocation/edit_task' successfully

2020-08-20 08:45:33 - [MESSAGE][PASSED] - Delayed 1 second(s)

2020-08-20 08:45:34 - [MESSAGE][PASSED] - Object: 'Object Repository/Pro_Acc_Assessment/Pro_Acc_ResourceAllocation/edit_task' is clicked on

2020-08-20 08:45:35 - [MESSAGE][PASSED] - Delayed 1 second(s)

2020-08-20 08:45:35 - [MESSAGE][PASSED] - Object: 'Object Repository/Pro_Acc_Assessment/Pro_Acc_ResourceAllocation/select_NamedOwnerOfTask' is clicked on

2020-08-20 08:45:36 - [MESSAGE][PASSED] - Delayed 1 second(s)

2020-08-20 08:45:37 - [MESSAGE][PASSED] - All options with label 'Tin_Consultant' are selected in object 'Object Repository/Pro_Acc_Assessment/Pro_Acc_ResourceAllocation/select_NamedOwnerOfTask'  using regular expression

2020-08-20 08:45:38 - [MESSAGE][PASSED] - Delayed 1 second(s)

2020-08-20 08:45:39 - [MESSAGE][PASSED] - Object: 'Object Repository/Pro_Acc_Assessment/Pro_Acc_ResourceAllocation/a_Submit' is clicked on

2020-08-20 08:45:40 - [MESSAGE][PASSED] - Delayed 1 second(s)

2020-08-20 08:45:40 - [MESSAGE][PASSED] - Object: 'Object Repository/Pro_Acc_Assessment/Pro_Acc_ResourceAllocation/a_Yes' is clicked on

2020-08-20 08:45:45 - [MESSAGE][PASSED] - Delayed 5 second(s)

2020-08-20 08:45:47 - [MESSAGE][PASSED] - Delayed 2 second(s)

2020-08-20 08:45:47 - [MESSAGE][PASSED] - Object: '' is clicked on

2020-08-20 08:45:49 - [MESSAGE][PASSED] - Delayed 2 second(s)

2020-08-20 08:45:49 - [MESSAGE][WARNING] - Timeout '0' is invalid. Using default page load timeout: '30'

2020-08-20 08:45:50 - [MESSAGE][PASSED] - Scroll to object 'Object Repository/Pro_Acc_Assessment/Pro_Acc_ResourceAllocation/edit_task' successfully

2020-08-20 08:45:51 - [MESSAGE][PASSED] - Delayed 1 second(s)

2020-08-20 08:45:51 - [MESSAGE][PASSED] - Object: 'Object Repository/Pro_Acc_Assessment/Pro_Acc_ResourceAllocation/edit_task' is clicked on

2020-08-20 08:45:52 - [MESSAGE][PASSED] - Delayed 1 second(s)

2020-08-20 08:45:52 - [MESSAGE][PASSED] - Object: 'Object Repository/Pro_Acc_Assessment/Pro_Acc_ResourceAllocation/select_NamedOwnerOfTask' is clicked on

2020-08-20 08:45:53 - [MESSAGE][PASSED] - Delayed 1 second(s)

2020-08-20 08:45:54 - [MESSAGE][PASSED] - All options with label 'Tin_Consultant' are selected in object 'Object Repository/Pro_Acc_Assessment/Pro_Acc_ResourceAllocation/select_NamedOwnerOfTask'  using regular expression

2020-08-20 08:45:55 - [MESSAGE][PASSED] - Delayed 1 second(s)

2020-08-20 08:45:56 - [MESSAGE][PASSED] - Object: 'Object Repository/Pro_Acc_Assessment/Pro_Acc_ResourceAllocation/a_Submit' is clicked on

2020-08-20 08:45:57 - [MESSAGE][PASSED] - Delayed 1 second(s)

2020-08-20 08:45:57 - [MESSAGE][PASSED] - Object: 'Object Repository/Pro_Acc_Assessment/Pro_Acc_ResourceAllocation/a_Yes' is clicked on

2020-08-20 08:46:02 - [MESSAGE][PASSED] - Delayed 5 second(s)

2020-08-20 08:46:04 - [MESSAGE][PASSED] - Delayed 2 second(s)

2020-08-20 08:46:04 - [MESSAGE][PASSED] - Object: '' is clicked on

2020-08-20 08:46:06 - [MESSAGE][PASSED] - Delayed 2 second(s)

2020-08-20 08:46:07 - [MESSAGE][WARNING] - Timeout '0' is invalid. Using default page load timeout: '30'

2020-08-20 08:46:07 - [MESSAGE][PASSED] - Scroll to object 'Object Repository/Pro_Acc_Assessment/Pro_Acc_ResourceAllocation/edit_task' successfully

2020-08-20 08:46:08 - [MESSAGE][PASSED] - Delayed 1 second(s)

2020-08-20 08:46:08 - [MESSAGE][PASSED] - Object: 'Object Repository/Pro_Acc_Assessment/Pro_Acc_ResourceAllocation/edit_task' is clicked on

2020-08-20 08:46:09 - [MESSAGE][PASSED] - Delayed 1 second(s)

2020-08-20 08:46:10 - [MESSAGE][PASSED] - Object: 'Object Repository/Pro_Acc_Assessment/Pro_Acc_ResourceAllocation/select_NamedOwnerOfTask' is clicked on

2020-08-20 08:46:11 - [MESSAGE][PASSED] - Delayed 1 second(s)

2020-08-20 08:46:12 - [MESSAGE][PASSED] - All options with label 'Tin_Consultant' are selected in object 'Object Repository/Pro_Acc_Assessment/Pro_Acc_ResourceAllocation/select_NamedOwnerOfTask'  using regular expression

2020-08-20 08:46:13 - [MESSAGE][PASSED] - Delayed 1 second(s)

2020-08-20 08:46:13 - [MESSAGE][PASSED] - Object: 'Object Repository/Pro_Acc_Assessment/Pro_Acc_ResourceAllocation/a_Submit' is clicked on

2020-08-20 08:46:14 - [MESSAGE][PASSED] - Delayed 1 second(s)

2020-08-20 08:46:14 - [MESSAGE][PASSED] - Object: 'Object Repository/Pro_Acc_Assessment/Pro_Acc_ResourceAllocation/a_Yes' is clicked on

2020-08-20 08:46:19 - [MESSAGE][PASSED] - Delayed 5 second(s)

2020-08-20 08:46:20 - [MESSAGE][PASSED] - Object: 'Object Repository/Pro_Acc_Logout/User_Click' is clicked on

2020-08-20 08:46:21 - [MESSAGE][PASSED] - Object: 'Object Repository/Pro_Acc_Logout/Logout' is clicked on

2020-08-20 08:46:21 - [MESSAGE][PASSED] - Run with 'testRunner.ResourceAllocation_Runner' was passed]]></system-out>
         <system-err><![CDATA[]]></system-err>
      </testcase>
      <testcase name="Test Cases/Tc_Consultant/TC_AssessmentMonitorforConsultant" time="194.97" classname="Test Cases/Tc_Consultant/TC_AssessmentMonitorforConsultant" status="PASSED">
         <system-out><![CDATA[2020-08-20 08:46:21 - [TEST_CASE][PASSED] - Test Cases/Tc_Consultant/TC_AssessmentMonitorforConsultant: Test Cases/Tc_Consultant/TC_AssessmentMonitorforConsultant

2020-08-20 08:46:22 - [TEST_STEP][PASSED] - runWithCucumberRunner(testRunner.AssessmentMonitorforConsultant_Runner): Run with 'testRunner.AssessmentMonitorforConsultant_Runner' was passed

2020-08-20 08:46:22 - [MESSAGE][WARNING] - A browser is already opened. Closing browser and opening a new one

2020-08-20 08:46:23 - [MESSAGE][INFO] - Starting 'Chrome' driver

2020-08-20 08:46:23 - [MESSAGE][INFO] - Action delay is set to 0 milliseconds

2020-08-20 08:46:26 - [MESSAGE][PASSED] - Browser is opened with url: ''

2020-08-20 08:46:27 - [MESSAGE][PASSED] - Current window maximized

2020-08-20 08:46:32 - [MESSAGE][PASSED] - Delayed 5 second(s)

2020-08-20 08:46:53 - [MESSAGE][PASSED] - Navigate to 'http://123.176.34.15:4041/ProAccQA' successfully

2020-08-20 08:46:53 - [MESSAGE][PASSED] - Text 'Tin_Consultant' is set on object 'Object Repository/Pro_Acc_Login/input_Login_Username'

2020-08-20 08:46:54 - [MESSAGE][PASSED] - Text 'a12345@' is set on object 'Object Repository/Pro_Acc_Login/input_Login_Password'

2020-08-20 08:46:56 - [MESSAGE][PASSED] - Delayed 2 second(s)

2020-08-20 08:47:32 - [MESSAGE][PASSED] - Object: 'Object Repository/Pro_Acc_Login/button_Login' is clicked on

2020-08-20 08:47:35 - [MESSAGE][PASSED] - Delayed 3 second(s)

2020-08-20 08:47:35 - [MESSAGE][PASSED] - Text 'Dashboard' is present on page 

2020-08-20 08:47:38 - [MESSAGE][PASSED] - Delayed 3 second(s)

2020-08-20 08:47:39 - [MESSAGE][PASSED] - Object: 'Object Repository/Pro_Acc_Assessment/Pro_Acc_ResourceAllocation/Select_Assessment' is clicked on

2020-08-20 08:47:47 - [MESSAGE][PASSED] - Object: 'Object Repository/Pro_Acc_Assessment/Pro_Acc_AssessmentMonitor/a_Assessment Monitor' is clicked on

2020-08-20 08:47:52 - [MESSAGE][PASSED] - Delayed 5 second(s)

2020-08-20 08:47:53 - [MESSAGE][PASSED] - All options with label 'Tin Test' are selected in object 'Object Repository/Pro_Acc_Assessment/Pro_Acc_AssessmentMonitor/select_-SelectCustomerName'  using regular expression

2020-08-20 08:47:54 - [MESSAGE][PASSED] - All options with label 'Tin Pilot Phase Test' are selected in object 'Object Repository/Pro_Acc_Assessment/Pro_Acc_AssessmentMonitor/select_-SelectProjectName'  using regular expression

2020-08-20 08:47:56 - [MESSAGE][PASSED] - All options with label 'T01' are selected in object 'Object Repository/Pro_Acc_Assessment/Pro_Acc_AssessmentMonitor/select_-SelectInstanceName'  using regular expression

2020-08-20 08:47:58 - [MESSAGE][PASSED] - Delayed 2 second(s)

2020-08-20 08:48:03 - [MESSAGE][PASSED] - Scroll to object 'Object Repository/Pro_Acc_AssessmentMonitorforConsultant/Page_Assessment Monitor/Edit_Button' successfully

2020-08-20 08:48:05 - [MESSAGE][PASSED] - Delayed 2 second(s)

2020-08-20 08:48:07 - [MESSAGE][PASSED] - Delayed 2 second(s)

2020-08-20 08:48:09 - [MESSAGE][PASSED] - Delayed 2 second(s)

2020-08-20 08:48:12 - [MESSAGE][PASSED] - Delayed 3 second(s)

2020-08-20 08:48:13 - [MESSAGE][PASSED] - Delayed 1 second(s)

2020-08-20 08:48:14 - [MESSAGE][PASSED] - Delayed 1 second(s)

2020-08-20 08:48:16 - [MESSAGE][PASSED] - Delayed 1 second(s)

2020-08-20 08:48:20 - [MESSAGE][PASSED] - Delayed 3 second(s)

2020-08-20 08:48:22 - [MESSAGE][PASSED] - Delayed 2 second(s)

2020-08-20 08:48:24 - [MESSAGE][PASSED] - Delayed 2 second(s)

2020-08-20 08:48:27 - [MESSAGE][PASSED] - Delayed 3 second(s)

2020-08-20 08:48:28 - [MESSAGE][PASSED] - Delayed 1 second(s)

2020-08-20 08:48:29 - [MESSAGE][PASSED] - Delayed 1 second(s)

2020-08-20 08:48:30 - [MESSAGE][PASSED] - Delayed 1 second(s)

2020-08-20 08:48:36 - [MESSAGE][PASSED] - Delayed 3 second(s)

2020-08-20 08:48:38 - [MESSAGE][PASSED] - Delayed 2 second(s)

2020-08-20 08:48:40 - [MESSAGE][PASSED] - Delayed 2 second(s)

2020-08-20 08:48:43 - [MESSAGE][PASSED] - Delayed 3 second(s)

2020-08-20 08:48:44 - [MESSAGE][PASSED] - Delayed 1 second(s)

2020-08-20 08:48:45 - [MESSAGE][PASSED] - Delayed 1 second(s)

2020-08-20 08:48:46 - [MESSAGE][PASSED] - Delayed 1 second(s)

2020-08-20 08:48:51 - [MESSAGE][PASSED] - Delayed 3 second(s)

2020-08-20 08:48:53 - [MESSAGE][PASSED] - Delayed 2 second(s)

2020-08-20 08:48:55 - [MESSAGE][PASSED] - Delayed 2 second(s)

2020-08-20 08:48:58 - [MESSAGE][PASSED] - Delayed 3 second(s)

2020-08-20 08:48:59 - [MESSAGE][PASSED] - Delayed 1 second(s)

2020-08-20 08:49:00 - [MESSAGE][PASSED] - Delayed 1 second(s)

2020-08-20 08:49:01 - [MESSAGE][PASSED] - Delayed 1 second(s)

2020-08-20 08:49:06 - [MESSAGE][PASSED] - Delayed 3 second(s)

2020-08-20 08:49:08 - [MESSAGE][PASSED] - Delayed 2 second(s)

2020-08-20 08:49:11 - [MESSAGE][PASSED] - Delayed 2 second(s)

2020-08-20 08:49:14 - [MESSAGE][PASSED] - Delayed 3 second(s)

2020-08-20 08:49:15 - [MESSAGE][PASSED] - Delayed 1 second(s)

2020-08-20 08:49:16 - [MESSAGE][PASSED] - Delayed 1 second(s)

2020-08-20 08:49:17 - [MESSAGE][PASSED] - Delayed 1 second(s)

2020-08-20 08:49:22 - [MESSAGE][PASSED] - Delayed 3 second(s)

2020-08-20 08:49:24 - [MESSAGE][PASSED] - Delayed 2 second(s)

2020-08-20 08:49:35 - [MESSAGE][INFO] - Unable to find the element located by 'By.xpath: //*[@id="NXReportButton"]
'. Please recheck the objects properties to make sure the desired element is located. 

2020-08-20 08:49:36 - [MESSAGE][PASSED] - Taking screenshot successfully
[[ATTACHMENT|C:\\Users\\Group10\\Desktop\\New folder (2)\\ProAcc_Automation_Latest\\ProAcc_Automation_Latest\\screenshots\\Thu_Aug_20_08_49_35_IST_2020.png]]

2020-08-20 08:49:36 - [MESSAGE][PASSED] - Run with 'testRunner.AssessmentMonitorforConsultant_Runner' was passed]]></system-out>
         <system-err><![CDATA[]]></system-err>
      </testcase>
      <testcase name="Test Cases/Tc_Consultant/TC_CreateAnalysis" time="99.283" classname="Test Cases/Tc_Consultant/TC_CreateAnalysis" status="PASSED">
         <system-out><![CDATA[2020-08-20 08:49:36 - [TEST_CASE][PASSED] - Test Cases/Tc_Consultant/TC_CreateAnalysis: Test Cases/Tc_Consultant/TC_CreateAnalysis

2020-08-20 08:49:36 - [TEST_STEP][PASSED] - runWithCucumberRunner(testRunner.CreateAnalysis_Runner): Run with 'testRunner.CreateAnalysis_Runner' was passed

2020-08-20 08:49:37 - [MESSAGE][WARNING] - A browser is already opened. Closing browser and opening a new one

2020-08-20 08:49:38 - [MESSAGE][INFO] - Starting 'Chrome' driver

2020-08-20 08:49:38 - [MESSAGE][INFO] - Action delay is set to 0 milliseconds

2020-08-20 08:49:41 - [MESSAGE][PASSED] - Browser is opened with url: ''

2020-08-20 08:49:42 - [MESSAGE][PASSED] - Current window maximized

2020-08-20 08:49:47 - [MESSAGE][PASSED] - Delayed 5 second(s)

2020-08-20 08:50:01 - [MESSAGE][PASSED] - Navigate to 'http://123.176.34.15:4041/ProAccQA' successfully

2020-08-20 08:50:02 - [MESSAGE][PASSED] - Text 'Tin_Consultant' is set on object 'Object Repository/Pro_Acc_Login/input_Login_Username'

2020-08-20 08:50:03 - [MESSAGE][PASSED] - Text 'a12345@' is set on object 'Object Repository/Pro_Acc_Login/input_Login_Password'

2020-08-20 08:50:05 - [MESSAGE][PASSED] - Delayed 2 second(s)

2020-08-20 08:50:28 - [MESSAGE][PASSED] - Object: 'Object Repository/Pro_Acc_Login/button_Login' is clicked on

2020-08-20 08:50:31 - [MESSAGE][PASSED] - Delayed 3 second(s)

2020-08-20 08:50:31 - [MESSAGE][PASSED] - Text 'Dashboard' is present on page 

2020-08-20 08:50:34 - [MESSAGE][PASSED] - Delayed 3 second(s)

2020-08-20 08:50:35 - [MESSAGE][PASSED] - Object: 'Object Repository/Pro_Acc_Assessment/Pro_Acc_CreateAnalysis/Select Assessemnt_CA' is clicked on

2020-08-20 08:50:39 - [MESSAGE][PASSED] - Delayed 3 second(s)

2020-08-20 08:50:40 - [MESSAGE][PASSED] - Object: 'Object Repository/Pro_Acc_Assessment/Pro_Acc_CreateAnalysis/Report_Btn' is clicked on

2020-08-20 08:50:41 - [MESSAGE][PASSED] - Delayed 1 second(s)

2020-08-20 08:50:42 - [MESSAGE][PASSED] - All options with label 'Tin Test' are selected in object 'Object Repository/Pro_Acc_Assessment/Pro_Acc_CreateAnalysis/select_- selectCustomer'  using regular expression

2020-08-20 08:50:43 - [MESSAGE][PASSED] - Delayed 1 second(s)

2020-08-20 08:50:43 - [MESSAGE][PASSED] - All options with label 'Tin Pilot Phase Test' are selected in object 'Object Repository/Pro_Acc_Assessment/Pro_Acc_CreateAnalysis/select_SelectProject'  using regular expression

2020-08-20 08:50:44 - [MESSAGE][PASSED] - Delayed 1 second(s)

2020-08-20 08:50:45 - [MESSAGE][PASSED] - All options with label 'T01' are selected in object 'Object Repository/Pro_Acc_Assessment/Pro_Acc_CreateAnalysis/select_SelectaInstance'  using regular expression

2020-08-20 08:50:47 - [MESSAGE][PASSED] - Delayed 2 second(s)

2020-08-20 08:50:48 - [MESSAGE][PASSED] - File 'C:/Users/Group10/Desktop/New folder (2)/ProAcc_Automation_Latest/ProAcc_Automation_Latest/Include/Pro Acc Input file/Activities.xlsx' sent to object: 'Object Repository/Pro_Acc_Assessment/Pro_Acc_CreateAnalysis/input_Activities_files'

2020-08-20 08:50:50 - [MESSAGE][PASSED] - Delayed 2 second(s)

2020-08-20 08:50:50 - [MESSAGE][PASSED] - File 'C:/Users/Group10/Desktop/New folder (2)/ProAcc_Automation_Latest/ProAcc_Automation_Latest/Include/Pro Acc Input file/Bwextractors.xlsx' sent to object: 'Object Repository/Pro_Acc_Assessment/Pro_Acc_CreateAnalysis/input_BW Extractors_files'

2020-08-20 08:50:52 - [MESSAGE][PASSED] - Delayed 2 second(s)

2020-08-20 08:50:52 - [MESSAGE][PASSED] - File 'C:/Users/Group10/Desktop/New folder (2)/ProAcc_Automation_Latest/ProAcc_Automation_Latest/Include/Pro Acc Input file/CustomCode.xlsx' sent to object: 'Object Repository/Pro_Acc_Assessment/Pro_Acc_CreateAnalysis/input_Custom Code Analysis_files'

2020-08-20 08:50:54 - [MESSAGE][PASSED] - Delayed 2 second(s)

2020-08-20 08:50:55 - [MESSAGE][PASSED] - File 'C:/Users/Group10/Desktop/New folder (2)/ProAcc_Automation_Latest/ProAcc_Automation_Latest/Include/Pro Acc Input file/HanaDatabaseTables.xlsx' sent to object: 'Object Repository/Pro_Acc_Assessment/Pro_Acc_CreateAnalysis/input_HANA Database Tables_files'

2020-08-20 08:50:57 - [MESSAGE][PASSED] - Delayed 2 second(s)

2020-08-20 08:50:57 - [MESSAGE][PASSED] - File 'C:/Users/Group10/Desktop/New folder (2)/ProAcc_Automation_Latest/ProAcc_Automation_Latest/Include/Pro Acc Input file/RecommendedFioriApps.xlsx' sent to object: 'Object Repository/Pro_Acc_Assessment/Pro_Acc_CreateAnalysis/input_Recommended Fiori Apps_files'

2020-08-20 08:50:59 - [MESSAGE][PASSED] - Delayed 2 second(s)

2020-08-20 08:50:59 - [MESSAGE][PASSED] - Scroll to object 'Object Repository/Pro_Acc_Assessment/Pro_Acc_CreateAnalysis/input_Relevant Simplification Items_files' successfully

2020-08-20 08:51:00 - [MESSAGE][PASSED] - File 'C:/Users/Group10/Desktop/New folder (2)/ProAcc_Automation_Latest/ProAcc_Automation_Latest/Include/Pro Acc Input file/RelevantSimplificationItems.xlsx' sent to object: 'Object Repository/Pro_Acc_Assessment/Pro_Acc_CreateAnalysis/input_Relevant Simplification Items_files'

2020-08-20 08:51:02 - [MESSAGE][PASSED] - Delayed 2 second(s)

2020-08-20 08:51:02 - [MESSAGE][PASSED] - File 'C:/Users/Group10/Desktop/New folder (2)/ProAcc_Automation_Latest/ProAcc_Automation_Latest/Include/Pro Acc Input file/SAP Readiness Check.docx' sent to object: 'Object Repository/Pro_Acc_Assessment/Pro_Acc_CreateAnalysis/input_SAP Readiness Check_files'

2020-08-20 08:51:02 - [MESSAGE][PASSED] - Object: 'Object Repository/Pro_Acc_Assessment/Pro_Acc_CreateAnalysis/check terms_checkbox' is clicked on

2020-08-20 08:51:03 - [MESSAGE][PASSED] - Object: 'Object Repository/Pro_Acc_Assessment/Pro_Acc_CreateAnalysis/Acknow_checkbox' is clicked on

2020-08-20 08:51:03 - [MESSAGE][PASSED] - Object: 'Object Repository/Pro_Acc_Assessment/Pro_Acc_CreateAnalysis/button_Start Analysis' is clicked on

2020-08-20 08:51:07 - [MESSAGE][PASSED] - Delayed 4 second(s)

2020-08-20 08:51:10 - [MESSAGE][PASSED] - Delayed 3 second(s)

2020-08-20 08:51:14 - [MESSAGE][PASSED] - Object: 'Object Repository/Pro_Acc_Assessment/Pro_Acc_CreateAnalysis/Report_Btn' is clicked on

2020-08-20 08:51:14 - [MESSAGE][PASSED] - Object: 'Object Repository/Pro_Acc_Logout/User_Click' is clicked on

2020-08-20 08:51:15 - [MESSAGE][PASSED] - Object: 'Object Repository/Pro_Acc_Logout/Logout' is clicked on

2020-08-20 08:51:15 - [MESSAGE][PASSED] - Run with 'testRunner.CreateAnalysis_Runner' was passed]]></system-out>
         <system-err><![CDATA[]]></system-err>
      </testcase>
      <testcase name="Test Cases/Tc_PM/TC_ResourceAllocation_PreConversion_PM" time="153.069" classname="Test Cases/Tc_PM/TC_ResourceAllocation_PreConversion_PM" status="PASSED">
         <system-out><![CDATA[2020-08-20 08:51:15 - [TEST_CASE][PASSED] - Test Cases/Tc_PM/TC_ResourceAllocation_PreConversion_PM: Test Cases/Tc_PM/TC_ResourceAllocation_PreConversion_PM

2020-08-20 08:51:16 - [TEST_STEP][PASSED] - runWithCucumberRunner(pro_acc_test_runner.ResourceAllocation_PreConversion_PM_Runner): Run with 'pro_acc_test_runner.ResourceAllocation_PreConversion_PM_Runner' was passed

2020-08-20 08:51:16 - [MESSAGE][WARNING] - A browser is already opened. Closing browser and opening a new one

2020-08-20 08:51:17 - [MESSAGE][INFO] - Starting 'Chrome' driver

2020-08-20 08:51:17 - [MESSAGE][INFO] - Action delay is set to 0 milliseconds

2020-08-20 08:51:20 - [MESSAGE][PASSED] - Browser is opened with url: ''

2020-08-20 08:51:21 - [MESSAGE][PASSED] - Current window maximized

2020-08-20 08:51:26 - [MESSAGE][PASSED] - Delayed 5 second(s)

2020-08-20 08:51:35 - [MESSAGE][PASSED] - Navigate to 'http://123.176.34.15:4041/ProAccQA' successfully

2020-08-20 08:51:35 - [MESSAGE][PASSED] - Text 'Tin_PM' is set on object 'Object Repository/Pro_Acc_Login/input_Login_Username'

2020-08-20 08:51:36 - [MESSAGE][PASSED] - Text 'a12345@' is set on object 'Object Repository/Pro_Acc_Login/input_Login_Password'

2020-08-20 08:51:38 - [MESSAGE][PASSED] - Delayed 2 second(s)

2020-08-20 08:51:57 - [MESSAGE][PASSED] - Object: 'Object Repository/Pro_Acc_Login/button_Login' is clicked on

2020-08-20 08:52:00 - [MESSAGE][PASSED] - Delayed 3 second(s)

2020-08-20 08:52:00 - [MESSAGE][PASSED] - Text 'Dashboard' is present on page 

2020-08-20 08:52:03 - [MESSAGE][PASSED] - Delayed 3 second(s)

2020-08-20 08:52:03 - [MESSAGE][PASSED] - Object: 'Object Repository/Pro_Acc_Pre-Conversion/Pre-Conversion_PM' is clicked on

2020-08-20 08:52:07 - [MESSAGE][PASSED] - Object: 'Object Repository/Pro_Acc_Pre-Conversion/ResourceAllocation_Pre-Conversion_PM' is clicked on

2020-08-20 08:52:09 - [MESSAGE][PASSED] - Delayed 2 second(s)

2020-08-20 08:52:10 - [MESSAGE][PASSED] - Object: 'Object Repository/Pro_Acc_Assessment/Pro_Acc_ResourceAllocation/select_SelectProject' is clicked on

2020-08-20 08:52:10 - [MESSAGE][PASSED] - All options with label 'Tin Pilot Phase Test' are selected in object 'Object Repository/Pro_Acc_Assessment/Pro_Acc_ResourceAllocation/select_SelectProject'  using regular expression

2020-08-20 08:52:12 - [MESSAGE][PASSED] - Delayed 2 second(s)

2020-08-20 08:52:13 - [MESSAGE][PASSED] - Object: 'Object Repository/Pro_Acc_Assessment/Pro_Acc_ResourceAllocation/select_SelectInstance' is clicked on

2020-08-20 08:52:14 - [MESSAGE][PASSED] - All options with label 'T01' are selected in object 'Object Repository/Pro_Acc_Assessment/Pro_Acc_ResourceAllocation/select_SelectInstance'  using regular expression

2020-08-20 08:52:16 - [MESSAGE][PASSED] - Delayed 2 second(s)

2020-08-20 08:52:18 - [MESSAGE][PASSED] - Delayed 2 second(s)

2020-08-20 08:52:21 - [MESSAGE][PASSED] - Delayed 3 second(s)

2020-08-20 08:52:23 - [MESSAGE][PASSED] - Delayed 2 second(s)

2020-08-20 08:52:24 - [MESSAGE][PASSED] - Object: '' is clicked on

2020-08-20 08:52:26 - [MESSAGE][PASSED] - Delayed 2 second(s)

2020-08-20 08:52:26 - [MESSAGE][WARNING] - Timeout '0' is invalid. Using default page load timeout: '30'

2020-08-20 08:52:26 - [MESSAGE][PASSED] - Scroll to object 'Object Repository/Pro_Acc_Assessment/Pro_Acc_ResourceAllocation/edit_task' successfully

2020-08-20 08:52:27 - [MESSAGE][PASSED] - Delayed 1 second(s)

2020-08-20 08:52:27 - [MESSAGE][PASSED] - Object: 'Object Repository/Pro_Acc_Assessment/Pro_Acc_ResourceAllocation/edit_task' is clicked on

2020-08-20 08:52:28 - [MESSAGE][PASSED] - Delayed 1 second(s)

2020-08-20 08:52:29 - [MESSAGE][PASSED] - Object: 'Object Repository/Pro_Acc_Assessment/Pro_Acc_ResourceAllocation/select_NamedOwnerOfTask' is clicked on

2020-08-20 08:52:30 - [MESSAGE][PASSED] - Delayed 1 second(s)

2020-08-20 08:52:31 - [MESSAGE][PASSED] - All options with label 'Tin_Consultant' are selected in object 'Object Repository/Pro_Acc_Assessment/Pro_Acc_ResourceAllocation/select_NamedOwnerOfTask'  using regular expression

2020-08-20 08:52:32 - [MESSAGE][PASSED] - Delayed 1 second(s)

2020-08-20 08:52:32 - [MESSAGE][PASSED] - Object: 'Object Repository/Pro_Acc_Assessment/Pro_Acc_ResourceAllocation/a_Submit' is clicked on

2020-08-20 08:52:33 - [MESSAGE][PASSED] - Delayed 1 second(s)

2020-08-20 08:52:33 - [MESSAGE][PASSED] - Object: 'Object Repository/Pro_Acc_Assessment/Pro_Acc_ResourceAllocation/a_Yes' is clicked on

2020-08-20 08:52:38 - [MESSAGE][PASSED] - Delayed 5 second(s)

2020-08-20 08:52:40 - [MESSAGE][PASSED] - Delayed 2 second(s)

2020-08-20 08:52:41 - [MESSAGE][PASSED] - Object: '' is clicked on

2020-08-20 08:52:43 - [MESSAGE][PASSED] - Delayed 2 second(s)

2020-08-20 08:52:43 - [MESSAGE][WARNING] - Timeout '0' is invalid. Using default page load timeout: '30'

2020-08-20 08:52:43 - [MESSAGE][PASSED] - Scroll to object 'Object Repository/Pro_Acc_Assessment/Pro_Acc_ResourceAllocation/edit_task' successfully

2020-08-20 08:52:44 - [MESSAGE][PASSED] - Delayed 1 second(s)

2020-08-20 08:52:44 - [MESSAGE][PASSED] - Object: 'Object Repository/Pro_Acc_Assessment/Pro_Acc_ResourceAllocation/edit_task' is clicked on

2020-08-20 08:52:45 - [MESSAGE][PASSED] - Delayed 1 second(s)

2020-08-20 08:52:46 - [MESSAGE][PASSED] - Object: 'Object Repository/Pro_Acc_Assessment/Pro_Acc_ResourceAllocation/select_NamedOwnerOfTask' is clicked on

2020-08-20 08:52:47 - [MESSAGE][PASSED] - Delayed 1 second(s)

2020-08-20 08:52:48 - [MESSAGE][PASSED] - All options with label 'Tin_Consultant' are selected in object 'Object Repository/Pro_Acc_Assessment/Pro_Acc_ResourceAllocation/select_NamedOwnerOfTask'  using regular expression

2020-08-20 08:52:49 - [MESSAGE][PASSED] - Delayed 1 second(s)

2020-08-20 08:52:49 - [MESSAGE][PASSED] - Object: 'Object Repository/Pro_Acc_Assessment/Pro_Acc_ResourceAllocation/a_Submit' is clicked on

2020-08-20 08:52:50 - [MESSAGE][PASSED] - Delayed 1 second(s)

2020-08-20 08:52:51 - [MESSAGE][PASSED] - Object: 'Object Repository/Pro_Acc_Assessment/Pro_Acc_ResourceAllocation/a_Yes' is clicked on

2020-08-20 08:52:56 - [MESSAGE][PASSED] - Delayed 5 second(s)

2020-08-20 08:52:58 - [MESSAGE][PASSED] - Delayed 2 second(s)

2020-08-20 08:52:58 - [MESSAGE][PASSED] - Object: '' is clicked on

2020-08-20 08:53:00 - [MESSAGE][PASSED] - Delayed 2 second(s)

2020-08-20 08:53:00 - [MESSAGE][WARNING] - Timeout '0' is invalid. Using default page load timeout: '30'

2020-08-20 08:53:00 - [MESSAGE][PASSED] - Scroll to object 'Object Repository/Pro_Acc_Assessment/Pro_Acc_ResourceAllocation/edit_task' successfully

2020-08-20 08:53:01 - [MESSAGE][PASSED] - Delayed 1 second(s)

2020-08-20 08:53:02 - [MESSAGE][PASSED] - Object: 'Object Repository/Pro_Acc_Assessment/Pro_Acc_ResourceAllocation/edit_task' is clicked on

2020-08-20 08:53:03 - [MESSAGE][PASSED] - Delayed 1 second(s)

2020-08-20 08:53:03 - [MESSAGE][PASSED] - Object: 'Object Repository/Pro_Acc_Assessment/Pro_Acc_ResourceAllocation/select_NamedOwnerOfTask' is clicked on

2020-08-20 08:53:04 - [MESSAGE][PASSED] - Delayed 1 second(s)

2020-08-20 08:53:05 - [MESSAGE][PASSED] - All options with label 'Tin_Consultant' are selected in object 'Object Repository/Pro_Acc_Assessment/Pro_Acc_ResourceAllocation/select_NamedOwnerOfTask'  using regular expression

2020-08-20 08:53:06 - [MESSAGE][PASSED] - Delayed 1 second(s)

2020-08-20 08:53:06 - [MESSAGE][PASSED] - Object: 'Object Repository/Pro_Acc_Assessment/Pro_Acc_ResourceAllocation/a_Submit' is clicked on

2020-08-20 08:53:07 - [MESSAGE][PASSED] - Delayed 1 second(s)

2020-08-20 08:53:08 - [MESSAGE][PASSED] - Object: 'Object Repository/Pro_Acc_Assessment/Pro_Acc_ResourceAllocation/a_Yes' is clicked on

2020-08-20 08:53:13 - [MESSAGE][PASSED] - Delayed 5 second(s)

2020-08-20 08:53:15 - [MESSAGE][PASSED] - Delayed 2 second(s)

2020-08-20 08:53:15 - [MESSAGE][PASSED] - Object: '' is clicked on

2020-08-20 08:53:17 - [MESSAGE][PASSED] - Delayed 2 second(s)

2020-08-20 08:53:17 - [MESSAGE][WARNING] - Timeout '0' is invalid. Using default page load timeout: '30'

2020-08-20 08:53:17 - [MESSAGE][PASSED] - Scroll to object 'Object Repository/Pro_Acc_Assessment/Pro_Acc_ResourceAllocation/edit_task' successfully

2020-08-20 08:53:18 - [MESSAGE][PASSED] - Delayed 1 second(s)

2020-08-20 08:53:19 - [MESSAGE][PASSED] - Object: 'Object Repository/Pro_Acc_Assessment/Pro_Acc_ResourceAllocation/edit_task' is clicked on

2020-08-20 08:53:20 - [MESSAGE][PASSED] - Delayed 1 second(s)

2020-08-20 08:53:20 - [MESSAGE][PASSED] - Object: 'Object Repository/Pro_Acc_Assessment/Pro_Acc_ResourceAllocation/select_NamedOwnerOfTask' is clicked on

2020-08-20 08:53:21 - [MESSAGE][PASSED] - Delayed 1 second(s)

2020-08-20 08:53:22 - [MESSAGE][PASSED] - All options with label 'Tin_Consultant' are selected in object 'Object Repository/Pro_Acc_Assessment/Pro_Acc_ResourceAllocation/select_NamedOwnerOfTask'  using regular expression

2020-08-20 08:53:23 - [MESSAGE][PASSED] - Delayed 1 second(s)

2020-08-20 08:53:24 - [MESSAGE][PASSED] - Object: 'Object Repository/Pro_Acc_Assessment/Pro_Acc_ResourceAllocation/a_Submit' is clicked on

2020-08-20 08:53:25 - [MESSAGE][PASSED] - Delayed 1 second(s)

2020-08-20 08:53:25 - [MESSAGE][PASSED] - Object: 'Object Repository/Pro_Acc_Assessment/Pro_Acc_ResourceAllocation/a_Yes' is clicked on

2020-08-20 08:53:30 - [MESSAGE][PASSED] - Delayed 5 second(s)

2020-08-20 08:53:32 - [MESSAGE][PASSED] - Delayed 2 second(s)

2020-08-20 08:53:32 - [MESSAGE][PASSED] - Object: '' is clicked on

2020-08-20 08:53:34 - [MESSAGE][PASSED] - Delayed 2 second(s)

2020-08-20 08:53:34 - [MESSAGE][WARNING] - Timeout '0' is invalid. Using default page load timeout: '30'

2020-08-20 08:53:35 - [MESSAGE][PASSED] - Scroll to object 'Object Repository/Pro_Acc_Assessment/Pro_Acc_ResourceAllocation/edit_task' successfully

2020-08-20 08:53:36 - [MESSAGE][PASSED] - Delayed 1 second(s)

2020-08-20 08:53:36 - [MESSAGE][PASSED] - Object: 'Object Repository/Pro_Acc_Assessment/Pro_Acc_ResourceAllocation/edit_task' is clicked on

2020-08-20 08:53:37 - [MESSAGE][PASSED] - Delayed 1 second(s)

2020-08-20 08:53:37 - [MESSAGE][PASSED] - Object: 'Object Repository/Pro_Acc_Assessment/Pro_Acc_ResourceAllocation/select_NamedOwnerOfTask' is clicked on

2020-08-20 08:53:38 - [MESSAGE][PASSED] - Delayed 1 second(s)

2020-08-20 08:53:39 - [MESSAGE][PASSED] - All options with label 'Tin_Consultant' are selected in object 'Object Repository/Pro_Acc_Assessment/Pro_Acc_ResourceAllocation/select_NamedOwnerOfTask'  using regular expression

2020-08-20 08:53:40 - [MESSAGE][PASSED] - Delayed 1 second(s)

2020-08-20 08:53:41 - [MESSAGE][PASSED] - Object: 'Object Repository/Pro_Acc_Assessment/Pro_Acc_ResourceAllocation/a_Submit' is clicked on

2020-08-20 08:53:42 - [MESSAGE][PASSED] - Delayed 1 second(s)

2020-08-20 08:53:42 - [MESSAGE][PASSED] - Object: 'Object Repository/Pro_Acc_Assessment/Pro_Acc_ResourceAllocation/a_Yes' is clicked on

2020-08-20 08:53:47 - [MESSAGE][PASSED] - Delayed 5 second(s)

2020-08-20 08:53:47 - [MESSAGE][PASSED] - Object: 'Object Repository/Pro_Acc_Logout/User_Click' is clicked on

2020-08-20 08:53:48 - [MESSAGE][PASSED] - Object: 'Object Repository/Pro_Acc_Logout/Logout' is clicked on

2020-08-20 08:53:48 - [MESSAGE][PASSED] - Run with 'pro_acc_test_runner.ResourceAllocation_PreConversion_PM_Runner' was passed]]></system-out>
         <system-err><![CDATA[]]></system-err>
      </testcase>
      <testcase name="Test Cases/Tc_Consultant/TC_PreConversionMonitor_Consultant" time="134.993" classname="Test Cases/Tc_Consultant/TC_PreConversionMonitor_Consultant" status="PASSED">
         <system-out><![CDATA[2020-08-20 08:53:48 - [TEST_CASE][PASSED] - Test Cases/Tc_Consultant/TC_PreConversionMonitor_Consultant: Test Cases/Tc_Consultant/TC_PreConversionMonitor_Consultant

2020-08-20 08:53:49 - [TEST_STEP][PASSED] - runWithCucumberRunner(pro_acc_test_runner.PreConversionMonitor_Consultant_Runner): Run with 'pro_acc_test_runner.PreConversionMonitor_Consultant_Runner' was passed

2020-08-20 08:53:49 - [MESSAGE][WARNING] - A browser is already opened. Closing browser and opening a new one

2020-08-20 08:53:50 - [MESSAGE][INFO] - Starting 'Chrome' driver

2020-08-20 08:53:50 - [MESSAGE][INFO] - Action delay is set to 0 milliseconds

2020-08-20 08:53:53 - [MESSAGE][PASSED] - Browser is opened with url: ''

2020-08-20 08:53:54 - [MESSAGE][PASSED] - Current window maximized

2020-08-20 08:54:00 - [MESSAGE][PASSED] - Delayed 5 second(s)

2020-08-20 08:54:03 - [MESSAGE][PASSED] - Navigate to 'http://123.176.34.15:4041/ProAccQA' successfully

2020-08-20 08:54:03 - [MESSAGE][PASSED] - Text 'Tin_Consultant' is set on object 'Object Repository/Pro_Acc_Login/input_Login_Username'

2020-08-20 08:54:04 - [MESSAGE][PASSED] - Text 'a12345@' is set on object 'Object Repository/Pro_Acc_Login/input_Login_Password'

2020-08-20 08:54:06 - [MESSAGE][PASSED] - Delayed 2 second(s)

2020-08-20 08:54:12 - [MESSAGE][PASSED] - Object: 'Object Repository/Pro_Acc_Login/button_Login' is clicked on

2020-08-20 08:54:15 - [MESSAGE][PASSED] - Delayed 3 second(s)

2020-08-20 08:54:16 - [MESSAGE][PASSED] - Text 'Dashboard' is present on page 

2020-08-20 08:54:19 - [MESSAGE][PASSED] - Delayed 3 second(s)

2020-08-20 08:54:19 - [MESSAGE][PASSED] - Object: 'Object Repository/Pro_Acc_Pre-Conversion/Select_PreConversion' is clicked on

2020-08-20 08:54:21 - [MESSAGE][PASSED] - Object: 'Object Repository/Pro_Acc_Pre-Conversion/Pre-ConversionMonitor_PM' is clicked on

2020-08-20 08:54:26 - [MESSAGE][PASSED] - Delayed 5 second(s)

2020-08-20 08:54:27 - [MESSAGE][PASSED] - All options with label 'Tin Test' are selected in object 'Object Repository/Pro_Acc_Assessment/Pro_Acc_AssessmentMonitor/select_-SelectCustomerName'  using regular expression

2020-08-20 08:54:28 - [MESSAGE][PASSED] - All options with label 'Tin Pilot Phase Test' are selected in object 'Object Repository/Pro_Acc_Assessment/Pro_Acc_AssessmentMonitor/select_-SelectProjectName'  using regular expression

2020-08-20 08:54:29 - [MESSAGE][PASSED] - All options with label 'T01' are selected in object 'Object Repository/Pro_Acc_Assessment/Pro_Acc_AssessmentMonitor/select_-SelectInstanceName'  using regular expression

2020-08-20 08:54:31 - [MESSAGE][PASSED] - Delayed 2 second(s)

2020-08-20 08:54:34 - [MESSAGE][PASSED] - Scroll to object 'Object Repository/Pro_Acc_AssessmentMonitorforConsultant/Page_Assessment Monitor/Edit_Button' successfully

2020-08-20 08:54:36 - [MESSAGE][PASSED] - Delayed 2 second(s)

2020-08-20 08:54:38 - [MESSAGE][PASSED] - Delayed 2 second(s)

2020-08-20 08:54:40 - [MESSAGE][PASSED] - Delayed 2 second(s)

2020-08-20 08:54:43 - [MESSAGE][PASSED] - Delayed 3 second(s)

2020-08-20 08:54:44 - [MESSAGE][PASSED] - Delayed 1 second(s)

2020-08-20 08:54:45 - [MESSAGE][PASSED] - Delayed 1 second(s)

2020-08-20 08:54:46 - [MESSAGE][PASSED] - Delayed 1 second(s)

2020-08-20 08:54:51 - [MESSAGE][PASSED] - Delayed 3 second(s)

2020-08-20 08:54:53 - [MESSAGE][PASSED] - Delayed 2 second(s)

2020-08-20 08:54:55 - [MESSAGE][PASSED] - Delayed 2 second(s)

2020-08-20 08:54:58 - [MESSAGE][PASSED] - Delayed 3 second(s)

2020-08-20 08:54:59 - [MESSAGE][PASSED] - Delayed 1 second(s)

2020-08-20 08:55:00 - [MESSAGE][PASSED] - Delayed 1 second(s)

2020-08-20 08:55:01 - [MESSAGE][PASSED] - Delayed 1 second(s)

2020-08-20 08:55:05 - [MESSAGE][PASSED] - Delayed 3 second(s)

2020-08-20 08:55:07 - [MESSAGE][PASSED] - Delayed 2 second(s)

2020-08-20 08:55:09 - [MESSAGE][PASSED] - Delayed 2 second(s)

2020-08-20 08:55:12 - [MESSAGE][PASSED] - Delayed 3 second(s)

2020-08-20 08:55:13 - [MESSAGE][PASSED] - Delayed 1 second(s)

2020-08-20 08:55:14 - [MESSAGE][PASSED] - Delayed 1 second(s)

2020-08-20 08:55:16 - [MESSAGE][PASSED] - Delayed 1 second(s)

2020-08-20 08:55:20 - [MESSAGE][PASSED] - Delayed 3 second(s)

2020-08-20 08:55:22 - [MESSAGE][PASSED] - Delayed 2 second(s)

2020-08-20 08:55:24 - [MESSAGE][PASSED] - Delayed 2 second(s)

2020-08-20 08:55:27 - [MESSAGE][PASSED] - Delayed 3 second(s)

2020-08-20 08:55:28 - [MESSAGE][PASSED] - Delayed 1 second(s)

2020-08-20 08:55:29 - [MESSAGE][PASSED] - Delayed 1 second(s)

2020-08-20 08:55:30 - [MESSAGE][PASSED] - Delayed 1 second(s)

2020-08-20 08:55:35 - [MESSAGE][PASSED] - Delayed 3 second(s)

2020-08-20 08:55:37 - [MESSAGE][PASSED] - Delayed 2 second(s)

2020-08-20 08:55:39 - [MESSAGE][PASSED] - Delayed 2 second(s)

2020-08-20 08:55:42 - [MESSAGE][PASSED] - Delayed 3 second(s)

2020-08-20 08:55:43 - [MESSAGE][PASSED] - Delayed 1 second(s)

2020-08-20 08:55:44 - [MESSAGE][PASSED] - Delayed 1 second(s)

2020-08-20 08:55:45 - [MESSAGE][PASSED] - Delayed 1 second(s)

2020-08-20 08:55:49 - [MESSAGE][PASSED] - Delayed 3 second(s)

2020-08-20 08:55:51 - [MESSAGE][PASSED] - Delayed 2 second(s)

2020-08-20 08:56:02 - [MESSAGE][INFO] - Unable to find the element located by 'By.xpath: //*[@id="NXReportButton"]
'. Please recheck the objects properties to make sure the desired element is located. 

2020-08-20 08:56:03 - [MESSAGE][PASSED] - Taking screenshot successfully
[[ATTACHMENT|C:\\Users\\Group10\\Desktop\\New folder (2)\\ProAcc_Automation_Latest\\ProAcc_Automation_Latest\\screenshots\\Thu_Aug_20_08_56_02_IST_2020.png]]

2020-08-20 08:56:03 - [MESSAGE][PASSED] - Run with 'pro_acc_test_runner.PreConversionMonitor_Consultant_Runner' was passed]]></system-out>
         <system-err><![CDATA[]]></system-err>
      </testcase>
      <testcase name="Test Cases/Tc_PM/TC_ResourceAllocation_Conversion_PM" time="139.825" classname="Test Cases/Tc_PM/TC_ResourceAllocation_Conversion_PM" status="PASSED">
         <system-out><![CDATA[2020-08-20 08:56:03 - [TEST_CASE][PASSED] - Test Cases/Tc_PM/TC_ResourceAllocation_Conversion_PM: Test Cases/Tc_PM/TC_ResourceAllocation_Conversion_PM

2020-08-20 08:56:04 - [TEST_STEP][PASSED] - runWithCucumberRunner(pro_acc_test_runner.ResourceAllocation_Conversion_PM_Runner): Run with 'pro_acc_test_runner.ResourceAllocation_Conversion_PM_Runner' was passed

2020-08-20 08:56:04 - [MESSAGE][WARNING] - A browser is already opened. Closing browser and opening a new one

2020-08-20 08:56:05 - [MESSAGE][INFO] - Starting 'Chrome' driver

2020-08-20 08:56:05 - [MESSAGE][INFO] - Action delay is set to 0 milliseconds

2020-08-20 08:56:08 - [MESSAGE][PASSED] - Browser is opened with url: ''

2020-08-20 08:56:09 - [MESSAGE][PASSED] - Current window maximized

2020-08-20 08:56:14 - [MESSAGE][PASSED] - Delayed 5 second(s)

2020-08-20 08:56:18 - [MESSAGE][PASSED] - Navigate to 'http://123.176.34.15:4041/ProAccQA' successfully

2020-08-20 08:56:19 - [MESSAGE][PASSED] - Text 'Tin_PM' is set on object 'Object Repository/Pro_Acc_Login/input_Login_Username'

2020-08-20 08:56:20 - [MESSAGE][PASSED] - Text 'a12345@' is set on object 'Object Repository/Pro_Acc_Login/input_Login_Password'

2020-08-20 08:56:22 - [MESSAGE][PASSED] - Delayed 2 second(s)

2020-08-20 08:56:33 - [MESSAGE][PASSED] - Object: 'Object Repository/Pro_Acc_Login/button_Login' is clicked on

2020-08-20 08:56:36 - [MESSAGE][PASSED] - Delayed 3 second(s)

2020-08-20 08:56:36 - [MESSAGE][PASSED] - Text 'Dashboard' is present on page 

2020-08-20 08:56:39 - [MESSAGE][PASSED] - Delayed 3 second(s)

2020-08-20 08:56:40 - [MESSAGE][PASSED] - Object: 'Object Repository/Pro_Acc_Conversion/Conversion_PM' is clicked on

2020-08-20 08:56:42 - [MESSAGE][PASSED] - Object: 'Object Repository/Pro_Acc_Conversion/ResourceAllocation_Conversion_PM' is clicked on

2020-08-20 08:56:44 - [MESSAGE][PASSED] - Delayed 2 second(s)

2020-08-20 08:56:44 - [MESSAGE][PASSED] - Object: 'Object Repository/Pro_Acc_Assessment/Pro_Acc_ResourceAllocation/select_SelectProject' is clicked on

2020-08-20 08:56:45 - [MESSAGE][PASSED] - All options with label 'Tin Pilot Phase Test' are selected in object 'Object Repository/Pro_Acc_Assessment/Pro_Acc_ResourceAllocation/select_SelectProject'  using regular expression

2020-08-20 08:56:47 - [MESSAGE][PASSED] - Delayed 2 second(s)

2020-08-20 08:56:48 - [MESSAGE][PASSED] - Object: 'Object Repository/Pro_Acc_Assessment/Pro_Acc_ResourceAllocation/select_SelectInstance' is clicked on

2020-08-20 08:56:49 - [MESSAGE][PASSED] - All options with label 'T01' are selected in object 'Object Repository/Pro_Acc_Assessment/Pro_Acc_ResourceAllocation/select_SelectInstance'  using regular expression

2020-08-20 08:56:51 - [MESSAGE][PASSED] - Delayed 2 second(s)

2020-08-20 08:56:53 - [MESSAGE][PASSED] - Delayed 2 second(s)

2020-08-20 08:56:56 - [MESSAGE][PASSED] - Delayed 3 second(s)

2020-08-20 08:56:58 - [MESSAGE][PASSED] - Delayed 2 second(s)

2020-08-20 08:56:58 - [MESSAGE][PASSED] - Object: '' is clicked on

2020-08-20 08:57:00 - [MESSAGE][PASSED] - Delayed 2 second(s)

2020-08-20 08:57:00 - [MESSAGE][WARNING] - Timeout '0' is invalid. Using default page load timeout: '30'

2020-08-20 08:57:01 - [MESSAGE][PASSED] - Scroll to object 'Object Repository/Pro_Acc_Assessment/Pro_Acc_ResourceAllocation/edit_task' successfully

2020-08-20 08:57:02 - [MESSAGE][PASSED] - Delayed 1 second(s)

2020-08-20 08:57:02 - [MESSAGE][PASSED] - Object: 'Object Repository/Pro_Acc_Assessment/Pro_Acc_ResourceAllocation/edit_task' is clicked on

2020-08-20 08:57:03 - [MESSAGE][PASSED] - Delayed 1 second(s)

2020-08-20 08:57:03 - [MESSAGE][PASSED] - Object: 'Object Repository/Pro_Acc_Assessment/Pro_Acc_ResourceAllocation/select_NamedOwnerOfTask' is clicked on

2020-08-20 08:57:04 - [MESSAGE][PASSED] - Delayed 1 second(s)

2020-08-20 08:57:05 - [MESSAGE][PASSED] - All options with label 'arun' are selected in object 'Object Repository/Pro_Acc_Assessment/Pro_Acc_ResourceAllocation/select_NamedOwnerOfTask'  using regular expression

2020-08-20 08:57:06 - [MESSAGE][PASSED] - Delayed 1 second(s)

2020-08-20 08:57:07 - [MESSAGE][PASSED] - Object: 'Object Repository/Pro_Acc_Assessment/Pro_Acc_ResourceAllocation/a_Submit' is clicked on

2020-08-20 08:57:08 - [MESSAGE][PASSED] - Delayed 1 second(s)

2020-08-20 08:57:08 - [MESSAGE][PASSED] - Object: 'Object Repository/Pro_Acc_Assessment/Pro_Acc_ResourceAllocation/a_Yes' is clicked on

2020-08-20 08:57:13 - [MESSAGE][PASSED] - Delayed 5 second(s)

2020-08-20 08:57:15 - [MESSAGE][PASSED] - Delayed 2 second(s)

2020-08-20 08:57:15 - [MESSAGE][PASSED] - Object: '' is clicked on

2020-08-20 08:57:18 - [MESSAGE][PASSED] - Delayed 2 second(s)

2020-08-20 08:57:18 - [MESSAGE][WARNING] - Timeout '0' is invalid. Using default page load timeout: '30'

2020-08-20 08:57:18 - [MESSAGE][PASSED] - Scroll to object 'Object Repository/Pro_Acc_Assessment/Pro_Acc_ResourceAllocation/edit_task' successfully

2020-08-20 08:57:19 - [MESSAGE][PASSED] - Delayed 1 second(s)

2020-08-20 08:57:19 - [MESSAGE][PASSED] - Object: 'Object Repository/Pro_Acc_Assessment/Pro_Acc_ResourceAllocation/edit_task' is clicked on

2020-08-20 08:57:20 - [MESSAGE][PASSED] - Delayed 1 second(s)

2020-08-20 08:57:21 - [MESSAGE][PASSED] - Object: 'Object Repository/Pro_Acc_Assessment/Pro_Acc_ResourceAllocation/select_NamedOwnerOfTask' is clicked on

2020-08-20 08:57:22 - [MESSAGE][PASSED] - Delayed 1 second(s)

2020-08-20 08:57:23 - [MESSAGE][PASSED] - All options with label 'arun' are selected in object 'Object Repository/Pro_Acc_Assessment/Pro_Acc_ResourceAllocation/select_NamedOwnerOfTask'  using regular expression

2020-08-20 08:57:24 - [MESSAGE][PASSED] - Delayed 1 second(s)

2020-08-20 08:57:24 - [MESSAGE][PASSED] - Object: 'Object Repository/Pro_Acc_Assessment/Pro_Acc_ResourceAllocation/a_Submit' is clicked on

2020-08-20 08:57:25 - [MESSAGE][PASSED] - Delayed 1 second(s)

2020-08-20 08:57:25 - [MESSAGE][PASSED] - Object: 'Object Repository/Pro_Acc_Assessment/Pro_Acc_ResourceAllocation/a_Yes' is clicked on

2020-08-20 08:57:30 - [MESSAGE][PASSED] - Delayed 5 second(s)

2020-08-20 08:57:32 - [MESSAGE][PASSED] - Delayed 2 second(s)

2020-08-20 08:57:33 - [MESSAGE][PASSED] - Object: '' is clicked on

2020-08-20 08:57:35 - [MESSAGE][PASSED] - Delayed 2 second(s)

2020-08-20 08:57:35 - [MESSAGE][WARNING] - Timeout '0' is invalid. Using default page load timeout: '30'

2020-08-20 08:57:35 - [MESSAGE][PASSED] - Scroll to object 'Object Repository/Pro_Acc_Assessment/Pro_Acc_ResourceAllocation/edit_task' successfully

2020-08-20 08:57:36 - [MESSAGE][PASSED] - Delayed 1 second(s)

2020-08-20 08:57:36 - [MESSAGE][PASSED] - Object: 'Object Repository/Pro_Acc_Assessment/Pro_Acc_ResourceAllocation/edit_task' is clicked on

2020-08-20 08:57:37 - [MESSAGE][PASSED] - Delayed 1 second(s)

2020-08-20 08:57:38 - [MESSAGE][PASSED] - Object: 'Object Repository/Pro_Acc_Assessment/Pro_Acc_ResourceAllocation/select_NamedOwnerOfTask' is clicked on

2020-08-20 08:57:39 - [MESSAGE][PASSED] - Delayed 1 second(s)

2020-08-20 08:57:40 - [MESSAGE][PASSED] - All options with label 'arun' are selected in object 'Object Repository/Pro_Acc_Assessment/Pro_Acc_ResourceAllocation/select_NamedOwnerOfTask'  using regular expression

2020-08-20 08:57:41 - [MESSAGE][PASSED] - Delayed 1 second(s)

2020-08-20 08:57:41 - [MESSAGE][PASSED] - Object: 'Object Repository/Pro_Acc_Assessment/Pro_Acc_ResourceAllocation/a_Submit' is clicked on

2020-08-20 08:57:42 - [MESSAGE][PASSED] - Delayed 1 second(s)

2020-08-20 08:57:43 - [MESSAGE][PASSED] - Object: 'Object Repository/Pro_Acc_Assessment/Pro_Acc_ResourceAllocation/a_Yes' is clicked on

2020-08-20 08:57:48 - [MESSAGE][PASSED] - Delayed 5 second(s)

2020-08-20 08:57:50 - [MESSAGE][PASSED] - Delayed 2 second(s)

2020-08-20 08:57:50 - [MESSAGE][PASSED] - Object: '' is clicked on

2020-08-20 08:57:52 - [MESSAGE][PASSED] - Delayed 2 second(s)

2020-08-20 08:57:52 - [MESSAGE][WARNING] - Timeout '0' is invalid. Using default page load timeout: '30'

2020-08-20 08:57:52 - [MESSAGE][PASSED] - Scroll to object 'Object Repository/Pro_Acc_Assessment/Pro_Acc_ResourceAllocation/edit_task' successfully

2020-08-20 08:57:53 - [MESSAGE][PASSED] - Delayed 1 second(s)

2020-08-20 08:57:54 - [MESSAGE][PASSED] - Object: 'Object Repository/Pro_Acc_Assessment/Pro_Acc_ResourceAllocation/edit_task' is clicked on

2020-08-20 08:57:55 - [MESSAGE][PASSED] - Delayed 1 second(s)

2020-08-20 08:57:55 - [MESSAGE][PASSED] - Object: 'Object Repository/Pro_Acc_Assessment/Pro_Acc_ResourceAllocation/select_NamedOwnerOfTask' is clicked on

2020-08-20 08:57:56 - [MESSAGE][PASSED] - Delayed 1 second(s)

2020-08-20 08:57:57 - [MESSAGE][PASSED] - All options with label 'arun' are selected in object 'Object Repository/Pro_Acc_Assessment/Pro_Acc_ResourceAllocation/select_NamedOwnerOfTask'  using regular expression

2020-08-20 08:57:58 - [MESSAGE][PASSED] - Delayed 1 second(s)

2020-08-20 08:57:58 - [MESSAGE][PASSED] - Object: 'Object Repository/Pro_Acc_Assessment/Pro_Acc_ResourceAllocation/a_Submit' is clicked on

2020-08-20 08:57:59 - [MESSAGE][PASSED] - Delayed 1 second(s)

2020-08-20 08:58:00 - [MESSAGE][PASSED] - Object: 'Object Repository/Pro_Acc_Assessment/Pro_Acc_ResourceAllocation/a_Yes' is clicked on

2020-08-20 08:58:05 - [MESSAGE][PASSED] - Delayed 5 second(s)

2020-08-20 08:58:07 - [MESSAGE][PASSED] - Delayed 2 second(s)

2020-08-20 08:58:07 - [MESSAGE][PASSED] - Object: '' is clicked on

2020-08-20 08:58:09 - [MESSAGE][PASSED] - Delayed 2 second(s)

2020-08-20 08:58:09 - [MESSAGE][WARNING] - Timeout '0' is invalid. Using default page load timeout: '30'

2020-08-20 08:58:09 - [MESSAGE][PASSED] - Scroll to object 'Object Repository/Pro_Acc_Assessment/Pro_Acc_ResourceAllocation/edit_task' successfully

2020-08-20 08:58:10 - [MESSAGE][PASSED] - Delayed 1 second(s)

2020-08-20 08:58:11 - [MESSAGE][PASSED] - Object: 'Object Repository/Pro_Acc_Assessment/Pro_Acc_ResourceAllocation/edit_task' is clicked on

2020-08-20 08:58:12 - [MESSAGE][PASSED] - Delayed 1 second(s)

2020-08-20 08:58:12 - [MESSAGE][PASSED] - Object: 'Object Repository/Pro_Acc_Assessment/Pro_Acc_ResourceAllocation/select_NamedOwnerOfTask' is clicked on

2020-08-20 08:58:13 - [MESSAGE][PASSED] - Delayed 1 second(s)

2020-08-20 08:58:14 - [MESSAGE][PASSED] - All options with label 'arun' are selected in object 'Object Repository/Pro_Acc_Assessment/Pro_Acc_ResourceAllocation/select_NamedOwnerOfTask'  using regular expression

2020-08-20 08:58:15 - [MESSAGE][PASSED] - Delayed 1 second(s)

2020-08-20 08:58:15 - [MESSAGE][PASSED] - Object: 'Object Repository/Pro_Acc_Assessment/Pro_Acc_ResourceAllocation/a_Submit' is clicked on

2020-08-20 08:58:16 - [MESSAGE][PASSED] - Delayed 1 second(s)

2020-08-20 08:58:17 - [MESSAGE][PASSED] - Object: 'Object Repository/Pro_Acc_Assessment/Pro_Acc_ResourceAllocation/a_Yes' is clicked on

2020-08-20 08:58:22 - [MESSAGE][PASSED] - Delayed 5 second(s)

2020-08-20 08:58:22 - [MESSAGE][PASSED] - Object: 'Object Repository/Pro_Acc_Logout/User_Click' is clicked on

2020-08-20 08:58:23 - [MESSAGE][PASSED] - Object: 'Object Repository/Pro_Acc_Logout/Logout' is clicked on

2020-08-20 08:58:23 - [MESSAGE][PASSED] - Run with 'pro_acc_test_runner.ResourceAllocation_Conversion_PM_Runner' was passed]]></system-out>
         <system-err><![CDATA[]]></system-err>
      </testcase>
      <testcase name="Test Cases/Tc_Consultant/TC_ConversionMonitor_Consultant" time="140.562" classname="Test Cases/Tc_Consultant/TC_ConversionMonitor_Consultant" status="PASSED">
         <system-out><![CDATA[2020-08-20 08:58:23 - [TEST_CASE][PASSED] - Test Cases/Tc_Consultant/TC_ConversionMonitor_Consultant: Test Cases/Tc_Consultant/TC_ConversionMonitor_Consultant

2020-08-20 08:58:24 - [TEST_STEP][PASSED] - runWithCucumberRunner(pro_acc_test_runner.ConversionMonitor_Consultant_Runner): Run with 'pro_acc_test_runner.ConversionMonitor_Consultant_Runner' was passed

2020-08-20 08:58:24 - [MESSAGE][WARNING] - A browser is already opened. Closing browser and opening a new one

2020-08-20 08:58:25 - [MESSAGE][INFO] - Starting 'Chrome' driver

2020-08-20 08:58:25 - [MESSAGE][INFO] - Action delay is set to 0 milliseconds

2020-08-20 08:58:28 - [MESSAGE][PASSED] - Browser is opened with url: ''

2020-08-20 08:58:29 - [MESSAGE][PASSED] - Current window maximized

2020-08-20 08:58:34 - [MESSAGE][PASSED] - Delayed 5 second(s)

2020-08-20 08:58:38 - [MESSAGE][PASSED] - Navigate to 'http://123.176.34.15:4041/ProAccQA' successfully

2020-08-20 08:58:39 - [MESSAGE][PASSED] - Text 'Arun' is set on object 'Object Repository/Pro_Acc_Login/input_Login_Username'

2020-08-20 08:58:39 - [MESSAGE][PASSED] - Text 'a12345@' is set on object 'Object Repository/Pro_Acc_Login/input_Login_Password'

2020-08-20 08:58:41 - [MESSAGE][PASSED] - Delayed 2 second(s)

2020-08-20 08:58:50 - [MESSAGE][PASSED] - Object: 'Object Repository/Pro_Acc_Login/button_Login' is clicked on

2020-08-20 08:58:53 - [MESSAGE][PASSED] - Delayed 3 second(s)

2020-08-20 08:58:54 - [MESSAGE][PASSED] - Text 'Dashboard' is present on page 

2020-08-20 08:58:57 - [MESSAGE][PASSED] - Delayed 3 second(s)

2020-08-20 08:58:57 - [MESSAGE][PASSED] - Object: 'Object Repository/Pro_Acc_Conversion/Select_Conversion' is clicked on

2020-08-20 08:59:00 - [MESSAGE][PASSED] - Object: 'Object Repository/Pro_Acc_Conversion/ConversionMonitor_PM' is clicked on

2020-08-20 08:59:05 - [MESSAGE][PASSED] - Delayed 5 second(s)

2020-08-20 08:59:06 - [MESSAGE][PASSED] - All options with label 'Tin Test' are selected in object 'Object Repository/Pro_Acc_Assessment/Pro_Acc_AssessmentMonitor/select_-SelectCustomerName'  using regular expression

2020-08-20 08:59:07 - [MESSAGE][PASSED] - All options with label 'Tin Pilot Phase Test' are selected in object 'Object Repository/Pro_Acc_Assessment/Pro_Acc_AssessmentMonitor/select_-SelectProjectName'  using regular expression

2020-08-20 08:59:08 - [MESSAGE][PASSED] - All options with label 'T01' are selected in object 'Object Repository/Pro_Acc_Assessment/Pro_Acc_AssessmentMonitor/select_-SelectInstanceName'  using regular expression

2020-08-20 08:59:10 - [MESSAGE][PASSED] - Delayed 2 second(s)

2020-08-20 08:59:13 - [MESSAGE][PASSED] - Scroll to object 'Object Repository/Pro_Acc_AssessmentMonitorforConsultant/Page_Assessment Monitor/Edit_Button' successfully

2020-08-20 08:59:15 - [MESSAGE][PASSED] - Delayed 2 second(s)

2020-08-20 08:59:17 - [MESSAGE][PASSED] - Delayed 2 second(s)

2020-08-20 08:59:19 - [MESSAGE][PASSED] - Delayed 2 second(s)

2020-08-20 08:59:22 - [MESSAGE][PASSED] - Delayed 3 second(s)

2020-08-20 08:59:23 - [MESSAGE][PASSED] - Delayed 1 second(s)

2020-08-20 08:59:24 - [MESSAGE][PASSED] - Delayed 1 second(s)

2020-08-20 08:59:25 - [MESSAGE][PASSED] - Delayed 1 second(s)

2020-08-20 08:59:30 - [MESSAGE][PASSED] - Delayed 3 second(s)

2020-08-20 08:59:32 - [MESSAGE][PASSED] - Delayed 2 second(s)

2020-08-20 08:59:34 - [MESSAGE][PASSED] - Delayed 2 second(s)

2020-08-20 08:59:37 - [MESSAGE][PASSED] - Delayed 3 second(s)

2020-08-20 08:59:38 - [MESSAGE][PASSED] - Delayed 1 second(s)

2020-08-20 08:59:39 - [MESSAGE][PASSED] - Delayed 1 second(s)

2020-08-20 08:59:40 - [MESSAGE][PASSED] - Delayed 1 second(s)

2020-08-20 08:59:44 - [MESSAGE][PASSED] - Delayed 3 second(s)

2020-08-20 08:59:46 - [MESSAGE][PASSED] - Delayed 2 second(s)

2020-08-20 08:59:48 - [MESSAGE][PASSED] - Delayed 2 second(s)

2020-08-20 08:59:51 - [MESSAGE][PASSED] - Delayed 3 second(s)

2020-08-20 08:59:52 - [MESSAGE][PASSED] - Delayed 1 second(s)

2020-08-20 08:59:53 - [MESSAGE][PASSED] - Delayed 1 second(s)

2020-08-20 08:59:54 - [MESSAGE][PASSED] - Delayed 1 second(s)

2020-08-20 08:59:59 - [MESSAGE][PASSED] - Delayed 3 second(s)

2020-08-20 09:00:01 - [MESSAGE][PASSED] - Delayed 2 second(s)

2020-08-20 09:00:03 - [MESSAGE][PASSED] - Delayed 2 second(s)

2020-08-20 09:00:06 - [MESSAGE][PASSED] - Delayed 3 second(s)

2020-08-20 09:00:07 - [MESSAGE][PASSED] - Delayed 1 second(s)

2020-08-20 09:00:09 - [MESSAGE][PASSED] - Delayed 1 second(s)

2020-08-20 09:00:10 - [MESSAGE][PASSED] - Delayed 1 second(s)

2020-08-20 09:00:15 - [MESSAGE][PASSED] - Delayed 3 second(s)

2020-08-20 09:00:17 - [MESSAGE][PASSED] - Delayed 2 second(s)

2020-08-20 09:00:19 - [MESSAGE][PASSED] - Delayed 2 second(s)

2020-08-20 09:00:22 - [MESSAGE][PASSED] - Delayed 3 second(s)

2020-08-20 09:00:23 - [MESSAGE][PASSED] - Delayed 1 second(s)

2020-08-20 09:00:24 - [MESSAGE][PASSED] - Delayed 1 second(s)

2020-08-20 09:00:25 - [MESSAGE][PASSED] - Delayed 1 second(s)

2020-08-20 09:00:30 - [MESSAGE][PASSED] - Delayed 3 second(s)

2020-08-20 09:00:32 - [MESSAGE][PASSED] - Delayed 2 second(s)

2020-08-20 09:00:43 - [MESSAGE][INFO] - Unable to find the element located by 'By.xpath: //*[@id="NXReportButton"]
'. Please recheck the objects properties to make sure the desired element is located. 

2020-08-20 09:00:43 - [MESSAGE][PASSED] - Taking screenshot successfully
[[ATTACHMENT|C:\\Users\\Group10\\Desktop\\New folder (2)\\ProAcc_Automation_Latest\\ProAcc_Automation_Latest\\screenshots\\Thu_Aug_20_09_00_43_IST_2020.png]]

2020-08-20 09:00:44 - [MESSAGE][PASSED] - Run with 'pro_acc_test_runner.ConversionMonitor_Consultant_Runner' was passed]]></system-out>
         <system-err><![CDATA[]]></system-err>
      </testcase>
      <testcase name="Test Cases/Tc_PM/TC_ResourceAllocation_PostConversion_PM" time="155.877" classname="Test Cases/Tc_PM/TC_ResourceAllocation_PostConversion_PM" status="PASSED">
         <system-out><![CDATA[2020-08-20 09:00:44 - [TEST_CASE][PASSED] - Test Cases/Tc_PM/TC_ResourceAllocation_PostConversion_PM: Test Cases/Tc_PM/TC_ResourceAllocation_PostConversion_PM

2020-08-20 09:00:44 - [TEST_STEP][PASSED] - runWithCucumberRunner(pro_acc_test_runner.ResourceAllocation_PostConversion_Runner): Run with 'pro_acc_test_runner.ResourceAllocation_PostConversion_Runner' was passed

2020-08-20 09:00:45 - [MESSAGE][WARNING] - A browser is already opened. Closing browser and opening a new one

2020-08-20 09:00:45 - [MESSAGE][INFO] - Starting 'Chrome' driver

2020-08-20 09:00:45 - [MESSAGE][INFO] - Action delay is set to 0 milliseconds

2020-08-20 09:00:49 - [MESSAGE][PASSED] - Browser is opened with url: ''

2020-08-20 09:00:50 - [MESSAGE][PASSED] - Current window maximized

2020-08-20 09:00:55 - [MESSAGE][PASSED] - Delayed 5 second(s)

2020-08-20 09:01:05 - [MESSAGE][PASSED] - Navigate to 'http://123.176.34.15:4041/ProAccQA' successfully

2020-08-20 09:01:06 - [MESSAGE][PASSED] - Text 'Tin_PM' is set on object 'Object Repository/Pro_Acc_Login/input_Login_Username'

2020-08-20 09:01:06 - [MESSAGE][PASSED] - Text 'a12345@' is set on object 'Object Repository/Pro_Acc_Login/input_Login_Password'

2020-08-20 09:01:08 - [MESSAGE][PASSED] - Delayed 2 second(s)

2020-08-20 09:01:28 - [MESSAGE][PASSED] - Object: 'Object Repository/Pro_Acc_Login/button_Login' is clicked on

2020-08-20 09:01:31 - [MESSAGE][PASSED] - Delayed 3 second(s)

2020-08-20 09:01:31 - [MESSAGE][PASSED] - Text 'Dashboard' is present on page 

2020-08-20 09:01:34 - [MESSAGE][PASSED] - Delayed 3 second(s)

2020-08-20 09:01:35 - [MESSAGE][PASSED] - Object: 'Object Repository/Pro_Acc_Post-Conversion/Post-Conversion' is clicked on

2020-08-20 09:01:38 - [MESSAGE][PASSED] - Object: 'Object Repository/Pro_Acc_Post-Conversion/ResourceAllocation_Post-Conversion_PM' is clicked on

2020-08-20 09:01:40 - [MESSAGE][PASSED] - Delayed 2 second(s)

2020-08-20 09:01:41 - [MESSAGE][PASSED] - Object: 'Object Repository/Pro_Acc_Assessment/Pro_Acc_ResourceAllocation/select_SelectProject' is clicked on

2020-08-20 09:01:42 - [MESSAGE][PASSED] - All options with label 'Tin Pilot Phase Test' are selected in object 'Object Repository/Pro_Acc_Assessment/Pro_Acc_ResourceAllocation/select_SelectProject'  using regular expression

2020-08-20 09:01:44 - [MESSAGE][PASSED] - Delayed 2 second(s)

2020-08-20 09:01:44 - [MESSAGE][PASSED] - Object: 'Object Repository/Pro_Acc_Assessment/Pro_Acc_ResourceAllocation/select_SelectInstance' is clicked on

2020-08-20 09:01:45 - [MESSAGE][PASSED] - All options with label 'T01' are selected in object 'Object Repository/Pro_Acc_Assessment/Pro_Acc_ResourceAllocation/select_SelectInstance'  using regular expression

2020-08-20 09:01:47 - [MESSAGE][PASSED] - Delayed 2 second(s)

2020-08-20 09:01:50 - [MESSAGE][PASSED] - Delayed 2 second(s)

2020-08-20 09:01:53 - [MESSAGE][PASSED] - Delayed 3 second(s)

2020-08-20 09:01:55 - [MESSAGE][PASSED] - Delayed 2 second(s)

2020-08-20 09:01:55 - [MESSAGE][PASSED] - Object: '' is clicked on

2020-08-20 09:01:57 - [MESSAGE][PASSED] - Delayed 2 second(s)

2020-08-20 09:01:57 - [MESSAGE][WARNING] - Timeout '0' is invalid. Using default page load timeout: '30'

2020-08-20 09:01:57 - [MESSAGE][PASSED] - Scroll to object 'Object Repository/Pro_Acc_Assessment/Pro_Acc_ResourceAllocation/edit_task' successfully

2020-08-20 09:01:58 - [MESSAGE][PASSED] - Delayed 1 second(s)

2020-08-20 09:01:59 - [MESSAGE][PASSED] - Object: 'Object Repository/Pro_Acc_Assessment/Pro_Acc_ResourceAllocation/edit_task' is clicked on

2020-08-20 09:02:00 - [MESSAGE][PASSED] - Delayed 1 second(s)

2020-08-20 09:02:00 - [MESSAGE][PASSED] - Object: 'Object Repository/Pro_Acc_Assessment/Pro_Acc_ResourceAllocation/select_NamedOwnerOfTask' is clicked on

2020-08-20 09:02:01 - [MESSAGE][PASSED] - Delayed 1 second(s)

2020-08-20 09:02:02 - [MESSAGE][PASSED] - All options with label 'Tin_Consultant' are selected in object 'Object Repository/Pro_Acc_Assessment/Pro_Acc_ResourceAllocation/select_NamedOwnerOfTask'  using regular expression

2020-08-20 09:02:03 - [MESSAGE][PASSED] - Delayed 1 second(s)

2020-08-20 09:02:04 - [MESSAGE][PASSED] - Object: 'Object Repository/Pro_Acc_Assessment/Pro_Acc_ResourceAllocation/a_Submit' is clicked on

2020-08-20 09:02:05 - [MESSAGE][PASSED] - Delayed 1 second(s)

2020-08-20 09:02:05 - [MESSAGE][PASSED] - Object: 'Object Repository/Pro_Acc_Assessment/Pro_Acc_ResourceAllocation/a_Yes' is clicked on

2020-08-20 09:02:10 - [MESSAGE][PASSED] - Delayed 5 second(s)

2020-08-20 09:02:12 - [MESSAGE][PASSED] - Delayed 2 second(s)

2020-08-20 09:02:12 - [MESSAGE][PASSED] - Object: '' is clicked on

2020-08-20 09:02:14 - [MESSAGE][PASSED] - Delayed 2 second(s)

2020-08-20 09:02:14 - [MESSAGE][WARNING] - Timeout '0' is invalid. Using default page load timeout: '30'

2020-08-20 09:02:15 - [MESSAGE][PASSED] - Scroll to object 'Object Repository/Pro_Acc_Assessment/Pro_Acc_ResourceAllocation/edit_task' successfully

2020-08-20 09:02:16 - [MESSAGE][PASSED] - Delayed 1 second(s)

2020-08-20 09:02:16 - [MESSAGE][PASSED] - Object: 'Object Repository/Pro_Acc_Assessment/Pro_Acc_ResourceAllocation/edit_task' is clicked on

2020-08-20 09:02:17 - [MESSAGE][PASSED] - Delayed 1 second(s)

2020-08-20 09:02:17 - [MESSAGE][PASSED] - Object: 'Object Repository/Pro_Acc_Assessment/Pro_Acc_ResourceAllocation/select_NamedOwnerOfTask' is clicked on

2020-08-20 09:02:18 - [MESSAGE][PASSED] - Delayed 1 second(s)

2020-08-20 09:02:19 - [MESSAGE][PASSED] - All options with label 'Tin_Consultant' are selected in object 'Object Repository/Pro_Acc_Assessment/Pro_Acc_ResourceAllocation/select_NamedOwnerOfTask'  using regular expression

2020-08-20 09:02:20 - [MESSAGE][PASSED] - Delayed 1 second(s)

2020-08-20 09:02:21 - [MESSAGE][PASSED] - Object: 'Object Repository/Pro_Acc_Assessment/Pro_Acc_ResourceAllocation/a_Submit' is clicked on

2020-08-20 09:02:22 - [MESSAGE][PASSED] - Delayed 1 second(s)

2020-08-20 09:02:22 - [MESSAGE][PASSED] - Object: 'Object Repository/Pro_Acc_Assessment/Pro_Acc_ResourceAllocation/a_Yes' is clicked on

2020-08-20 09:02:27 - [MESSAGE][PASSED] - Delayed 5 second(s)

2020-08-20 09:02:29 - [MESSAGE][PASSED] - Delayed 2 second(s)

2020-08-20 09:02:29 - [MESSAGE][PASSED] - Object: '' is clicked on

2020-08-20 09:02:31 - [MESSAGE][PASSED] - Delayed 2 second(s)

2020-08-20 09:02:31 - [MESSAGE][WARNING] - Timeout '0' is invalid. Using default page load timeout: '30'

2020-08-20 09:02:32 - [MESSAGE][PASSED] - Scroll to object 'Object Repository/Pro_Acc_Assessment/Pro_Acc_ResourceAllocation/edit_task' successfully

2020-08-20 09:02:33 - [MESSAGE][PASSED] - Delayed 1 second(s)

2020-08-20 09:02:33 - [MESSAGE][PASSED] - Object: 'Object Repository/Pro_Acc_Assessment/Pro_Acc_ResourceAllocation/edit_task' is clicked on

2020-08-20 09:02:34 - [MESSAGE][PASSED] - Delayed 1 second(s)

2020-08-20 09:02:35 - [MESSAGE][PASSED] - Object: 'Object Repository/Pro_Acc_Assessment/Pro_Acc_ResourceAllocation/select_NamedOwnerOfTask' is clicked on

2020-08-20 09:02:36 - [MESSAGE][PASSED] - Delayed 1 second(s)

2020-08-20 09:02:37 - [MESSAGE][PASSED] - All options with label 'Tin_Consultant' are selected in object 'Object Repository/Pro_Acc_Assessment/Pro_Acc_ResourceAllocation/select_NamedOwnerOfTask'  using regular expression

2020-08-20 09:02:38 - [MESSAGE][PASSED] - Delayed 1 second(s)

2020-08-20 09:02:38 - [MESSAGE][PASSED] - Object: 'Object Repository/Pro_Acc_Assessment/Pro_Acc_ResourceAllocation/a_Submit' is clicked on

2020-08-20 09:02:39 - [MESSAGE][PASSED] - Delayed 1 second(s)

2020-08-20 09:02:39 - [MESSAGE][PASSED] - Object: 'Object Repository/Pro_Acc_Assessment/Pro_Acc_ResourceAllocation/a_Yes' is clicked on

2020-08-20 09:02:44 - [MESSAGE][PASSED] - Delayed 5 second(s)

2020-08-20 09:02:46 - [MESSAGE][PASSED] - Delayed 2 second(s)

2020-08-20 09:02:47 - [MESSAGE][PASSED] - Object: '' is clicked on

2020-08-20 09:02:49 - [MESSAGE][PASSED] - Delayed 2 second(s)

2020-08-20 09:02:49 - [MESSAGE][WARNING] - Timeout '0' is invalid. Using default page load timeout: '30'

2020-08-20 09:02:49 - [MESSAGE][PASSED] - Scroll to object 'Object Repository/Pro_Acc_Assessment/Pro_Acc_ResourceAllocation/edit_task' successfully

2020-08-20 09:02:50 - [MESSAGE][PASSED] - Delayed 1 second(s)

2020-08-20 09:02:50 - [MESSAGE][PASSED] - Object: 'Object Repository/Pro_Acc_Assessment/Pro_Acc_ResourceAllocation/edit_task' is clicked on

2020-08-20 09:02:51 - [MESSAGE][PASSED] - Delayed 1 second(s)

2020-08-20 09:02:52 - [MESSAGE][PASSED] - Object: 'Object Repository/Pro_Acc_Assessment/Pro_Acc_ResourceAllocation/select_NamedOwnerOfTask' is clicked on

2020-08-20 09:02:53 - [MESSAGE][PASSED] - Delayed 1 second(s)

2020-08-20 09:02:54 - [MESSAGE][PASSED] - All options with label 'Tin_Consultant' are selected in object 'Object Repository/Pro_Acc_Assessment/Pro_Acc_ResourceAllocation/select_NamedOwnerOfTask'  using regular expression

2020-08-20 09:02:55 - [MESSAGE][PASSED] - Delayed 1 second(s)

2020-08-20 09:02:55 - [MESSAGE][PASSED] - Object: 'Object Repository/Pro_Acc_Assessment/Pro_Acc_ResourceAllocation/a_Submit' is clicked on

2020-08-20 09:02:56 - [MESSAGE][PASSED] - Delayed 1 second(s)

2020-08-20 09:02:56 - [MESSAGE][PASSED] - Object: 'Object Repository/Pro_Acc_Assessment/Pro_Acc_ResourceAllocation/a_Yes' is clicked on

2020-08-20 09:03:01 - [MESSAGE][PASSED] - Delayed 5 second(s)

2020-08-20 09:03:03 - [MESSAGE][PASSED] - Delayed 2 second(s)

2020-08-20 09:03:04 - [MESSAGE][PASSED] - Object: '' is clicked on

2020-08-20 09:03:06 - [MESSAGE][PASSED] - Delayed 2 second(s)

2020-08-20 09:03:06 - [MESSAGE][WARNING] - Timeout '0' is invalid. Using default page load timeout: '30'

2020-08-20 09:03:06 - [MESSAGE][PASSED] - Scroll to object 'Object Repository/Pro_Acc_Assessment/Pro_Acc_ResourceAllocation/edit_task' successfully

2020-08-20 09:03:07 - [MESSAGE][PASSED] - Delayed 1 second(s)

2020-08-20 09:03:07 - [MESSAGE][PASSED] - Object: 'Object Repository/Pro_Acc_Assessment/Pro_Acc_ResourceAllocation/edit_task' is clicked on

2020-08-20 09:03:08 - [MESSAGE][PASSED] - Delayed 1 second(s)

2020-08-20 09:03:09 - [MESSAGE][PASSED] - Object: 'Object Repository/Pro_Acc_Assessment/Pro_Acc_ResourceAllocation/select_NamedOwnerOfTask' is clicked on

2020-08-20 09:03:10 - [MESSAGE][PASSED] - Delayed 1 second(s)

2020-08-20 09:03:11 - [MESSAGE][PASSED] - All options with label 'Tin_Consultant' are selected in object 'Object Repository/Pro_Acc_Assessment/Pro_Acc_ResourceAllocation/select_NamedOwnerOfTask'  using regular expression

2020-08-20 09:03:12 - [MESSAGE][PASSED] - Delayed 1 second(s)

2020-08-20 09:03:12 - [MESSAGE][PASSED] - Object: 'Object Repository/Pro_Acc_Assessment/Pro_Acc_ResourceAllocation/a_Submit' is clicked on

2020-08-20 09:03:13 - [MESSAGE][PASSED] - Delayed 1 second(s)

2020-08-20 09:03:13 - [MESSAGE][PASSED] - Object: 'Object Repository/Pro_Acc_Assessment/Pro_Acc_ResourceAllocation/a_Yes' is clicked on

2020-08-20 09:03:18 - [MESSAGE][PASSED] - Delayed 5 second(s)

2020-08-20 09:03:19 - [MESSAGE][PASSED] - Object: 'Object Repository/Pro_Acc_Logout/User_Click' is clicked on

2020-08-20 09:03:20 - [MESSAGE][PASSED] - Object: 'Object Repository/Pro_Acc_Logout/Logout' is clicked on

2020-08-20 09:03:20 - [MESSAGE][PASSED] - Run with 'pro_acc_test_runner.ResourceAllocation_PostConversion_Runner' was passed]]></system-out>
         <system-err><![CDATA[]]></system-err>
      </testcase>
      <testcase name="Test Cases/Tc_Consultant/TC_PostConversionMonitor_Consultant" time="117.345" classname="Test Cases/Tc_Consultant/TC_PostConversionMonitor_Consultant" status="FAILED">
         <failure type="FAILED" message="Test Cases/Tc_Consultant/TC_PostConversionMonitor_Consultant FAILED.
Reason:
com.kms.katalon.core.exception.StepFailedException: These following reason:
 [Cannot invoke method createNode() on null object]
	at com.kms.katalon.core.keyword.internal.KeywordMain.stepFailed(KeywordMain.groovy:50)
	at com.kms.katalon.core.keyword.internal.KeywordMain.stepFailed(KeywordMain.groovy)
	at com.kms.katalon.core.keyword.internal.KeywordMain.stepFailed(KeywordMain.groovy:23)
	at com.kms.katalon.core.keyword.internal.KeywordMain$stepFailed$0.call(Unknown Source)
	at com.kms.katalon.core.cucumber.keyword.CucumberBuiltinKeywords$_runWithCucumberRunner_closure5.doCall(CucumberBuiltinKeywords.groovy:442)
	at com.kms.katalon.core.cucumber.keyword.CucumberBuiltinKeywords$_runWithCucumberRunner_closure5.doCall(CucumberBuiltinKeywords.groovy)
	at com.kms.katalon.core.keyword.internal.KeywordMain.runKeyword(KeywordMain.groovy:68)
	at com.kms.katalon.core.keyword.internal.KeywordMain$runKeyword.call(Unknown Source)
	at com.kms.katalon.core.cucumber.keyword.CucumberBuiltinKeywords.runWithCucumberRunner(CucumberBuiltinKeywords.groovy:427)
	at com.kms.katalon.core.cucumber.keyword.CucumberBuiltinKeywords$runWithCucumberRunner$0.callStatic(Unknown Source)
	at com.kms.katalon.core.cucumber.keyword.CucumberBuiltinKeywords.runWithCucumberRunner(CucumberBuiltinKeywords.groovy:527)
	at com.kms.katalon.core.cucumber.keyword.CucumberBuiltinKeywords$runWithCucumberRunner.call(Unknown Source)
	at TC_PostConversionMonitor_Consultant.run(TC_PostConversionMonitor_Consultant:20)
	at com.kms.katalon.core.main.ScriptEngine.run(ScriptEngine.java:194)
	at com.kms.katalon.core.main.ScriptEngine.runScriptAsRawText(ScriptEngine.java:119)
	at com.kms.katalon.core.main.TestCaseExecutor.runScript(TestCaseExecutor.java:339)
	at com.kms.katalon.core.main.TestCaseExecutor.doExecute(TestCaseExecutor.java:330)
	at com.kms.katalon.core.main.TestCaseExecutor.processExecutionPhase(TestCaseExecutor.java:309)
	at com.kms.katalon.core.main.TestCaseExecutor.accessMainPhase(TestCaseExecutor.java:301)
	at com.kms.katalon.core.main.TestCaseExecutor.execute(TestCaseExecutor.java:235)
	at com.kms.katalon.core.main.TestSuiteExecutor.accessTestCaseMainPhase(TestSuiteExecutor.java:191)
	at com.kms.katalon.core.main.TestSuiteExecutor.accessTestSuiteMainPhase(TestSuiteExecutor.java:141)
	at com.kms.katalon.core.main.TestSuiteExecutor.execute(TestSuiteExecutor.java:90)
	at com.kms.katalon.core.main.TestCaseMain.startTestSuite(TestCaseMain.java:157)
	at com.kms.katalon.core.main.TestCaseMain$startTestSuite$0.call(Unknown Source)
	at TempTestSuite1597892737885.run(TempTestSuite1597892737885.groovy:39)
"/>
         <system-out><![CDATA[2020-08-20 09:03:20 - [TEST_CASE][FAILED] - Test Cases/Tc_Consultant/TC_PostConversionMonitor_Consultant: Test Cases/Tc_Consultant/TC_PostConversionMonitor_Consultant FAILED.
Reason:
com.kms.katalon.core.exception.StepFailedException: These following reason:
 [Cannot invoke method createNode() on null object]
	at com.kms.katalon.core.keyword.internal.KeywordMain.stepFailed(KeywordMain.groovy:50)
	at com.kms.katalon.core.keyword.internal.KeywordMain.stepFailed(KeywordMain.groovy)
	at com.kms.katalon.core.keyword.internal.KeywordMain.stepFailed(KeywordMain.groovy:23)
	at com.kms.katalon.core.keyword.internal.KeywordMain$stepFailed$0.call(Unknown Source)
	at com.kms.katalon.core.cucumber.keyword.CucumberBuiltinKeywords$_runWithCucumberRunner_closure5.doCall(CucumberBuiltinKeywords.groovy:442)
	at com.kms.katalon.core.cucumber.keyword.CucumberBuiltinKeywords$_runWithCucumberRunner_closure5.doCall(CucumberBuiltinKeywords.groovy)
	at com.kms.katalon.core.keyword.internal.KeywordMain.runKeyword(KeywordMain.groovy:68)
	at com.kms.katalon.core.keyword.internal.KeywordMain$runKeyword.call(Unknown Source)
	at com.kms.katalon.core.cucumber.keyword.CucumberBuiltinKeywords.runWithCucumberRunner(CucumberBuiltinKeywords.groovy:427)
	at com.kms.katalon.core.cucumber.keyword.CucumberBuiltinKeywords$runWithCucumberRunner$0.callStatic(Unknown Source)
	at com.kms.katalon.core.cucumber.keyword.CucumberBuiltinKeywords.runWithCucumberRunner(CucumberBuiltinKeywords.groovy:527)
	at com.kms.katalon.core.cucumber.keyword.CucumberBuiltinKeywords$runWithCucumberRunner.call(Unknown Source)
	at TC_PostConversionMonitor_Consultant.run(TC_PostConversionMonitor_Consultant:20)
	at com.kms.katalon.core.main.ScriptEngine.run(ScriptEngine.java:194)
	at com.kms.katalon.core.main.ScriptEngine.runScriptAsRawText(ScriptEngine.java:119)
	at com.kms.katalon.core.main.TestCaseExecutor.runScript(TestCaseExecutor.java:339)
	at com.kms.katalon.core.main.TestCaseExecutor.doExecute(TestCaseExecutor.java:330)
	at com.kms.katalon.core.main.TestCaseExecutor.processExecutionPhase(TestCaseExecutor.java:309)
	at com.kms.katalon.core.main.TestCaseExecutor.accessMainPhase(TestCaseExecutor.java:301)
	at com.kms.katalon.core.main.TestCaseExecutor.execute(TestCaseExecutor.java:235)
	at com.kms.katalon.core.main.TestSuiteExecutor.accessTestCaseMainPhase(TestSuiteExecutor.java:191)
	at com.kms.katalon.core.main.TestSuiteExecutor.accessTestSuiteMainPhase(TestSuiteExecutor.java:141)
	at com.kms.katalon.core.main.TestSuiteExecutor.execute(TestSuiteExecutor.java:90)
	at com.kms.katalon.core.main.TestCaseMain.startTestSuite(TestCaseMain.java:157)
	at com.kms.katalon.core.main.TestCaseMain$startTestSuite$0.call(Unknown Source)
	at TempTestSuite1597892737885.run(TempTestSuite1597892737885.groovy:39)


2020-08-20 09:03:20 - [TEST_STEP][FAILED] - runWithCucumberRunner(pro_acc_test_runner.PostConversionMonitor_Consultant_Runner): Keyword runWithCucumberRunner was failed (Root cause: com.kms.katalon.core.exception.StepFailedException: These following reason:
 [Cannot invoke method createNode() on null object]
	at com.kms.katalon.core.keyword.internal.KeywordMain.stepFailed(KeywordMain.groovy:50)
	at com.kms.katalon.core.keyword.internal.KeywordMain.stepFailed(KeywordMain.groovy)
	at com.kms.katalon.core.keyword.internal.KeywordMain.stepFailed(KeywordMain.groovy:23)
	at com.kms.katalon.core.keyword.internal.KeywordMain$stepFailed$0.call(Unknown Source)
	at com.kms.katalon.core.cucumber.keyword.CucumberBuiltinKeywords$_runWithCucumberRunner_closure5.doCall(CucumberBuiltinKeywords.groovy:442)
	at com.kms.katalon.core.cucumber.keyword.CucumberBuiltinKeywords$_runWithCucumberRunner_closure5.doCall(CucumberBuiltinKeywords.groovy)
	at com.kms.katalon.core.keyword.internal.KeywordMain.runKeyword(KeywordMain.groovy:68)
	at com.kms.katalon.core.keyword.internal.KeywordMain$runKeyword.call(Unknown Source)
	at com.kms.katalon.core.cucumber.keyword.CucumberBuiltinKeywords.runWithCucumberRunner(CucumberBuiltinKeywords.groovy:427)
	at com.kms.katalon.core.cucumber.keyword.CucumberBuiltinKeywords$runWithCucumberRunner$0.callStatic(Unknown Source)
	at com.kms.katalon.core.cucumber.keyword.CucumberBuiltinKeywords.runWithCucumberRunner(CucumberBuiltinKeywords.groovy:527)
	at com.kms.katalon.core.cucumber.keyword.CucumberBuiltinKeywords$runWithCucumberRunner.call(Unknown Source)
	at TC_PostConversionMonitor_Consultant.run(TC_PostConversionMonitor_Consultant:20)
	at com.kms.katalon.core.main.ScriptEngine.run(ScriptEngine.java:194)
	at com.kms.katalon.core.main.ScriptEngine.runScriptAsRawText(ScriptEngine.java:119)
	at com.kms.katalon.core.main.TestCaseExecutor.runScript(TestCaseExecutor.java:339)
	at com.kms.katalon.core.main.TestCaseExecutor.doExecute(TestCaseExecutor.java:330)
	at com.kms.katalon.core.main.TestCaseExecutor.processExecutionPhase(TestCaseExecutor.java:309)
	at com.kms.katalon.core.main.TestCaseExecutor.accessMainPhase(TestCaseExecutor.java:301)
	at com.kms.katalon.core.main.TestCaseExecutor.execute(TestCaseExecutor.java:235)
	at com.kms.katalon.core.main.TestSuiteExecutor.accessTestCaseMainPhase(TestSuiteExecutor.java:191)
	at com.kms.katalon.core.main.TestSuiteExecutor.accessTestSuiteMainPhase(TestSuiteExecutor.java:141)
	at com.kms.katalon.core.main.TestSuiteExecutor.execute(TestSuiteExecutor.java:90)
	at com.kms.katalon.core.main.TestCaseMain.startTestSuite(TestCaseMain.java:157)
	at com.kms.katalon.core.main.TestCaseMain$startTestSuite$0.call(Unknown Source)
	at TempTestSuite1597892737885.run(TempTestSuite1597892737885.groovy:39)
)

2020-08-20 09:03:21 - [MESSAGE][WARNING] - A browser is already opened. Closing browser and opening a new one

2020-08-20 09:03:22 - [MESSAGE][INFO] - Starting 'Chrome' driver

2020-08-20 09:03:22 - [MESSAGE][INFO] - Action delay is set to 0 milliseconds

2020-08-20 09:03:25 - [MESSAGE][PASSED] - Browser is opened with url: ''

2020-08-20 09:03:26 - [MESSAGE][PASSED] - Current window maximized

2020-08-20 09:03:31 - [MESSAGE][PASSED] - Delayed 5 second(s)

2020-08-20 09:03:32 - [MESSAGE][PASSED] - Navigate to 'http://123.176.34.15:4041/ProAccQA' successfully

2020-08-20 09:04:04 - [MESSAGE][INFO] - Unable to find the element located by 'By.xpath: //input[@id='Username']'. Please recheck the objects properties to make sure the desired element is located. 

2020-08-20 09:04:09 - [MESSAGE][FAILED] - Unable to set text 'Tin_Consultant' of object 'Object Repository/Pro_Acc_Login/input_Login_Username' (Root cause: com.kms.katalon.core.exception.StepFailedException: Unable to set text 'Tin_Consultant' of object 'Object Repository/Pro_Acc_Login/input_Login_Username'
	at com.kms.katalon.core.webui.keyword.internal.WebUIKeywordMain.stepFailed(WebUIKeywordMain.groovy:64)
	at com.kms.katalon.core.webui.keyword.internal.WebUIKeywordMain.runKeyword(WebUIKeywordMain.groovy:26)
	at com.kms.katalon.core.webui.keyword.builtin.SetTextKeyword.setText(SetTextKeyword.groovy:66)
	at com.kms.katalon.core.webui.keyword.builtin.SetTextKeyword.execute(SetTextKeyword.groovy:37)
	at com.kms.katalon.core.keyword.internal.KeywordExecutor.executeKeywordForPlatform(KeywordExecutor.groovy:73)
	at com.kms.katalon.core.webui.keyword.WebUiBuiltInKeywords.setText(WebUiBuiltInKeywords.groovy:976)
	at com.kms.katalon.core.webui.keyword.WebUiBuiltInKeywords$setText$2.call(Unknown Source)
	at proAcc_Stepdef.LogintoProAcc_StepDef.user_enters(LogintoProAcc_StepDef.groovy:155)
	at cucumber.runtime.Utils$1.call(Utils.java:26)
	at cucumber.runtime.Timeout.timeout(Timeout.java:16)
	at cucumber.runtime.Utils.invoke(Utils.java:20)
	at cucumber.runtime.java.JavaStepDefinition.execute(JavaStepDefinition.java:48)
	at cucumber.runtime.PickleStepDefinitionMatch.runStep(PickleStepDefinitionMatch.java:50)
	at cucumber.runner.TestStep.executeStep(TestStep.java:55)
	at cucumber.runner.TestStep.run(TestStep.java:42)
	at cucumber.runner.PickleStepTestStep.run(PickleStepTestStep.java:53)
	at cucumber.runner.TestCase.run(TestCase.java:47)
	at cucumber.runner.Runner.runPickle(Runner.java:44)
	at cucumber.runtime.junit.PickleRunners$NoStepDescriptions.run(PickleRunners.java:140)
	at cucumber.runtime.junit.FeatureRunner.runChild(FeatureRunner.java:68)
	at cucumber.runtime.junit.FeatureRunner.runChild(FeatureRunner.java:23)
	at org.junit.runners.ParentRunner$3.run(ParentRunner.java:290)
	at org.junit.runners.ParentRunner$1.schedule(ParentRunner.java:71)
	at org.junit.runners.ParentRunner.runChildren(ParentRunner.java:288)
	at org.junit.runners.ParentRunner.access$000(ParentRunner.java:58)
	at org.junit.runners.ParentRunner$2.evaluate(ParentRunner.java:268)
	at org.junit.runners.ParentRunner.run(ParentRunner.java:363)
	at cucumber.runtime.junit.FeatureRunner.run(FeatureRunner.java:73)
	at cucumber.api.junit.Cucumber.runChild(Cucumber.java:98)
	at cucumber.api.junit.Cucumber.runChild(Cucumber.java:55)
	at org.junit.runners.ParentRunner$3.run(ParentRunner.java:290)
	at org.junit.runners.ParentRunner$1.schedule(ParentRunner.java:71)
	at org.junit.runners.ParentRunner.runChildren(ParentRunner.java:288)
	at org.junit.runners.ParentRunner.access$000(ParentRunner.java:58)
	at org.junit.runners.ParentRunner$2.evaluate(ParentRunner.java:268)
	at cucumber.api.junit.Cucumber$1.evaluate(Cucumber.java:107)
	at org.junit.runners.ParentRunner.run(ParentRunner.java:363)
	at org.junit.runners.Suite.runChild(Suite.java:128)
	at org.junit.runners.Suite.runChild(Suite.java:27)
	at org.junit.runners.ParentRunner$3.run(ParentRunner.java:290)
	at org.junit.runners.ParentRunner$1.schedule(ParentRunner.java:71)
	at org.junit.runners.ParentRunner.runChildren(ParentRunner.java:288)
	at org.junit.runners.ParentRunner.access$000(ParentRunner.java:58)
	at org.junit.runners.ParentRunner$2.evaluate(ParentRunner.java:268)
	at org.junit.runners.ParentRunner.run(ParentRunner.java:363)
	at org.junit.runner.JUnitCore.run(JUnitCore.java:137)
	at org.junit.runner.JUnitCore.run(JUnitCore.java:115)
	at org.junit.runner.JUnitCore.run(JUnitCore.java:105)
	at com.kms.katalon.core.cucumber.keyword.CucumberBuiltinKeywords$_runWithCucumberRunner_closure5.doCall(CucumberBuiltinKeywords.groovy:430)
	at com.kms.katalon.core.cucumber.keyword.CucumberBuiltinKeywords$_runWithCucumberRunner_closure5.doCall(CucumberBuiltinKeywords.groovy)
	at com.kms.katalon.core.keyword.internal.KeywordMain.runKeyword(KeywordMain.groovy:68)
	at com.kms.katalon.core.keyword.internal.KeywordMain$runKeyword.call(Unknown Source)
	at com.kms.katalon.core.cucumber.keyword.CucumberBuiltinKeywords.runWithCucumberRunner(CucumberBuiltinKeywords.groovy:427)
	at com.kms.katalon.core.cucumber.keyword.CucumberBuiltinKeywords$runWithCucumberRunner$0.callStatic(Unknown Source)
	at com.kms.katalon.core.cucumber.keyword.CucumberBuiltinKeywords.runWithCucumberRunner(CucumberBuiltinKeywords.groovy:527)
	at com.kms.katalon.core.cucumber.keyword.CucumberBuiltinKeywords$runWithCucumberRunner.call(Unknown Source)
	at TC_PostConversionMonitor_Consultant.run(TC_PostConversionMonitor_Consultant:20)
	at com.kms.katalon.core.main.ScriptEngine.run(ScriptEngine.java:194)
	at com.kms.katalon.core.main.ScriptEngine.runScriptAsRawText(ScriptEngine.java:119)
	at com.kms.katalon.core.main.TestCaseExecutor.runScript(TestCaseExecutor.java:339)
	at com.kms.katalon.core.main.TestCaseExecutor.doExecute(TestCaseExecutor.java:330)
	at com.kms.katalon.core.main.TestCaseExecutor.processExecutionPhase(TestCaseExecutor.java:309)
	at com.kms.katalon.core.main.TestCaseExecutor.accessMainPhase(TestCaseExecutor.java:301)
	at com.kms.katalon.core.main.TestCaseExecutor.execute(TestCaseExecutor.java:235)
	at com.kms.katalon.core.main.TestSuiteExecutor.accessTestCaseMainPhase(TestSuiteExecutor.java:191)
	at com.kms.katalon.core.main.TestSuiteExecutor.accessTestSuiteMainPhase(TestSuiteExecutor.java:141)
	at com.kms.katalon.core.main.TestSuiteExecutor.execute(TestSuiteExecutor.java:90)
	at com.kms.katalon.core.main.TestCaseMain.startTestSuite(TestCaseMain.java:157)
	at com.kms.katalon.core.main.TestCaseMain$startTestSuite$0.call(Unknown Source)
	at TempTestSuite1597892737885.run(TempTestSuite1597892737885.groovy:39)
Caused by: com.kms.katalon.core.webui.exception.WebElementNotFoundException: Web element with id: 'Object Repository/Pro_Acc_Login/input_Login_Username' located by '//input[@id='Username']' not found
	at com.kms.katalon.core.webui.common.WebUiCommonHelper.findWebElement(WebUiCommonHelper.java:1354)
	at com.kms.katalon.core.webui.keyword.internal.WebUIAbstractKeyword.findWebElement(WebUIAbstractKeyword.groovy:27)
	at com.kms.katalon.core.webui.keyword.internal.WebUIAbstractKeyword.findWebElement(WebUIAbstractKeyword.groovy:26)
	at com.kms.katalon.core.webui.keyword.builtin.SetTextKeyword$_setText_closure1.doCall(SetTextKeyword.groovy:51)
	at com.kms.katalon.core.webui.keyword.builtin.SetTextKeyword$_setText_closure1.call(SetTextKeyword.groovy)
	at com.kms.katalon.core.webui.keyword.internal.WebUIKeywordMain.runKeyword(WebUIKeywordMain.groovy:20)
	at com.kms.katalon.core.webui.keyword.builtin.SetTextKeyword.setText(SetTextKeyword.groovy:66)
	at com.kms.katalon.core.webui.keyword.builtin.SetTextKeyword.execute(SetTextKeyword.groovy:37)
	at com.kms.katalon.core.keyword.internal.KeywordExecutor.executeKeywordForPlatform(KeywordExecutor.groovy:73)
	at com.kms.katalon.core.webui.keyword.WebUiBuiltInKeywords.setText(WebUiBuiltInKeywords.groovy:976)
	at com.kms.katalon.core.webui.keyword.WebUiBuiltInKeywords$setText$2.call(Unknown Source)
	at proAcc_Stepdef.LogintoProAcc_StepDef.user_enters(LogintoProAcc_StepDef.groovy:155)
	at cucumber.runtime.Utils$1.call(Utils.java:26)
	at cucumber.runtime.Timeout.timeout(Timeout.java:16)
	at cucumber.runtime.Utils.invoke(Utils.java:20)
	at cucumber.runtime.java.JavaStepDefinition.execute(JavaStepDefinition.java:48)
	at cucumber.runtime.PickleStepDefinitionMatch.runStep(PickleStepDefinitionMatch.java:50)
	at cucumber.runner.TestStep.executeStep(TestStep.java:55)
	at cucumber.runner.TestStep.run(TestStep.java:42)
	at cucumber.runner.PickleStepTestStep.run(PickleStepTestStep.java:53)
	at cucumber.runner.TestCase.run(TestCase.java:47)
	at cucumber.runner.Runner.runPickle(Runner.java:44)
	at cucumber.runtime.junit.PickleRunners$NoStepDescriptions.run(PickleRunners.java:140)
	at cucumber.runtime.junit.FeatureRunner.runChild(FeatureRunner.java:68)
	at cucumber.runtime.junit.FeatureRunner.runChild(FeatureRunner.java:23)
	at org.junit.runners.ParentRunner$3.run(ParentRunner.java:290)
	at org.junit.runners.ParentRunner$1.schedule(ParentRunner.java:71)
	at org.junit.runners.ParentRunner.runChildren(ParentRunner.java:288)
	at org.junit.runners.ParentRunner.access$000(ParentRunner.java:58)
	at org.junit.runners.ParentRunner$2.evaluate(ParentRunner.java:268)
	at org.junit.runners.ParentRunner.run(ParentRunner.java:363)
	at cucumber.runtime.junit.FeatureRunner.run(FeatureRunner.java:73)
	at cucumber.api.junit.Cucumber.runChild(Cucumber.java:98)
	at cucumber.api.junit.Cucumber.runChild(Cucumber.java:55)
	at org.junit.runners.ParentRunner$3.run(ParentRunner.java:290)
	at org.junit.runners.ParentRunner$1.schedule(ParentRunner.java:71)
	at org.junit.runners.ParentRunner.runChildren(ParentRunner.java:288)
	at org.junit.runners.ParentRunner.access$000(ParentRunner.java:58)
	at org.junit.runners.ParentRunner$2.evaluate(ParentRunner.java:268)
	at cucumber.api.junit.Cucumber$1.evaluate(Cucumber.java:107)
	at org.junit.runners.ParentRunner.run(ParentRunner.java:363)
	at org.junit.runners.Suite.runChild(Suite.java:128)
	at org.junit.runners.Suite.runChild(Suite.java:27)
	at org.junit.runners.ParentRunner$3.run(ParentRunner.java:290)
	at org.junit.runners.ParentRunner$1.schedule(ParentRunner.java:71)
	at org.junit.runners.ParentRunner.runChildren(ParentRunner.java:288)
	at org.junit.runners.ParentRunner.access$000(ParentRunner.java:58)
	at org.junit.runners.ParentRunner$2.evaluate(ParentRunner.java:268)
	at org.junit.runners.ParentRunner.run(ParentRunner.java:363)
	at org.junit.runner.JUnitCore.run(JUnitCore.java:137)
	at org.junit.runner.JUnitCore.run(JUnitCore.java:115)
	at org.junit.runner.JUnitCore.run(JUnitCore.java:105)
	at com.kms.katalon.core.cucumber.keyword.CucumberBuiltinKeywords$_runWithCucumberRunner_closure5.doCall(CucumberBuiltinKeywords.groovy:430)
	at com.kms.katalon.core.cucumber.keyword.CucumberBuiltinKeywords$_runWithCucumberRunner_closure5.doCall(CucumberBuiltinKeywords.groovy)
	at com.kms.katalon.core.keyword.internal.KeywordMain.runKeyword(KeywordMain.groovy:68)
	at com.kms.katalon.core.keyword.internal.KeywordMain$runKeyword.call(Unknown Source)
	at com.kms.katalon.core.cucumber.keyword.CucumberBuiltinKeywords.runWithCucumberRunner(CucumberBuiltinKeywords.groovy:427)
	at com.kms.katalon.core.cucumber.keyword.CucumberBuiltinKeywords$runWithCucumberRunner$0.callStatic(Unknown Source)
	at com.kms.katalon.core.cucumber.keyword.CucumberBuiltinKeywords.runWithCucumberRunner(CucumberBuiltinKeywords.groovy:527)
	at com.kms.katalon.core.cucumber.keyword.CucumberBuiltinKeywords$runWithCucumberRunner.call(Unknown Source)
	at Script1594458152215.run(Script1594458152215.groovy:20)
	... 13 more
)
[[ATTACHMENT|C:\\Users\\Group10\\Desktop\\New folder (2)\\ProAcc_Automation_Latest\\ProAcc_Automation_Latest\\Reports\\20200820_083537\\ProAcc_Suite\\20200820_083537\\1597894444896.png]]

2020-08-20 09:04:09 - [MESSAGE][PASSED] - Taking screenshot successfully
[[ATTACHMENT|C:\\Users\\Group10\\Desktop\\New folder (2)\\ProAcc_Automation_Latest\\ProAcc_Automation_Latest\\screenshots\\Thu_Aug_20_09_04_09_IST_2020.png]]

2020-08-20 09:04:41 - [MESSAGE][INFO] - Unable to find the element located by 'By.xpath: //button[@id='loginclick']'. Please recheck the objects properties to make sure the desired element is located. 

2020-08-20 09:04:41 - [MESSAGE][FAILED] - Unable to click on object 'Object Repository/Pro_Acc_Login/button_Login' (Root cause: com.kms.katalon.core.exception.StepFailedException: Unable to click on object 'Object Repository/Pro_Acc_Login/button_Login'
	at com.kms.katalon.core.webui.keyword.internal.WebUIKeywordMain.stepFailed(WebUIKeywordMain.groovy:64)
	at com.kms.katalon.core.webui.keyword.internal.WebUIKeywordMain.runKeyword(WebUIKeywordMain.groovy:26)
	at com.kms.katalon.core.webui.keyword.builtin.ClickKeyword.click(ClickKeyword.groovy:76)
	at com.kms.katalon.core.webui.keyword.builtin.ClickKeyword.execute(ClickKeyword.groovy:43)
	at com.kms.katalon.core.keyword.internal.KeywordExecutor.executeKeywordForPlatform(KeywordExecutor.groovy:73)
	at com.kms.katalon.core.webui.keyword.WebUiBuiltInKeywords.click(WebUiBuiltInKeywords.groovy:616)
	at com.kms.katalon.core.webui.keyword.WebUiBuiltInKeywords$click$3.call(Unknown Source)
	at proAcc_Stepdef.LogintoProAcc_StepDef.user_clicks_on_LOG_IN_button(LogintoProAcc_StepDef.groovy:173)
	at cucumber.runtime.Utils$1.call(Utils.java:26)
	at cucumber.runtime.Timeout.timeout(Timeout.java:16)
	at cucumber.runtime.Utils.invoke(Utils.java:20)
	at cucumber.runtime.java.JavaStepDefinition.execute(JavaStepDefinition.java:48)
	at cucumber.runtime.PickleStepDefinitionMatch.runStep(PickleStepDefinitionMatch.java:50)
	at cucumber.runner.TestStep.executeStep(TestStep.java:55)
	at cucumber.runner.TestStep.run(TestStep.java:42)
	at cucumber.runner.PickleStepTestStep.run(PickleStepTestStep.java:53)
	at cucumber.runner.TestCase.run(TestCase.java:47)
	at cucumber.runner.Runner.runPickle(Runner.java:44)
	at cucumber.runtime.junit.PickleRunners$NoStepDescriptions.run(PickleRunners.java:140)
	at cucumber.runtime.junit.FeatureRunner.runChild(FeatureRunner.java:68)
	at cucumber.runtime.junit.FeatureRunner.runChild(FeatureRunner.java:23)
	at org.junit.runners.ParentRunner$3.run(ParentRunner.java:290)
	at org.junit.runners.ParentRunner$1.schedule(ParentRunner.java:71)
	at org.junit.runners.ParentRunner.runChildren(ParentRunner.java:288)
	at org.junit.runners.ParentRunner.access$000(ParentRunner.java:58)
	at org.junit.runners.ParentRunner$2.evaluate(ParentRunner.java:268)
	at org.junit.runners.ParentRunner.run(ParentRunner.java:363)
	at cucumber.runtime.junit.FeatureRunner.run(FeatureRunner.java:73)
	at cucumber.api.junit.Cucumber.runChild(Cucumber.java:98)
	at cucumber.api.junit.Cucumber.runChild(Cucumber.java:55)
	at org.junit.runners.ParentRunner$3.run(ParentRunner.java:290)
	at org.junit.runners.ParentRunner$1.schedule(ParentRunner.java:71)
	at org.junit.runners.ParentRunner.runChildren(ParentRunner.java:288)
	at org.junit.runners.ParentRunner.access$000(ParentRunner.java:58)
	at org.junit.runners.ParentRunner$2.evaluate(ParentRunner.java:268)
	at cucumber.api.junit.Cucumber$1.evaluate(Cucumber.java:107)
	at org.junit.runners.ParentRunner.run(ParentRunner.java:363)
	at org.junit.runners.Suite.runChild(Suite.java:128)
	at org.junit.runners.Suite.runChild(Suite.java:27)
	at org.junit.runners.ParentRunner$3.run(ParentRunner.java:290)
	at org.junit.runners.ParentRunner$1.schedule(ParentRunner.java:71)
	at org.junit.runners.ParentRunner.runChildren(ParentRunner.java:288)
	at org.junit.runners.ParentRunner.access$000(ParentRunner.java:58)
	at org.junit.runners.ParentRunner$2.evaluate(ParentRunner.java:268)
	at org.junit.runners.ParentRunner.run(ParentRunner.java:363)
	at org.junit.runner.JUnitCore.run(JUnitCore.java:137)
	at org.junit.runner.JUnitCore.run(JUnitCore.java:115)
	at org.junit.runner.JUnitCore.run(JUnitCore.java:105)
	at com.kms.katalon.core.cucumber.keyword.CucumberBuiltinKeywords$_runWithCucumberRunner_closure5.doCall(CucumberBuiltinKeywords.groovy:430)
	at com.kms.katalon.core.cucumber.keyword.CucumberBuiltinKeywords$_runWithCucumberRunner_closure5.doCall(CucumberBuiltinKeywords.groovy)
	at com.kms.katalon.core.keyword.internal.KeywordMain.runKeyword(KeywordMain.groovy:68)
	at com.kms.katalon.core.keyword.internal.KeywordMain$runKeyword.call(Unknown Source)
	at com.kms.katalon.core.cucumber.keyword.CucumberBuiltinKeywords.runWithCucumberRunner(CucumberBuiltinKeywords.groovy:427)
	at com.kms.katalon.core.cucumber.keyword.CucumberBuiltinKeywords$runWithCucumberRunner$0.callStatic(Unknown Source)
	at com.kms.katalon.core.cucumber.keyword.CucumberBuiltinKeywords.runWithCucumberRunner(CucumberBuiltinKeywords.groovy:527)
	at com.kms.katalon.core.cucumber.keyword.CucumberBuiltinKeywords$runWithCucumberRunner.call(Unknown Source)
	at TC_PostConversionMonitor_Consultant.run(TC_PostConversionMonitor_Consultant:20)
	at com.kms.katalon.core.main.ScriptEngine.run(ScriptEngine.java:194)
	at com.kms.katalon.core.main.ScriptEngine.runScriptAsRawText(ScriptEngine.java:119)
	at com.kms.katalon.core.main.TestCaseExecutor.runScript(TestCaseExecutor.java:339)
	at com.kms.katalon.core.main.TestCaseExecutor.doExecute(TestCaseExecutor.java:330)
	at com.kms.katalon.core.main.TestCaseExecutor.processExecutionPhase(TestCaseExecutor.java:309)
	at com.kms.katalon.core.main.TestCaseExecutor.accessMainPhase(TestCaseExecutor.java:301)
	at com.kms.katalon.core.main.TestCaseExecutor.execute(TestCaseExecutor.java:235)
	at com.kms.katalon.core.main.TestSuiteExecutor.accessTestCaseMainPhase(TestSuiteExecutor.java:191)
	at com.kms.katalon.core.main.TestSuiteExecutor.accessTestSuiteMainPhase(TestSuiteExecutor.java:141)
	at com.kms.katalon.core.main.TestSuiteExecutor.execute(TestSuiteExecutor.java:90)
	at com.kms.katalon.core.main.TestCaseMain.startTestSuite(TestCaseMain.java:157)
	at com.kms.katalon.core.main.TestCaseMain$startTestSuite$0.call(Unknown Source)
	at TempTestSuite1597892737885.run(TempTestSuite1597892737885.groovy:39)
Caused by: com.kms.katalon.core.webui.exception.WebElementNotFoundException: Web element with id: 'Object Repository/Pro_Acc_Login/button_Login' located by '//button[@id='loginclick']' not found
	at com.kms.katalon.core.webui.common.WebUiCommonHelper.findWebElement(WebUiCommonHelper.java:1354)
	at com.kms.katalon.core.webui.keyword.internal.WebUIAbstractKeyword.findWebElement(WebUIAbstractKeyword.groovy:27)
	at com.kms.katalon.core.webui.keyword.internal.WebUIAbstractKeyword.findWebElement(WebUIAbstractKeyword.groovy:26)
	at com.kms.katalon.core.webui.keyword.builtin.ClickKeyword$_click_closure1.doCall(ClickKeyword.groovy:67)
	at com.kms.katalon.core.webui.keyword.builtin.ClickKeyword$_click_closure1.call(ClickKeyword.groovy)
	at com.kms.katalon.core.webui.keyword.internal.WebUIKeywordMain.runKeyword(WebUIKeywordMain.groovy:20)
	at com.kms.katalon.core.webui.keyword.builtin.ClickKeyword.click(ClickKeyword.groovy:76)
	at com.kms.katalon.core.webui.keyword.builtin.ClickKeyword.execute(ClickKeyword.groovy:43)
	at com.kms.katalon.core.keyword.internal.KeywordExecutor.executeKeywordForPlatform(KeywordExecutor.groovy:73)
	at com.kms.katalon.core.webui.keyword.WebUiBuiltInKeywords.click(WebUiBuiltInKeywords.groovy:616)
	at com.kms.katalon.core.webui.keyword.WebUiBuiltInKeywords$click$3.call(Unknown Source)
	at proAcc_Stepdef.LogintoProAcc_StepDef.user_clicks_on_LOG_IN_button(LogintoProAcc_StepDef.groovy:173)
	at cucumber.runtime.Utils$1.call(Utils.java:26)
	at cucumber.runtime.Timeout.timeout(Timeout.java:16)
	at cucumber.runtime.Utils.invoke(Utils.java:20)
	at cucumber.runtime.java.JavaStepDefinition.execute(JavaStepDefinition.java:48)
	at cucumber.runtime.PickleStepDefinitionMatch.runStep(PickleStepDefinitionMatch.java:50)
	at cucumber.runner.TestStep.executeStep(TestStep.java:55)
	at cucumber.runner.TestStep.run(TestStep.java:42)
	at cucumber.runner.PickleStepTestStep.run(PickleStepTestStep.java:53)
	at cucumber.runner.TestCase.run(TestCase.java:47)
	at cucumber.runner.Runner.runPickle(Runner.java:44)
	at cucumber.runtime.junit.PickleRunners$NoStepDescriptions.run(PickleRunners.java:140)
	at cucumber.runtime.junit.FeatureRunner.runChild(FeatureRunner.java:68)
	at cucumber.runtime.junit.FeatureRunner.runChild(FeatureRunner.java:23)
	at org.junit.runners.ParentRunner$3.run(ParentRunner.java:290)
	at org.junit.runners.ParentRunner$1.schedule(ParentRunner.java:71)
	at org.junit.runners.ParentRunner.runChildren(ParentRunner.java:288)
	at org.junit.runners.ParentRunner.access$000(ParentRunner.java:58)
	at org.junit.runners.ParentRunner$2.evaluate(ParentRunner.java:268)
	at org.junit.runners.ParentRunner.run(ParentRunner.java:363)
	at cucumber.runtime.junit.FeatureRunner.run(FeatureRunner.java:73)
	at cucumber.api.junit.Cucumber.runChild(Cucumber.java:98)
	at cucumber.api.junit.Cucumber.runChild(Cucumber.java:55)
	at org.junit.runners.ParentRunner$3.run(ParentRunner.java:290)
	at org.junit.runners.ParentRunner$1.schedule(ParentRunner.java:71)
	at org.junit.runners.ParentRunner.runChildren(ParentRunner.java:288)
	at org.junit.runners.ParentRunner.access$000(ParentRunner.java:58)
	at org.junit.runners.ParentRunner$2.evaluate(ParentRunner.java:268)
	at cucumber.api.junit.Cucumber$1.evaluate(Cucumber.java:107)
	at org.junit.runners.ParentRunner.run(ParentRunner.java:363)
	at org.junit.runners.Suite.runChild(Suite.java:128)
	at org.junit.runners.Suite.runChild(Suite.java:27)
	at org.junit.runners.ParentRunner$3.run(ParentRunner.java:290)
	at org.junit.runners.ParentRunner$1.schedule(ParentRunner.java:71)
	at org.junit.runners.ParentRunner.runChildren(ParentRunner.java:288)
	at org.junit.runners.ParentRunner.access$000(ParentRunner.java:58)
	at org.junit.runners.ParentRunner$2.evaluate(ParentRunner.java:268)
	at org.junit.runners.ParentRunner.run(ParentRunner.java:363)
	at org.junit.runner.JUnitCore.run(JUnitCore.java:137)
	at org.junit.runner.JUnitCore.run(JUnitCore.java:115)
	at org.junit.runner.JUnitCore.run(JUnitCore.java:105)
	at com.kms.katalon.core.cucumber.keyword.CucumberBuiltinKeywords$_runWithCucumberRunner_closure5.doCall(CucumberBuiltinKeywords.groovy:430)
	at com.kms.katalon.core.cucumber.keyword.CucumberBuiltinKeywords$_runWithCucumberRunner_closure5.doCall(CucumberBuiltinKeywords.groovy)
	at com.kms.katalon.core.keyword.internal.KeywordMain.runKeyword(KeywordMain.groovy:68)
	at com.kms.katalon.core.keyword.internal.KeywordMain$runKeyword.call(Unknown Source)
	at com.kms.katalon.core.cucumber.keyword.CucumberBuiltinKeywords.runWithCucumberRunner(CucumberBuiltinKeywords.groovy:427)
	at com.kms.katalon.core.cucumber.keyword.CucumberBuiltinKeywords$runWithCucumberRunner$0.callStatic(Unknown Source)
	at com.kms.katalon.core.cucumber.keyword.CucumberBuiltinKeywords.runWithCucumberRunner(CucumberBuiltinKeywords.groovy:527)
	at com.kms.katalon.core.cucumber.keyword.CucumberBuiltinKeywords$runWithCucumberRunner.call(Unknown Source)
	at Script1594458152215.run(Script1594458152215.groovy:20)
	... 13 more
)
[[ATTACHMENT|C:\\Users\\Group10\\Desktop\\New folder (2)\\ProAcc_Automation_Latest\\ProAcc_Automation_Latest\\Reports\\20200820_083537\\ProAcc_Suite\\20200820_083537\\1597894481040.png]]

2020-08-20 09:04:41 - [MESSAGE][PASSED] - Taking screenshot successfully
[[ATTACHMENT|C:\\Users\\Group10\\Desktop\\New folder (2)\\ProAcc_Automation_Latest\\ProAcc_Automation_Latest\\screenshots\\Thu_Aug_20_09_04_41_IST_2020.png]]

2020-08-20 09:04:44 - [MESSAGE][PASSED] - Delayed 3 second(s)

2020-08-20 09:04:45 - [MESSAGE][FAILED] - Text 'Dashboard' is not present on page  (Root cause: com.kms.katalon.core.exception.StepFailedException: Text 'Dashboard' is not present on page 
	at com.kms.katalon.core.webui.keyword.internal.WebUIKeywordMain.stepFailed(WebUIKeywordMain.groovy:64)
	at com.kms.katalon.core.webui.keyword.builtin.VerifyTextPresentKeyword$_verifyTextPresent_closure1.doCall(VerifyTextPresentKeyword.groovy:79)
	at com.kms.katalon.core.webui.keyword.builtin.VerifyTextPresentKeyword$_verifyTextPresent_closure1.call(VerifyTextPresentKeyword.groovy)
	at com.kms.katalon.core.webui.keyword.internal.WebUIKeywordMain.runKeyword(WebUIKeywordMain.groovy:20)
	at com.kms.katalon.core.webui.keyword.builtin.VerifyTextPresentKeyword.verifyTextPresent(VerifyTextPresentKeyword.groovy:83)
	at com.kms.katalon.core.webui.keyword.builtin.VerifyTextPresentKeyword.execute(VerifyTextPresentKeyword.groovy:68)
	at com.kms.katalon.core.keyword.internal.KeywordExecutor.executeKeywordForPlatform(KeywordExecutor.groovy:73)
	at com.kms.katalon.core.webui.keyword.WebUiBuiltInKeywords.verifyTextPresent(WebUiBuiltInKeywords.groovy:1719)
	at com.kms.katalon.core.webui.keyword.WebUiBuiltInKeywords$verifyTextPresent$4.call(Unknown Source)
	at proAcc_Stepdef.LogintoProAcc_StepDef.user_will_be_logged_in_successfully(LogintoProAcc_StepDef.groovy:188)
	at cucumber.runtime.Utils$1.call(Utils.java:26)
	at cucumber.runtime.Timeout.timeout(Timeout.java:16)
	at cucumber.runtime.Utils.invoke(Utils.java:20)
	at cucumber.runtime.java.JavaStepDefinition.execute(JavaStepDefinition.java:48)
	at cucumber.runtime.PickleStepDefinitionMatch.runStep(PickleStepDefinitionMatch.java:50)
	at cucumber.runner.TestStep.executeStep(TestStep.java:55)
	at cucumber.runner.TestStep.run(TestStep.java:42)
	at cucumber.runner.PickleStepTestStep.run(PickleStepTestStep.java:53)
	at cucumber.runner.TestCase.run(TestCase.java:47)
	at cucumber.runner.Runner.runPickle(Runner.java:44)
	at cucumber.runtime.junit.PickleRunners$NoStepDescriptions.run(PickleRunners.java:140)
	at cucumber.runtime.junit.FeatureRunner.runChild(FeatureRunner.java:68)
	at cucumber.runtime.junit.FeatureRunner.runChild(FeatureRunner.java:23)
	at org.junit.runners.ParentRunner$3.run(ParentRunner.java:290)
	at org.junit.runners.ParentRunner$1.schedule(ParentRunner.java:71)
	at org.junit.runners.ParentRunner.runChildren(ParentRunner.java:288)
	at org.junit.runners.ParentRunner.access$000(ParentRunner.java:58)
	at org.junit.runners.ParentRunner$2.evaluate(ParentRunner.java:268)
	at org.junit.runners.ParentRunner.run(ParentRunner.java:363)
	at cucumber.runtime.junit.FeatureRunner.run(FeatureRunner.java:73)
	at cucumber.api.junit.Cucumber.runChild(Cucumber.java:98)
	at cucumber.api.junit.Cucumber.runChild(Cucumber.java:55)
	at org.junit.runners.ParentRunner$3.run(ParentRunner.java:290)
	at org.junit.runners.ParentRunner$1.schedule(ParentRunner.java:71)
	at org.junit.runners.ParentRunner.runChildren(ParentRunner.java:288)
	at org.junit.runners.ParentRunner.access$000(ParentRunner.java:58)
	at org.junit.runners.ParentRunner$2.evaluate(ParentRunner.java:268)
	at cucumber.api.junit.Cucumber$1.evaluate(Cucumber.java:107)
	at org.junit.runners.ParentRunner.run(ParentRunner.java:363)
	at org.junit.runners.Suite.runChild(Suite.java:128)
	at org.junit.runners.Suite.runChild(Suite.java:27)
	at org.junit.runners.ParentRunner$3.run(ParentRunner.java:290)
	at org.junit.runners.ParentRunner$1.schedule(ParentRunner.java:71)
	at org.junit.runners.ParentRunner.runChildren(ParentRunner.java:288)
	at org.junit.runners.ParentRunner.access$000(ParentRunner.java:58)
	at org.junit.runners.ParentRunner$2.evaluate(ParentRunner.java:268)
	at org.junit.runners.ParentRunner.run(ParentRunner.java:363)
	at org.junit.runner.JUnitCore.run(JUnitCore.java:137)
	at org.junit.runner.JUnitCore.run(JUnitCore.java:115)
	at org.junit.runner.JUnitCore.run(JUnitCore.java:105)
	at com.kms.katalon.core.cucumber.keyword.CucumberBuiltinKeywords$_runWithCucumberRunner_closure5.doCall(CucumberBuiltinKeywords.groovy:430)
	at com.kms.katalon.core.cucumber.keyword.CucumberBuiltinKeywords$_runWithCucumberRunner_closure5.doCall(CucumberBuiltinKeywords.groovy)
	at com.kms.katalon.core.keyword.internal.KeywordMain.runKeyword(KeywordMain.groovy:68)
	at com.kms.katalon.core.keyword.internal.KeywordMain$runKeyword.call(Unknown Source)
	at com.kms.katalon.core.cucumber.keyword.CucumberBuiltinKeywords.runWithCucumberRunner(CucumberBuiltinKeywords.groovy:427)
	at com.kms.katalon.core.cucumber.keyword.CucumberBuiltinKeywords$runWithCucumberRunner$0.callStatic(Unknown Source)
	at com.kms.katalon.core.cucumber.keyword.CucumberBuiltinKeywords.runWithCucumberRunner(CucumberBuiltinKeywords.groovy:527)
	at com.kms.katalon.core.cucumber.keyword.CucumberBuiltinKeywords$runWithCucumberRunner.call(Unknown Source)
	at TC_PostConversionMonitor_Consultant.run(TC_PostConversionMonitor_Consultant:20)
	at com.kms.katalon.core.main.ScriptEngine.run(ScriptEngine.java:194)
	at com.kms.katalon.core.main.ScriptEngine.runScriptAsRawText(ScriptEngine.java:119)
	at com.kms.katalon.core.main.TestCaseExecutor.runScript(TestCaseExecutor.java:339)
	at com.kms.katalon.core.main.TestCaseExecutor.doExecute(TestCaseExecutor.java:330)
	at com.kms.katalon.core.main.TestCaseExecutor.processExecutionPhase(TestCaseExecutor.java:309)
	at com.kms.katalon.core.main.TestCaseExecutor.accessMainPhase(TestCaseExecutor.java:301)
	at com.kms.katalon.core.main.TestCaseExecutor.execute(TestCaseExecutor.java:235)
	at com.kms.katalon.core.main.TestSuiteExecutor.accessTestCaseMainPhase(TestSuiteExecutor.java:191)
	at com.kms.katalon.core.main.TestSuiteExecutor.accessTestSuiteMainPhase(TestSuiteExecutor.java:141)
	at com.kms.katalon.core.main.TestSuiteExecutor.execute(TestSuiteExecutor.java:90)
	at com.kms.katalon.core.main.TestCaseMain.startTestSuite(TestCaseMain.java:157)
	at com.kms.katalon.core.main.TestCaseMain$startTestSuite$0.call(Unknown Source)
	at TempTestSuite1597892737885.run(TempTestSuite1597892737885.groovy:39)
)

2020-08-20 09:04:45 - [MESSAGE][FAILED] - Unable to verify text 'Dashboard' is present  (Root cause: com.kms.katalon.core.exception.StepFailedException: Unable to verify text 'Dashboard' is present 
	at com.kms.katalon.core.webui.keyword.internal.WebUIKeywordMain.stepFailed(WebUIKeywordMain.groovy:64)
	at com.kms.katalon.core.webui.keyword.internal.WebUIKeywordMain.runKeyword(WebUIKeywordMain.groovy:26)
	at com.kms.katalon.core.webui.keyword.builtin.VerifyTextPresentKeyword.verifyTextPresent(VerifyTextPresentKeyword.groovy:83)
	at com.kms.katalon.core.webui.keyword.builtin.VerifyTextPresentKeyword.execute(VerifyTextPresentKeyword.groovy:68)
	at com.kms.katalon.core.keyword.internal.KeywordExecutor.executeKeywordForPlatform(KeywordExecutor.groovy:73)
	at com.kms.katalon.core.webui.keyword.WebUiBuiltInKeywords.verifyTextPresent(WebUiBuiltInKeywords.groovy:1719)
	at com.kms.katalon.core.webui.keyword.WebUiBuiltInKeywords$verifyTextPresent$4.call(Unknown Source)
	at proAcc_Stepdef.LogintoProAcc_StepDef.user_will_be_logged_in_successfully(LogintoProAcc_StepDef.groovy:188)
	at cucumber.runtime.Utils$1.call(Utils.java:26)
	at cucumber.runtime.Timeout.timeout(Timeout.java:16)
	at cucumber.runtime.Utils.invoke(Utils.java:20)
	at cucumber.runtime.java.JavaStepDefinition.execute(JavaStepDefinition.java:48)
	at cucumber.runtime.PickleStepDefinitionMatch.runStep(PickleStepDefinitionMatch.java:50)
	at cucumber.runner.TestStep.executeStep(TestStep.java:55)
	at cucumber.runner.TestStep.run(TestStep.java:42)
	at cucumber.runner.PickleStepTestStep.run(PickleStepTestStep.java:53)
	at cucumber.runner.TestCase.run(TestCase.java:47)
	at cucumber.runner.Runner.runPickle(Runner.java:44)
	at cucumber.runtime.junit.PickleRunners$NoStepDescriptions.run(PickleRunners.java:140)
	at cucumber.runtime.junit.FeatureRunner.runChild(FeatureRunner.java:68)
	at cucumber.runtime.junit.FeatureRunner.runChild(FeatureRunner.java:23)
	at org.junit.runners.ParentRunner$3.run(ParentRunner.java:290)
	at org.junit.runners.ParentRunner$1.schedule(ParentRunner.java:71)
	at org.junit.runners.ParentRunner.runChildren(ParentRunner.java:288)
	at org.junit.runners.ParentRunner.access$000(ParentRunner.java:58)
	at org.junit.runners.ParentRunner$2.evaluate(ParentRunner.java:268)
	at org.junit.runners.ParentRunner.run(ParentRunner.java:363)
	at cucumber.runtime.junit.FeatureRunner.run(FeatureRunner.java:73)
	at cucumber.api.junit.Cucumber.runChild(Cucumber.java:98)
	at cucumber.api.junit.Cucumber.runChild(Cucumber.java:55)
	at org.junit.runners.ParentRunner$3.run(ParentRunner.java:290)
	at org.junit.runners.ParentRunner$1.schedule(ParentRunner.java:71)
	at org.junit.runners.ParentRunner.runChildren(ParentRunner.java:288)
	at org.junit.runners.ParentRunner.access$000(ParentRunner.java:58)
	at org.junit.runners.ParentRunner$2.evaluate(ParentRunner.java:268)
	at cucumber.api.junit.Cucumber$1.evaluate(Cucumber.java:107)
	at org.junit.runners.ParentRunner.run(ParentRunner.java:363)
	at org.junit.runners.Suite.runChild(Suite.java:128)
	at org.junit.runners.Suite.runChild(Suite.java:27)
	at org.junit.runners.ParentRunner$3.run(ParentRunner.java:290)
	at org.junit.runners.ParentRunner$1.schedule(ParentRunner.java:71)
	at org.junit.runners.ParentRunner.runChildren(ParentRunner.java:288)
	at org.junit.runners.ParentRunner.access$000(ParentRunner.java:58)
	at org.junit.runners.ParentRunner$2.evaluate(ParentRunner.java:268)
	at org.junit.runners.ParentRunner.run(ParentRunner.java:363)
	at org.junit.runner.JUnitCore.run(JUnitCore.java:137)
	at org.junit.runner.JUnitCore.run(JUnitCore.java:115)
	at org.junit.runner.JUnitCore.run(JUnitCore.java:105)
	at com.kms.katalon.core.cucumber.keyword.CucumberBuiltinKeywords$_runWithCucumberRunner_closure5.doCall(CucumberBuiltinKeywords.groovy:430)
	at com.kms.katalon.core.cucumber.keyword.CucumberBuiltinKeywords$_runWithCucumberRunner_closure5.doCall(CucumberBuiltinKeywords.groovy)
	at com.kms.katalon.core.keyword.internal.KeywordMain.runKeyword(KeywordMain.groovy:68)
	at com.kms.katalon.core.keyword.internal.KeywordMain$runKeyword.call(Unknown Source)
	at com.kms.katalon.core.cucumber.keyword.CucumberBuiltinKeywords.runWithCucumberRunner(CucumberBuiltinKeywords.groovy:427)
	at com.kms.katalon.core.cucumber.keyword.CucumberBuiltinKeywords$runWithCucumberRunner$0.callStatic(Unknown Source)
	at com.kms.katalon.core.cucumber.keyword.CucumberBuiltinKeywords.runWithCucumberRunner(CucumberBuiltinKeywords.groovy:527)
	at com.kms.katalon.core.cucumber.keyword.CucumberBuiltinKeywords$runWithCucumberRunner.call(Unknown Source)
	at TC_PostConversionMonitor_Consultant.run(TC_PostConversionMonitor_Consultant:20)
	at com.kms.katalon.core.main.ScriptEngine.run(ScriptEngine.java:194)
	at com.kms.katalon.core.main.ScriptEngine.runScriptAsRawText(ScriptEngine.java:119)
	at com.kms.katalon.core.main.TestCaseExecutor.runScript(TestCaseExecutor.java:339)
	at com.kms.katalon.core.main.TestCaseExecutor.doExecute(TestCaseExecutor.java:330)
	at com.kms.katalon.core.main.TestCaseExecutor.processExecutionPhase(TestCaseExecutor.java:309)
	at com.kms.katalon.core.main.TestCaseExecutor.accessMainPhase(TestCaseExecutor.java:301)
	at com.kms.katalon.core.main.TestCaseExecutor.execute(TestCaseExecutor.java:235)
	at com.kms.katalon.core.main.TestSuiteExecutor.accessTestCaseMainPhase(TestSuiteExecutor.java:191)
	at com.kms.katalon.core.main.TestSuiteExecutor.accessTestSuiteMainPhase(TestSuiteExecutor.java:141)
	at com.kms.katalon.core.main.TestSuiteExecutor.execute(TestSuiteExecutor.java:90)
	at com.kms.katalon.core.main.TestCaseMain.startTestSuite(TestCaseMain.java:157)
	at com.kms.katalon.core.main.TestCaseMain$startTestSuite$0.call(Unknown Source)
	at TempTestSuite1597892737885.run(TempTestSuite1597892737885.groovy:39)
Caused by: com.kms.katalon.core.exception.StepFailedException: Text 'Dashboard' is not present on page 
	at com.kms.katalon.core.webui.keyword.internal.WebUIKeywordMain.stepFailed(WebUIKeywordMain.groovy:64)
	at com.kms.katalon.core.webui.keyword.builtin.VerifyTextPresentKeyword$_verifyTextPresent_closure1.doCall(VerifyTextPresentKeyword.groovy:79)
	at com.kms.katalon.core.webui.keyword.builtin.VerifyTextPresentKeyword$_verifyTextPresent_closure1.call(VerifyTextPresentKeyword.groovy)
	at com.kms.katalon.core.webui.keyword.internal.WebUIKeywordMain.runKeyword(WebUIKeywordMain.groovy:20)
	... 68 more
)
[[ATTACHMENT|C:\\Users\\Group10\\Desktop\\New folder (2)\\ProAcc_Automation_Latest\\ProAcc_Automation_Latest\\Reports\\20200820_083537\\ProAcc_Suite\\20200820_083537\\1597894485021.png]]

2020-08-20 09:04:45 - [MESSAGE][PASSED] - Taking screenshot successfully
[[ATTACHMENT|C:\\Users\\Group10\\Desktop\\New folder (2)\\ProAcc_Automation_Latest\\ProAcc_Automation_Latest\\screenshots\\Thu_Aug_20_09_04_45_IST_2020.png]]

2020-08-20 09:05:17 - [MESSAGE][INFO] - Unable to find the element located by 'By.xpath: //*/text()[normalize-space(.)='Post-Conversion']/parent::*'. Please recheck the objects properties to make sure the desired element is located. 

2020-08-20 09:05:17 - [MESSAGE][FAILED] - Unable to click on object 'Object Repository/Pro_Acc_Post-Conversion/Select_Post-Conversion' (Root cause: com.kms.katalon.core.exception.StepFailedException: Unable to click on object 'Object Repository/Pro_Acc_Post-Conversion/Select_Post-Conversion'
	at com.kms.katalon.core.webui.keyword.internal.WebUIKeywordMain.stepFailed(WebUIKeywordMain.groovy:64)
	at com.kms.katalon.core.webui.keyword.internal.WebUIKeywordMain.runKeyword(WebUIKeywordMain.groovy:26)
	at com.kms.katalon.core.webui.keyword.builtin.ClickKeyword.click(ClickKeyword.groovy:76)
	at com.kms.katalon.core.webui.keyword.builtin.ClickKeyword.execute(ClickKeyword.groovy:43)
	at com.kms.katalon.core.keyword.internal.KeywordExecutor.executeKeywordForPlatform(KeywordExecutor.groovy:73)
	at com.kms.katalon.core.webui.keyword.WebUiBuiltInKeywords.click(WebUiBuiltInKeywords.groovy:616)
	at com.kms.katalon.core.webui.keyword.WebUiBuiltInKeywords$click$3.call(Unknown Source)
	at proAcc_Stepdef.AssessmentMonitor_Consultant.user_is_on_Consultant_Monitor_page(AssessmentMonitor_Consultant.groovy:128)
	at cucumber.runtime.Utils$1.call(Utils.java:26)
	at cucumber.runtime.Timeout.timeout(Timeout.java:16)
	at cucumber.runtime.Utils.invoke(Utils.java:20)
	at cucumber.runtime.java.JavaStepDefinition.execute(JavaStepDefinition.java:48)
	at cucumber.runtime.PickleStepDefinitionMatch.runStep(PickleStepDefinitionMatch.java:50)
	at cucumber.runner.TestStep.executeStep(TestStep.java:55)
	at cucumber.runner.TestStep.run(TestStep.java:42)
	at cucumber.runner.PickleStepTestStep.run(PickleStepTestStep.java:53)
	at cucumber.runner.TestCase.run(TestCase.java:47)
	at cucumber.runner.Runner.runPickle(Runner.java:44)
	at cucumber.runtime.junit.PickleRunners$NoStepDescriptions.run(PickleRunners.java:140)
	at cucumber.runtime.junit.FeatureRunner.runChild(FeatureRunner.java:68)
	at cucumber.runtime.junit.FeatureRunner.runChild(FeatureRunner.java:23)
	at org.junit.runners.ParentRunner$3.run(ParentRunner.java:290)
	at org.junit.runners.ParentRunner$1.schedule(ParentRunner.java:71)
	at org.junit.runners.ParentRunner.runChildren(ParentRunner.java:288)
	at org.junit.runners.ParentRunner.access$000(ParentRunner.java:58)
	at org.junit.runners.ParentRunner$2.evaluate(ParentRunner.java:268)
	at org.junit.runners.ParentRunner.run(ParentRunner.java:363)
	at cucumber.runtime.junit.FeatureRunner.run(FeatureRunner.java:73)
	at cucumber.api.junit.Cucumber.runChild(Cucumber.java:98)
	at cucumber.api.junit.Cucumber.runChild(Cucumber.java:55)
	at org.junit.runners.ParentRunner$3.run(ParentRunner.java:290)
	at org.junit.runners.ParentRunner$1.schedule(ParentRunner.java:71)
	at org.junit.runners.ParentRunner.runChildren(ParentRunner.java:288)
	at org.junit.runners.ParentRunner.access$000(ParentRunner.java:58)
	at org.junit.runners.ParentRunner$2.evaluate(ParentRunner.java:268)
	at cucumber.api.junit.Cucumber$1.evaluate(Cucumber.java:107)
	at org.junit.runners.ParentRunner.run(ParentRunner.java:363)
	at org.junit.runners.Suite.runChild(Suite.java:128)
	at org.junit.runners.Suite.runChild(Suite.java:27)
	at org.junit.runners.ParentRunner$3.run(ParentRunner.java:290)
	at org.junit.runners.ParentRunner$1.schedule(ParentRunner.java:71)
	at org.junit.runners.ParentRunner.runChildren(ParentRunner.java:288)
	at org.junit.runners.ParentRunner.access$000(ParentRunner.java:58)
	at org.junit.runners.ParentRunner$2.evaluate(ParentRunner.java:268)
	at org.junit.runners.ParentRunner.run(ParentRunner.java:363)
	at org.junit.runner.JUnitCore.run(JUnitCore.java:137)
	at org.junit.runner.JUnitCore.run(JUnitCore.java:115)
	at org.junit.runner.JUnitCore.run(JUnitCore.java:105)
	at com.kms.katalon.core.cucumber.keyword.CucumberBuiltinKeywords$_runWithCucumberRunner_closure5.doCall(CucumberBuiltinKeywords.groovy:430)
	at com.kms.katalon.core.cucumber.keyword.CucumberBuiltinKeywords$_runWithCucumberRunner_closure5.doCall(CucumberBuiltinKeywords.groovy)
	at com.kms.katalon.core.keyword.internal.KeywordMain.runKeyword(KeywordMain.groovy:68)
	at com.kms.katalon.core.keyword.internal.KeywordMain$runKeyword.call(Unknown Source)
	at com.kms.katalon.core.cucumber.keyword.CucumberBuiltinKeywords.runWithCucumberRunner(CucumberBuiltinKeywords.groovy:427)
	at com.kms.katalon.core.cucumber.keyword.CucumberBuiltinKeywords$runWithCucumberRunner$0.callStatic(Unknown Source)
	at com.kms.katalon.core.cucumber.keyword.CucumberBuiltinKeywords.runWithCucumberRunner(CucumberBuiltinKeywords.groovy:527)
	at com.kms.katalon.core.cucumber.keyword.CucumberBuiltinKeywords$runWithCucumberRunner.call(Unknown Source)
	at TC_PostConversionMonitor_Consultant.run(TC_PostConversionMonitor_Consultant:20)
	at com.kms.katalon.core.main.ScriptEngine.run(ScriptEngine.java:194)
	at com.kms.katalon.core.main.ScriptEngine.runScriptAsRawText(ScriptEngine.java:119)
	at com.kms.katalon.core.main.TestCaseExecutor.runScript(TestCaseExecutor.java:339)
	at com.kms.katalon.core.main.TestCaseExecutor.doExecute(TestCaseExecutor.java:330)
	at com.kms.katalon.core.main.TestCaseExecutor.processExecutionPhase(TestCaseExecutor.java:309)
	at com.kms.katalon.core.main.TestCaseExecutor.accessMainPhase(TestCaseExecutor.java:301)
	at com.kms.katalon.core.main.TestCaseExecutor.execute(TestCaseExecutor.java:235)
	at com.kms.katalon.core.main.TestSuiteExecutor.accessTestCaseMainPhase(TestSuiteExecutor.java:191)
	at com.kms.katalon.core.main.TestSuiteExecutor.accessTestSuiteMainPhase(TestSuiteExecutor.java:141)
	at com.kms.katalon.core.main.TestSuiteExecutor.execute(TestSuiteExecutor.java:90)
	at com.kms.katalon.core.main.TestCaseMain.startTestSuite(TestCaseMain.java:157)
	at com.kms.katalon.core.main.TestCaseMain$startTestSuite$0.call(Unknown Source)
	at TempTestSuite1597892737885.run(TempTestSuite1597892737885.groovy:39)
Caused by: com.kms.katalon.core.webui.exception.WebElementNotFoundException: Web element with id: 'Object Repository/Pro_Acc_Post-Conversion/Select_Post-Conversion' located by '//*/text()[normalize-space(.)='Post-Conversion']/parent::*' not found
	at com.kms.katalon.core.webui.common.WebUiCommonHelper.findWebElement(WebUiCommonHelper.java:1354)
	at com.kms.katalon.core.webui.keyword.internal.WebUIAbstractKeyword.findWebElement(WebUIAbstractKeyword.groovy:27)
	at com.kms.katalon.core.webui.keyword.internal.WebUIAbstractKeyword.findWebElement(WebUIAbstractKeyword.groovy:26)
	at com.kms.katalon.core.webui.keyword.builtin.ClickKeyword$_click_closure1.doCall(ClickKeyword.groovy:67)
	at com.kms.katalon.core.webui.keyword.builtin.ClickKeyword$_click_closure1.call(ClickKeyword.groovy)
	at com.kms.katalon.core.webui.keyword.internal.WebUIKeywordMain.runKeyword(WebUIKeywordMain.groovy:20)
	at com.kms.katalon.core.webui.keyword.builtin.ClickKeyword.click(ClickKeyword.groovy:76)
	at com.kms.katalon.core.webui.keyword.builtin.ClickKeyword.execute(ClickKeyword.groovy:43)
	at com.kms.katalon.core.keyword.internal.KeywordExecutor.executeKeywordForPlatform(KeywordExecutor.groovy:73)
	at com.kms.katalon.core.webui.keyword.WebUiBuiltInKeywords.click(WebUiBuiltInKeywords.groovy:616)
	at com.kms.katalon.core.webui.keyword.WebUiBuiltInKeywords$click$3.call(Unknown Source)
	at proAcc_Stepdef.AssessmentMonitor_Consultant.user_is_on_Consultant_Monitor_page(AssessmentMonitor_Consultant.groovy:128)
	at cucumber.runtime.Utils$1.call(Utils.java:26)
	at cucumber.runtime.Timeout.timeout(Timeout.java:16)
	at cucumber.runtime.Utils.invoke(Utils.java:20)
	at cucumber.runtime.java.JavaStepDefinition.execute(JavaStepDefinition.java:48)
	at cucumber.runtime.PickleStepDefinitionMatch.runStep(PickleStepDefinitionMatch.java:50)
	at cucumber.runner.TestStep.executeStep(TestStep.java:55)
	at cucumber.runner.TestStep.run(TestStep.java:42)
	at cucumber.runner.PickleStepTestStep.run(PickleStepTestStep.java:53)
	at cucumber.runner.TestCase.run(TestCase.java:47)
	at cucumber.runner.Runner.runPickle(Runner.java:44)
	at cucumber.runtime.junit.PickleRunners$NoStepDescriptions.run(PickleRunners.java:140)
	at cucumber.runtime.junit.FeatureRunner.runChild(FeatureRunner.java:68)
	at cucumber.runtime.junit.FeatureRunner.runChild(FeatureRunner.java:23)
	at org.junit.runners.ParentRunner$3.run(ParentRunner.java:290)
	at org.junit.runners.ParentRunner$1.schedule(ParentRunner.java:71)
	at org.junit.runners.ParentRunner.runChildren(ParentRunner.java:288)
	at org.junit.runners.ParentRunner.access$000(ParentRunner.java:58)
	at org.junit.runners.ParentRunner$2.evaluate(ParentRunner.java:268)
	at org.junit.runners.ParentRunner.run(ParentRunner.java:363)
	at cucumber.runtime.junit.FeatureRunner.run(FeatureRunner.java:73)
	at cucumber.api.junit.Cucumber.runChild(Cucumber.java:98)
	at cucumber.api.junit.Cucumber.runChild(Cucumber.java:55)
	at org.junit.runners.ParentRunner$3.run(ParentRunner.java:290)
	at org.junit.runners.ParentRunner$1.schedule(ParentRunner.java:71)
	at org.junit.runners.ParentRunner.runChildren(ParentRunner.java:288)
	at org.junit.runners.ParentRunner.access$000(ParentRunner.java:58)
	at org.junit.runners.ParentRunner$2.evaluate(ParentRunner.java:268)
	at cucumber.api.junit.Cucumber$1.evaluate(Cucumber.java:107)
	at org.junit.runners.ParentRunner.run(ParentRunner.java:363)
	at org.junit.runners.Suite.runChild(Suite.java:128)
	at org.junit.runners.Suite.runChild(Suite.java:27)
	at org.junit.runners.ParentRunner$3.run(ParentRunner.java:290)
	at org.junit.runners.ParentRunner$1.schedule(ParentRunner.java:71)
	at org.junit.runners.ParentRunner.runChildren(ParentRunner.java:288)
	at org.junit.runners.ParentRunner.access$000(ParentRunner.java:58)
	at org.junit.runners.ParentRunner$2.evaluate(ParentRunner.java:268)
	at org.junit.runners.ParentRunner.run(ParentRunner.java:363)
	at org.junit.runner.JUnitCore.run(JUnitCore.java:137)
	at org.junit.runner.JUnitCore.run(JUnitCore.java:115)
	at org.junit.runner.JUnitCore.run(JUnitCore.java:105)
	at com.kms.katalon.core.cucumber.keyword.CucumberBuiltinKeywords$_runWithCucumberRunner_closure5.doCall(CucumberBuiltinKeywords.groovy:430)
	at com.kms.katalon.core.cucumber.keyword.CucumberBuiltinKeywords$_runWithCucumberRunner_closure5.doCall(CucumberBuiltinKeywords.groovy)
	at com.kms.katalon.core.keyword.internal.KeywordMain.runKeyword(KeywordMain.groovy:68)
	at com.kms.katalon.core.keyword.internal.KeywordMain$runKeyword.call(Unknown Source)
	at com.kms.katalon.core.cucumber.keyword.CucumberBuiltinKeywords.runWithCucumberRunner(CucumberBuiltinKeywords.groovy:427)
	at com.kms.katalon.core.cucumber.keyword.CucumberBuiltinKeywords$runWithCucumberRunner$0.callStatic(Unknown Source)
	at com.kms.katalon.core.cucumber.keyword.CucumberBuiltinKeywords.runWithCucumberRunner(CucumberBuiltinKeywords.groovy:527)
	at com.kms.katalon.core.cucumber.keyword.CucumberBuiltinKeywords$runWithCucumberRunner.call(Unknown Source)
	at Script1594458152215.run(Script1594458152215.groovy:20)
	... 13 more
)
[[ATTACHMENT|C:\\Users\\Group10\\Desktop\\New folder (2)\\ProAcc_Automation_Latest\\ProAcc_Automation_Latest\\Reports\\20200820_083537\\ProAcc_Suite\\20200820_083537\\1597894517040.png]]

2020-08-20 09:05:17 - [MESSAGE][FAILED] - These following reason:
 [Cannot invoke method createNode() on null object]

2020-08-20 09:05:17 - [MESSAGE][FAILED] - Keyword runWithCucumberRunner was failed (Root cause: com.kms.katalon.core.exception.StepFailedException: These following reason:
 [Cannot invoke method createNode() on null object]
	at com.kms.katalon.core.keyword.internal.KeywordMain.stepFailed(KeywordMain.groovy:50)
	at com.kms.katalon.core.keyword.internal.KeywordMain.stepFailed(KeywordMain.groovy)
	at com.kms.katalon.core.keyword.internal.KeywordMain.stepFailed(KeywordMain.groovy:23)
	at com.kms.katalon.core.keyword.internal.KeywordMain$stepFailed$0.call(Unknown Source)
	at com.kms.katalon.core.cucumber.keyword.CucumberBuiltinKeywords$_runWithCucumberRunner_closure5.doCall(CucumberBuiltinKeywords.groovy:442)
	at com.kms.katalon.core.cucumber.keyword.CucumberBuiltinKeywords$_runWithCucumberRunner_closure5.doCall(CucumberBuiltinKeywords.groovy)
	at com.kms.katalon.core.keyword.internal.KeywordMain.runKeyword(KeywordMain.groovy:68)
	at com.kms.katalon.core.keyword.internal.KeywordMain$runKeyword.call(Unknown Source)
	at com.kms.katalon.core.cucumber.keyword.CucumberBuiltinKeywords.runWithCucumberRunner(CucumberBuiltinKeywords.groovy:427)
	at com.kms.katalon.core.cucumber.keyword.CucumberBuiltinKeywords$runWithCucumberRunner$0.callStatic(Unknown Source)
	at com.kms.katalon.core.cucumber.keyword.CucumberBuiltinKeywords.runWithCucumberRunner(CucumberBuiltinKeywords.groovy:527)
	at com.kms.katalon.core.cucumber.keyword.CucumberBuiltinKeywords$runWithCucumberRunner.call(Unknown Source)
	at TC_PostConversionMonitor_Consultant.run(TC_PostConversionMonitor_Consultant:20)
	at com.kms.katalon.core.main.ScriptEngine.run(ScriptEngine.java:194)
	at com.kms.katalon.core.main.ScriptEngine.runScriptAsRawText(ScriptEngine.java:119)
	at com.kms.katalon.core.main.TestCaseExecutor.runScript(TestCaseExecutor.java:339)
	at com.kms.katalon.core.main.TestCaseExecutor.doExecute(TestCaseExecutor.java:330)
	at com.kms.katalon.core.main.TestCaseExecutor.processExecutionPhase(TestCaseExecutor.java:309)
	at com.kms.katalon.core.main.TestCaseExecutor.accessMainPhase(TestCaseExecutor.java:301)
	at com.kms.katalon.core.main.TestCaseExecutor.execute(TestCaseExecutor.java:235)
	at com.kms.katalon.core.main.TestSuiteExecutor.accessTestCaseMainPhase(TestSuiteExecutor.java:191)
	at com.kms.katalon.core.main.TestSuiteExecutor.accessTestSuiteMainPhase(TestSuiteExecutor.java:141)
	at com.kms.katalon.core.main.TestSuiteExecutor.execute(TestSuiteExecutor.java:90)
	at com.kms.katalon.core.main.TestCaseMain.startTestSuite(TestCaseMain.java:157)
	at com.kms.katalon.core.main.TestCaseMain$startTestSuite$0.call(Unknown Source)
	at TempTestSuite1597892737885.run(TempTestSuite1597892737885.groovy:39)
)]]></system-out>
         <system-err><![CDATA[2020-08-20 09:03:20 - [TEST_CASE][FAILED] - Test Cases/Tc_Consultant/TC_PostConversionMonitor_Consultant: Test Cases/Tc_Consultant/TC_PostConversionMonitor_Consultant FAILED.
Reason:
com.kms.katalon.core.exception.StepFailedException: These following reason:
 [Cannot invoke method createNode() on null object]
	at com.kms.katalon.core.keyword.internal.KeywordMain.stepFailed(KeywordMain.groovy:50)
	at com.kms.katalon.core.keyword.internal.KeywordMain.stepFailed(KeywordMain.groovy)
	at com.kms.katalon.core.keyword.internal.KeywordMain.stepFailed(KeywordMain.groovy:23)
	at com.kms.katalon.core.keyword.internal.KeywordMain$stepFailed$0.call(Unknown Source)
	at com.kms.katalon.core.cucumber.keyword.CucumberBuiltinKeywords$_runWithCucumberRunner_closure5.doCall(CucumberBuiltinKeywords.groovy:442)
	at com.kms.katalon.core.cucumber.keyword.CucumberBuiltinKeywords$_runWithCucumberRunner_closure5.doCall(CucumberBuiltinKeywords.groovy)
	at com.kms.katalon.core.keyword.internal.KeywordMain.runKeyword(KeywordMain.groovy:68)
	at com.kms.katalon.core.keyword.internal.KeywordMain$runKeyword.call(Unknown Source)
	at com.kms.katalon.core.cucumber.keyword.CucumberBuiltinKeywords.runWithCucumberRunner(CucumberBuiltinKeywords.groovy:427)
	at com.kms.katalon.core.cucumber.keyword.CucumberBuiltinKeywords$runWithCucumberRunner$0.callStatic(Unknown Source)
	at com.kms.katalon.core.cucumber.keyword.CucumberBuiltinKeywords.runWithCucumberRunner(CucumberBuiltinKeywords.groovy:527)
	at com.kms.katalon.core.cucumber.keyword.CucumberBuiltinKeywords$runWithCucumberRunner.call(Unknown Source)
	at TC_PostConversionMonitor_Consultant.run(TC_PostConversionMonitor_Consultant:20)
	at com.kms.katalon.core.main.ScriptEngine.run(ScriptEngine.java:194)
	at com.kms.katalon.core.main.ScriptEngine.runScriptAsRawText(ScriptEngine.java:119)
	at com.kms.katalon.core.main.TestCaseExecutor.runScript(TestCaseExecutor.java:339)
	at com.kms.katalon.core.main.TestCaseExecutor.doExecute(TestCaseExecutor.java:330)
	at com.kms.katalon.core.main.TestCaseExecutor.processExecutionPhase(TestCaseExecutor.java:309)
	at com.kms.katalon.core.main.TestCaseExecutor.accessMainPhase(TestCaseExecutor.java:301)
	at com.kms.katalon.core.main.TestCaseExecutor.execute(TestCaseExecutor.java:235)
	at com.kms.katalon.core.main.TestSuiteExecutor.accessTestCaseMainPhase(TestSuiteExecutor.java:191)
	at com.kms.katalon.core.main.TestSuiteExecutor.accessTestSuiteMainPhase(TestSuiteExecutor.java:141)
	at com.kms.katalon.core.main.TestSuiteExecutor.execute(TestSuiteExecutor.java:90)
	at com.kms.katalon.core.main.TestCaseMain.startTestSuite(TestCaseMain.java:157)
	at com.kms.katalon.core.main.TestCaseMain$startTestSuite$0.call(Unknown Source)
	at TempTestSuite1597892737885.run(TempTestSuite1597892737885.groovy:39)]]></system-err>
      </testcase>
      <system-out><![CDATA[2020-08-20 08:35:43 - [TEST_SUITE][FAILED] - ProAcc_Suite: Test Cases/Tc_Consultant/TC_PostConversionMonitor_Consultant FAILED.
Reason:
com.kms.katalon.core.exception.StepFailedException: These following reason:
 [Cannot invoke method createNode() on null object]
	at com.kms.katalon.core.keyword.internal.KeywordMain.stepFailed(KeywordMain.groovy:50)
	at com.kms.katalon.core.keyword.internal.KeywordMain.stepFailed(KeywordMain.groovy)
	at com.kms.katalon.core.keyword.internal.KeywordMain.stepFailed(KeywordMain.groovy:23)
	at com.kms.katalon.core.keyword.internal.KeywordMain$stepFailed$0.call(Unknown Source)
	at com.kms.katalon.core.cucumber.keyword.CucumberBuiltinKeywords$_runWithCucumberRunner_closure5.doCall(CucumberBuiltinKeywords.groovy:442)
	at com.kms.katalon.core.cucumber.keyword.CucumberBuiltinKeywords$_runWithCucumberRunner_closure5.doCall(CucumberBuiltinKeywords.groovy)
	at com.kms.katalon.core.keyword.internal.KeywordMain.runKeyword(KeywordMain.groovy:68)
	at com.kms.katalon.core.keyword.internal.KeywordMain$runKeyword.call(Unknown Source)
	at com.kms.katalon.core.cucumber.keyword.CucumberBuiltinKeywords.runWithCucumberRunner(CucumberBuiltinKeywords.groovy:427)
	at com.kms.katalon.core.cucumber.keyword.CucumberBuiltinKeywords$runWithCucumberRunner$0.callStatic(Unknown Source)
	at com.kms.katalon.core.cucumber.keyword.CucumberBuiltinKeywords.runWithCucumberRunner(CucumberBuiltinKeywords.groovy:527)
	at com.kms.katalon.core.cucumber.keyword.CucumberBuiltinKeywords$runWithCucumberRunner.call(Unknown Source)
	at TC_PostConversionMonitor_Consultant.run(TC_PostConversionMonitor_Consultant:20)
	at com.kms.katalon.core.main.ScriptEngine.run(ScriptEngine.java:194)
	at com.kms.katalon.core.main.ScriptEngine.runScriptAsRawText(ScriptEngine.java:119)
	at com.kms.katalon.core.main.TestCaseExecutor.runScript(TestCaseExecutor.java:339)
	at com.kms.katalon.core.main.TestCaseExecutor.doExecute(TestCaseExecutor.java:330)
	at com.kms.katalon.core.main.TestCaseExecutor.processExecutionPhase(TestCaseExecutor.java:309)
	at com.kms.katalon.core.main.TestCaseExecutor.accessMainPhase(TestCaseExecutor.java:301)
	at com.kms.katalon.core.main.TestCaseExecutor.execute(TestCaseExecutor.java:235)
	at com.kms.katalon.core.main.TestSuiteExecutor.accessTestCaseMainPhase(TestSuiteExecutor.java:191)
	at com.kms.katalon.core.main.TestSuiteExecutor.accessTestSuiteMainPhase(TestSuiteExecutor.java:141)
	at com.kms.katalon.core.main.TestSuiteExecutor.execute(TestSuiteExecutor.java:90)
	at com.kms.katalon.core.main.TestCaseMain.startTestSuite(TestCaseMain.java:157)
	at com.kms.katalon.core.main.TestCaseMain$startTestSuite$0.call(Unknown Source)
	at TempTestSuite1597892737885.run(TempTestSuite1597892737885.groovy:39)]]></system-out>
      <system-err><![CDATA[2020-08-20 08:35:43 - [TEST_SUITE][FAILED] - ProAcc_Suite: Test Cases/Tc_Consultant/TC_PostConversionMonitor_Consultant FAILED.
Reason:
com.kms.katalon.core.exception.StepFailedException: These following reason:
 [Cannot invoke method createNode() on null object]
	at com.kms.katalon.core.keyword.internal.KeywordMain.stepFailed(KeywordMain.groovy:50)
	at com.kms.katalon.core.keyword.internal.KeywordMain.stepFailed(KeywordMain.groovy)
	at com.kms.katalon.core.keyword.internal.KeywordMain.stepFailed(KeywordMain.groovy:23)
	at com.kms.katalon.core.keyword.internal.KeywordMain$stepFailed$0.call(Unknown Source)
	at com.kms.katalon.core.cucumber.keyword.CucumberBuiltinKeywords$_runWithCucumberRunner_closure5.doCall(CucumberBuiltinKeywords.groovy:442)
	at com.kms.katalon.core.cucumber.keyword.CucumberBuiltinKeywords$_runWithCucumberRunner_closure5.doCall(CucumberBuiltinKeywords.groovy)
	at com.kms.katalon.core.keyword.internal.KeywordMain.runKeyword(KeywordMain.groovy:68)
	at com.kms.katalon.core.keyword.internal.KeywordMain$runKeyword.call(Unknown Source)
	at com.kms.katalon.core.cucumber.keyword.CucumberBuiltinKeywords.runWithCucumberRunner(CucumberBuiltinKeywords.groovy:427)
	at com.kms.katalon.core.cucumber.keyword.CucumberBuiltinKeywords$runWithCucumberRunner$0.callStatic(Unknown Source)
	at com.kms.katalon.core.cucumber.keyword.CucumberBuiltinKeywords.runWithCucumberRunner(CucumberBuiltinKeywords.groovy:527)
	at com.kms.katalon.core.cucumber.keyword.CucumberBuiltinKeywords$runWithCucumberRunner.call(Unknown Source)
	at TC_PostConversionMonitor_Consultant.run(TC_PostConversionMonitor_Consultant:20)
	at com.kms.katalon.core.main.ScriptEngine.run(ScriptEngine.java:194)
	at com.kms.katalon.core.main.ScriptEngine.runScriptAsRawText(ScriptEngine.java:119)
	at com.kms.katalon.core.main.TestCaseExecutor.runScript(TestCaseExecutor.java:339)
	at com.kms.katalon.core.main.TestCaseExecutor.doExecute(TestCaseExecutor.java:330)
	at com.kms.katalon.core.main.TestCaseExecutor.processExecutionPhase(TestCaseExecutor.java:309)
	at com.kms.katalon.core.main.TestCaseExecutor.accessMainPhase(TestCaseExecutor.java:301)
	at com.kms.katalon.core.main.TestCaseExecutor.execute(TestCaseExecutor.java:235)
	at com.kms.katalon.core.main.TestSuiteExecutor.accessTestCaseMainPhase(TestSuiteExecutor.java:191)
	at com.kms.katalon.core.main.TestSuiteExecutor.accessTestSuiteMainPhase(TestSuiteExecutor.java:141)
	at com.kms.katalon.core.main.TestSuiteExecutor.execute(TestSuiteExecutor.java:90)
	at com.kms.katalon.core.main.TestCaseMain.startTestSuite(TestCaseMain.java:157)
	at com.kms.katalon.core.main.TestCaseMain$startTestSuite$0.call(Unknown Source)
	at TempTestSuite1597892737885.run(TempTestSuite1597892737885.groovy:39)]]></system-err>
   </testsuite>
</testsuites>
